2024-04-16 21:03:25,083 - nerf2 - INFO - expname:ble-rssi-exp2-v0-595-minusz-half, datadir:data/BLE/, logdir:logs/BLE/
2024-04-16 21:03:27,588 - nerf2 - INFO - Total number of parameters: 690564
2024-04-16 21:03:27,591 - nerf2 - INFO - Found ckpts []
2024-04-16 21:03:27,591 - nerf2 - INFO - Loading training set...
2024-04-16 21:03:27,914 - nerf2 - INFO - Loading test set...
2024-04-16 21:03:30,162 - nerf2 - INFO - Train set size:2100, Test set size:39900
2024-04-16 21:03:30,162 - nerf2 - INFO - Start training. Current Iteration:1
2024-04-16 21:37:00,898 - nerf2 - INFO - expname:ble-rssi-exp2-v0-595-minusz-half, datadir:data/BLE/, logdir:logs/BLE/
2024-04-16 21:37:01,338 - nerf2 - INFO - Total number of parameters: 690564
2024-04-16 21:37:01,340 - nerf2 - INFO - Found ckpts ['logs/BLE/ble-rssi-exp2-v0-595-minusz-half/ckpts/029800.tar', 'logs/BLE/ble-rssi-exp2-v0-595-minusz-half/ckpts/029900.tar', 'logs/BLE/ble-rssi-exp2-v0-595-minusz-half/ckpts/030000.tar']
2024-04-16 21:37:01,340 - nerf2 - INFO - Loading ckpt logs/BLE/ble-rssi-exp2-v0-595-minusz-half/ckpts/030000.tar
2024-04-16 21:37:01,362 - nerf2 - INFO - Loading training set...
2024-04-16 21:37:01,575 - nerf2 - INFO - Loading test set...
2024-04-16 21:37:04,048 - nerf2 - INFO - Train set size:2100, Test set size:39900
2024-04-16 21:37:04,049 - nerf2 - INFO - Start evaluation
2024-04-16 21:37:04,478 - nerf2 - INFO - Median error:4.12
2024-04-16 21:37:04,515 - nerf2 - INFO - Median error:4.34
2024-04-16 21:37:04,549 - nerf2 - INFO - Median error:5.78
2024-04-16 21:37:04,583 - nerf2 - INFO - Median error:4.83
2024-04-16 21:37:04,617 - nerf2 - INFO - Median error:4.72
2024-04-16 21:37:04,651 - nerf2 - INFO - Median error:4.78
2024-04-16 21:37:04,685 - nerf2 - INFO - Median error:3.95
2024-04-16 21:37:04,719 - nerf2 - INFO - Median error:4.27
2024-04-16 21:37:04,753 - nerf2 - INFO - Median error:4.61
2024-04-16 21:37:04,786 - nerf2 - INFO - Median error:4.67
2024-04-16 21:37:04,820 - nerf2 - INFO - Median error:4.53
2024-04-16 21:37:04,854 - nerf2 - INFO - Median error:7.86
2024-04-16 21:37:04,888 - nerf2 - INFO - Median error:5.34
2024-04-16 21:37:04,922 - nerf2 - INFO - Median error:3.44
2024-04-16 21:37:04,956 - nerf2 - INFO - Median error:5.46
2024-04-16 21:37:04,990 - nerf2 - INFO - Median error:5.17
2024-04-16 21:37:05,024 - nerf2 - INFO - Median error:5.87
2024-04-16 21:37:05,058 - nerf2 - INFO - Median error:4.16
2024-04-16 21:37:05,091 - nerf2 - INFO - Median error:4.20
2024-04-16 21:37:05,125 - nerf2 - INFO - Median error:4.62
2024-04-16 21:37:05,159 - nerf2 - INFO - Median error:6.16
2024-04-16 21:37:05,193 - nerf2 - INFO - Median error:6.21
2024-04-16 21:37:05,227 - nerf2 - INFO - Median error:3.93
2024-04-16 21:37:05,261 - nerf2 - INFO - Median error:4.05
2024-04-16 21:37:05,295 - nerf2 - INFO - Median error:4.60
2024-04-16 21:37:05,329 - nerf2 - INFO - Median error:5.13
2024-04-16 21:37:05,363 - nerf2 - INFO - Median error:6.72
2024-04-16 21:37:05,396 - nerf2 - INFO - Median error:4.66
2024-04-16 21:37:05,430 - nerf2 - INFO - Median error:3.50
2024-04-16 21:37:05,464 - nerf2 - INFO - Median error:4.97
2024-04-16 21:37:05,498 - nerf2 - INFO - Median error:5.46
2024-04-16 21:37:05,532 - nerf2 - INFO - Median error:5.30
2024-04-16 21:37:05,566 - nerf2 - INFO - Median error:5.02
2024-04-16 21:37:05,600 - nerf2 - INFO - Median error:6.90
2024-04-16 21:37:05,634 - nerf2 - INFO - Median error:4.20
2024-04-16 21:37:05,668 - nerf2 - INFO - Median error:4.49
2024-04-16 21:37:05,702 - nerf2 - INFO - Median error:4.67
2024-04-16 21:37:05,735 - nerf2 - INFO - Median error:5.08
2024-04-16 21:37:05,769 - nerf2 - INFO - Median error:3.91
2024-04-16 21:37:05,803 - nerf2 - INFO - Median error:5.86
2024-04-16 21:37:05,837 - nerf2 - INFO - Median error:5.52
2024-04-16 21:37:05,871 - nerf2 - INFO - Median error:8.03
2024-04-16 21:37:05,905 - nerf2 - INFO - Median error:4.42
2024-04-16 21:37:05,939 - nerf2 - INFO - Median error:4.53
2024-04-16 21:37:05,973 - nerf2 - INFO - Median error:5.94
2024-04-16 21:37:06,007 - nerf2 - INFO - Median error:6.60
2024-04-16 21:37:06,041 - nerf2 - INFO - Median error:3.91
2024-04-16 21:37:06,075 - nerf2 - INFO - Median error:6.83
2024-04-16 21:37:06,108 - nerf2 - INFO - Median error:5.25
2024-04-16 21:37:06,142 - nerf2 - INFO - Median error:5.80
2024-04-16 21:37:06,176 - nerf2 - INFO - Median error:5.27
2024-04-16 21:37:06,210 - nerf2 - INFO - Median error:4.17
2024-04-16 21:37:06,244 - nerf2 - INFO - Median error:5.55
2024-04-16 21:37:06,278 - nerf2 - INFO - Median error:5.11
2024-04-16 21:37:06,312 - nerf2 - INFO - Median error:4.67
2024-04-16 21:37:06,346 - nerf2 - INFO - Median error:6.46
2024-04-16 21:37:06,379 - nerf2 - INFO - Median error:5.51
2024-04-16 21:37:06,413 - nerf2 - INFO - Median error:3.88
2024-04-16 21:37:06,447 - nerf2 - INFO - Median error:4.34
2024-04-16 21:37:06,481 - nerf2 - INFO - Median error:4.94
2024-04-16 21:37:06,515 - nerf2 - INFO - Median error:4.65
2024-04-16 21:37:06,549 - nerf2 - INFO - Median error:8.13
2024-04-16 21:37:06,583 - nerf2 - INFO - Median error:4.96
2024-04-16 21:37:06,617 - nerf2 - INFO - Median error:6.09
2024-04-16 21:37:06,651 - nerf2 - INFO - Median error:4.57
2024-04-16 21:37:06,685 - nerf2 - INFO - Median error:5.20
2024-04-16 21:37:06,719 - nerf2 - INFO - Median error:5.44
2024-04-16 21:37:06,753 - nerf2 - INFO - Median error:6.86
2024-04-16 21:37:06,786 - nerf2 - INFO - Median error:6.01
2024-04-16 21:37:06,820 - nerf2 - INFO - Median error:4.41
2024-04-16 21:37:06,854 - nerf2 - INFO - Median error:6.67
2024-04-16 21:37:06,888 - nerf2 - INFO - Median error:6.86
2024-04-16 21:37:06,922 - nerf2 - INFO - Median error:7.36
2024-04-16 21:37:06,956 - nerf2 - INFO - Median error:4.52
2024-04-16 21:37:06,990 - nerf2 - INFO - Median error:7.72
2024-04-16 21:37:07,024 - nerf2 - INFO - Median error:4.70
2024-04-16 21:37:07,058 - nerf2 - INFO - Median error:5.06
2024-04-16 21:37:07,091 - nerf2 - INFO - Median error:6.77
2024-04-16 21:37:07,125 - nerf2 - INFO - Median error:6.25
2024-04-16 21:37:07,159 - nerf2 - INFO - Median error:4.21
2024-04-16 21:37:07,193 - nerf2 - INFO - Median error:4.96
2024-04-16 21:37:07,227 - nerf2 - INFO - Median error:4.87
2024-04-16 21:37:07,261 - nerf2 - INFO - Median error:4.92
2024-04-16 21:37:07,295 - nerf2 - INFO - Median error:5.48
2024-04-16 21:37:07,329 - nerf2 - INFO - Median error:4.86
2024-04-16 21:37:07,363 - nerf2 - INFO - Median error:4.28
2024-04-16 21:37:07,397 - nerf2 - INFO - Median error:5.77
2024-04-16 21:37:07,431 - nerf2 - INFO - Median error:4.04
2024-04-16 21:37:07,464 - nerf2 - INFO - Median error:4.26
2024-04-16 21:37:07,498 - nerf2 - INFO - Median error:6.87
2024-04-16 21:37:07,532 - nerf2 - INFO - Median error:5.50
2024-04-16 21:37:07,566 - nerf2 - INFO - Median error:5.40
2024-04-16 21:37:07,600 - nerf2 - INFO - Median error:5.30
2024-04-16 21:37:07,634 - nerf2 - INFO - Median error:5.82
2024-04-16 21:37:07,668 - nerf2 - INFO - Median error:5.23
2024-04-16 21:37:07,702 - nerf2 - INFO - Median error:5.87
2024-04-16 21:37:07,736 - nerf2 - INFO - Median error:6.13
2024-04-16 21:37:07,769 - nerf2 - INFO - Median error:5.87
2024-04-16 21:37:07,803 - nerf2 - INFO - Median error:7.69
2024-04-16 21:37:07,837 - nerf2 - INFO - Median error:3.77
2024-04-16 21:37:07,871 - nerf2 - INFO - Median error:6.71
2024-04-16 21:37:07,905 - nerf2 - INFO - Median error:3.87
2024-04-16 21:37:07,939 - nerf2 - INFO - Median error:5.01
2024-04-16 21:37:07,973 - nerf2 - INFO - Median error:6.22
2024-04-16 21:37:08,007 - nerf2 - INFO - Median error:5.78
2024-04-16 21:37:08,041 - nerf2 - INFO - Median error:4.74
2024-04-16 21:37:08,075 - nerf2 - INFO - Median error:5.70
2024-04-16 21:37:08,108 - nerf2 - INFO - Median error:6.94
2024-04-16 21:37:08,142 - nerf2 - INFO - Median error:4.66
2024-04-16 21:37:08,176 - nerf2 - INFO - Median error:4.94
2024-04-16 21:37:08,210 - nerf2 - INFO - Median error:6.02
2024-04-16 21:37:08,244 - nerf2 - INFO - Median error:5.40
2024-04-16 21:37:08,278 - nerf2 - INFO - Median error:6.19
2024-04-16 21:37:08,312 - nerf2 - INFO - Median error:5.39
2024-04-16 21:37:08,346 - nerf2 - INFO - Median error:5.74
2024-04-16 21:37:08,379 - nerf2 - INFO - Median error:5.31
2024-04-16 21:37:08,413 - nerf2 - INFO - Median error:5.36
2024-04-16 21:37:08,447 - nerf2 - INFO - Median error:5.82
2024-04-16 21:37:08,481 - nerf2 - INFO - Median error:4.44
2024-04-16 21:37:08,515 - nerf2 - INFO - Median error:3.80
2024-04-16 21:37:08,549 - nerf2 - INFO - Median error:4.67
2024-04-16 21:37:08,583 - nerf2 - INFO - Median error:3.53
2024-04-16 21:37:08,617 - nerf2 - INFO - Median error:4.03
2024-04-16 21:37:08,651 - nerf2 - INFO - Median error:2.95
2024-04-16 21:37:08,685 - nerf2 - INFO - Median error:6.21
2024-04-16 21:37:08,719 - nerf2 - INFO - Median error:5.39
2024-04-16 21:37:08,753 - nerf2 - INFO - Median error:4.80
2024-04-16 21:37:08,786 - nerf2 - INFO - Median error:4.91
2024-04-16 21:37:08,820 - nerf2 - INFO - Median error:4.28
2024-04-16 21:37:08,854 - nerf2 - INFO - Median error:3.97
2024-04-16 21:37:08,888 - nerf2 - INFO - Median error:5.73
2024-04-16 21:37:08,922 - nerf2 - INFO - Median error:6.02
2024-04-16 21:37:08,956 - nerf2 - INFO - Median error:6.04
2024-04-16 21:37:08,990 - nerf2 - INFO - Median error:4.28
2024-04-16 21:37:09,024 - nerf2 - INFO - Median error:4.58
2024-04-16 21:37:09,058 - nerf2 - INFO - Median error:6.54
2024-04-16 21:37:09,092 - nerf2 - INFO - Median error:3.74
2024-04-16 21:37:09,126 - nerf2 - INFO - Median error:4.91
2024-04-16 21:37:09,159 - nerf2 - INFO - Median error:5.18
2024-04-16 21:37:09,193 - nerf2 - INFO - Median error:4.84
2024-04-16 21:37:09,227 - nerf2 - INFO - Median error:5.72
2024-04-16 21:37:09,261 - nerf2 - INFO - Median error:4.64
2024-04-16 21:37:09,295 - nerf2 - INFO - Median error:3.97
2024-04-16 21:37:09,329 - nerf2 - INFO - Median error:4.51
2024-04-16 21:37:09,363 - nerf2 - INFO - Median error:5.90
2024-04-16 21:37:09,397 - nerf2 - INFO - Median error:6.03
2024-04-16 21:37:09,431 - nerf2 - INFO - Median error:4.87
2024-04-16 21:37:09,465 - nerf2 - INFO - Median error:4.35
2024-04-16 21:37:09,498 - nerf2 - INFO - Median error:3.83
2024-04-16 21:37:09,532 - nerf2 - INFO - Median error:5.61
2024-04-16 21:37:09,566 - nerf2 - INFO - Median error:4.45
2024-04-16 21:37:09,600 - nerf2 - INFO - Median error:5.85
2024-04-16 21:37:09,634 - nerf2 - INFO - Median error:6.48
2024-04-16 21:37:09,668 - nerf2 - INFO - Median error:5.11
2024-04-16 21:37:09,702 - nerf2 - INFO - Median error:5.69
2024-04-16 21:37:09,736 - nerf2 - INFO - Median error:3.33
2024-04-16 21:37:09,770 - nerf2 - INFO - Median error:4.17
2024-04-16 21:37:09,804 - nerf2 - INFO - Median error:4.93
2024-04-16 21:37:09,837 - nerf2 - INFO - Median error:5.24
2024-04-16 21:37:09,871 - nerf2 - INFO - Median error:4.91
2024-04-16 21:37:09,905 - nerf2 - INFO - Median error:6.65
2024-04-16 21:37:09,939 - nerf2 - INFO - Median error:5.24
2024-04-16 21:37:09,973 - nerf2 - INFO - Median error:4.13
2024-04-16 21:37:10,007 - nerf2 - INFO - Median error:5.85
2024-04-16 21:37:10,041 - nerf2 - INFO - Median error:4.72
2024-04-16 21:37:10,075 - nerf2 - INFO - Median error:5.82
2024-04-16 21:37:10,109 - nerf2 - INFO - Median error:5.59
2024-04-16 21:37:10,143 - nerf2 - INFO - Median error:6.90
2024-04-16 21:37:10,177 - nerf2 - INFO - Median error:7.25
2024-04-16 21:37:10,211 - nerf2 - INFO - Median error:5.15
2024-04-16 21:37:10,244 - nerf2 - INFO - Median error:4.04
2024-04-16 21:37:10,278 - nerf2 - INFO - Median error:4.10
2024-04-16 21:37:10,312 - nerf2 - INFO - Median error:5.86
2024-04-16 21:37:10,346 - nerf2 - INFO - Median error:5.46
2024-04-16 21:37:10,380 - nerf2 - INFO - Median error:6.64
2024-04-16 21:37:10,414 - nerf2 - INFO - Median error:4.43
2024-04-16 21:37:10,448 - nerf2 - INFO - Median error:4.99
2024-04-16 21:37:10,482 - nerf2 - INFO - Median error:5.75
2024-04-16 21:37:10,516 - nerf2 - INFO - Median error:7.23
2024-04-16 21:37:10,550 - nerf2 - INFO - Median error:3.86
2024-04-16 21:37:10,584 - nerf2 - INFO - Median error:4.57
2024-04-16 21:37:10,617 - nerf2 - INFO - Median error:4.05
2024-04-16 21:37:10,651 - nerf2 - INFO - Median error:5.76
2024-04-16 21:37:10,685 - nerf2 - INFO - Median error:5.59
2024-04-16 21:37:10,719 - nerf2 - INFO - Median error:4.53
2024-04-16 21:37:10,753 - nerf2 - INFO - Median error:3.31
2024-04-16 21:37:10,787 - nerf2 - INFO - Median error:2.88
2024-04-16 21:37:10,821 - nerf2 - INFO - Median error:3.63
2024-04-16 21:37:10,855 - nerf2 - INFO - Median error:4.33
2024-04-16 21:37:10,889 - nerf2 - INFO - Median error:3.53
2024-04-16 21:37:10,923 - nerf2 - INFO - Median error:6.19
2024-04-16 21:37:10,957 - nerf2 - INFO - Median error:5.10
2024-04-16 21:37:10,990 - nerf2 - INFO - Median error:4.90
2024-04-16 21:37:11,024 - nerf2 - INFO - Median error:4.98
2024-04-16 21:37:11,058 - nerf2 - INFO - Median error:6.00
2024-04-16 21:37:11,092 - nerf2 - INFO - Median error:5.25
2024-04-16 21:37:11,126 - nerf2 - INFO - Median error:6.19
2024-04-16 21:37:11,160 - nerf2 - INFO - Median error:4.19
2024-04-16 21:37:11,194 - nerf2 - INFO - Median error:5.26
2024-04-16 21:37:11,228 - nerf2 - INFO - Median error:4.99
2024-04-16 21:37:11,262 - nerf2 - INFO - Median error:6.45
2024-04-16 21:37:11,296 - nerf2 - INFO - Median error:5.42
2024-04-16 21:37:11,330 - nerf2 - INFO - Median error:6.16
2024-04-16 21:37:11,363 - nerf2 - INFO - Median error:3.71
2024-04-16 21:37:11,397 - nerf2 - INFO - Median error:3.85
2024-04-16 21:37:11,431 - nerf2 - INFO - Median error:5.05
2024-04-16 21:37:11,465 - nerf2 - INFO - Median error:3.44
2024-04-16 21:37:11,499 - nerf2 - INFO - Median error:5.40
2024-04-16 21:37:11,533 - nerf2 - INFO - Median error:4.76
2024-04-16 21:37:11,567 - nerf2 - INFO - Median error:4.58
2024-04-16 21:37:11,601 - nerf2 - INFO - Median error:4.59
2024-04-16 21:37:11,635 - nerf2 - INFO - Median error:3.86
2024-04-16 21:37:11,669 - nerf2 - INFO - Median error:5.46
2024-04-16 21:37:11,703 - nerf2 - INFO - Median error:5.51
2024-04-16 21:37:11,736 - nerf2 - INFO - Median error:4.15
2024-04-16 21:37:11,770 - nerf2 - INFO - Median error:6.54
2024-04-16 21:37:11,804 - nerf2 - INFO - Median error:6.62
2024-04-16 21:37:11,838 - nerf2 - INFO - Median error:5.75
2024-04-16 21:37:11,872 - nerf2 - INFO - Median error:5.11
2024-04-16 21:37:11,906 - nerf2 - INFO - Median error:4.51
2024-04-16 21:37:11,940 - nerf2 - INFO - Median error:3.48
2024-04-16 21:37:11,974 - nerf2 - INFO - Median error:5.05
2024-04-16 21:37:12,008 - nerf2 - INFO - Median error:5.82
2024-04-16 21:37:12,042 - nerf2 - INFO - Median error:4.72
2024-04-16 21:37:12,076 - nerf2 - INFO - Median error:5.01
2024-04-16 21:37:12,110 - nerf2 - INFO - Median error:3.48
2024-04-16 21:37:12,144 - nerf2 - INFO - Median error:4.01
2024-04-16 21:37:12,178 - nerf2 - INFO - Median error:4.61
2024-04-16 21:37:12,212 - nerf2 - INFO - Median error:6.76
2024-04-16 21:37:12,245 - nerf2 - INFO - Median error:4.84
2024-04-16 21:37:12,279 - nerf2 - INFO - Median error:4.89
2024-04-16 21:37:12,313 - nerf2 - INFO - Median error:4.48
2024-04-16 21:37:12,347 - nerf2 - INFO - Median error:4.78
2024-04-16 21:37:12,381 - nerf2 - INFO - Median error:7.03
2024-04-16 21:37:12,415 - nerf2 - INFO - Median error:4.23
2024-04-16 21:37:12,449 - nerf2 - INFO - Median error:5.78
2024-04-16 21:37:12,483 - nerf2 - INFO - Median error:4.95
2024-04-16 21:37:12,517 - nerf2 - INFO - Median error:5.30
2024-04-16 21:37:12,551 - nerf2 - INFO - Median error:4.67
2024-04-16 21:37:12,585 - nerf2 - INFO - Median error:5.21
2024-04-16 21:37:12,619 - nerf2 - INFO - Median error:4.66
2024-04-16 21:37:12,653 - nerf2 - INFO - Median error:6.45
2024-04-16 21:37:12,686 - nerf2 - INFO - Median error:5.98
2024-04-16 21:37:12,720 - nerf2 - INFO - Median error:5.05
2024-04-16 21:37:12,754 - nerf2 - INFO - Median error:3.27
2024-04-16 21:37:12,788 - nerf2 - INFO - Median error:4.92
2024-04-16 21:37:12,822 - nerf2 - INFO - Median error:3.52
2024-04-16 21:37:12,856 - nerf2 - INFO - Median error:5.33
2024-04-16 21:37:12,890 - nerf2 - INFO - Median error:5.20
2024-04-16 21:37:12,924 - nerf2 - INFO - Median error:4.99
2024-04-16 21:37:12,958 - nerf2 - INFO - Median error:5.82
2024-04-16 21:37:12,992 - nerf2 - INFO - Median error:4.16
2024-04-16 21:37:13,026 - nerf2 - INFO - Median error:5.97
2024-04-16 21:37:13,060 - nerf2 - INFO - Median error:3.98
2024-04-16 21:37:13,094 - nerf2 - INFO - Median error:7.06
2024-04-16 21:37:13,128 - nerf2 - INFO - Median error:4.28
2024-04-16 21:37:13,162 - nerf2 - INFO - Median error:6.52
2024-04-16 21:37:13,195 - nerf2 - INFO - Median error:3.68
2024-04-16 21:37:13,229 - nerf2 - INFO - Median error:4.86
2024-04-16 21:37:13,263 - nerf2 - INFO - Median error:6.45
2024-04-16 21:37:13,297 - nerf2 - INFO - Median error:4.32
2024-04-16 21:37:13,331 - nerf2 - INFO - Median error:4.93
2024-04-16 21:37:13,365 - nerf2 - INFO - Median error:5.17
2024-04-16 21:37:13,399 - nerf2 - INFO - Median error:4.54
2024-04-16 21:37:13,433 - nerf2 - INFO - Median error:5.33
2024-04-16 21:37:13,467 - nerf2 - INFO - Median error:5.25
2024-04-16 21:37:13,501 - nerf2 - INFO - Median error:4.19
2024-04-16 21:37:13,535 - nerf2 - INFO - Median error:6.06
2024-04-16 21:37:13,569 - nerf2 - INFO - Median error:5.53
2024-04-16 21:37:13,602 - nerf2 - INFO - Median error:4.61
2024-04-16 21:37:13,636 - nerf2 - INFO - Median error:4.20
2024-04-16 21:37:13,670 - nerf2 - INFO - Median error:4.60
2024-04-16 21:37:13,704 - nerf2 - INFO - Median error:7.65
2024-04-16 21:37:13,738 - nerf2 - INFO - Median error:6.40
2024-04-16 21:37:13,772 - nerf2 - INFO - Median error:5.21
2024-04-16 21:37:13,806 - nerf2 - INFO - Median error:6.18
2024-04-16 21:37:13,840 - nerf2 - INFO - Median error:4.74
2024-04-16 21:37:13,874 - nerf2 - INFO - Median error:4.00
2024-04-16 21:37:13,908 - nerf2 - INFO - Median error:3.64
2024-04-16 21:37:13,942 - nerf2 - INFO - Median error:3.86
2024-04-16 21:37:13,976 - nerf2 - INFO - Median error:3.92
2024-04-16 21:37:14,009 - nerf2 - INFO - Median error:4.57
2024-04-16 21:37:14,043 - nerf2 - INFO - Median error:5.62
2024-04-16 21:37:14,077 - nerf2 - INFO - Median error:5.33
2024-04-16 21:37:14,111 - nerf2 - INFO - Median error:5.97
2024-04-16 21:37:14,145 - nerf2 - INFO - Median error:4.53
2024-04-16 21:37:14,179 - nerf2 - INFO - Median error:4.26
2024-04-16 21:37:14,213 - nerf2 - INFO - Median error:7.26
2024-04-16 21:37:14,247 - nerf2 - INFO - Median error:5.37
2024-04-16 21:37:14,281 - nerf2 - INFO - Median error:4.58
2024-04-16 21:37:14,315 - nerf2 - INFO - Median error:5.20
2024-04-16 21:37:14,348 - nerf2 - INFO - Median error:3.68
2024-04-16 21:37:14,382 - nerf2 - INFO - Median error:4.36
2024-04-16 21:37:14,416 - nerf2 - INFO - Median error:6.69
2024-04-16 21:37:14,450 - nerf2 - INFO - Median error:4.10
2024-04-16 21:37:14,484 - nerf2 - INFO - Median error:6.51
2024-04-16 21:37:14,518 - nerf2 - INFO - Median error:8.84
2024-04-16 21:37:14,552 - nerf2 - INFO - Median error:6.22
2024-04-16 21:37:14,586 - nerf2 - INFO - Median error:7.77
2024-04-16 21:37:14,620 - nerf2 - INFO - Median error:4.27
2024-04-16 21:37:14,654 - nerf2 - INFO - Median error:4.61
2024-04-16 21:37:14,688 - nerf2 - INFO - Median error:4.84
2024-04-16 21:37:14,721 - nerf2 - INFO - Median error:5.51
2024-04-16 21:37:14,755 - nerf2 - INFO - Median error:4.17
2024-04-16 21:37:14,789 - nerf2 - INFO - Median error:5.72
2024-04-16 21:37:14,823 - nerf2 - INFO - Median error:3.75
2024-04-16 21:37:14,857 - nerf2 - INFO - Median error:5.09
2024-04-16 21:37:14,891 - nerf2 - INFO - Median error:4.95
2024-04-16 21:37:14,925 - nerf2 - INFO - Median error:4.48
2024-04-16 21:37:14,959 - nerf2 - INFO - Median error:6.40
2024-04-16 21:37:14,993 - nerf2 - INFO - Median error:5.12
2024-04-16 21:37:15,018 - nerf2 - INFO - Median error:4.06
2024-04-16 21:37:15,031 - nerf2 - INFO - Total Median error:5.07
