2024-04-21 20:38:05,487 - nerf2 - INFO - expname:ble-rssi-exp2-v0-zeroshot-posz-half, datadir:data/BLE/, logdir:logs/BLE/
2024-04-21 20:38:05,945 - nerf2 - INFO - Total number of parameters: 690564
2024-04-21 20:38:05,947 - nerf2 - INFO - Found ckpts []
2024-04-21 20:38:05,947 - nerf2 - INFO - Loading training set...
2024-04-21 20:38:07,229 - nerf2 - INFO - Loading test set...
2024-04-21 20:38:07,809 - nerf2 - INFO - Train set size:31045, Test set size:10955
2024-04-21 20:38:07,809 - nerf2 - INFO - Start training. Current Iteration:1
2024-04-21 21:19:29,776 - nerf2 - INFO - expname:ble-rssi-exp2-v0-zeroshot-posz-half, datadir:data/BLE/, logdir:logs/BLE/
2024-04-21 21:19:30,235 - nerf2 - INFO - Total number of parameters: 690564
2024-04-21 21:19:30,236 - nerf2 - INFO - Found ckpts ['logs/BLE/ble-rssi-exp2-v0-zeroshot-posz-half/ckpts/029800.tar', 'logs/BLE/ble-rssi-exp2-v0-zeroshot-posz-half/ckpts/029900.tar', 'logs/BLE/ble-rssi-exp2-v0-zeroshot-posz-half/ckpts/030000.tar']
2024-04-21 21:19:30,236 - nerf2 - INFO - Loading ckpt logs/BLE/ble-rssi-exp2-v0-zeroshot-posz-half/ckpts/030000.tar
2024-04-21 21:19:30,255 - nerf2 - INFO - Loading training set...
2024-04-21 21:19:31,554 - nerf2 - INFO - Loading test set...
2024-04-21 21:19:32,026 - nerf2 - INFO - Train set size:31045, Test set size:10955
2024-04-21 21:19:32,026 - nerf2 - INFO - Start evaluation
2024-04-21 21:19:32,027 - nerf2 - INFO - Writing result to logs/BLE/ble-rssi-exp2-v0-zeroshot-posz-half/result.txt...
2024-04-21 21:19:32,339 - nerf2 - INFO - Median error:16.67
2024-04-21 21:19:32,372 - nerf2 - INFO - Median error:13.19
2024-04-21 21:19:32,405 - nerf2 - INFO - Median error:12.85
2024-04-21 21:19:32,437 - nerf2 - INFO - Median error:14.34
2024-04-21 21:19:32,469 - nerf2 - INFO - Median error:16.83
2024-04-21 21:19:32,502 - nerf2 - INFO - Median error:11.73
2024-04-21 21:19:32,534 - nerf2 - INFO - Median error:10.35
2024-04-21 21:19:32,566 - nerf2 - INFO - Median error:13.75
2024-04-21 21:19:32,598 - nerf2 - INFO - Median error:11.98
2024-04-21 21:19:32,630 - nerf2 - INFO - Median error:12.21
2024-04-21 21:19:32,662 - nerf2 - INFO - Median error:13.64
2024-04-21 21:19:32,695 - nerf2 - INFO - Median error:13.31
2024-04-21 21:19:32,727 - nerf2 - INFO - Median error:11.71
2024-04-21 21:19:32,759 - nerf2 - INFO - Median error:10.02
2024-04-21 21:19:32,791 - nerf2 - INFO - Median error:11.36
2024-04-21 21:19:32,823 - nerf2 - INFO - Median error:13.29
2024-04-21 21:19:32,855 - nerf2 - INFO - Median error:13.05
2024-04-21 21:19:32,888 - nerf2 - INFO - Median error:15.38
2024-04-21 21:19:32,920 - nerf2 - INFO - Median error:16.43
2024-04-21 21:19:32,952 - nerf2 - INFO - Median error:9.73
2024-04-21 21:19:32,984 - nerf2 - INFO - Median error:12.54
2024-04-21 21:19:33,017 - nerf2 - INFO - Median error:16.20
2024-04-21 21:19:33,049 - nerf2 - INFO - Median error:14.64
2024-04-21 21:19:33,081 - nerf2 - INFO - Median error:14.01
2024-04-21 21:19:33,113 - nerf2 - INFO - Median error:9.86
2024-04-21 21:19:33,145 - nerf2 - INFO - Median error:13.48
2024-04-21 21:19:33,177 - nerf2 - INFO - Median error:13.06
2024-04-21 21:19:33,209 - nerf2 - INFO - Median error:11.08
2024-04-21 21:19:33,241 - nerf2 - INFO - Median error:9.48
2024-04-21 21:19:33,273 - nerf2 - INFO - Median error:18.14
2024-04-21 21:19:33,306 - nerf2 - INFO - Median error:14.85
2024-04-21 21:19:33,338 - nerf2 - INFO - Median error:14.51
2024-04-21 21:19:33,370 - nerf2 - INFO - Median error:11.49
2024-04-21 21:19:33,402 - nerf2 - INFO - Median error:13.36
2024-04-21 21:19:33,434 - nerf2 - INFO - Median error:10.55
2024-04-21 21:19:33,466 - nerf2 - INFO - Median error:13.70
2024-04-21 21:19:33,499 - nerf2 - INFO - Median error:9.13
2024-04-21 21:19:33,531 - nerf2 - INFO - Median error:14.60
2024-04-21 21:19:33,563 - nerf2 - INFO - Median error:13.49
2024-04-21 21:19:33,595 - nerf2 - INFO - Median error:10.52
2024-04-21 21:19:33,627 - nerf2 - INFO - Median error:11.75
2024-04-21 21:19:33,659 - nerf2 - INFO - Median error:13.88
2024-04-21 21:19:33,691 - nerf2 - INFO - Median error:10.65
2024-04-21 21:19:33,724 - nerf2 - INFO - Median error:12.95
2024-04-21 21:19:33,756 - nerf2 - INFO - Median error:14.17
2024-04-21 21:19:33,788 - nerf2 - INFO - Median error:12.82
2024-04-21 21:19:33,820 - nerf2 - INFO - Median error:11.32
2024-04-21 21:19:33,852 - nerf2 - INFO - Median error:12.93
2024-04-21 21:19:33,885 - nerf2 - INFO - Median error:11.24
2024-04-21 21:19:33,917 - nerf2 - INFO - Median error:16.30
2024-04-21 21:19:33,949 - nerf2 - INFO - Median error:11.87
2024-04-21 21:19:33,981 - nerf2 - INFO - Median error:10.14
2024-04-21 21:19:34,013 - nerf2 - INFO - Median error:12.76
2024-04-21 21:19:34,045 - nerf2 - INFO - Median error:8.84
2024-04-21 21:19:34,077 - nerf2 - INFO - Median error:14.71
2024-04-21 21:19:34,110 - nerf2 - INFO - Median error:13.49
2024-04-21 21:19:34,142 - nerf2 - INFO - Median error:11.45
2024-04-21 21:19:34,174 - nerf2 - INFO - Median error:12.65
2024-04-21 21:19:34,206 - nerf2 - INFO - Median error:13.77
2024-04-21 21:19:34,238 - nerf2 - INFO - Median error:12.90
2024-04-21 21:19:34,270 - nerf2 - INFO - Median error:13.94
2024-04-21 21:19:34,303 - nerf2 - INFO - Median error:11.71
2024-04-21 21:19:34,335 - nerf2 - INFO - Median error:12.79
2024-04-21 21:19:34,367 - nerf2 - INFO - Median error:13.00
2024-04-21 21:19:34,399 - nerf2 - INFO - Median error:16.97
2024-04-21 21:19:34,431 - nerf2 - INFO - Median error:11.89
2024-04-21 21:19:34,463 - nerf2 - INFO - Median error:14.36
2024-04-21 21:19:34,496 - nerf2 - INFO - Median error:12.03
2024-04-21 21:19:34,528 - nerf2 - INFO - Median error:11.08
2024-04-21 21:19:34,560 - nerf2 - INFO - Median error:11.18
2024-04-21 21:19:34,592 - nerf2 - INFO - Median error:11.37
2024-04-21 21:19:34,624 - nerf2 - INFO - Median error:15.16
2024-04-21 21:19:34,656 - nerf2 - INFO - Median error:15.51
2024-04-21 21:19:34,688 - nerf2 - INFO - Median error:12.08
2024-04-21 21:19:34,720 - nerf2 - INFO - Median error:13.53
2024-04-21 21:19:34,753 - nerf2 - INFO - Median error:11.25
2024-04-21 21:19:34,785 - nerf2 - INFO - Median error:13.64
2024-04-21 21:19:34,817 - nerf2 - INFO - Median error:11.86
2024-04-21 21:19:34,849 - nerf2 - INFO - Median error:13.41
2024-04-21 21:19:34,881 - nerf2 - INFO - Median error:15.00
2024-04-21 21:19:34,913 - nerf2 - INFO - Median error:14.75
2024-04-21 21:19:34,945 - nerf2 - INFO - Median error:13.76
2024-04-21 21:19:34,977 - nerf2 - INFO - Median error:12.35
2024-04-21 21:19:35,009 - nerf2 - INFO - Median error:10.44
2024-04-21 21:19:35,042 - nerf2 - INFO - Median error:13.33
2024-04-21 21:19:35,063 - nerf2 - INFO - Median error:13.59
2024-04-21 21:19:35,065 - nerf2 - INFO - Writing result to logs/BLE/ble-rssi-exp2-v0-zeroshot-posz-half/result_pos.txt...
2024-04-21 21:19:35,097 - nerf2 - INFO - Median error:16.67
2024-04-21 21:19:35,135 - nerf2 - INFO - Median error:13.19
2024-04-21 21:19:35,172 - nerf2 - INFO - Median error:12.85
2024-04-21 21:19:35,210 - nerf2 - INFO - Median error:14.34
2024-04-21 21:19:35,248 - nerf2 - INFO - Median error:16.83
2024-04-21 21:19:35,286 - nerf2 - INFO - Median error:11.73
2024-04-21 21:19:35,323 - nerf2 - INFO - Median error:10.35
2024-04-21 21:19:35,361 - nerf2 - INFO - Median error:13.75
2024-04-21 21:19:35,399 - nerf2 - INFO - Median error:11.98
2024-04-21 21:19:35,437 - nerf2 - INFO - Median error:12.21
2024-04-21 21:19:35,474 - nerf2 - INFO - Median error:13.64
2024-04-21 21:19:35,512 - nerf2 - INFO - Median error:13.31
2024-04-21 21:19:35,550 - nerf2 - INFO - Median error:11.71
2024-04-21 21:19:35,588 - nerf2 - INFO - Median error:10.02
2024-04-21 21:19:35,625 - nerf2 - INFO - Median error:11.36
2024-04-21 21:19:35,663 - nerf2 - INFO - Median error:13.29
2024-04-21 21:19:35,701 - nerf2 - INFO - Median error:13.05
2024-04-21 21:19:35,739 - nerf2 - INFO - Median error:15.38
2024-04-21 21:19:35,776 - nerf2 - INFO - Median error:16.43
2024-04-21 21:19:35,814 - nerf2 - INFO - Median error:9.73
2024-04-21 21:19:35,852 - nerf2 - INFO - Median error:12.54
2024-04-21 21:19:35,890 - nerf2 - INFO - Median error:16.20
2024-04-21 21:19:35,928 - nerf2 - INFO - Median error:14.64
2024-04-21 21:19:35,965 - nerf2 - INFO - Median error:14.01
2024-04-21 21:19:36,003 - nerf2 - INFO - Median error:9.86
2024-04-21 21:19:36,041 - nerf2 - INFO - Median error:13.48
2024-04-21 21:19:36,079 - nerf2 - INFO - Median error:13.06
2024-04-21 21:19:36,116 - nerf2 - INFO - Median error:11.08
2024-04-21 21:19:36,154 - nerf2 - INFO - Median error:9.48
2024-04-21 21:19:36,192 - nerf2 - INFO - Median error:18.14
2024-04-21 21:19:36,229 - nerf2 - INFO - Median error:14.85
2024-04-21 21:19:36,267 - nerf2 - INFO - Median error:14.51
2024-04-21 21:19:36,305 - nerf2 - INFO - Median error:11.49
2024-04-21 21:19:36,343 - nerf2 - INFO - Median error:13.36
2024-04-21 21:19:36,380 - nerf2 - INFO - Median error:10.55
2024-04-21 21:19:36,418 - nerf2 - INFO - Median error:13.70
2024-04-21 21:19:36,456 - nerf2 - INFO - Median error:9.13
2024-04-21 21:19:36,494 - nerf2 - INFO - Median error:14.60
2024-04-21 21:19:36,531 - nerf2 - INFO - Median error:13.49
2024-04-21 21:19:36,569 - nerf2 - INFO - Median error:10.52
2024-04-21 21:19:36,607 - nerf2 - INFO - Median error:11.75
2024-04-21 21:19:36,645 - nerf2 - INFO - Median error:13.88
2024-04-21 21:19:36,682 - nerf2 - INFO - Median error:10.65
2024-04-21 21:19:36,720 - nerf2 - INFO - Median error:12.95
2024-04-21 21:19:36,758 - nerf2 - INFO - Median error:14.17
2024-04-21 21:19:36,796 - nerf2 - INFO - Median error:12.82
2024-04-21 21:19:36,834 - nerf2 - INFO - Median error:11.32
2024-04-21 21:19:36,871 - nerf2 - INFO - Median error:12.93
2024-04-21 21:19:36,909 - nerf2 - INFO - Median error:11.24
2024-04-21 21:19:36,947 - nerf2 - INFO - Median error:16.30
2024-04-21 21:19:36,985 - nerf2 - INFO - Median error:11.87
2024-04-21 21:19:37,022 - nerf2 - INFO - Median error:10.14
2024-04-21 21:19:37,060 - nerf2 - INFO - Median error:12.76
2024-04-21 21:19:37,098 - nerf2 - INFO - Median error:8.84
2024-04-21 21:19:37,136 - nerf2 - INFO - Median error:14.71
2024-04-21 21:19:37,173 - nerf2 - INFO - Median error:13.49
2024-04-21 21:19:37,211 - nerf2 - INFO - Median error:11.45
2024-04-21 21:19:37,249 - nerf2 - INFO - Median error:12.65
2024-04-21 21:19:37,286 - nerf2 - INFO - Median error:13.77
2024-04-21 21:19:37,324 - nerf2 - INFO - Median error:12.90
2024-04-21 21:19:37,362 - nerf2 - INFO - Median error:13.94
2024-04-21 21:19:37,400 - nerf2 - INFO - Median error:11.71
2024-04-21 21:19:37,437 - nerf2 - INFO - Median error:12.79
2024-04-21 21:19:37,475 - nerf2 - INFO - Median error:13.00
2024-04-21 21:19:37,513 - nerf2 - INFO - Median error:16.97
2024-04-21 21:19:37,551 - nerf2 - INFO - Median error:11.89
2024-04-21 21:19:37,588 - nerf2 - INFO - Median error:14.36
2024-04-21 21:19:37,626 - nerf2 - INFO - Median error:12.03
2024-04-21 21:19:37,664 - nerf2 - INFO - Median error:11.08
2024-04-21 21:19:37,702 - nerf2 - INFO - Median error:11.18
2024-04-21 21:19:37,739 - nerf2 - INFO - Median error:11.37
2024-04-21 21:19:37,777 - nerf2 - INFO - Median error:15.16
2024-04-21 21:19:37,815 - nerf2 - INFO - Median error:15.51
2024-04-21 21:19:37,853 - nerf2 - INFO - Median error:12.08
2024-04-21 21:19:37,890 - nerf2 - INFO - Median error:13.53
2024-04-21 21:19:37,928 - nerf2 - INFO - Median error:11.25
2024-04-21 21:19:37,966 - nerf2 - INFO - Median error:13.64
2024-04-21 21:19:38,003 - nerf2 - INFO - Median error:11.86
2024-04-21 21:19:38,041 - nerf2 - INFO - Median error:13.41
2024-04-21 21:19:38,079 - nerf2 - INFO - Median error:15.00
2024-04-21 21:19:38,117 - nerf2 - INFO - Median error:14.75
2024-04-21 21:19:38,154 - nerf2 - INFO - Median error:13.76
2024-04-21 21:19:38,192 - nerf2 - INFO - Median error:12.35
2024-04-21 21:19:38,230 - nerf2 - INFO - Median error:10.44
2024-04-21 21:19:38,268 - nerf2 - INFO - Median error:13.33
2024-04-21 21:19:38,294 - nerf2 - INFO - Median error:13.59
2024-04-21 21:19:38,301 - nerf2 - INFO - Total Median error:13.00
