2024-04-17 18:38:01,838 - nerf2 - INFO - expname:ble-rssi-exp2-v1-8020-posz-half, datadir:data/BLE/, logdir:logs/BLE/
2024-04-17 18:38:02,509 - nerf2 - INFO - Total number of parameters: 690564
2024-04-17 18:38:02,510 - nerf2 - INFO - Found ckpts []
2024-04-17 18:38:02,511 - nerf2 - INFO - Loading training set...
2024-04-17 18:38:05,736 - nerf2 - INFO - Loading test set...
2024-04-17 18:38:06,530 - nerf2 - INFO - Train set size:33600, Test set size:8400
2024-04-17 18:38:06,530 - nerf2 - INFO - Start training. Current Iteration:1
2024-04-17 19:17:18,417 - nerf2 - INFO - expname:ble-rssi-exp2-v1-8020-posz-half, datadir:data/BLE/, logdir:logs/BLE/
2024-04-17 19:17:19,099 - nerf2 - INFO - Total number of parameters: 690564
2024-04-17 19:17:19,100 - nerf2 - INFO - Found ckpts ['logs/BLE/ble-rssi-exp2-v1-8020-posz-half/ckpts/029800.tar', 'logs/BLE/ble-rssi-exp2-v1-8020-posz-half/ckpts/029900.tar', 'logs/BLE/ble-rssi-exp2-v1-8020-posz-half/ckpts/030000.tar']
2024-04-17 19:17:19,101 - nerf2 - INFO - Loading ckpt logs/BLE/ble-rssi-exp2-v1-8020-posz-half/ckpts/030000.tar
2024-04-17 19:17:19,131 - nerf2 - INFO - Loading training set...
2024-04-17 19:17:22,401 - nerf2 - INFO - Loading test set...
2024-04-17 19:17:23,198 - nerf2 - INFO - Train set size:33600, Test set size:8400
2024-04-17 19:17:23,198 - nerf2 - INFO - Start evaluation
2024-04-17 19:17:23,541 - nerf2 - INFO - Median error:2.82
2024-04-17 19:17:23,583 - nerf2 - INFO - Median error:2.71
2024-04-17 19:17:23,624 - nerf2 - INFO - Median error:2.75
2024-04-17 19:17:23,665 - nerf2 - INFO - Median error:2.64
2024-04-17 19:17:23,705 - nerf2 - INFO - Median error:3.08
2024-04-17 19:17:23,745 - nerf2 - INFO - Median error:2.97
2024-04-17 19:17:23,783 - nerf2 - INFO - Median error:2.82
2024-04-17 19:17:23,822 - nerf2 - INFO - Median error:2.80
2024-04-17 19:17:23,860 - nerf2 - INFO - Median error:2.80
2024-04-17 19:17:23,898 - nerf2 - INFO - Median error:2.61
2024-04-17 19:17:23,938 - nerf2 - INFO - Median error:2.35
2024-04-17 19:17:23,976 - nerf2 - INFO - Median error:2.49
2024-04-17 19:17:24,014 - nerf2 - INFO - Median error:2.82
2024-04-17 19:17:24,052 - nerf2 - INFO - Median error:3.11
2024-04-17 19:17:24,089 - nerf2 - INFO - Median error:2.47
2024-04-17 19:17:24,127 - nerf2 - INFO - Median error:2.71
2024-04-17 19:17:24,165 - nerf2 - INFO - Median error:2.51
2024-04-17 19:17:24,203 - nerf2 - INFO - Median error:2.75
2024-04-17 19:17:24,241 - nerf2 - INFO - Median error:2.60
2024-04-17 19:17:24,279 - nerf2 - INFO - Median error:2.49
2024-04-17 19:17:24,317 - nerf2 - INFO - Median error:2.84
2024-04-17 19:17:24,354 - nerf2 - INFO - Median error:2.75
2024-04-17 19:17:24,392 - nerf2 - INFO - Median error:2.54
2024-04-17 19:17:24,430 - nerf2 - INFO - Median error:2.71
2024-04-17 19:17:24,468 - nerf2 - INFO - Median error:2.18
2024-04-17 19:17:24,506 - nerf2 - INFO - Median error:2.98
2024-04-17 19:17:24,544 - nerf2 - INFO - Median error:2.56
2024-04-17 19:17:24,581 - nerf2 - INFO - Median error:2.59
2024-04-17 19:17:24,619 - nerf2 - INFO - Median error:3.20
2024-04-17 19:17:24,657 - nerf2 - INFO - Median error:2.36
2024-04-17 19:17:24,695 - nerf2 - INFO - Median error:2.72
2024-04-17 19:17:24,733 - nerf2 - INFO - Median error:3.24
2024-04-17 19:17:24,771 - nerf2 - INFO - Median error:3.09
2024-04-17 19:17:24,809 - nerf2 - INFO - Median error:2.60
2024-04-17 19:17:24,847 - nerf2 - INFO - Median error:2.65
2024-04-17 19:17:24,885 - nerf2 - INFO - Median error:2.80
2024-04-17 19:17:24,922 - nerf2 - INFO - Median error:3.24
2024-04-17 19:17:24,960 - nerf2 - INFO - Median error:2.81
2024-04-17 19:17:24,998 - nerf2 - INFO - Median error:2.58
2024-04-17 19:17:25,036 - nerf2 - INFO - Median error:2.61
2024-04-17 19:17:25,074 - nerf2 - INFO - Median error:2.59
2024-04-17 19:17:25,112 - nerf2 - INFO - Median error:2.65
2024-04-17 19:17:25,150 - nerf2 - INFO - Median error:2.53
2024-04-17 19:17:25,188 - nerf2 - INFO - Median error:2.56
2024-04-17 19:17:25,225 - nerf2 - INFO - Median error:3.22
2024-04-17 19:17:25,263 - nerf2 - INFO - Median error:2.79
2024-04-17 19:17:25,301 - nerf2 - INFO - Median error:3.01
2024-04-17 19:17:25,339 - nerf2 - INFO - Median error:2.61
2024-04-17 19:17:25,377 - nerf2 - INFO - Median error:3.25
2024-04-17 19:17:25,415 - nerf2 - INFO - Median error:2.71
2024-04-17 19:17:25,452 - nerf2 - INFO - Median error:2.36
2024-04-17 19:17:25,490 - nerf2 - INFO - Median error:3.06
2024-04-17 19:17:25,528 - nerf2 - INFO - Median error:2.76
2024-04-17 19:17:25,566 - nerf2 - INFO - Median error:2.09
2024-04-17 19:17:25,604 - nerf2 - INFO - Median error:2.45
2024-04-17 19:17:25,642 - nerf2 - INFO - Median error:3.02
2024-04-17 19:17:25,680 - nerf2 - INFO - Median error:3.15
2024-04-17 19:17:25,718 - nerf2 - INFO - Median error:2.89
2024-04-17 19:17:25,755 - nerf2 - INFO - Median error:3.06
2024-04-17 19:17:25,793 - nerf2 - INFO - Median error:2.60
2024-04-17 19:17:25,831 - nerf2 - INFO - Median error:2.96
2024-04-17 19:17:25,869 - nerf2 - INFO - Median error:3.01
2024-04-17 19:17:25,907 - nerf2 - INFO - Median error:2.71
2024-04-17 19:17:25,945 - nerf2 - INFO - Median error:2.43
2024-04-17 19:17:25,983 - nerf2 - INFO - Median error:2.58
2024-04-17 19:17:26,007 - nerf2 - INFO - Median error:2.43
2024-04-17 19:17:26,011 - nerf2 - INFO - Total Median error:2.75
