2024-04-16 23:30:41,058 - nerf2 - INFO - expname:ble-rssi-exp2-v0-595-posz-whole, datadir:data/BLE/, logdir:logs/BLE/
2024-04-16 23:30:41,504 - nerf2 - INFO - Total number of parameters: 690564
2024-04-16 23:30:41,506 - nerf2 - INFO - Found ckpts []
2024-04-16 23:30:41,506 - nerf2 - INFO - Loading training set...
2024-04-16 23:30:41,725 - nerf2 - INFO - Loading test set...
2024-04-16 23:30:43,979 - nerf2 - INFO - Train set size:2100, Test set size:39900
2024-04-16 23:30:43,979 - nerf2 - INFO - Start training. Current Iteration:1
2024-04-17 00:04:23,622 - nerf2 - INFO - expname:ble-rssi-exp2-v0-595-posz-whole, datadir:data/BLE/, logdir:logs/BLE/
2024-04-17 00:04:24,068 - nerf2 - INFO - Total number of parameters: 690564
2024-04-17 00:04:24,070 - nerf2 - INFO - Found ckpts ['logs/BLE/ble-rssi-exp2-v0-595-posz-whole/ckpts/029800.tar', 'logs/BLE/ble-rssi-exp2-v0-595-posz-whole/ckpts/029900.tar', 'logs/BLE/ble-rssi-exp2-v0-595-posz-whole/ckpts/030000.tar']
2024-04-17 00:04:24,070 - nerf2 - INFO - Loading ckpt logs/BLE/ble-rssi-exp2-v0-595-posz-whole/ckpts/030000.tar
2024-04-17 00:04:24,092 - nerf2 - INFO - Loading training set...
2024-04-17 00:04:24,392 - nerf2 - INFO - Loading test set...
2024-04-17 00:04:26,843 - nerf2 - INFO - Train set size:2100, Test set size:39900
2024-04-17 00:04:26,844 - nerf2 - INFO - Start evaluation
2024-04-17 00:04:27,274 - nerf2 - INFO - Median error:3.76
2024-04-17 00:04:27,321 - nerf2 - INFO - Median error:4.40
2024-04-17 00:04:27,355 - nerf2 - INFO - Median error:4.27
2024-04-17 00:04:27,389 - nerf2 - INFO - Median error:7.07
2024-04-17 00:04:27,423 - nerf2 - INFO - Median error:4.42
2024-04-17 00:04:27,457 - nerf2 - INFO - Median error:4.33
2024-04-17 00:04:27,490 - nerf2 - INFO - Median error:5.37
2024-04-17 00:04:27,524 - nerf2 - INFO - Median error:4.52
2024-04-17 00:04:27,558 - nerf2 - INFO - Median error:4.94
2024-04-17 00:04:27,592 - nerf2 - INFO - Median error:4.91
2024-04-17 00:04:27,626 - nerf2 - INFO - Median error:4.70
2024-04-17 00:04:27,660 - nerf2 - INFO - Median error:7.00
2024-04-17 00:04:27,694 - nerf2 - INFO - Median error:5.43
2024-04-17 00:04:27,728 - nerf2 - INFO - Median error:4.51
2024-04-17 00:04:27,762 - nerf2 - INFO - Median error:5.05
2024-04-17 00:04:27,796 - nerf2 - INFO - Median error:5.22
2024-04-17 00:04:27,829 - nerf2 - INFO - Median error:6.28
2024-04-17 00:04:27,863 - nerf2 - INFO - Median error:6.10
2024-04-17 00:04:27,897 - nerf2 - INFO - Median error:4.10
2024-04-17 00:04:27,931 - nerf2 - INFO - Median error:4.86
2024-04-17 00:04:27,965 - nerf2 - INFO - Median error:6.91
2024-04-17 00:04:27,999 - nerf2 - INFO - Median error:6.79
2024-04-17 00:04:28,033 - nerf2 - INFO - Median error:5.02
2024-04-17 00:04:28,067 - nerf2 - INFO - Median error:4.67
2024-04-17 00:04:28,101 - nerf2 - INFO - Median error:5.07
2024-04-17 00:04:28,135 - nerf2 - INFO - Median error:4.04
2024-04-17 00:04:28,168 - nerf2 - INFO - Median error:5.97
2024-04-17 00:04:28,202 - nerf2 - INFO - Median error:4.40
2024-04-17 00:04:28,236 - nerf2 - INFO - Median error:4.46
2024-04-17 00:04:28,270 - nerf2 - INFO - Median error:5.16
2024-04-17 00:04:28,304 - nerf2 - INFO - Median error:5.48
2024-04-17 00:04:28,338 - nerf2 - INFO - Median error:4.47
2024-04-17 00:04:28,372 - nerf2 - INFO - Median error:5.70
2024-04-17 00:04:28,406 - nerf2 - INFO - Median error:6.39
2024-04-17 00:04:28,440 - nerf2 - INFO - Median error:5.40
2024-04-17 00:04:28,474 - nerf2 - INFO - Median error:4.28
2024-04-17 00:04:28,508 - nerf2 - INFO - Median error:3.56
2024-04-17 00:04:28,542 - nerf2 - INFO - Median error:6.40
2024-04-17 00:04:28,575 - nerf2 - INFO - Median error:4.87
2024-04-17 00:04:28,609 - nerf2 - INFO - Median error:6.01
2024-04-17 00:04:28,643 - nerf2 - INFO - Median error:6.43
2024-04-17 00:04:28,677 - nerf2 - INFO - Median error:8.57
2024-04-17 00:04:28,711 - nerf2 - INFO - Median error:4.15
2024-04-17 00:04:28,745 - nerf2 - INFO - Median error:4.63
2024-04-17 00:04:28,779 - nerf2 - INFO - Median error:8.37
2024-04-17 00:04:28,813 - nerf2 - INFO - Median error:6.35
2024-04-17 00:04:28,847 - nerf2 - INFO - Median error:3.83
2024-04-17 00:04:28,881 - nerf2 - INFO - Median error:4.97
2024-04-17 00:04:28,915 - nerf2 - INFO - Median error:5.00
2024-04-17 00:04:28,948 - nerf2 - INFO - Median error:4.83
2024-04-17 00:04:28,982 - nerf2 - INFO - Median error:6.89
2024-04-17 00:04:29,016 - nerf2 - INFO - Median error:4.52
2024-04-17 00:04:29,050 - nerf2 - INFO - Median error:4.66
2024-04-17 00:04:29,084 - nerf2 - INFO - Median error:4.84
2024-04-17 00:04:29,118 - nerf2 - INFO - Median error:5.54
2024-04-17 00:04:29,152 - nerf2 - INFO - Median error:7.10
2024-04-17 00:04:29,186 - nerf2 - INFO - Median error:5.70
2024-04-17 00:04:29,220 - nerf2 - INFO - Median error:5.29
2024-04-17 00:04:29,254 - nerf2 - INFO - Median error:5.06
2024-04-17 00:04:29,288 - nerf2 - INFO - Median error:5.76
2024-04-17 00:04:29,322 - nerf2 - INFO - Median error:6.39
2024-04-17 00:04:29,355 - nerf2 - INFO - Median error:8.12
2024-04-17 00:04:29,389 - nerf2 - INFO - Median error:4.93
2024-04-17 00:04:29,423 - nerf2 - INFO - Median error:5.20
2024-04-17 00:04:29,457 - nerf2 - INFO - Median error:4.73
2024-04-17 00:04:29,491 - nerf2 - INFO - Median error:5.31
2024-04-17 00:04:29,525 - nerf2 - INFO - Median error:6.11
2024-04-17 00:04:29,559 - nerf2 - INFO - Median error:5.01
2024-04-17 00:04:29,593 - nerf2 - INFO - Median error:4.69
2024-04-17 00:04:29,627 - nerf2 - INFO - Median error:4.44
2024-04-17 00:04:29,661 - nerf2 - INFO - Median error:5.30
2024-04-17 00:04:29,695 - nerf2 - INFO - Median error:5.47
2024-04-17 00:04:29,728 - nerf2 - INFO - Median error:7.13
2024-04-17 00:04:29,762 - nerf2 - INFO - Median error:5.09
2024-04-17 00:04:29,796 - nerf2 - INFO - Median error:5.63
2024-04-17 00:04:29,830 - nerf2 - INFO - Median error:4.39
2024-04-17 00:04:29,864 - nerf2 - INFO - Median error:4.79
2024-04-17 00:04:29,898 - nerf2 - INFO - Median error:6.08
2024-04-17 00:04:29,932 - nerf2 - INFO - Median error:5.52
2024-04-17 00:04:29,966 - nerf2 - INFO - Median error:4.37
2024-04-17 00:04:30,000 - nerf2 - INFO - Median error:5.81
2024-04-17 00:04:30,034 - nerf2 - INFO - Median error:3.92
2024-04-17 00:04:30,068 - nerf2 - INFO - Median error:4.89
2024-04-17 00:04:30,102 - nerf2 - INFO - Median error:4.87
2024-04-17 00:04:30,135 - nerf2 - INFO - Median error:4.26
2024-04-17 00:04:30,169 - nerf2 - INFO - Median error:4.33
2024-04-17 00:04:30,203 - nerf2 - INFO - Median error:5.10
2024-04-17 00:04:30,237 - nerf2 - INFO - Median error:4.60
2024-04-17 00:04:30,271 - nerf2 - INFO - Median error:4.48
2024-04-17 00:04:30,305 - nerf2 - INFO - Median error:6.60
2024-04-17 00:04:30,339 - nerf2 - INFO - Median error:4.92
2024-04-17 00:04:30,373 - nerf2 - INFO - Median error:4.09
2024-04-17 00:04:30,407 - nerf2 - INFO - Median error:5.21
2024-04-17 00:04:30,441 - nerf2 - INFO - Median error:7.14
2024-04-17 00:04:30,475 - nerf2 - INFO - Median error:5.03
2024-04-17 00:04:30,509 - nerf2 - INFO - Median error:7.60
2024-04-17 00:04:30,543 - nerf2 - INFO - Median error:5.50
2024-04-17 00:04:30,577 - nerf2 - INFO - Median error:5.04
2024-04-17 00:04:30,610 - nerf2 - INFO - Median error:7.02
2024-04-17 00:04:30,644 - nerf2 - INFO - Median error:6.13
2024-04-17 00:04:30,678 - nerf2 - INFO - Median error:6.11
2024-04-17 00:04:30,712 - nerf2 - INFO - Median error:5.07
2024-04-17 00:04:30,746 - nerf2 - INFO - Median error:4.57
2024-04-17 00:04:30,780 - nerf2 - INFO - Median error:4.90
2024-04-17 00:04:30,814 - nerf2 - INFO - Median error:6.49
2024-04-17 00:04:30,848 - nerf2 - INFO - Median error:4.39
2024-04-17 00:04:30,882 - nerf2 - INFO - Median error:4.96
2024-04-17 00:04:30,916 - nerf2 - INFO - Median error:5.68
2024-04-17 00:04:30,949 - nerf2 - INFO - Median error:3.94
2024-04-17 00:04:30,983 - nerf2 - INFO - Median error:6.82
2024-04-17 00:04:31,017 - nerf2 - INFO - Median error:5.80
2024-04-17 00:04:31,051 - nerf2 - INFO - Median error:4.48
2024-04-17 00:04:31,085 - nerf2 - INFO - Median error:7.44
2024-04-17 00:04:31,119 - nerf2 - INFO - Median error:4.55
2024-04-17 00:04:31,153 - nerf2 - INFO - Median error:6.00
2024-04-17 00:04:31,187 - nerf2 - INFO - Median error:5.05
2024-04-17 00:04:31,221 - nerf2 - INFO - Median error:5.47
2024-04-17 00:04:31,255 - nerf2 - INFO - Median error:6.47
2024-04-17 00:04:31,289 - nerf2 - INFO - Median error:4.47
2024-04-17 00:04:31,322 - nerf2 - INFO - Median error:4.24
2024-04-17 00:04:31,356 - nerf2 - INFO - Median error:4.62
2024-04-17 00:04:31,390 - nerf2 - INFO - Median error:4.75
2024-04-17 00:04:31,424 - nerf2 - INFO - Median error:4.29
2024-04-17 00:04:31,458 - nerf2 - INFO - Median error:3.71
2024-04-17 00:04:31,492 - nerf2 - INFO - Median error:7.07
2024-04-17 00:04:31,526 - nerf2 - INFO - Median error:4.39
2024-04-17 00:04:31,560 - nerf2 - INFO - Median error:5.30
2024-04-17 00:04:31,594 - nerf2 - INFO - Median error:5.39
2024-04-17 00:04:31,628 - nerf2 - INFO - Median error:5.16
2024-04-17 00:04:31,662 - nerf2 - INFO - Median error:3.74
2024-04-17 00:04:31,696 - nerf2 - INFO - Median error:4.71
2024-04-17 00:04:31,730 - nerf2 - INFO - Median error:7.62
2024-04-17 00:04:31,764 - nerf2 - INFO - Median error:6.15
2024-04-17 00:04:31,797 - nerf2 - INFO - Median error:4.88
2024-04-17 00:04:31,831 - nerf2 - INFO - Median error:6.49
2024-04-17 00:04:31,865 - nerf2 - INFO - Median error:7.62
2024-04-17 00:04:31,899 - nerf2 - INFO - Median error:4.62
2024-04-17 00:04:31,933 - nerf2 - INFO - Median error:4.83
2024-04-17 00:04:31,967 - nerf2 - INFO - Median error:6.07
2024-04-17 00:04:32,001 - nerf2 - INFO - Median error:5.55
2024-04-17 00:04:32,035 - nerf2 - INFO - Median error:5.26
2024-04-17 00:04:32,069 - nerf2 - INFO - Median error:3.48
2024-04-17 00:04:32,103 - nerf2 - INFO - Median error:4.68
2024-04-17 00:04:32,137 - nerf2 - INFO - Median error:4.90
2024-04-17 00:04:32,171 - nerf2 - INFO - Median error:5.41
2024-04-17 00:04:32,204 - nerf2 - INFO - Median error:6.13
2024-04-17 00:04:32,238 - nerf2 - INFO - Median error:5.44
2024-04-17 00:04:32,272 - nerf2 - INFO - Median error:6.62
2024-04-17 00:04:32,306 - nerf2 - INFO - Median error:3.93
2024-04-17 00:04:32,340 - nerf2 - INFO - Median error:4.95
2024-04-17 00:04:32,374 - nerf2 - INFO - Median error:5.62
2024-04-17 00:04:32,408 - nerf2 - INFO - Median error:5.40
2024-04-17 00:04:32,442 - nerf2 - INFO - Median error:7.38
2024-04-17 00:04:32,476 - nerf2 - INFO - Median error:4.11
2024-04-17 00:04:32,510 - nerf2 - INFO - Median error:5.45
2024-04-17 00:04:32,544 - nerf2 - INFO - Median error:4.22
2024-04-17 00:04:32,578 - nerf2 - INFO - Median error:5.25
2024-04-17 00:04:32,612 - nerf2 - INFO - Median error:4.69
2024-04-17 00:04:32,645 - nerf2 - INFO - Median error:5.91
2024-04-17 00:04:32,679 - nerf2 - INFO - Median error:4.65
2024-04-17 00:04:32,713 - nerf2 - INFO - Median error:6.31
2024-04-17 00:04:32,747 - nerf2 - INFO - Median error:4.01
2024-04-17 00:04:32,781 - nerf2 - INFO - Median error:4.87
2024-04-17 00:04:32,815 - nerf2 - INFO - Median error:4.68
2024-04-17 00:04:32,849 - nerf2 - INFO - Median error:4.13
2024-04-17 00:04:32,883 - nerf2 - INFO - Median error:5.70
2024-04-17 00:04:32,917 - nerf2 - INFO - Median error:6.01
2024-04-17 00:04:32,951 - nerf2 - INFO - Median error:6.49
2024-04-17 00:04:32,985 - nerf2 - INFO - Median error:5.84
2024-04-17 00:04:33,019 - nerf2 - INFO - Median error:4.83
2024-04-17 00:04:33,052 - nerf2 - INFO - Median error:3.44
2024-04-17 00:04:33,086 - nerf2 - INFO - Median error:5.71
2024-04-17 00:04:33,120 - nerf2 - INFO - Median error:6.31
2024-04-17 00:04:33,154 - nerf2 - INFO - Median error:4.36
2024-04-17 00:04:33,188 - nerf2 - INFO - Median error:6.76
2024-04-17 00:04:33,222 - nerf2 - INFO - Median error:5.40
2024-04-17 00:04:33,256 - nerf2 - INFO - Median error:5.21
2024-04-17 00:04:33,290 - nerf2 - INFO - Median error:4.88
2024-04-17 00:04:33,324 - nerf2 - INFO - Median error:6.74
2024-04-17 00:04:33,358 - nerf2 - INFO - Median error:4.20
2024-04-17 00:04:33,392 - nerf2 - INFO - Median error:5.71
2024-04-17 00:04:33,426 - nerf2 - INFO - Median error:4.13
2024-04-17 00:04:33,460 - nerf2 - INFO - Median error:6.31
2024-04-17 00:04:33,494 - nerf2 - INFO - Median error:5.50
2024-04-17 00:04:33,527 - nerf2 - INFO - Median error:4.75
2024-04-17 00:04:33,561 - nerf2 - INFO - Median error:4.41
2024-04-17 00:04:33,595 - nerf2 - INFO - Median error:3.26
2024-04-17 00:04:33,629 - nerf2 - INFO - Median error:5.57
2024-04-17 00:04:33,663 - nerf2 - INFO - Median error:5.70
2024-04-17 00:04:33,697 - nerf2 - INFO - Median error:3.33
2024-04-17 00:04:33,731 - nerf2 - INFO - Median error:7.18
2024-04-17 00:04:33,765 - nerf2 - INFO - Median error:5.29
2024-04-17 00:04:33,799 - nerf2 - INFO - Median error:4.56
2024-04-17 00:04:33,833 - nerf2 - INFO - Median error:5.06
2024-04-17 00:04:33,866 - nerf2 - INFO - Median error:5.15
2024-04-17 00:04:33,900 - nerf2 - INFO - Median error:4.51
2024-04-17 00:04:33,934 - nerf2 - INFO - Median error:5.84
2024-04-17 00:04:33,968 - nerf2 - INFO - Median error:5.37
2024-04-17 00:04:34,002 - nerf2 - INFO - Median error:5.94
2024-04-17 00:04:34,036 - nerf2 - INFO - Median error:5.42
2024-04-17 00:04:34,070 - nerf2 - INFO - Median error:5.06
2024-04-17 00:04:34,104 - nerf2 - INFO - Median error:5.72
2024-04-17 00:04:34,138 - nerf2 - INFO - Median error:4.21
2024-04-17 00:04:34,172 - nerf2 - INFO - Median error:5.08
2024-04-17 00:04:34,206 - nerf2 - INFO - Median error:5.20
2024-04-17 00:04:34,240 - nerf2 - INFO - Median error:5.61
2024-04-17 00:04:34,274 - nerf2 - INFO - Median error:4.34
2024-04-17 00:04:34,307 - nerf2 - INFO - Median error:4.52
2024-04-17 00:04:34,341 - nerf2 - INFO - Median error:5.19
2024-04-17 00:04:34,375 - nerf2 - INFO - Median error:6.10
2024-04-17 00:04:34,409 - nerf2 - INFO - Median error:5.09
2024-04-17 00:04:34,443 - nerf2 - INFO - Median error:3.89
2024-04-17 00:04:34,477 - nerf2 - INFO - Median error:6.38
2024-04-17 00:04:34,511 - nerf2 - INFO - Median error:5.46
2024-04-17 00:04:34,545 - nerf2 - INFO - Median error:4.69
2024-04-17 00:04:34,579 - nerf2 - INFO - Median error:6.13
2024-04-17 00:04:34,613 - nerf2 - INFO - Median error:6.20
2024-04-17 00:04:34,647 - nerf2 - INFO - Median error:4.68
2024-04-17 00:04:34,681 - nerf2 - INFO - Median error:5.24
2024-04-17 00:04:34,715 - nerf2 - INFO - Median error:4.54
2024-04-17 00:04:34,749 - nerf2 - INFO - Median error:3.99
2024-04-17 00:04:34,782 - nerf2 - INFO - Median error:5.53
2024-04-17 00:04:34,816 - nerf2 - INFO - Median error:6.14
2024-04-17 00:04:34,850 - nerf2 - INFO - Median error:4.76
2024-04-17 00:04:34,884 - nerf2 - INFO - Median error:4.69
2024-04-17 00:04:34,918 - nerf2 - INFO - Median error:3.87
2024-04-17 00:04:34,952 - nerf2 - INFO - Median error:4.94
2024-04-17 00:04:34,986 - nerf2 - INFO - Median error:4.21
2024-04-17 00:04:35,020 - nerf2 - INFO - Median error:7.38
2024-04-17 00:04:35,054 - nerf2 - INFO - Median error:4.18
2024-04-17 00:04:35,088 - nerf2 - INFO - Median error:4.19
2024-04-17 00:04:35,122 - nerf2 - INFO - Median error:5.02
2024-04-17 00:04:35,155 - nerf2 - INFO - Median error:5.96
2024-04-17 00:04:35,189 - nerf2 - INFO - Median error:7.44
2024-04-17 00:04:35,223 - nerf2 - INFO - Median error:4.56
2024-04-17 00:04:35,257 - nerf2 - INFO - Median error:7.00
2024-04-17 00:04:35,291 - nerf2 - INFO - Median error:6.29
2024-04-17 00:04:35,325 - nerf2 - INFO - Median error:6.73
2024-04-17 00:04:35,359 - nerf2 - INFO - Median error:4.62
2024-04-17 00:04:35,393 - nerf2 - INFO - Median error:5.75
2024-04-17 00:04:35,427 - nerf2 - INFO - Median error:4.13
2024-04-17 00:04:35,461 - nerf2 - INFO - Median error:4.76
2024-04-17 00:04:35,494 - nerf2 - INFO - Median error:5.42
2024-04-17 00:04:35,528 - nerf2 - INFO - Median error:3.96
2024-04-17 00:04:35,562 - nerf2 - INFO - Median error:5.12
2024-04-17 00:04:35,597 - nerf2 - INFO - Median error:4.27
2024-04-17 00:04:35,630 - nerf2 - INFO - Median error:4.88
2024-04-17 00:04:35,664 - nerf2 - INFO - Median error:5.48
2024-04-17 00:04:35,698 - nerf2 - INFO - Median error:5.97
2024-04-17 00:04:35,732 - nerf2 - INFO - Median error:5.04
2024-04-17 00:04:35,766 - nerf2 - INFO - Median error:6.17
2024-04-17 00:04:35,800 - nerf2 - INFO - Median error:5.43
2024-04-17 00:04:35,834 - nerf2 - INFO - Median error:4.65
2024-04-17 00:04:35,868 - nerf2 - INFO - Median error:5.55
2024-04-17 00:04:35,902 - nerf2 - INFO - Median error:6.78
2024-04-17 00:04:35,936 - nerf2 - INFO - Median error:4.64
2024-04-17 00:04:35,970 - nerf2 - INFO - Median error:6.47
2024-04-17 00:04:36,004 - nerf2 - INFO - Median error:4.26
2024-04-17 00:04:36,037 - nerf2 - INFO - Median error:4.84
2024-04-17 00:04:36,071 - nerf2 - INFO - Median error:6.94
2024-04-17 00:04:36,105 - nerf2 - INFO - Median error:4.43
2024-04-17 00:04:36,139 - nerf2 - INFO - Median error:6.48
2024-04-17 00:04:36,173 - nerf2 - INFO - Median error:6.03
2024-04-17 00:04:36,207 - nerf2 - INFO - Median error:4.72
2024-04-17 00:04:36,241 - nerf2 - INFO - Median error:4.86
2024-04-17 00:04:36,275 - nerf2 - INFO - Median error:6.05
2024-04-17 00:04:36,309 - nerf2 - INFO - Median error:4.45
2024-04-17 00:04:36,343 - nerf2 - INFO - Median error:6.02
2024-04-17 00:04:36,377 - nerf2 - INFO - Median error:5.33
2024-04-17 00:04:36,411 - nerf2 - INFO - Median error:3.74
2024-04-17 00:04:36,444 - nerf2 - INFO - Median error:3.59
2024-04-17 00:04:36,478 - nerf2 - INFO - Median error:5.44
2024-04-17 00:04:36,512 - nerf2 - INFO - Median error:5.52
2024-04-17 00:04:36,546 - nerf2 - INFO - Median error:7.62
2024-04-17 00:04:36,580 - nerf2 - INFO - Median error:5.82
2024-04-17 00:04:36,614 - nerf2 - INFO - Median error:6.93
2024-04-17 00:04:36,648 - nerf2 - INFO - Median error:4.61
2024-04-17 00:04:36,682 - nerf2 - INFO - Median error:4.68
2024-04-17 00:04:36,716 - nerf2 - INFO - Median error:3.55
2024-04-17 00:04:36,750 - nerf2 - INFO - Median error:5.12
2024-04-17 00:04:36,784 - nerf2 - INFO - Median error:4.05
2024-04-17 00:04:36,818 - nerf2 - INFO - Median error:4.10
2024-04-17 00:04:36,852 - nerf2 - INFO - Median error:6.03
2024-04-17 00:04:36,886 - nerf2 - INFO - Median error:3.85
2024-04-17 00:04:36,919 - nerf2 - INFO - Median error:5.18
2024-04-17 00:04:36,953 - nerf2 - INFO - Median error:5.19
2024-04-17 00:04:36,987 - nerf2 - INFO - Median error:3.81
2024-04-17 00:04:37,021 - nerf2 - INFO - Median error:6.54
2024-04-17 00:04:37,055 - nerf2 - INFO - Median error:5.04
2024-04-17 00:04:37,089 - nerf2 - INFO - Median error:6.19
2024-04-17 00:04:37,123 - nerf2 - INFO - Median error:4.64
2024-04-17 00:04:37,157 - nerf2 - INFO - Median error:4.06
2024-04-17 00:04:37,191 - nerf2 - INFO - Median error:4.69
2024-04-17 00:04:37,225 - nerf2 - INFO - Median error:7.31
2024-04-17 00:04:37,259 - nerf2 - INFO - Median error:5.55
2024-04-17 00:04:37,293 - nerf2 - INFO - Median error:7.17
2024-04-17 00:04:37,327 - nerf2 - INFO - Median error:6.21
2024-04-17 00:04:37,360 - nerf2 - INFO - Median error:5.73
2024-04-17 00:04:37,394 - nerf2 - INFO - Median error:5.85
2024-04-17 00:04:37,428 - nerf2 - INFO - Median error:5.18
2024-04-17 00:04:37,462 - nerf2 - INFO - Median error:4.44
2024-04-17 00:04:37,496 - nerf2 - INFO - Median error:5.77
2024-04-17 00:04:37,530 - nerf2 - INFO - Median error:4.99
2024-04-17 00:04:37,564 - nerf2 - INFO - Median error:5.28
2024-04-17 00:04:37,598 - nerf2 - INFO - Median error:5.25
2024-04-17 00:04:37,650 - nerf2 - INFO - Median error:4.64
2024-04-17 00:04:37,690 - nerf2 - INFO - Median error:4.77
2024-04-17 00:04:37,724 - nerf2 - INFO - Median error:4.96
2024-04-17 00:04:37,758 - nerf2 - INFO - Median error:5.99
2024-04-17 00:04:37,792 - nerf2 - INFO - Median error:5.91
2024-04-17 00:04:37,826 - nerf2 - INFO - Median error:6.83
2024-04-17 00:04:37,851 - nerf2 - INFO - Median error:4.79
2024-04-17 00:04:37,860 - nerf2 - INFO - Total Median error:5.24
