2024-04-17 17:17:51,237 - nerf2 - INFO - expname:ble-rssi-exp2-v1-595-posz-half, datadir:data/BLE/, logdir:logs/BLE/
2024-04-17 17:17:51,911 - nerf2 - INFO - Total number of parameters: 690564
2024-04-17 17:17:51,913 - nerf2 - INFO - Found ckpts []
2024-04-17 17:17:51,913 - nerf2 - INFO - Loading training set...
2024-04-17 17:17:52,194 - nerf2 - INFO - Loading test set...
2024-04-17 17:17:55,912 - nerf2 - INFO - Train set size:2100, Test set size:39900
2024-04-17 17:17:55,913 - nerf2 - INFO - Start training. Current Iteration:1
2024-04-17 17:56:03,687 - nerf2 - INFO - expname:ble-rssi-exp2-v1-595-posz-half, datadir:data/BLE/, logdir:logs/BLE/
2024-04-17 17:56:04,349 - nerf2 - INFO - Total number of parameters: 690564
2024-04-17 17:56:04,350 - nerf2 - INFO - Found ckpts ['logs/BLE/ble-rssi-exp2-v1-595-posz-half/ckpts/029800.tar', 'logs/BLE/ble-rssi-exp2-v1-595-posz-half/ckpts/029900.tar', 'logs/BLE/ble-rssi-exp2-v1-595-posz-half/ckpts/030000.tar']
2024-04-17 17:56:04,350 - nerf2 - INFO - Loading ckpt logs/BLE/ble-rssi-exp2-v1-595-posz-half/ckpts/030000.tar
2024-04-17 17:56:04,380 - nerf2 - INFO - Loading training set...
2024-04-17 17:56:04,670 - nerf2 - INFO - Loading test set...
2024-04-17 17:56:08,349 - nerf2 - INFO - Train set size:2100, Test set size:39900
2024-04-17 17:56:08,349 - nerf2 - INFO - Start evaluation
2024-04-17 17:56:08,698 - nerf2 - INFO - Median error:3.33
2024-04-17 17:56:08,740 - nerf2 - INFO - Median error:3.84
2024-04-17 17:56:08,781 - nerf2 - INFO - Median error:5.03
2024-04-17 17:56:08,822 - nerf2 - INFO - Median error:4.75
2024-04-17 17:56:08,862 - nerf2 - INFO - Median error:4.13
2024-04-17 17:56:08,911 - nerf2 - INFO - Median error:4.95
2024-04-17 17:56:08,965 - nerf2 - INFO - Median error:4.24
2024-04-17 17:56:09,005 - nerf2 - INFO - Median error:4.27
2024-04-17 17:56:09,043 - nerf2 - INFO - Median error:4.79
2024-04-17 17:56:09,091 - nerf2 - INFO - Median error:4.38
2024-04-17 17:56:09,129 - nerf2 - INFO - Median error:4.15
2024-04-17 17:56:09,167 - nerf2 - INFO - Median error:5.82
2024-04-17 17:56:09,205 - nerf2 - INFO - Median error:4.17
2024-04-17 17:56:09,243 - nerf2 - INFO - Median error:3.14
2024-04-17 17:56:09,289 - nerf2 - INFO - Median error:5.37
2024-04-17 17:56:09,343 - nerf2 - INFO - Median error:4.88
2024-04-17 17:56:09,383 - nerf2 - INFO - Median error:5.80
2024-04-17 17:56:09,420 - nerf2 - INFO - Median error:4.51
2024-04-17 17:56:09,458 - nerf2 - INFO - Median error:4.02
2024-04-17 17:56:09,496 - nerf2 - INFO - Median error:4.83
2024-04-17 17:56:09,534 - nerf2 - INFO - Median error:8.27
2024-04-17 17:56:09,572 - nerf2 - INFO - Median error:6.46
2024-04-17 17:56:09,610 - nerf2 - INFO - Median error:3.68
2024-04-17 17:56:09,648 - nerf2 - INFO - Median error:4.16
2024-04-17 17:56:09,686 - nerf2 - INFO - Median error:4.42
2024-04-17 17:56:09,724 - nerf2 - INFO - Median error:4.12
2024-04-17 17:56:09,762 - nerf2 - INFO - Median error:4.59
2024-04-17 17:56:09,800 - nerf2 - INFO - Median error:3.70
2024-04-17 17:56:09,838 - nerf2 - INFO - Median error:4.50
2024-04-17 17:56:09,875 - nerf2 - INFO - Median error:4.55
2024-04-17 17:56:09,913 - nerf2 - INFO - Median error:4.69
2024-04-17 17:56:09,951 - nerf2 - INFO - Median error:4.48
2024-04-17 17:56:09,989 - nerf2 - INFO - Median error:3.97
2024-04-17 17:56:10,027 - nerf2 - INFO - Median error:5.25
2024-04-17 17:56:10,065 - nerf2 - INFO - Median error:3.92
2024-04-17 17:56:10,103 - nerf2 - INFO - Median error:4.41
2024-04-17 17:56:10,140 - nerf2 - INFO - Median error:3.97
2024-04-17 17:56:10,178 - nerf2 - INFO - Median error:5.59
2024-04-17 17:56:10,216 - nerf2 - INFO - Median error:3.55
2024-04-17 17:56:10,254 - nerf2 - INFO - Median error:6.27
2024-04-17 17:56:10,292 - nerf2 - INFO - Median error:4.68
2024-04-17 17:56:10,330 - nerf2 - INFO - Median error:5.78
2024-04-17 17:56:10,367 - nerf2 - INFO - Median error:4.39
2024-04-17 17:56:10,405 - nerf2 - INFO - Median error:4.51
2024-04-17 17:56:10,459 - nerf2 - INFO - Median error:5.68
2024-04-17 17:56:10,510 - nerf2 - INFO - Median error:5.12
2024-04-17 17:56:10,548 - nerf2 - INFO - Median error:3.72
2024-04-17 17:56:10,586 - nerf2 - INFO - Median error:4.50
2024-04-17 17:56:10,624 - nerf2 - INFO - Median error:4.36
2024-04-17 17:56:10,662 - nerf2 - INFO - Median error:5.71
2024-04-17 17:56:10,700 - nerf2 - INFO - Median error:5.29
2024-04-17 17:56:10,738 - nerf2 - INFO - Median error:3.81
2024-04-17 17:56:10,776 - nerf2 - INFO - Median error:5.72
2024-04-17 17:56:10,814 - nerf2 - INFO - Median error:4.25
2024-04-17 17:56:10,851 - nerf2 - INFO - Median error:4.29
2024-04-17 17:56:10,889 - nerf2 - INFO - Median error:5.28
2024-04-17 17:56:10,927 - nerf2 - INFO - Median error:5.50
2024-04-17 17:56:10,965 - nerf2 - INFO - Median error:4.08
2024-04-17 17:56:11,003 - nerf2 - INFO - Median error:4.09
2024-04-17 17:56:11,041 - nerf2 - INFO - Median error:4.04
2024-04-17 17:56:11,079 - nerf2 - INFO - Median error:4.86
2024-04-17 17:56:11,116 - nerf2 - INFO - Median error:6.04
2024-04-17 17:56:11,154 - nerf2 - INFO - Median error:4.51
2024-04-17 17:56:11,192 - nerf2 - INFO - Median error:3.83
2024-04-17 17:56:11,230 - nerf2 - INFO - Median error:4.09
2024-04-17 17:56:11,268 - nerf2 - INFO - Median error:4.96
2024-04-17 17:56:11,306 - nerf2 - INFO - Median error:6.02
2024-04-17 17:56:11,344 - nerf2 - INFO - Median error:3.76
2024-04-17 17:56:11,382 - nerf2 - INFO - Median error:4.71
2024-04-17 17:56:11,419 - nerf2 - INFO - Median error:4.23
2024-04-17 17:56:11,457 - nerf2 - INFO - Median error:6.06
2024-04-17 17:56:11,495 - nerf2 - INFO - Median error:4.36
2024-04-17 17:56:11,533 - nerf2 - INFO - Median error:6.09
2024-04-17 17:56:11,571 - nerf2 - INFO - Median error:5.03
2024-04-17 17:56:11,609 - nerf2 - INFO - Median error:5.73
2024-04-17 17:56:11,647 - nerf2 - INFO - Median error:3.38
2024-04-17 17:56:11,685 - nerf2 - INFO - Median error:4.16
2024-04-17 17:56:11,722 - nerf2 - INFO - Median error:5.71
2024-04-17 17:56:11,760 - nerf2 - INFO - Median error:5.23
2024-04-17 17:56:11,798 - nerf2 - INFO - Median error:3.98
2024-04-17 17:56:11,836 - nerf2 - INFO - Median error:4.79
2024-04-17 17:56:11,874 - nerf2 - INFO - Median error:3.20
2024-04-17 17:56:11,912 - nerf2 - INFO - Median error:5.00
2024-04-17 17:56:11,949 - nerf2 - INFO - Median error:4.84
2024-04-17 17:56:11,987 - nerf2 - INFO - Median error:4.33
2024-04-17 17:56:12,025 - nerf2 - INFO - Median error:4.76
2024-04-17 17:56:12,063 - nerf2 - INFO - Median error:5.36
2024-04-17 17:56:12,101 - nerf2 - INFO - Median error:3.58
2024-04-17 17:56:12,139 - nerf2 - INFO - Median error:5.06
2024-04-17 17:56:12,177 - nerf2 - INFO - Median error:6.36
2024-04-17 17:56:12,214 - nerf2 - INFO - Median error:4.31
2024-04-17 17:56:12,252 - nerf2 - INFO - Median error:4.39
2024-04-17 17:56:12,290 - nerf2 - INFO - Median error:5.47
2024-04-17 17:56:12,328 - nerf2 - INFO - Median error:5.32
2024-04-17 17:56:12,366 - nerf2 - INFO - Median error:4.27
2024-04-17 17:56:12,404 - nerf2 - INFO - Median error:5.65
2024-04-17 17:56:12,441 - nerf2 - INFO - Median error:5.56
2024-04-17 17:56:12,479 - nerf2 - INFO - Median error:4.93
2024-04-17 17:56:12,517 - nerf2 - INFO - Median error:6.33
2024-04-17 17:56:12,555 - nerf2 - INFO - Median error:4.15
2024-04-17 17:56:12,593 - nerf2 - INFO - Median error:4.82
2024-04-17 17:56:12,631 - nerf2 - INFO - Median error:4.43
2024-04-17 17:56:12,674 - nerf2 - INFO - Median error:4.66
2024-04-17 17:56:12,712 - nerf2 - INFO - Median error:5.48
2024-04-17 17:56:12,750 - nerf2 - INFO - Median error:4.84
2024-04-17 17:56:12,788 - nerf2 - INFO - Median error:3.64
2024-04-17 17:56:12,826 - nerf2 - INFO - Median error:5.37
2024-04-17 17:56:12,863 - nerf2 - INFO - Median error:5.52
2024-04-17 17:56:12,901 - nerf2 - INFO - Median error:4.28
2024-04-17 17:56:12,939 - nerf2 - INFO - Median error:4.75
2024-04-17 17:56:12,977 - nerf2 - INFO - Median error:4.83
2024-04-17 17:56:13,015 - nerf2 - INFO - Median error:4.41
2024-04-17 17:56:13,053 - nerf2 - INFO - Median error:5.11
2024-04-17 17:56:13,091 - nerf2 - INFO - Median error:4.04
2024-04-17 17:56:13,129 - nerf2 - INFO - Median error:5.20
2024-04-17 17:56:13,166 - nerf2 - INFO - Median error:5.40
2024-04-17 17:56:13,204 - nerf2 - INFO - Median error:3.89
2024-04-17 17:56:13,242 - nerf2 - INFO - Median error:5.96
2024-04-17 17:56:13,280 - nerf2 - INFO - Median error:4.87
2024-04-17 17:56:13,318 - nerf2 - INFO - Median error:3.95
2024-04-17 17:56:13,356 - nerf2 - INFO - Median error:4.61
2024-04-17 17:56:13,394 - nerf2 - INFO - Median error:4.37
2024-04-17 17:56:13,432 - nerf2 - INFO - Median error:3.81
2024-04-17 17:56:13,469 - nerf2 - INFO - Median error:3.75
2024-04-17 17:56:13,507 - nerf2 - INFO - Median error:5.30
2024-04-17 17:56:13,545 - nerf2 - INFO - Median error:4.53
2024-04-17 17:56:13,583 - nerf2 - INFO - Median error:5.42
2024-04-17 17:56:13,621 - nerf2 - INFO - Median error:4.63
2024-04-17 17:56:13,659 - nerf2 - INFO - Median error:4.09
2024-04-17 17:56:13,697 - nerf2 - INFO - Median error:4.11
2024-04-17 17:56:13,735 - nerf2 - INFO - Median error:4.82
2024-04-17 17:56:13,773 - nerf2 - INFO - Median error:5.71
2024-04-17 17:56:13,811 - nerf2 - INFO - Median error:5.29
2024-04-17 17:56:13,848 - nerf2 - INFO - Median error:4.05
2024-04-17 17:56:13,886 - nerf2 - INFO - Median error:5.02
2024-04-17 17:56:13,924 - nerf2 - INFO - Median error:7.64
2024-04-17 17:56:13,962 - nerf2 - INFO - Median error:4.03
2024-04-17 17:56:14,000 - nerf2 - INFO - Median error:4.89
2024-04-17 17:56:14,038 - nerf2 - INFO - Median error:4.34
2024-04-17 17:56:14,075 - nerf2 - INFO - Median error:4.74
2024-04-17 17:56:14,113 - nerf2 - INFO - Median error:7.07
2024-04-17 17:56:14,151 - nerf2 - INFO - Median error:4.04
2024-04-17 17:56:14,189 - nerf2 - INFO - Median error:3.52
2024-04-17 17:56:14,227 - nerf2 - INFO - Median error:4.00
2024-04-17 17:56:14,265 - nerf2 - INFO - Median error:4.45
2024-04-17 17:56:14,302 - nerf2 - INFO - Median error:5.91
2024-04-17 17:56:14,340 - nerf2 - INFO - Median error:5.01
2024-04-17 17:56:14,378 - nerf2 - INFO - Median error:4.24
2024-04-17 17:56:14,416 - nerf2 - INFO - Median error:3.44
2024-04-17 17:56:14,454 - nerf2 - INFO - Median error:4.46
2024-04-17 17:56:14,492 - nerf2 - INFO - Median error:3.70
2024-04-17 17:56:14,529 - nerf2 - INFO - Median error:5.10
2024-04-17 17:56:14,567 - nerf2 - INFO - Median error:5.26
2024-04-17 17:56:14,605 - nerf2 - INFO - Median error:4.33
2024-04-17 17:56:14,643 - nerf2 - INFO - Median error:6.01
2024-04-17 17:56:14,681 - nerf2 - INFO - Median error:3.10
2024-04-17 17:56:14,719 - nerf2 - INFO - Median error:4.71
2024-04-17 17:56:14,757 - nerf2 - INFO - Median error:4.58
2024-04-17 17:56:14,795 - nerf2 - INFO - Median error:4.37
2024-04-17 17:56:14,833 - nerf2 - INFO - Median error:4.71
2024-04-17 17:56:14,870 - nerf2 - INFO - Median error:5.16
2024-04-17 17:56:14,908 - nerf2 - INFO - Median error:4.27
2024-04-17 17:56:14,946 - nerf2 - INFO - Median error:3.95
2024-04-17 17:56:14,984 - nerf2 - INFO - Median error:5.76
2024-04-17 17:56:15,022 - nerf2 - INFO - Median error:5.85
2024-04-17 17:56:15,060 - nerf2 - INFO - Median error:5.33
2024-04-17 17:56:15,098 - nerf2 - INFO - Median error:5.13
2024-04-17 17:56:15,136 - nerf2 - INFO - Median error:6.70
2024-04-17 17:56:15,174 - nerf2 - INFO - Median error:6.23
2024-04-17 17:56:15,211 - nerf2 - INFO - Median error:4.11
2024-04-17 17:56:15,249 - nerf2 - INFO - Median error:3.94
2024-04-17 17:56:15,287 - nerf2 - INFO - Median error:4.67
2024-04-17 17:56:15,325 - nerf2 - INFO - Median error:5.21
2024-04-17 17:56:15,363 - nerf2 - INFO - Median error:5.43
2024-04-17 17:56:15,401 - nerf2 - INFO - Median error:5.58
2024-04-17 17:56:15,438 - nerf2 - INFO - Median error:5.27
2024-04-17 17:56:15,476 - nerf2 - INFO - Median error:4.94
2024-04-17 17:56:15,514 - nerf2 - INFO - Median error:4.98
2024-04-17 17:56:15,553 - nerf2 - INFO - Median error:7.18
2024-04-17 17:56:15,591 - nerf2 - INFO - Median error:3.72
2024-04-17 17:56:15,628 - nerf2 - INFO - Median error:4.65
2024-04-17 17:56:15,666 - nerf2 - INFO - Median error:3.56
2024-04-17 17:56:15,704 - nerf2 - INFO - Median error:4.96
2024-04-17 17:56:15,742 - nerf2 - INFO - Median error:6.18
2024-04-17 17:56:15,780 - nerf2 - INFO - Median error:4.49
2024-04-17 17:56:15,818 - nerf2 - INFO - Median error:3.90
2024-04-17 17:56:15,856 - nerf2 - INFO - Median error:2.88
2024-04-17 17:56:15,894 - nerf2 - INFO - Median error:5.02
2024-04-17 17:56:15,931 - nerf2 - INFO - Median error:5.49
2024-04-17 17:56:15,969 - nerf2 - INFO - Median error:4.05
2024-04-17 17:56:16,007 - nerf2 - INFO - Median error:5.56
2024-04-17 17:56:16,045 - nerf2 - INFO - Median error:4.37
2024-04-17 17:56:16,083 - nerf2 - INFO - Median error:4.07
2024-04-17 17:56:16,121 - nerf2 - INFO - Median error:4.84
2024-04-17 17:56:16,159 - nerf2 - INFO - Median error:4.40
2024-04-17 17:56:16,197 - nerf2 - INFO - Median error:4.73
2024-04-17 17:56:16,235 - nerf2 - INFO - Median error:6.32
2024-04-17 17:56:16,273 - nerf2 - INFO - Median error:4.54
2024-04-17 17:56:16,310 - nerf2 - INFO - Median error:4.01
2024-04-17 17:56:16,348 - nerf2 - INFO - Median error:4.29
2024-04-17 17:56:16,386 - nerf2 - INFO - Median error:4.93
2024-04-17 17:56:16,424 - nerf2 - INFO - Median error:4.92
2024-04-17 17:56:16,462 - nerf2 - INFO - Median error:5.08
2024-04-17 17:56:16,500 - nerf2 - INFO - Median error:4.82
2024-04-17 17:56:16,538 - nerf2 - INFO - Median error:4.16
2024-04-17 17:56:16,575 - nerf2 - INFO - Median error:6.38
2024-04-17 17:56:16,613 - nerf2 - INFO - Median error:3.18
2024-04-17 17:56:16,651 - nerf2 - INFO - Median error:5.38
2024-04-17 17:56:16,689 - nerf2 - INFO - Median error:4.47
2024-04-17 17:56:16,727 - nerf2 - INFO - Median error:4.27
2024-04-17 17:56:16,765 - nerf2 - INFO - Median error:4.25
2024-04-17 17:56:16,803 - nerf2 - INFO - Median error:3.95
2024-04-17 17:56:16,840 - nerf2 - INFO - Median error:5.56
2024-04-17 17:56:16,878 - nerf2 - INFO - Median error:5.06
2024-04-17 17:56:16,916 - nerf2 - INFO - Median error:4.04
2024-04-17 17:56:16,954 - nerf2 - INFO - Median error:5.47
2024-04-17 17:56:16,992 - nerf2 - INFO - Median error:5.48
2024-04-17 17:56:17,030 - nerf2 - INFO - Median error:4.77
2024-04-17 17:56:17,068 - nerf2 - INFO - Median error:5.51
2024-04-17 17:56:17,106 - nerf2 - INFO - Median error:3.51
2024-04-17 17:56:17,143 - nerf2 - INFO - Median error:3.94
2024-04-17 17:56:17,181 - nerf2 - INFO - Median error:4.53
2024-04-17 17:56:17,219 - nerf2 - INFO - Median error:5.97
2024-04-17 17:56:17,257 - nerf2 - INFO - Median error:4.16
2024-04-17 17:56:17,295 - nerf2 - INFO - Median error:4.24
2024-04-17 17:56:17,333 - nerf2 - INFO - Median error:3.13
2024-04-17 17:56:17,370 - nerf2 - INFO - Median error:4.82
2024-04-17 17:56:17,408 - nerf2 - INFO - Median error:5.38
2024-04-17 17:56:17,446 - nerf2 - INFO - Median error:5.83
2024-04-17 17:56:17,484 - nerf2 - INFO - Median error:3.71
2024-04-17 17:56:17,522 - nerf2 - INFO - Median error:4.80
2024-04-17 17:56:17,560 - nerf2 - INFO - Median error:4.46
2024-04-17 17:56:17,598 - nerf2 - INFO - Median error:4.10
2024-04-17 17:56:17,636 - nerf2 - INFO - Median error:7.18
2024-04-17 17:56:17,673 - nerf2 - INFO - Median error:4.41
2024-04-17 17:56:17,711 - nerf2 - INFO - Median error:4.58
2024-04-17 17:56:17,749 - nerf2 - INFO - Median error:4.37
2024-04-17 17:56:17,787 - nerf2 - INFO - Median error:4.51
2024-04-17 17:56:17,825 - nerf2 - INFO - Median error:4.32
2024-04-17 17:56:17,863 - nerf2 - INFO - Median error:4.94
2024-04-17 17:56:17,901 - nerf2 - INFO - Median error:3.74
2024-04-17 17:56:17,939 - nerf2 - INFO - Median error:3.97
2024-04-17 17:56:17,993 - nerf2 - INFO - Median error:5.64
2024-04-17 17:56:18,046 - nerf2 - INFO - Median error:4.46
2024-04-17 17:56:18,100 - nerf2 - INFO - Median error:4.45
2024-04-17 17:56:18,144 - nerf2 - INFO - Median error:5.03
2024-04-17 17:56:18,181 - nerf2 - INFO - Median error:3.28
2024-04-17 17:56:18,219 - nerf2 - INFO - Median error:5.80
2024-04-17 17:56:18,257 - nerf2 - INFO - Median error:3.94
2024-04-17 17:56:18,295 - nerf2 - INFO - Median error:5.18
2024-04-17 17:56:18,333 - nerf2 - INFO - Median error:5.02
2024-04-17 17:56:18,371 - nerf2 - INFO - Median error:4.21
2024-04-17 17:56:18,409 - nerf2 - INFO - Median error:5.13
2024-04-17 17:56:18,447 - nerf2 - INFO - Median error:5.60
2024-04-17 17:56:18,484 - nerf2 - INFO - Median error:6.11
2024-04-17 17:56:18,522 - nerf2 - INFO - Median error:4.13
2024-04-17 17:56:18,560 - nerf2 - INFO - Median error:6.01
2024-04-17 17:56:18,598 - nerf2 - INFO - Median error:4.16
2024-04-17 17:56:18,636 - nerf2 - INFO - Median error:5.00
2024-04-17 17:56:18,674 - nerf2 - INFO - Median error:6.31
2024-04-17 17:56:18,712 - nerf2 - INFO - Median error:4.11
2024-04-17 17:56:18,750 - nerf2 - INFO - Median error:7.83
2024-04-17 17:56:18,788 - nerf2 - INFO - Median error:4.23
2024-04-17 17:56:18,825 - nerf2 - INFO - Median error:5.22
2024-04-17 17:56:18,863 - nerf2 - INFO - Median error:3.67
2024-04-17 17:56:18,901 - nerf2 - INFO - Median error:4.68
2024-04-17 17:56:18,939 - nerf2 - INFO - Median error:3.26
2024-04-17 17:56:18,977 - nerf2 - INFO - Median error:5.91
2024-04-17 17:56:19,015 - nerf2 - INFO - Median error:5.03
2024-04-17 17:56:19,053 - nerf2 - INFO - Median error:3.15
2024-04-17 17:56:19,091 - nerf2 - INFO - Median error:3.68
2024-04-17 17:56:19,129 - nerf2 - INFO - Median error:3.92
2024-04-17 17:56:19,167 - nerf2 - INFO - Median error:7.10
2024-04-17 17:56:19,205 - nerf2 - INFO - Median error:5.16
2024-04-17 17:56:19,243 - nerf2 - INFO - Median error:5.01
2024-04-17 17:56:19,281 - nerf2 - INFO - Median error:4.30
2024-04-17 17:56:19,319 - nerf2 - INFO - Median error:4.95
2024-04-17 17:56:19,356 - nerf2 - INFO - Median error:3.74
2024-04-17 17:56:19,395 - nerf2 - INFO - Median error:3.76
2024-04-17 17:56:19,432 - nerf2 - INFO - Median error:4.19
2024-04-17 17:56:19,470 - nerf2 - INFO - Median error:4.95
2024-04-17 17:56:19,508 - nerf2 - INFO - Median error:3.47
2024-04-17 17:56:19,558 - nerf2 - INFO - Median error:5.92
2024-04-17 17:56:19,598 - nerf2 - INFO - Median error:3.34
2024-04-17 17:56:19,636 - nerf2 - INFO - Median error:6.29
2024-04-17 17:56:19,673 - nerf2 - INFO - Median error:4.04
2024-04-17 17:56:19,711 - nerf2 - INFO - Median error:4.00
2024-04-17 17:56:19,749 - nerf2 - INFO - Median error:6.27
2024-04-17 17:56:19,787 - nerf2 - INFO - Median error:5.29
2024-04-17 17:56:19,825 - nerf2 - INFO - Median error:4.54
2024-04-17 17:56:19,863 - nerf2 - INFO - Median error:3.67
2024-04-17 17:56:19,901 - nerf2 - INFO - Median error:4.11
2024-04-17 17:56:19,938 - nerf2 - INFO - Median error:4.67
2024-04-17 17:56:19,976 - nerf2 - INFO - Median error:6.63
2024-04-17 17:56:20,014 - nerf2 - INFO - Median error:3.49
2024-04-17 17:56:20,053 - nerf2 - INFO - Median error:5.99
2024-04-17 17:56:20,091 - nerf2 - INFO - Median error:4.47
2024-04-17 17:56:20,129 - nerf2 - INFO - Median error:4.56
2024-04-17 17:56:20,167 - nerf2 - INFO - Median error:6.41
2024-04-17 17:56:20,205 - nerf2 - INFO - Median error:5.40
2024-04-17 17:56:20,243 - nerf2 - INFO - Median error:4.97
2024-04-17 17:56:20,281 - nerf2 - INFO - Median error:7.02
2024-04-17 17:56:20,319 - nerf2 - INFO - Median error:6.27
2024-04-17 17:56:20,357 - nerf2 - INFO - Median error:5.65
2024-04-17 17:56:20,395 - nerf2 - INFO - Median error:5.53
2024-04-17 17:56:20,433 - nerf2 - INFO - Median error:4.40
2024-04-17 17:56:20,471 - nerf2 - INFO - Median error:5.29
2024-04-17 17:56:20,509 - nerf2 - INFO - Median error:4.27
2024-04-17 17:56:20,547 - nerf2 - INFO - Median error:4.49
2024-04-17 17:56:20,585 - nerf2 - INFO - Median error:4.92
2024-04-17 17:56:20,623 - nerf2 - INFO - Median error:4.45
2024-04-17 17:56:20,651 - nerf2 - INFO - Median error:3.90
2024-04-17 17:56:20,661 - nerf2 - INFO - Total Median error:4.74
2024-04-21 19:44:40,847 - nerf2 - INFO - expname:ble-rssi-exp2-v1-595-posz-half, datadir:data/BLE/, logdir:logs/BLE/
2024-04-21 19:44:41,526 - nerf2 - INFO - Total number of parameters: 690564
2024-04-21 19:44:41,528 - nerf2 - INFO - Found ckpts ['logs/BLE/ble-rssi-exp2-v1-595-posz-half/ckpts/029800.tar', 'logs/BLE/ble-rssi-exp2-v1-595-posz-half/ckpts/029900.tar', 'logs/BLE/ble-rssi-exp2-v1-595-posz-half/ckpts/030000.tar']
2024-04-21 19:44:41,528 - nerf2 - INFO - Loading ckpt logs/BLE/ble-rssi-exp2-v1-595-posz-half/ckpts/030000.tar
2024-04-21 19:44:41,629 - nerf2 - INFO - Loading training set...
2024-04-21 19:44:41,902 - nerf2 - INFO - Loading test set...
2024-04-21 19:44:45,617 - nerf2 - INFO - Train set size:2100, Test set size:39900
2024-04-21 19:44:45,617 - nerf2 - INFO - Start training. Current Iteration:30000
2024-04-21 19:44:53,571 - nerf2 - INFO - expname:ble-rssi-exp2-v1-595-posz-half, datadir:data/BLE/, logdir:logs/BLE/
2024-04-21 19:44:54,241 - nerf2 - INFO - Total number of parameters: 690564
2024-04-21 19:44:54,242 - nerf2 - INFO - Found ckpts ['logs/BLE/ble-rssi-exp2-v1-595-posz-half/ckpts/029800.tar', 'logs/BLE/ble-rssi-exp2-v1-595-posz-half/ckpts/029900.tar', 'logs/BLE/ble-rssi-exp2-v1-595-posz-half/ckpts/030000.tar']
2024-04-21 19:44:54,243 - nerf2 - INFO - Loading ckpt logs/BLE/ble-rssi-exp2-v1-595-posz-half/ckpts/030000.tar
2024-04-21 19:44:54,273 - nerf2 - INFO - Loading training set...
2024-04-21 19:44:54,554 - nerf2 - INFO - Loading test set...
2024-04-21 19:44:58,296 - nerf2 - INFO - Train set size:2100, Test set size:39900
2024-04-21 19:44:58,296 - nerf2 - INFO - Start evaluation
2024-04-21 19:44:58,314 - nerf2 - INFO - Writing result to logs/BLE/ble-rssi-exp2-v1-595-posz-half/result.txt...
2024-04-21 19:44:58,747 - nerf2 - INFO - Median error:3.33
2024-04-21 19:44:58,791 - nerf2 - INFO - Median error:3.84
2024-04-21 19:44:58,833 - nerf2 - INFO - Median error:5.03
2024-04-21 19:44:58,876 - nerf2 - INFO - Median error:4.75
2024-04-21 19:44:58,918 - nerf2 - INFO - Median error:4.13
2024-04-21 19:44:58,961 - nerf2 - INFO - Median error:4.95
2024-04-21 19:44:59,003 - nerf2 - INFO - Median error:4.24
2024-04-21 19:44:59,045 - nerf2 - INFO - Median error:4.27
2024-04-21 19:44:59,087 - nerf2 - INFO - Median error:4.79
2024-04-21 19:44:59,124 - nerf2 - INFO - Median error:4.38
2024-04-21 19:44:59,160 - nerf2 - INFO - Median error:4.15
2024-04-21 19:44:59,197 - nerf2 - INFO - Median error:5.82
2024-04-21 19:44:59,234 - nerf2 - INFO - Median error:4.17
2024-04-21 19:44:59,271 - nerf2 - INFO - Median error:3.14
2024-04-21 19:44:59,308 - nerf2 - INFO - Median error:5.37
2024-04-21 19:44:59,345 - nerf2 - INFO - Median error:4.88
2024-04-21 19:44:59,382 - nerf2 - INFO - Median error:5.80
2024-04-21 19:44:59,419 - nerf2 - INFO - Median error:4.51
2024-04-21 19:44:59,456 - nerf2 - INFO - Median error:4.02
2024-04-21 19:44:59,493 - nerf2 - INFO - Median error:4.83
2024-04-21 19:44:59,530 - nerf2 - INFO - Median error:8.27
2024-04-21 19:44:59,566 - nerf2 - INFO - Median error:6.46
2024-04-21 19:44:59,603 - nerf2 - INFO - Median error:3.68
2024-04-21 19:44:59,640 - nerf2 - INFO - Median error:4.16
2024-04-21 19:44:59,678 - nerf2 - INFO - Median error:4.42
2024-04-21 19:44:59,715 - nerf2 - INFO - Median error:4.12
2024-04-21 19:44:59,752 - nerf2 - INFO - Median error:4.59
2024-04-21 19:44:59,789 - nerf2 - INFO - Median error:3.70
2024-04-21 19:44:59,826 - nerf2 - INFO - Median error:4.50
2024-04-21 19:44:59,863 - nerf2 - INFO - Median error:4.55
2024-04-21 19:44:59,900 - nerf2 - INFO - Median error:4.69
2024-04-21 19:44:59,937 - nerf2 - INFO - Median error:4.48
2024-04-21 19:44:59,974 - nerf2 - INFO - Median error:3.97
2024-04-21 19:45:00,011 - nerf2 - INFO - Median error:5.25
2024-04-21 19:45:00,049 - nerf2 - INFO - Median error:3.92
2024-04-21 19:45:00,086 - nerf2 - INFO - Median error:4.41
2024-04-21 19:45:00,123 - nerf2 - INFO - Median error:3.97
2024-04-21 19:45:00,160 - nerf2 - INFO - Median error:5.59
2024-04-21 19:45:00,197 - nerf2 - INFO - Median error:3.55
2024-04-21 19:45:00,234 - nerf2 - INFO - Median error:6.27
2024-04-21 19:45:00,271 - nerf2 - INFO - Median error:4.68
2024-04-21 19:45:00,308 - nerf2 - INFO - Median error:5.78
2024-04-21 19:45:00,345 - nerf2 - INFO - Median error:4.39
2024-04-21 19:45:00,382 - nerf2 - INFO - Median error:4.51
2024-04-21 19:45:00,419 - nerf2 - INFO - Median error:5.68
2024-04-21 19:45:00,456 - nerf2 - INFO - Median error:5.12
2024-04-21 19:45:00,493 - nerf2 - INFO - Median error:3.72
2024-04-21 19:45:00,531 - nerf2 - INFO - Median error:4.50
2024-04-21 19:45:00,568 - nerf2 - INFO - Median error:4.36
2024-04-21 19:45:00,604 - nerf2 - INFO - Median error:5.71
2024-04-21 19:45:00,641 - nerf2 - INFO - Median error:5.29
2024-04-21 19:45:00,679 - nerf2 - INFO - Median error:3.81
2024-04-21 19:45:00,716 - nerf2 - INFO - Median error:5.72
2024-04-21 19:45:00,753 - nerf2 - INFO - Median error:4.25
2024-04-21 19:45:00,790 - nerf2 - INFO - Median error:4.29
2024-04-21 19:45:00,827 - nerf2 - INFO - Median error:5.28
2024-04-21 19:45:00,864 - nerf2 - INFO - Median error:5.50
2024-04-21 19:45:00,901 - nerf2 - INFO - Median error:4.08
2024-04-21 19:45:00,939 - nerf2 - INFO - Median error:4.09
2024-04-21 19:45:00,976 - nerf2 - INFO - Median error:4.04
2024-04-21 19:45:01,013 - nerf2 - INFO - Median error:4.86
2024-04-21 19:45:01,050 - nerf2 - INFO - Median error:6.04
2024-04-21 19:45:01,087 - nerf2 - INFO - Median error:4.51
2024-04-21 19:45:01,124 - nerf2 - INFO - Median error:3.83
2024-04-21 19:45:01,164 - nerf2 - INFO - Median error:4.09
2024-04-21 19:45:01,201 - nerf2 - INFO - Median error:4.96
2024-04-21 19:45:01,238 - nerf2 - INFO - Median error:6.02
2024-04-21 19:45:01,275 - nerf2 - INFO - Median error:3.76
2024-04-21 19:45:01,312 - nerf2 - INFO - Median error:4.71
2024-04-21 19:45:01,349 - nerf2 - INFO - Median error:4.23
2024-04-21 19:45:01,386 - nerf2 - INFO - Median error:6.06
2024-04-21 19:45:01,423 - nerf2 - INFO - Median error:4.36
2024-04-21 19:45:01,460 - nerf2 - INFO - Median error:6.09
2024-04-21 19:45:01,497 - nerf2 - INFO - Median error:5.03
2024-04-21 19:45:01,534 - nerf2 - INFO - Median error:5.73
2024-04-21 19:45:01,571 - nerf2 - INFO - Median error:3.38
2024-04-21 19:45:01,608 - nerf2 - INFO - Median error:4.16
2024-04-21 19:45:01,646 - nerf2 - INFO - Median error:5.71
2024-04-21 19:45:01,683 - nerf2 - INFO - Median error:5.23
2024-04-21 19:45:01,720 - nerf2 - INFO - Median error:3.98
2024-04-21 19:45:01,757 - nerf2 - INFO - Median error:4.79
2024-04-21 19:45:01,794 - nerf2 - INFO - Median error:3.20
2024-04-21 19:45:01,831 - nerf2 - INFO - Median error:5.00
2024-04-21 19:45:01,868 - nerf2 - INFO - Median error:4.84
2024-04-21 19:45:01,905 - nerf2 - INFO - Median error:4.33
2024-04-21 19:45:01,942 - nerf2 - INFO - Median error:4.76
2024-04-21 19:45:01,979 - nerf2 - INFO - Median error:5.36
2024-04-21 19:45:02,017 - nerf2 - INFO - Median error:3.58
2024-04-21 19:45:02,054 - nerf2 - INFO - Median error:5.06
2024-04-21 19:45:02,091 - nerf2 - INFO - Median error:6.36
2024-04-21 19:45:02,128 - nerf2 - INFO - Median error:4.31
2024-04-21 19:45:02,165 - nerf2 - INFO - Median error:4.39
2024-04-21 19:45:02,202 - nerf2 - INFO - Median error:5.47
2024-04-21 19:45:02,240 - nerf2 - INFO - Median error:5.32
2024-04-21 19:45:02,277 - nerf2 - INFO - Median error:4.27
2024-04-21 19:45:02,314 - nerf2 - INFO - Median error:5.65
2024-04-21 19:45:02,351 - nerf2 - INFO - Median error:5.56
2024-04-21 19:45:02,388 - nerf2 - INFO - Median error:4.93
2024-04-21 19:45:02,425 - nerf2 - INFO - Median error:6.33
2024-04-21 19:45:02,462 - nerf2 - INFO - Median error:4.15
2024-04-21 19:45:02,499 - nerf2 - INFO - Median error:4.82
2024-04-21 19:45:02,536 - nerf2 - INFO - Median error:4.43
2024-04-21 19:45:02,575 - nerf2 - INFO - Median error:4.66
2024-04-21 19:45:02,612 - nerf2 - INFO - Median error:5.48
2024-04-21 19:45:02,649 - nerf2 - INFO - Median error:4.84
2024-04-21 19:45:02,687 - nerf2 - INFO - Median error:3.64
2024-04-21 19:45:02,724 - nerf2 - INFO - Median error:5.37
2024-04-21 19:45:02,761 - nerf2 - INFO - Median error:5.52
2024-04-21 19:45:02,798 - nerf2 - INFO - Median error:4.28
2024-04-21 19:45:02,835 - nerf2 - INFO - Median error:4.75
2024-04-21 19:45:02,872 - nerf2 - INFO - Median error:4.83
2024-04-21 19:45:02,910 - nerf2 - INFO - Median error:4.41
2024-04-21 19:45:02,947 - nerf2 - INFO - Median error:5.11
2024-04-21 19:45:02,984 - nerf2 - INFO - Median error:4.04
2024-04-21 19:45:03,021 - nerf2 - INFO - Median error:5.20
2024-04-21 19:45:03,058 - nerf2 - INFO - Median error:5.40
2024-04-21 19:45:03,095 - nerf2 - INFO - Median error:3.89
2024-04-21 19:45:03,133 - nerf2 - INFO - Median error:5.96
2024-04-21 19:45:03,170 - nerf2 - INFO - Median error:4.87
2024-04-21 19:45:03,207 - nerf2 - INFO - Median error:3.95
2024-04-21 19:45:03,244 - nerf2 - INFO - Median error:4.61
2024-04-21 19:45:03,281 - nerf2 - INFO - Median error:4.37
2024-04-21 19:45:03,319 - nerf2 - INFO - Median error:3.81
2024-04-21 19:45:03,356 - nerf2 - INFO - Median error:3.75
2024-04-21 19:45:03,393 - nerf2 - INFO - Median error:5.30
2024-04-21 19:45:03,431 - nerf2 - INFO - Median error:4.53
2024-04-21 19:45:03,467 - nerf2 - INFO - Median error:5.42
2024-04-21 19:45:03,504 - nerf2 - INFO - Median error:4.63
2024-04-21 19:45:03,542 - nerf2 - INFO - Median error:4.09
2024-04-21 19:45:03,579 - nerf2 - INFO - Median error:4.11
2024-04-21 19:45:03,617 - nerf2 - INFO - Median error:4.82
2024-04-21 19:45:03,653 - nerf2 - INFO - Median error:5.71
2024-04-21 19:45:03,690 - nerf2 - INFO - Median error:5.29
2024-04-21 19:45:03,728 - nerf2 - INFO - Median error:4.05
2024-04-21 19:45:03,765 - nerf2 - INFO - Median error:5.02
2024-04-21 19:45:03,802 - nerf2 - INFO - Median error:7.64
2024-04-21 19:45:03,840 - nerf2 - INFO - Median error:4.03
2024-04-21 19:45:03,877 - nerf2 - INFO - Median error:4.89
2024-04-21 19:45:03,914 - nerf2 - INFO - Median error:4.34
2024-04-21 19:45:03,951 - nerf2 - INFO - Median error:4.74
2024-04-21 19:45:03,988 - nerf2 - INFO - Median error:7.07
2024-04-21 19:45:04,026 - nerf2 - INFO - Median error:4.04
2024-04-21 19:45:04,063 - nerf2 - INFO - Median error:3.52
2024-04-21 19:45:04,100 - nerf2 - INFO - Median error:4.00
2024-04-21 19:45:04,137 - nerf2 - INFO - Median error:4.45
2024-04-21 19:45:04,174 - nerf2 - INFO - Median error:5.91
2024-04-21 19:45:04,211 - nerf2 - INFO - Median error:5.01
2024-04-21 19:45:04,249 - nerf2 - INFO - Median error:4.24
2024-04-21 19:45:04,286 - nerf2 - INFO - Median error:3.44
2024-04-21 19:45:04,323 - nerf2 - INFO - Median error:4.46
2024-04-21 19:45:04,360 - nerf2 - INFO - Median error:3.70
2024-04-21 19:45:04,397 - nerf2 - INFO - Median error:5.10
2024-04-21 19:45:04,435 - nerf2 - INFO - Median error:5.26
2024-04-21 19:45:04,472 - nerf2 - INFO - Median error:4.33
2024-04-21 19:45:04,509 - nerf2 - INFO - Median error:6.01
2024-04-21 19:45:04,546 - nerf2 - INFO - Median error:3.10
2024-04-21 19:45:04,584 - nerf2 - INFO - Median error:4.71
2024-04-21 19:45:04,621 - nerf2 - INFO - Median error:4.58
2024-04-21 19:45:04,658 - nerf2 - INFO - Median error:4.37
2024-04-21 19:45:04,696 - nerf2 - INFO - Median error:4.71
2024-04-21 19:45:04,733 - nerf2 - INFO - Median error:5.16
2024-04-21 19:45:04,770 - nerf2 - INFO - Median error:4.27
2024-04-21 19:45:04,807 - nerf2 - INFO - Median error:3.95
2024-04-21 19:45:04,844 - nerf2 - INFO - Median error:5.76
2024-04-21 19:45:04,882 - nerf2 - INFO - Median error:5.85
2024-04-21 19:45:04,919 - nerf2 - INFO - Median error:5.33
2024-04-21 19:45:04,957 - nerf2 - INFO - Median error:5.13
2024-04-21 19:45:04,994 - nerf2 - INFO - Median error:6.70
2024-04-21 19:45:05,031 - nerf2 - INFO - Median error:6.23
2024-04-21 19:45:05,068 - nerf2 - INFO - Median error:4.11
2024-04-21 19:45:05,105 - nerf2 - INFO - Median error:3.94
2024-04-21 19:45:05,143 - nerf2 - INFO - Median error:4.67
2024-04-21 19:45:05,180 - nerf2 - INFO - Median error:5.21
2024-04-21 19:45:05,218 - nerf2 - INFO - Median error:5.43
2024-04-21 19:45:05,255 - nerf2 - INFO - Median error:5.58
2024-04-21 19:45:05,292 - nerf2 - INFO - Median error:5.27
2024-04-21 19:45:05,329 - nerf2 - INFO - Median error:4.94
2024-04-21 19:45:05,367 - nerf2 - INFO - Median error:4.98
2024-04-21 19:45:05,404 - nerf2 - INFO - Median error:7.18
2024-04-21 19:45:05,441 - nerf2 - INFO - Median error:3.72
2024-04-21 19:45:05,478 - nerf2 - INFO - Median error:4.65
2024-04-21 19:45:05,515 - nerf2 - INFO - Median error:3.56
2024-04-21 19:45:05,552 - nerf2 - INFO - Median error:4.96
2024-04-21 19:45:05,590 - nerf2 - INFO - Median error:6.18
2024-04-21 19:45:05,627 - nerf2 - INFO - Median error:4.49
2024-04-21 19:45:05,665 - nerf2 - INFO - Median error:3.90
2024-04-21 19:45:05,701 - nerf2 - INFO - Median error:2.88
2024-04-21 19:45:05,738 - nerf2 - INFO - Median error:5.02
2024-04-21 19:45:05,776 - nerf2 - INFO - Median error:5.49
2024-04-21 19:45:05,813 - nerf2 - INFO - Median error:4.05
2024-04-21 19:45:05,850 - nerf2 - INFO - Median error:5.56
2024-04-21 19:45:05,888 - nerf2 - INFO - Median error:4.37
2024-04-21 19:45:05,925 - nerf2 - INFO - Median error:4.07
2024-04-21 19:45:05,962 - nerf2 - INFO - Median error:4.84
2024-04-21 19:45:05,999 - nerf2 - INFO - Median error:4.40
2024-04-21 19:45:06,036 - nerf2 - INFO - Median error:4.73
2024-04-21 19:45:06,074 - nerf2 - INFO - Median error:6.32
2024-04-21 19:45:06,111 - nerf2 - INFO - Median error:4.54
2024-04-21 19:45:06,164 - nerf2 - INFO - Median error:4.01
2024-04-21 19:45:06,201 - nerf2 - INFO - Median error:4.29
2024-04-21 19:45:06,239 - nerf2 - INFO - Median error:4.93
2024-04-21 19:45:06,276 - nerf2 - INFO - Median error:4.92
2024-04-21 19:45:06,314 - nerf2 - INFO - Median error:5.08
2024-04-21 19:45:06,351 - nerf2 - INFO - Median error:4.82
2024-04-21 19:45:06,388 - nerf2 - INFO - Median error:4.16
2024-04-21 19:45:06,425 - nerf2 - INFO - Median error:6.38
2024-04-21 19:45:06,463 - nerf2 - INFO - Median error:3.18
2024-04-21 19:45:06,500 - nerf2 - INFO - Median error:5.38
2024-04-21 19:45:06,538 - nerf2 - INFO - Median error:4.47
2024-04-21 19:45:06,575 - nerf2 - INFO - Median error:4.27
2024-04-21 19:45:06,612 - nerf2 - INFO - Median error:4.25
2024-04-21 19:45:06,649 - nerf2 - INFO - Median error:3.95
2024-04-21 19:45:06,687 - nerf2 - INFO - Median error:5.56
2024-04-21 19:45:06,724 - nerf2 - INFO - Median error:5.06
2024-04-21 19:45:06,761 - nerf2 - INFO - Median error:4.04
2024-04-21 19:45:06,799 - nerf2 - INFO - Median error:5.47
2024-04-21 19:45:06,836 - nerf2 - INFO - Median error:5.48
2024-04-21 19:45:06,873 - nerf2 - INFO - Median error:4.77
2024-04-21 19:45:06,910 - nerf2 - INFO - Median error:5.51
2024-04-21 19:45:06,947 - nerf2 - INFO - Median error:3.51
2024-04-21 19:45:06,985 - nerf2 - INFO - Median error:3.94
2024-04-21 19:45:07,022 - nerf2 - INFO - Median error:4.53
2024-04-21 19:45:07,059 - nerf2 - INFO - Median error:5.97
2024-04-21 19:45:07,096 - nerf2 - INFO - Median error:4.16
2024-04-21 19:45:07,134 - nerf2 - INFO - Median error:4.24
2024-04-21 19:45:07,171 - nerf2 - INFO - Median error:3.13
2024-04-21 19:45:07,209 - nerf2 - INFO - Median error:4.82
2024-04-21 19:45:07,246 - nerf2 - INFO - Median error:5.38
2024-04-21 19:45:07,283 - nerf2 - INFO - Median error:5.83
2024-04-21 19:45:07,320 - nerf2 - INFO - Median error:3.71
2024-04-21 19:45:07,358 - nerf2 - INFO - Median error:4.80
2024-04-21 19:45:07,395 - nerf2 - INFO - Median error:4.46
2024-04-21 19:45:07,432 - nerf2 - INFO - Median error:4.10
2024-04-21 19:45:07,470 - nerf2 - INFO - Median error:7.18
2024-04-21 19:45:07,507 - nerf2 - INFO - Median error:4.41
2024-04-21 19:45:07,544 - nerf2 - INFO - Median error:4.58
2024-04-21 19:45:07,581 - nerf2 - INFO - Median error:4.37
2024-04-21 19:45:07,618 - nerf2 - INFO - Median error:4.51
2024-04-21 19:45:07,656 - nerf2 - INFO - Median error:4.32
2024-04-21 19:45:07,693 - nerf2 - INFO - Median error:4.94
2024-04-21 19:45:07,730 - nerf2 - INFO - Median error:3.74
2024-04-21 19:45:07,767 - nerf2 - INFO - Median error:3.97
2024-04-21 19:45:07,804 - nerf2 - INFO - Median error:5.64
2024-04-21 19:45:07,842 - nerf2 - INFO - Median error:4.46
2024-04-21 19:45:07,879 - nerf2 - INFO - Median error:4.45
2024-04-21 19:45:07,917 - nerf2 - INFO - Median error:5.03
2024-04-21 19:45:07,954 - nerf2 - INFO - Median error:3.28
2024-04-21 19:45:07,991 - nerf2 - INFO - Median error:5.80
2024-04-21 19:45:08,028 - nerf2 - INFO - Median error:3.94
2024-04-21 19:45:08,065 - nerf2 - INFO - Median error:5.18
2024-04-21 19:45:08,102 - nerf2 - INFO - Median error:5.02
2024-04-21 19:45:08,140 - nerf2 - INFO - Median error:4.21
2024-04-21 19:45:08,177 - nerf2 - INFO - Median error:5.13
2024-04-21 19:45:08,214 - nerf2 - INFO - Median error:5.60
2024-04-21 19:45:08,251 - nerf2 - INFO - Median error:6.11
2024-04-21 19:45:08,288 - nerf2 - INFO - Median error:4.13
2024-04-21 19:45:08,326 - nerf2 - INFO - Median error:6.01
2024-04-21 19:45:08,363 - nerf2 - INFO - Median error:4.16
2024-04-21 19:45:08,400 - nerf2 - INFO - Median error:5.00
2024-04-21 19:45:08,437 - nerf2 - INFO - Median error:6.31
2024-04-21 19:45:08,474 - nerf2 - INFO - Median error:4.11
2024-04-21 19:45:08,512 - nerf2 - INFO - Median error:7.83
2024-04-21 19:45:08,549 - nerf2 - INFO - Median error:4.23
2024-04-21 19:45:08,586 - nerf2 - INFO - Median error:5.22
2024-04-21 19:45:08,624 - nerf2 - INFO - Median error:3.67
2024-04-21 19:45:08,660 - nerf2 - INFO - Median error:4.68
2024-04-21 19:45:08,698 - nerf2 - INFO - Median error:3.26
2024-04-21 19:45:08,735 - nerf2 - INFO - Median error:5.91
2024-04-21 19:45:08,773 - nerf2 - INFO - Median error:5.03
2024-04-21 19:45:08,810 - nerf2 - INFO - Median error:3.15
2024-04-21 19:45:08,847 - nerf2 - INFO - Median error:3.68
2024-04-21 19:45:08,884 - nerf2 - INFO - Median error:3.92
2024-04-21 19:45:08,921 - nerf2 - INFO - Median error:7.10
2024-04-21 19:45:08,959 - nerf2 - INFO - Median error:5.16
2024-04-21 19:45:08,996 - nerf2 - INFO - Median error:5.01
2024-04-21 19:45:09,034 - nerf2 - INFO - Median error:4.30
2024-04-21 19:45:09,071 - nerf2 - INFO - Median error:4.95
2024-04-21 19:45:09,108 - nerf2 - INFO - Median error:3.74
2024-04-21 19:45:09,145 - nerf2 - INFO - Median error:3.76
2024-04-21 19:45:09,183 - nerf2 - INFO - Median error:4.19
2024-04-21 19:45:09,221 - nerf2 - INFO - Median error:4.95
2024-04-21 19:45:09,269 - nerf2 - INFO - Median error:3.47
2024-04-21 19:45:09,306 - nerf2 - INFO - Median error:5.92
2024-04-21 19:45:09,344 - nerf2 - INFO - Median error:3.34
2024-04-21 19:45:09,382 - nerf2 - INFO - Median error:6.29
2024-04-21 19:45:09,419 - nerf2 - INFO - Median error:4.04
2024-04-21 19:45:09,456 - nerf2 - INFO - Median error:4.00
2024-04-21 19:45:09,494 - nerf2 - INFO - Median error:6.27
2024-04-21 19:45:09,531 - nerf2 - INFO - Median error:5.29
2024-04-21 19:45:09,569 - nerf2 - INFO - Median error:4.54
2024-04-21 19:45:09,606 - nerf2 - INFO - Median error:3.67
2024-04-21 19:45:09,644 - nerf2 - INFO - Median error:4.11
2024-04-21 19:45:09,681 - nerf2 - INFO - Median error:4.67
2024-04-21 19:45:09,719 - nerf2 - INFO - Median error:6.63
2024-04-21 19:45:09,756 - nerf2 - INFO - Median error:3.49
2024-04-21 19:45:09,794 - nerf2 - INFO - Median error:5.99
2024-04-21 19:45:09,832 - nerf2 - INFO - Median error:4.47
2024-04-21 19:45:09,874 - nerf2 - INFO - Median error:4.56
2024-04-21 19:45:09,912 - nerf2 - INFO - Median error:6.41
2024-04-21 19:45:09,949 - nerf2 - INFO - Median error:5.40
2024-04-21 19:45:09,986 - nerf2 - INFO - Median error:4.97
2024-04-21 19:45:10,024 - nerf2 - INFO - Median error:7.02
2024-04-21 19:45:10,061 - nerf2 - INFO - Median error:6.27
2024-04-21 19:45:10,099 - nerf2 - INFO - Median error:5.65
2024-04-21 19:45:10,136 - nerf2 - INFO - Median error:5.53
2024-04-21 19:45:10,174 - nerf2 - INFO - Median error:4.40
2024-04-21 19:45:10,211 - nerf2 - INFO - Median error:5.29
2024-04-21 19:45:10,248 - nerf2 - INFO - Median error:4.27
2024-04-21 19:45:10,286 - nerf2 - INFO - Median error:4.49
2024-04-21 19:45:10,323 - nerf2 - INFO - Median error:4.92
2024-04-21 19:45:10,361 - nerf2 - INFO - Median error:4.45
2024-04-21 19:45:10,390 - nerf2 - INFO - Median error:3.90
2024-04-21 19:45:10,393 - nerf2 - INFO - Writing result to logs/BLE/ble-rssi-exp2-v1-595-posz-half/result_pos.txt...
2024-04-21 19:45:10,429 - nerf2 - INFO - Median error:3.33
2024-04-21 19:45:10,473 - nerf2 - INFO - Median error:3.84
2024-04-21 19:45:10,516 - nerf2 - INFO - Median error:5.03
2024-04-21 19:45:10,559 - nerf2 - INFO - Median error:4.75
2024-04-21 19:45:10,602 - nerf2 - INFO - Median error:4.13
2024-04-21 19:45:10,646 - nerf2 - INFO - Median error:4.95
2024-04-21 19:45:10,689 - nerf2 - INFO - Median error:4.24
2024-04-21 19:45:10,733 - nerf2 - INFO - Median error:4.27
2024-04-21 19:45:10,776 - nerf2 - INFO - Median error:4.79
2024-04-21 19:45:10,819 - nerf2 - INFO - Median error:4.38
2024-04-21 19:45:10,863 - nerf2 - INFO - Median error:4.15
2024-04-21 19:45:10,906 - nerf2 - INFO - Median error:5.82
2024-04-21 19:45:10,950 - nerf2 - INFO - Median error:4.17
2024-04-21 19:45:10,993 - nerf2 - INFO - Median error:3.14
2024-04-21 19:45:11,037 - nerf2 - INFO - Median error:5.37
2024-04-21 19:45:11,080 - nerf2 - INFO - Median error:4.88
2024-04-21 19:45:11,123 - nerf2 - INFO - Median error:5.80
2024-04-21 19:45:11,166 - nerf2 - INFO - Median error:4.51
2024-04-21 19:45:11,210 - nerf2 - INFO - Median error:4.02
2024-04-21 19:45:11,254 - nerf2 - INFO - Median error:4.83
2024-04-21 19:45:11,297 - nerf2 - INFO - Median error:8.27
2024-04-21 19:45:11,341 - nerf2 - INFO - Median error:6.46
2024-04-21 19:45:11,384 - nerf2 - INFO - Median error:3.68
2024-04-21 19:45:11,427 - nerf2 - INFO - Median error:4.16
2024-04-21 19:45:11,470 - nerf2 - INFO - Median error:4.42
2024-04-21 19:45:11,513 - nerf2 - INFO - Median error:4.12
2024-04-21 19:45:11,557 - nerf2 - INFO - Median error:4.59
2024-04-21 19:45:11,600 - nerf2 - INFO - Median error:3.70
2024-04-21 19:45:11,644 - nerf2 - INFO - Median error:4.50
2024-04-21 19:45:11,688 - nerf2 - INFO - Median error:4.55
2024-04-21 19:45:11,731 - nerf2 - INFO - Median error:4.69
2024-04-21 19:45:11,774 - nerf2 - INFO - Median error:4.48
2024-04-21 19:45:11,817 - nerf2 - INFO - Median error:3.97
2024-04-21 19:45:11,860 - nerf2 - INFO - Median error:5.25
2024-04-21 19:45:11,904 - nerf2 - INFO - Median error:3.92
2024-04-21 19:45:11,948 - nerf2 - INFO - Median error:4.41
2024-04-21 19:45:11,991 - nerf2 - INFO - Median error:3.97
2024-04-21 19:45:12,035 - nerf2 - INFO - Median error:5.59
2024-04-21 19:45:12,078 - nerf2 - INFO - Median error:3.55
2024-04-21 19:45:12,121 - nerf2 - INFO - Median error:6.27
2024-04-21 19:45:12,164 - nerf2 - INFO - Median error:4.68
2024-04-21 19:45:12,208 - nerf2 - INFO - Median error:5.78
2024-04-21 19:45:12,251 - nerf2 - INFO - Median error:4.39
2024-04-21 19:45:12,295 - nerf2 - INFO - Median error:4.51
2024-04-21 19:45:12,338 - nerf2 - INFO - Median error:5.68
2024-04-21 19:45:12,382 - nerf2 - INFO - Median error:5.12
2024-04-21 19:45:12,425 - nerf2 - INFO - Median error:3.72
2024-04-21 19:45:12,468 - nerf2 - INFO - Median error:4.50
2024-04-21 19:45:12,511 - nerf2 - INFO - Median error:4.36
2024-04-21 19:45:12,555 - nerf2 - INFO - Median error:5.71
2024-04-21 19:45:12,599 - nerf2 - INFO - Median error:5.29
2024-04-21 19:45:12,642 - nerf2 - INFO - Median error:3.81
2024-04-21 19:45:12,686 - nerf2 - INFO - Median error:5.72
2024-04-21 19:45:12,729 - nerf2 - INFO - Median error:4.25
2024-04-21 19:45:12,772 - nerf2 - INFO - Median error:4.29
2024-04-21 19:45:12,815 - nerf2 - INFO - Median error:5.28
2024-04-21 19:45:12,859 - nerf2 - INFO - Median error:5.50
2024-04-21 19:45:12,903 - nerf2 - INFO - Median error:4.08
2024-04-21 19:45:12,946 - nerf2 - INFO - Median error:4.09
2024-04-21 19:45:12,989 - nerf2 - INFO - Median error:4.04
2024-04-21 19:45:13,033 - nerf2 - INFO - Median error:4.86
2024-04-21 19:45:13,076 - nerf2 - INFO - Median error:6.04
2024-04-21 19:45:13,119 - nerf2 - INFO - Median error:4.51
2024-04-21 19:45:13,163 - nerf2 - INFO - Median error:3.83
2024-04-21 19:45:13,206 - nerf2 - INFO - Median error:4.09
2024-04-21 19:45:13,250 - nerf2 - INFO - Median error:4.96
2024-04-21 19:45:13,293 - nerf2 - INFO - Median error:6.02
2024-04-21 19:45:13,336 - nerf2 - INFO - Median error:3.76
2024-04-21 19:45:13,379 - nerf2 - INFO - Median error:4.71
2024-04-21 19:45:13,422 - nerf2 - INFO - Median error:4.23
2024-04-21 19:45:13,466 - nerf2 - INFO - Median error:6.06
2024-04-21 19:45:13,510 - nerf2 - INFO - Median error:4.36
2024-04-21 19:45:13,553 - nerf2 - INFO - Median error:6.09
2024-04-21 19:45:13,597 - nerf2 - INFO - Median error:5.03
2024-04-21 19:45:13,640 - nerf2 - INFO - Median error:5.73
2024-04-21 19:45:13,683 - nerf2 - INFO - Median error:3.38
2024-04-21 19:45:13,726 - nerf2 - INFO - Median error:4.16
2024-04-21 19:45:13,770 - nerf2 - INFO - Median error:5.71
2024-04-21 19:45:13,813 - nerf2 - INFO - Median error:5.23
2024-04-21 19:45:13,857 - nerf2 - INFO - Median error:3.98
2024-04-21 19:45:13,900 - nerf2 - INFO - Median error:4.79
2024-04-21 19:45:13,943 - nerf2 - INFO - Median error:3.20
2024-04-21 19:45:13,986 - nerf2 - INFO - Median error:5.00
2024-04-21 19:45:14,030 - nerf2 - INFO - Median error:4.84
2024-04-21 19:45:14,073 - nerf2 - INFO - Median error:4.33
2024-04-21 19:45:14,117 - nerf2 - INFO - Median error:4.76
2024-04-21 19:45:14,160 - nerf2 - INFO - Median error:5.36
2024-04-21 19:45:14,204 - nerf2 - INFO - Median error:3.58
2024-04-21 19:45:14,247 - nerf2 - INFO - Median error:5.06
2024-04-21 19:45:14,290 - nerf2 - INFO - Median error:6.36
2024-04-21 19:45:14,333 - nerf2 - INFO - Median error:4.31
2024-04-21 19:45:14,377 - nerf2 - INFO - Median error:4.39
2024-04-21 19:45:14,420 - nerf2 - INFO - Median error:5.47
2024-04-21 19:45:14,464 - nerf2 - INFO - Median error:5.32
2024-04-21 19:45:14,508 - nerf2 - INFO - Median error:4.27
2024-04-21 19:45:14,551 - nerf2 - INFO - Median error:5.65
2024-04-21 19:45:14,594 - nerf2 - INFO - Median error:5.56
2024-04-21 19:45:14,637 - nerf2 - INFO - Median error:4.93
2024-04-21 19:45:14,681 - nerf2 - INFO - Median error:6.33
2024-04-21 19:45:14,724 - nerf2 - INFO - Median error:4.15
2024-04-21 19:45:14,768 - nerf2 - INFO - Median error:4.82
2024-04-21 19:45:14,812 - nerf2 - INFO - Median error:4.43
2024-04-21 19:45:14,855 - nerf2 - INFO - Median error:4.66
2024-04-21 19:45:14,898 - nerf2 - INFO - Median error:5.48
2024-04-21 19:45:14,941 - nerf2 - INFO - Median error:4.84
2024-04-21 19:45:14,985 - nerf2 - INFO - Median error:3.64
2024-04-21 19:45:15,028 - nerf2 - INFO - Median error:5.37
2024-04-21 19:45:15,072 - nerf2 - INFO - Median error:5.52
2024-04-21 19:45:15,115 - nerf2 - INFO - Median error:4.28
2024-04-21 19:45:15,159 - nerf2 - INFO - Median error:4.75
2024-04-21 19:45:15,202 - nerf2 - INFO - Median error:4.83
2024-04-21 19:45:15,245 - nerf2 - INFO - Median error:4.41
2024-04-21 19:45:15,289 - nerf2 - INFO - Median error:5.11
2024-04-21 19:45:15,341 - nerf2 - INFO - Median error:4.04
2024-04-21 19:45:15,384 - nerf2 - INFO - Median error:5.20
2024-04-21 19:45:15,428 - nerf2 - INFO - Median error:5.40
2024-04-21 19:45:15,471 - nerf2 - INFO - Median error:3.89
2024-04-21 19:45:15,514 - nerf2 - INFO - Median error:5.96
2024-04-21 19:45:15,558 - nerf2 - INFO - Median error:4.87
2024-04-21 19:45:15,601 - nerf2 - INFO - Median error:3.95
2024-04-21 19:45:15,645 - nerf2 - INFO - Median error:4.61
2024-04-21 19:45:15,688 - nerf2 - INFO - Median error:4.37
2024-04-21 19:45:15,731 - nerf2 - INFO - Median error:3.81
2024-04-21 19:45:15,775 - nerf2 - INFO - Median error:3.75
2024-04-21 19:45:15,818 - nerf2 - INFO - Median error:5.30
2024-04-21 19:45:15,862 - nerf2 - INFO - Median error:4.53
2024-04-21 19:45:15,905 - nerf2 - INFO - Median error:5.42
2024-04-21 19:45:15,949 - nerf2 - INFO - Median error:4.63
2024-04-21 19:45:15,992 - nerf2 - INFO - Median error:4.09
2024-04-21 19:45:16,035 - nerf2 - INFO - Median error:4.11
2024-04-21 19:45:16,078 - nerf2 - INFO - Median error:4.82
2024-04-21 19:45:16,122 - nerf2 - INFO - Median error:5.71
2024-04-21 19:45:16,165 - nerf2 - INFO - Median error:5.29
2024-04-21 19:45:16,208 - nerf2 - INFO - Median error:4.05
2024-04-21 19:45:16,252 - nerf2 - INFO - Median error:5.02
2024-04-21 19:45:16,296 - nerf2 - INFO - Median error:7.64
2024-04-21 19:45:16,339 - nerf2 - INFO - Median error:4.03
2024-04-21 19:45:16,382 - nerf2 - INFO - Median error:4.89
2024-04-21 19:45:16,425 - nerf2 - INFO - Median error:4.34
2024-04-21 19:45:16,468 - nerf2 - INFO - Median error:4.74
2024-04-21 19:45:16,512 - nerf2 - INFO - Median error:7.07
2024-04-21 19:45:16,555 - nerf2 - INFO - Median error:4.04
2024-04-21 19:45:16,599 - nerf2 - INFO - Median error:3.52
2024-04-21 19:45:16,643 - nerf2 - INFO - Median error:4.00
2024-04-21 19:45:16,686 - nerf2 - INFO - Median error:4.45
2024-04-21 19:45:16,729 - nerf2 - INFO - Median error:5.91
2024-04-21 19:45:16,772 - nerf2 - INFO - Median error:5.01
2024-04-21 19:45:16,816 - nerf2 - INFO - Median error:4.24
2024-04-21 19:45:16,859 - nerf2 - INFO - Median error:3.44
2024-04-21 19:45:16,903 - nerf2 - INFO - Median error:4.46
2024-04-21 19:45:16,947 - nerf2 - INFO - Median error:3.70
2024-04-21 19:45:16,990 - nerf2 - INFO - Median error:5.10
2024-04-21 19:45:17,033 - nerf2 - INFO - Median error:5.26
2024-04-21 19:45:17,076 - nerf2 - INFO - Median error:4.33
2024-04-21 19:45:17,119 - nerf2 - INFO - Median error:6.01
2024-04-21 19:45:17,163 - nerf2 - INFO - Median error:3.10
2024-04-21 19:45:17,207 - nerf2 - INFO - Median error:4.71
2024-04-21 19:45:17,250 - nerf2 - INFO - Median error:4.58
2024-04-21 19:45:17,293 - nerf2 - INFO - Median error:4.37
2024-04-21 19:45:17,336 - nerf2 - INFO - Median error:4.71
2024-04-21 19:45:17,379 - nerf2 - INFO - Median error:5.16
2024-04-21 19:45:17,423 - nerf2 - INFO - Median error:4.27
2024-04-21 19:45:17,466 - nerf2 - INFO - Median error:3.95
2024-04-21 19:45:17,510 - nerf2 - INFO - Median error:5.76
2024-04-21 19:45:17,554 - nerf2 - INFO - Median error:5.85
2024-04-21 19:45:17,597 - nerf2 - INFO - Median error:5.33
2024-04-21 19:45:17,640 - nerf2 - INFO - Median error:5.13
2024-04-21 19:45:17,683 - nerf2 - INFO - Median error:6.70
2024-04-21 19:45:17,727 - nerf2 - INFO - Median error:6.23
2024-04-21 19:45:17,770 - nerf2 - INFO - Median error:4.11
2024-04-21 19:45:17,814 - nerf2 - INFO - Median error:3.94
2024-04-21 19:45:17,857 - nerf2 - INFO - Median error:4.67
2024-04-21 19:45:17,901 - nerf2 - INFO - Median error:5.21
2024-04-21 19:45:17,944 - nerf2 - INFO - Median error:5.43
2024-04-21 19:45:17,987 - nerf2 - INFO - Median error:5.58
2024-04-21 19:45:18,030 - nerf2 - INFO - Median error:5.27
2024-04-21 19:45:18,074 - nerf2 - INFO - Median error:4.94
2024-04-21 19:45:18,118 - nerf2 - INFO - Median error:4.98
2024-04-21 19:45:18,161 - nerf2 - INFO - Median error:7.18
2024-04-21 19:45:18,204 - nerf2 - INFO - Median error:3.72
2024-04-21 19:45:18,248 - nerf2 - INFO - Median error:4.65
2024-04-21 19:45:18,291 - nerf2 - INFO - Median error:3.56
2024-04-21 19:45:18,334 - nerf2 - INFO - Median error:4.96
2024-04-21 19:45:18,377 - nerf2 - INFO - Median error:6.18
2024-04-21 19:45:18,421 - nerf2 - INFO - Median error:4.49
2024-04-21 19:45:18,464 - nerf2 - INFO - Median error:3.90
2024-04-21 19:45:18,508 - nerf2 - INFO - Median error:2.88
2024-04-21 19:45:18,551 - nerf2 - INFO - Median error:5.02
2024-04-21 19:45:18,595 - nerf2 - INFO - Median error:5.49
2024-04-21 19:45:18,638 - nerf2 - INFO - Median error:4.05
2024-04-21 19:45:18,681 - nerf2 - INFO - Median error:5.56
2024-04-21 19:45:18,725 - nerf2 - INFO - Median error:4.37
2024-04-21 19:45:18,768 - nerf2 - INFO - Median error:4.07
2024-04-21 19:45:18,812 - nerf2 - INFO - Median error:4.84
2024-04-21 19:45:18,855 - nerf2 - INFO - Median error:4.40
2024-04-21 19:45:18,898 - nerf2 - INFO - Median error:4.73
2024-04-21 19:45:18,941 - nerf2 - INFO - Median error:6.32
2024-04-21 19:45:18,985 - nerf2 - INFO - Median error:4.54
2024-04-21 19:45:19,028 - nerf2 - INFO - Median error:4.01
2024-04-21 19:45:19,072 - nerf2 - INFO - Median error:4.29
2024-04-21 19:45:19,116 - nerf2 - INFO - Median error:4.93
2024-04-21 19:45:19,159 - nerf2 - INFO - Median error:4.92
2024-04-21 19:45:19,203 - nerf2 - INFO - Median error:5.08
2024-04-21 19:45:19,247 - nerf2 - INFO - Median error:4.82
2024-04-21 19:45:19,290 - nerf2 - INFO - Median error:4.16
2024-04-21 19:45:19,334 - nerf2 - INFO - Median error:6.38
2024-04-21 19:45:19,377 - nerf2 - INFO - Median error:3.18
2024-04-21 19:45:19,421 - nerf2 - INFO - Median error:5.38
2024-04-21 19:45:19,464 - nerf2 - INFO - Median error:4.47
2024-04-21 19:45:19,508 - nerf2 - INFO - Median error:4.27
2024-04-21 19:45:19,551 - nerf2 - INFO - Median error:4.25
2024-04-21 19:45:19,594 - nerf2 - INFO - Median error:3.95
2024-04-21 19:45:19,638 - nerf2 - INFO - Median error:5.56
2024-04-21 19:45:19,682 - nerf2 - INFO - Median error:5.06
2024-04-21 19:45:19,725 - nerf2 - INFO - Median error:4.04
2024-04-21 19:45:19,768 - nerf2 - INFO - Median error:5.47
2024-04-21 19:45:19,812 - nerf2 - INFO - Median error:5.48
2024-04-21 19:45:19,855 - nerf2 - INFO - Median error:4.77
2024-04-21 19:45:19,898 - nerf2 - INFO - Median error:5.51
2024-04-21 19:45:19,942 - nerf2 - INFO - Median error:3.51
2024-04-21 19:45:19,985 - nerf2 - INFO - Median error:3.94
2024-04-21 19:45:20,029 - nerf2 - INFO - Median error:4.53
2024-04-21 19:45:20,072 - nerf2 - INFO - Median error:5.97
2024-04-21 19:45:20,115 - nerf2 - INFO - Median error:4.16
2024-04-21 19:45:20,158 - nerf2 - INFO - Median error:4.24
2024-04-21 19:45:20,202 - nerf2 - INFO - Median error:3.13
2024-04-21 19:45:20,245 - nerf2 - INFO - Median error:4.82
2024-04-21 19:45:20,289 - nerf2 - INFO - Median error:5.38
2024-04-21 19:45:20,333 - nerf2 - INFO - Median error:5.83
2024-04-21 19:45:20,376 - nerf2 - INFO - Median error:3.71
2024-04-21 19:45:20,419 - nerf2 - INFO - Median error:4.80
2024-04-21 19:45:20,463 - nerf2 - INFO - Median error:4.46
2024-04-21 19:45:20,506 - nerf2 - INFO - Median error:4.10
2024-04-21 19:45:20,549 - nerf2 - INFO - Median error:7.18
2024-04-21 19:45:20,592 - nerf2 - INFO - Median error:4.41
2024-04-21 19:45:20,646 - nerf2 - INFO - Median error:4.58
2024-04-21 19:45:20,689 - nerf2 - INFO - Median error:4.37
2024-04-21 19:45:20,733 - nerf2 - INFO - Median error:4.51
2024-04-21 19:45:20,777 - nerf2 - INFO - Median error:4.32
2024-04-21 19:45:20,820 - nerf2 - INFO - Median error:4.94
2024-04-21 19:45:20,864 - nerf2 - INFO - Median error:3.74
2024-04-21 19:45:20,908 - nerf2 - INFO - Median error:3.97
2024-04-21 19:45:20,951 - nerf2 - INFO - Median error:5.64
2024-04-21 19:45:20,994 - nerf2 - INFO - Median error:4.46
2024-04-21 19:45:21,037 - nerf2 - INFO - Median error:4.45
2024-04-21 19:45:21,081 - nerf2 - INFO - Median error:5.03
2024-04-21 19:45:21,125 - nerf2 - INFO - Median error:3.28
2024-04-21 19:45:21,169 - nerf2 - INFO - Median error:5.80
2024-04-21 19:45:21,213 - nerf2 - INFO - Median error:3.94
2024-04-21 19:45:21,256 - nerf2 - INFO - Median error:5.18
2024-04-21 19:45:21,299 - nerf2 - INFO - Median error:5.02
2024-04-21 19:45:21,342 - nerf2 - INFO - Median error:4.21
2024-04-21 19:45:21,386 - nerf2 - INFO - Median error:5.13
2024-04-21 19:45:21,430 - nerf2 - INFO - Median error:5.60
2024-04-21 19:45:21,473 - nerf2 - INFO - Median error:6.11
2024-04-21 19:45:21,517 - nerf2 - INFO - Median error:4.13
2024-04-21 19:45:21,560 - nerf2 - INFO - Median error:6.01
2024-04-21 19:45:21,604 - nerf2 - INFO - Median error:4.16
2024-04-21 19:45:21,664 - nerf2 - INFO - Median error:5.00
2024-04-21 19:45:21,707 - nerf2 - INFO - Median error:6.31
2024-04-21 19:45:21,751 - nerf2 - INFO - Median error:4.11
2024-04-21 19:45:21,795 - nerf2 - INFO - Median error:7.83
2024-04-21 19:45:21,839 - nerf2 - INFO - Median error:4.23
2024-04-21 19:45:21,882 - nerf2 - INFO - Median error:5.22
2024-04-21 19:45:21,926 - nerf2 - INFO - Median error:3.67
2024-04-21 19:45:21,969 - nerf2 - INFO - Median error:4.68
2024-04-21 19:45:22,022 - nerf2 - INFO - Median error:3.26
2024-04-21 19:45:22,066 - nerf2 - INFO - Median error:5.91
2024-04-21 19:45:22,109 - nerf2 - INFO - Median error:5.03
2024-04-21 19:45:22,152 - nerf2 - INFO - Median error:3.15
2024-04-21 19:45:22,196 - nerf2 - INFO - Median error:3.68
2024-04-21 19:45:22,240 - nerf2 - INFO - Median error:3.92
2024-04-21 19:45:22,283 - nerf2 - INFO - Median error:7.10
2024-04-21 19:45:22,327 - nerf2 - INFO - Median error:5.16
2024-04-21 19:45:22,371 - nerf2 - INFO - Median error:5.01
2024-04-21 19:45:22,414 - nerf2 - INFO - Median error:4.30
2024-04-21 19:45:22,457 - nerf2 - INFO - Median error:4.95
2024-04-21 19:45:22,501 - nerf2 - INFO - Median error:3.74
2024-04-21 19:45:22,544 - nerf2 - INFO - Median error:3.76
2024-04-21 19:45:22,588 - nerf2 - INFO - Median error:4.19
2024-04-21 19:45:22,632 - nerf2 - INFO - Median error:4.95
2024-04-21 19:45:22,675 - nerf2 - INFO - Median error:3.47
2024-04-21 19:45:22,719 - nerf2 - INFO - Median error:5.92
2024-04-21 19:45:22,762 - nerf2 - INFO - Median error:3.34
2024-04-21 19:45:22,805 - nerf2 - INFO - Median error:6.29
2024-04-21 19:45:22,849 - nerf2 - INFO - Median error:4.04
2024-04-21 19:45:22,893 - nerf2 - INFO - Median error:4.00
2024-04-21 19:45:22,937 - nerf2 - INFO - Median error:6.27
2024-04-21 19:45:22,981 - nerf2 - INFO - Median error:5.29
2024-04-21 19:45:23,024 - nerf2 - INFO - Median error:4.54
2024-04-21 19:45:23,067 - nerf2 - INFO - Median error:3.67
2024-04-21 19:45:23,111 - nerf2 - INFO - Median error:4.11
2024-04-21 19:45:23,155 - nerf2 - INFO - Median error:4.67
2024-04-21 19:45:23,199 - nerf2 - INFO - Median error:6.63
2024-04-21 19:45:23,242 - nerf2 - INFO - Median error:3.49
2024-04-21 19:45:23,286 - nerf2 - INFO - Median error:5.99
2024-04-21 19:45:23,329 - nerf2 - INFO - Median error:4.47
2024-04-21 19:45:23,373 - nerf2 - INFO - Median error:4.56
2024-04-21 19:45:23,416 - nerf2 - INFO - Median error:6.41
2024-04-21 19:45:23,460 - nerf2 - INFO - Median error:5.40
2024-04-21 19:45:23,504 - nerf2 - INFO - Median error:4.97
2024-04-21 19:45:23,548 - nerf2 - INFO - Median error:7.02
2024-04-21 19:45:23,591 - nerf2 - INFO - Median error:6.27
2024-04-21 19:45:23,634 - nerf2 - INFO - Median error:5.65
2024-04-21 19:45:23,677 - nerf2 - INFO - Median error:5.53
2024-04-21 19:45:23,721 - nerf2 - INFO - Median error:4.40
2024-04-21 19:45:23,765 - nerf2 - INFO - Median error:5.29
2024-04-21 19:45:23,809 - nerf2 - INFO - Median error:4.27
2024-04-21 19:45:23,852 - nerf2 - INFO - Median error:4.49
2024-04-21 19:45:23,896 - nerf2 - INFO - Median error:4.92
2024-04-21 19:45:23,939 - nerf2 - INFO - Median error:4.45
2024-04-21 19:45:23,974 - nerf2 - INFO - Median error:3.90
2024-04-21 19:45:23,991 - nerf2 - INFO - Total Median error:4.74
