2024-04-21 21:24:28,146 - nerf2 - INFO - expname:ble-rssi-exp2-v1-zeroshot-minusz-half, datadir:data/BLE/, logdir:logs/BLE/
2024-04-21 21:24:28,610 - nerf2 - INFO - Total number of parameters: 690564
2024-04-21 21:24:28,612 - nerf2 - INFO - Found ckpts []
2024-04-21 21:24:28,612 - nerf2 - INFO - Loading training set...
2024-04-21 21:24:30,492 - nerf2 - INFO - Loading test set...
2024-04-21 21:24:31,233 - nerf2 - INFO - Train set size:31045, Test set size:10955
2024-04-21 21:24:31,233 - nerf2 - INFO - Start training. Current Iteration:1
2024-04-21 22:05:50,615 - nerf2 - INFO - expname:ble-rssi-exp2-v1-zeroshot-minusz-half, datadir:data/BLE/, logdir:logs/BLE/
2024-04-21 22:05:51,094 - nerf2 - INFO - Total number of parameters: 690564
2024-04-21 22:05:51,095 - nerf2 - INFO - Found ckpts ['logs/BLE/ble-rssi-exp2-v1-zeroshot-minusz-half/ckpts/029800.tar', 'logs/BLE/ble-rssi-exp2-v1-zeroshot-minusz-half/ckpts/029900.tar', 'logs/BLE/ble-rssi-exp2-v1-zeroshot-minusz-half/ckpts/030000.tar']
2024-04-21 22:05:51,096 - nerf2 - INFO - Loading ckpt logs/BLE/ble-rssi-exp2-v1-zeroshot-minusz-half/ckpts/030000.tar
2024-04-21 22:05:51,115 - nerf2 - INFO - Loading training set...
2024-04-21 22:05:52,987 - nerf2 - INFO - Loading test set...
2024-04-21 22:05:53,798 - nerf2 - INFO - Train set size:31045, Test set size:10955
2024-04-21 22:05:53,798 - nerf2 - INFO - Start evaluation
2024-04-21 22:05:53,799 - nerf2 - INFO - Writing result to logs/BLE/ble-rssi-exp2-v1-zeroshot-minusz-half/result.txt...
2024-04-21 22:05:54,115 - nerf2 - INFO - Median error:8.01
2024-04-21 22:05:54,148 - nerf2 - INFO - Median error:3.79
2024-04-21 22:05:54,181 - nerf2 - INFO - Median error:4.51
2024-04-21 22:05:54,213 - nerf2 - INFO - Median error:6.44
2024-04-21 22:05:54,245 - nerf2 - INFO - Median error:7.66
2024-04-21 22:05:54,277 - nerf2 - INFO - Median error:5.82
2024-04-21 22:05:54,310 - nerf2 - INFO - Median error:5.01
2024-04-21 22:05:54,342 - nerf2 - INFO - Median error:5.87
2024-04-21 22:05:54,374 - nerf2 - INFO - Median error:6.56
2024-04-21 22:05:54,406 - nerf2 - INFO - Median error:4.65
2024-04-21 22:05:54,438 - nerf2 - INFO - Median error:4.77
2024-04-21 22:05:54,470 - nerf2 - INFO - Median error:5.72
2024-04-21 22:05:54,503 - nerf2 - INFO - Median error:4.56
2024-04-21 22:05:54,535 - nerf2 - INFO - Median error:4.68
2024-04-21 22:05:54,567 - nerf2 - INFO - Median error:5.30
2024-04-21 22:05:54,599 - nerf2 - INFO - Median error:6.25
2024-04-21 22:05:54,632 - nerf2 - INFO - Median error:5.89
2024-04-21 22:05:54,664 - nerf2 - INFO - Median error:6.84
2024-04-21 22:05:54,696 - nerf2 - INFO - Median error:4.77
2024-04-21 22:05:54,728 - nerf2 - INFO - Median error:5.76
2024-04-21 22:05:54,760 - nerf2 - INFO - Median error:4.08
2024-04-21 22:05:54,792 - nerf2 - INFO - Median error:6.45
2024-04-21 22:05:54,824 - nerf2 - INFO - Median error:5.89
2024-04-21 22:05:54,856 - nerf2 - INFO - Median error:7.54
2024-04-21 22:05:54,889 - nerf2 - INFO - Median error:8.15
2024-04-21 22:05:54,921 - nerf2 - INFO - Median error:4.09
2024-04-21 22:05:54,953 - nerf2 - INFO - Median error:4.10
2024-04-21 22:05:54,985 - nerf2 - INFO - Median error:5.41
2024-04-21 22:05:55,017 - nerf2 - INFO - Median error:5.08
2024-04-21 22:05:55,049 - nerf2 - INFO - Median error:5.24
2024-04-21 22:05:55,081 - nerf2 - INFO - Median error:5.90
2024-04-21 22:05:55,114 - nerf2 - INFO - Median error:5.78
2024-04-21 22:05:55,146 - nerf2 - INFO - Median error:4.50
2024-04-21 22:05:55,178 - nerf2 - INFO - Median error:8.64
2024-04-21 22:05:55,210 - nerf2 - INFO - Median error:4.90
2024-04-21 22:05:55,242 - nerf2 - INFO - Median error:4.67
2024-04-21 22:05:55,275 - nerf2 - INFO - Median error:6.22
2024-04-21 22:05:55,307 - nerf2 - INFO - Median error:9.30
2024-04-21 22:05:55,339 - nerf2 - INFO - Median error:9.80
2024-04-21 22:05:55,371 - nerf2 - INFO - Median error:5.23
2024-04-21 22:05:55,403 - nerf2 - INFO - Median error:8.46
2024-04-21 22:05:55,435 - nerf2 - INFO - Median error:5.05
2024-04-21 22:05:55,468 - nerf2 - INFO - Median error:8.28
2024-04-21 22:05:55,500 - nerf2 - INFO - Median error:7.47
2024-04-21 22:05:55,532 - nerf2 - INFO - Median error:3.83
2024-04-21 22:05:55,564 - nerf2 - INFO - Median error:5.90
2024-04-21 22:05:55,596 - nerf2 - INFO - Median error:4.77
2024-04-21 22:05:55,628 - nerf2 - INFO - Median error:4.85
2024-04-21 22:05:55,660 - nerf2 - INFO - Median error:6.49
2024-04-21 22:05:55,692 - nerf2 - INFO - Median error:6.37
2024-04-21 22:05:55,724 - nerf2 - INFO - Median error:7.60
2024-04-21 22:05:55,756 - nerf2 - INFO - Median error:5.47
2024-04-21 22:05:55,789 - nerf2 - INFO - Median error:5.68
2024-04-21 22:05:55,821 - nerf2 - INFO - Median error:4.31
2024-04-21 22:05:55,853 - nerf2 - INFO - Median error:6.77
2024-04-21 22:05:55,885 - nerf2 - INFO - Median error:4.78
2024-04-21 22:05:55,917 - nerf2 - INFO - Median error:6.84
2024-04-21 22:05:55,949 - nerf2 - INFO - Median error:4.84
2024-04-21 22:05:55,981 - nerf2 - INFO - Median error:5.55
2024-04-21 22:05:56,013 - nerf2 - INFO - Median error:5.17
2024-04-21 22:05:56,046 - nerf2 - INFO - Median error:4.04
2024-04-21 22:05:56,078 - nerf2 - INFO - Median error:5.09
2024-04-21 22:05:56,110 - nerf2 - INFO - Median error:8.39
2024-04-21 22:05:56,142 - nerf2 - INFO - Median error:5.03
2024-04-21 22:05:56,174 - nerf2 - INFO - Median error:11.51
2024-04-21 22:05:56,206 - nerf2 - INFO - Median error:4.98
2024-04-21 22:05:56,239 - nerf2 - INFO - Median error:8.03
2024-04-21 22:05:56,271 - nerf2 - INFO - Median error:9.92
2024-04-21 22:05:56,303 - nerf2 - INFO - Median error:6.53
2024-04-21 22:05:56,335 - nerf2 - INFO - Median error:5.39
2024-04-21 22:05:56,367 - nerf2 - INFO - Median error:4.66
2024-04-21 22:05:56,399 - nerf2 - INFO - Median error:7.14
2024-04-21 22:05:56,431 - nerf2 - INFO - Median error:4.78
2024-04-21 22:05:56,463 - nerf2 - INFO - Median error:5.67
2024-04-21 22:05:56,496 - nerf2 - INFO - Median error:5.56
2024-04-21 22:05:56,528 - nerf2 - INFO - Median error:4.81
2024-04-21 22:05:56,560 - nerf2 - INFO - Median error:6.08
2024-04-21 22:05:56,592 - nerf2 - INFO - Median error:5.58
2024-04-21 22:05:56,624 - nerf2 - INFO - Median error:5.20
2024-04-21 22:05:56,657 - nerf2 - INFO - Median error:9.37
2024-04-21 22:05:56,689 - nerf2 - INFO - Median error:7.53
2024-04-21 22:05:56,721 - nerf2 - INFO - Median error:7.26
2024-04-21 22:05:56,753 - nerf2 - INFO - Median error:4.68
2024-04-21 22:05:56,785 - nerf2 - INFO - Median error:6.37
2024-04-21 22:05:56,817 - nerf2 - INFO - Median error:5.84
2024-04-21 22:05:56,838 - nerf2 - INFO - Median error:4.85
2024-04-21 22:05:56,840 - nerf2 - INFO - Writing result to logs/BLE/ble-rssi-exp2-v1-zeroshot-minusz-half/result_pos.txt...
2024-04-21 22:05:56,872 - nerf2 - INFO - Median error:8.01
2024-04-21 22:05:56,910 - nerf2 - INFO - Median error:3.79
2024-04-21 22:05:56,948 - nerf2 - INFO - Median error:4.51
2024-04-21 22:05:56,985 - nerf2 - INFO - Median error:6.44
2024-04-21 22:05:57,023 - nerf2 - INFO - Median error:7.66
2024-04-21 22:05:57,060 - nerf2 - INFO - Median error:5.82
2024-04-21 22:05:57,098 - nerf2 - INFO - Median error:5.01
2024-04-21 22:05:57,136 - nerf2 - INFO - Median error:5.87
2024-04-21 22:05:57,173 - nerf2 - INFO - Median error:6.56
2024-04-21 22:05:57,211 - nerf2 - INFO - Median error:4.65
2024-04-21 22:05:57,248 - nerf2 - INFO - Median error:4.77
2024-04-21 22:05:57,286 - nerf2 - INFO - Median error:5.72
2024-04-21 22:05:57,324 - nerf2 - INFO - Median error:4.56
2024-04-21 22:05:57,361 - nerf2 - INFO - Median error:4.68
2024-04-21 22:05:57,399 - nerf2 - INFO - Median error:5.30
2024-04-21 22:05:57,437 - nerf2 - INFO - Median error:6.25
2024-04-21 22:05:57,475 - nerf2 - INFO - Median error:5.89
2024-04-21 22:05:57,512 - nerf2 - INFO - Median error:6.84
2024-04-21 22:05:57,550 - nerf2 - INFO - Median error:4.77
2024-04-21 22:05:57,588 - nerf2 - INFO - Median error:5.76
2024-04-21 22:05:57,625 - nerf2 - INFO - Median error:4.08
2024-04-21 22:05:57,663 - nerf2 - INFO - Median error:6.45
2024-04-21 22:05:57,701 - nerf2 - INFO - Median error:5.89
2024-04-21 22:05:57,738 - nerf2 - INFO - Median error:7.54
2024-04-21 22:05:57,776 - nerf2 - INFO - Median error:8.15
2024-04-21 22:05:57,814 - nerf2 - INFO - Median error:4.09
2024-04-21 22:05:57,851 - nerf2 - INFO - Median error:4.10
2024-04-21 22:05:57,889 - nerf2 - INFO - Median error:5.41
2024-04-21 22:05:57,927 - nerf2 - INFO - Median error:5.08
2024-04-21 22:05:57,964 - nerf2 - INFO - Median error:5.24
2024-04-21 22:05:58,002 - nerf2 - INFO - Median error:5.90
2024-04-21 22:05:58,040 - nerf2 - INFO - Median error:5.78
2024-04-21 22:05:58,077 - nerf2 - INFO - Median error:4.50
2024-04-21 22:05:58,115 - nerf2 - INFO - Median error:8.64
2024-04-21 22:05:58,153 - nerf2 - INFO - Median error:4.90
2024-04-21 22:05:58,190 - nerf2 - INFO - Median error:4.67
2024-04-21 22:05:58,228 - nerf2 - INFO - Median error:6.22
2024-04-21 22:05:58,265 - nerf2 - INFO - Median error:9.30
2024-04-21 22:05:58,303 - nerf2 - INFO - Median error:9.80
2024-04-21 22:05:58,341 - nerf2 - INFO - Median error:5.23
2024-04-21 22:05:58,378 - nerf2 - INFO - Median error:8.46
2024-04-21 22:05:58,416 - nerf2 - INFO - Median error:5.05
2024-04-21 22:05:58,454 - nerf2 - INFO - Median error:8.28
2024-04-21 22:05:58,491 - nerf2 - INFO - Median error:7.47
2024-04-21 22:05:58,529 - nerf2 - INFO - Median error:3.83
2024-04-21 22:05:58,566 - nerf2 - INFO - Median error:5.90
2024-04-21 22:05:58,604 - nerf2 - INFO - Median error:4.77
2024-04-21 22:05:58,642 - nerf2 - INFO - Median error:4.85
2024-04-21 22:05:58,680 - nerf2 - INFO - Median error:6.49
2024-04-21 22:05:58,717 - nerf2 - INFO - Median error:6.37
2024-04-21 22:05:58,755 - nerf2 - INFO - Median error:7.60
2024-04-21 22:05:58,793 - nerf2 - INFO - Median error:5.47
2024-04-21 22:05:58,830 - nerf2 - INFO - Median error:5.68
2024-04-21 22:05:58,868 - nerf2 - INFO - Median error:4.31
2024-04-21 22:05:58,905 - nerf2 - INFO - Median error:6.77
2024-04-21 22:05:58,943 - nerf2 - INFO - Median error:4.78
2024-04-21 22:05:58,981 - nerf2 - INFO - Median error:6.84
2024-04-21 22:05:59,019 - nerf2 - INFO - Median error:4.84
2024-04-21 22:05:59,056 - nerf2 - INFO - Median error:5.55
2024-04-21 22:05:59,094 - nerf2 - INFO - Median error:5.17
2024-04-21 22:05:59,132 - nerf2 - INFO - Median error:4.04
2024-04-21 22:05:59,169 - nerf2 - INFO - Median error:5.09
2024-04-21 22:05:59,207 - nerf2 - INFO - Median error:8.39
2024-04-21 22:05:59,245 - nerf2 - INFO - Median error:5.03
2024-04-21 22:05:59,282 - nerf2 - INFO - Median error:11.51
2024-04-21 22:05:59,320 - nerf2 - INFO - Median error:4.98
2024-04-21 22:05:59,358 - nerf2 - INFO - Median error:8.03
2024-04-21 22:05:59,395 - nerf2 - INFO - Median error:9.92
2024-04-21 22:05:59,433 - nerf2 - INFO - Median error:6.53
2024-04-21 22:05:59,471 - nerf2 - INFO - Median error:5.39
2024-04-21 22:05:59,508 - nerf2 - INFO - Median error:4.66
2024-04-21 22:05:59,546 - nerf2 - INFO - Median error:7.14
2024-04-21 22:05:59,583 - nerf2 - INFO - Median error:4.78
2024-04-21 22:05:59,621 - nerf2 - INFO - Median error:5.67
2024-04-21 22:05:59,659 - nerf2 - INFO - Median error:5.56
2024-04-21 22:05:59,696 - nerf2 - INFO - Median error:4.81
2024-04-21 22:05:59,734 - nerf2 - INFO - Median error:6.08
2024-04-21 22:05:59,772 - nerf2 - INFO - Median error:5.58
2024-04-21 22:05:59,810 - nerf2 - INFO - Median error:5.20
2024-04-21 22:05:59,847 - nerf2 - INFO - Median error:9.37
2024-04-21 22:05:59,885 - nerf2 - INFO - Median error:7.53
2024-04-21 22:05:59,923 - nerf2 - INFO - Median error:7.26
2024-04-21 22:05:59,960 - nerf2 - INFO - Median error:4.68
2024-04-21 22:05:59,998 - nerf2 - INFO - Median error:6.37
2024-04-21 22:06:00,035 - nerf2 - INFO - Median error:5.84
2024-04-21 22:06:00,061 - nerf2 - INFO - Median error:4.85
2024-04-21 22:06:00,099 - nerf2 - INFO - Total Median error:5.78
