2024-04-16 23:30:41,058 - nerf2 - INFO - expname:ble-rssi-exp2-v0-595-posz-whole, datadir:data/BLE/, logdir:logs/BLE/
2024-04-16 23:30:41,504 - nerf2 - INFO - Total number of parameters: 690564
2024-04-16 23:30:41,506 - nerf2 - INFO - Found ckpts []
2024-04-16 23:30:41,506 - nerf2 - INFO - Loading training set...
2024-04-16 23:30:41,725 - nerf2 - INFO - Loading test set...
2024-04-16 23:30:43,979 - nerf2 - INFO - Train set size:2100, Test set size:39900
2024-04-16 23:30:43,979 - nerf2 - INFO - Start training. Current Iteration:1
2024-04-17 00:04:23,622 - nerf2 - INFO - expname:ble-rssi-exp2-v0-595-posz-whole, datadir:data/BLE/, logdir:logs/BLE/
2024-04-17 00:04:24,068 - nerf2 - INFO - Total number of parameters: 690564
2024-04-17 00:04:24,070 - nerf2 - INFO - Found ckpts ['logs/BLE/ble-rssi-exp2-v0-595-posz-whole/ckpts/029800.tar', 'logs/BLE/ble-rssi-exp2-v0-595-posz-whole/ckpts/029900.tar', 'logs/BLE/ble-rssi-exp2-v0-595-posz-whole/ckpts/030000.tar']
2024-04-17 00:04:24,070 - nerf2 - INFO - Loading ckpt logs/BLE/ble-rssi-exp2-v0-595-posz-whole/ckpts/030000.tar
2024-04-17 00:04:24,092 - nerf2 - INFO - Loading training set...
2024-04-17 00:04:24,392 - nerf2 - INFO - Loading test set...
2024-04-17 00:04:26,843 - nerf2 - INFO - Train set size:2100, Test set size:39900
2024-04-17 00:04:26,844 - nerf2 - INFO - Start evaluation
2024-04-17 00:04:27,274 - nerf2 - INFO - Median error:3.76
2024-04-17 00:04:27,321 - nerf2 - INFO - Median error:4.40
2024-04-17 00:04:27,355 - nerf2 - INFO - Median error:4.27
2024-04-17 00:04:27,389 - nerf2 - INFO - Median error:7.07
2024-04-17 00:04:27,423 - nerf2 - INFO - Median error:4.42
2024-04-17 00:04:27,457 - nerf2 - INFO - Median error:4.33
2024-04-17 00:04:27,490 - nerf2 - INFO - Median error:5.37
2024-04-17 00:04:27,524 - nerf2 - INFO - Median error:4.52
2024-04-17 00:04:27,558 - nerf2 - INFO - Median error:4.94
2024-04-17 00:04:27,592 - nerf2 - INFO - Median error:4.91
2024-04-17 00:04:27,626 - nerf2 - INFO - Median error:4.70
2024-04-17 00:04:27,660 - nerf2 - INFO - Median error:7.00
2024-04-17 00:04:27,694 - nerf2 - INFO - Median error:5.43
2024-04-17 00:04:27,728 - nerf2 - INFO - Median error:4.51
2024-04-17 00:04:27,762 - nerf2 - INFO - Median error:5.05
2024-04-17 00:04:27,796 - nerf2 - INFO - Median error:5.22
2024-04-17 00:04:27,829 - nerf2 - INFO - Median error:6.28
2024-04-17 00:04:27,863 - nerf2 - INFO - Median error:6.10
2024-04-17 00:04:27,897 - nerf2 - INFO - Median error:4.10
2024-04-17 00:04:27,931 - nerf2 - INFO - Median error:4.86
2024-04-17 00:04:27,965 - nerf2 - INFO - Median error:6.91
2024-04-17 00:04:27,999 - nerf2 - INFO - Median error:6.79
2024-04-17 00:04:28,033 - nerf2 - INFO - Median error:5.02
2024-04-17 00:04:28,067 - nerf2 - INFO - Median error:4.67
2024-04-17 00:04:28,101 - nerf2 - INFO - Median error:5.07
2024-04-17 00:04:28,135 - nerf2 - INFO - Median error:4.04
2024-04-17 00:04:28,168 - nerf2 - INFO - Median error:5.97
2024-04-17 00:04:28,202 - nerf2 - INFO - Median error:4.40
2024-04-17 00:04:28,236 - nerf2 - INFO - Median error:4.46
2024-04-17 00:04:28,270 - nerf2 - INFO - Median error:5.16
2024-04-17 00:04:28,304 - nerf2 - INFO - Median error:5.48
2024-04-17 00:04:28,338 - nerf2 - INFO - Median error:4.47
2024-04-17 00:04:28,372 - nerf2 - INFO - Median error:5.70
2024-04-17 00:04:28,406 - nerf2 - INFO - Median error:6.39
2024-04-17 00:04:28,440 - nerf2 - INFO - Median error:5.40
2024-04-17 00:04:28,474 - nerf2 - INFO - Median error:4.28
2024-04-17 00:04:28,508 - nerf2 - INFO - Median error:3.56
2024-04-17 00:04:28,542 - nerf2 - INFO - Median error:6.40
2024-04-17 00:04:28,575 - nerf2 - INFO - Median error:4.87
2024-04-17 00:04:28,609 - nerf2 - INFO - Median error:6.01
2024-04-17 00:04:28,643 - nerf2 - INFO - Median error:6.43
2024-04-17 00:04:28,677 - nerf2 - INFO - Median error:8.57
2024-04-17 00:04:28,711 - nerf2 - INFO - Median error:4.15
2024-04-17 00:04:28,745 - nerf2 - INFO - Median error:4.63
2024-04-17 00:04:28,779 - nerf2 - INFO - Median error:8.37
2024-04-17 00:04:28,813 - nerf2 - INFO - Median error:6.35
2024-04-17 00:04:28,847 - nerf2 - INFO - Median error:3.83
2024-04-17 00:04:28,881 - nerf2 - INFO - Median error:4.97
2024-04-17 00:04:28,915 - nerf2 - INFO - Median error:5.00
2024-04-17 00:04:28,948 - nerf2 - INFO - Median error:4.83
2024-04-17 00:04:28,982 - nerf2 - INFO - Median error:6.89
2024-04-17 00:04:29,016 - nerf2 - INFO - Median error:4.52
2024-04-17 00:04:29,050 - nerf2 - INFO - Median error:4.66
2024-04-17 00:04:29,084 - nerf2 - INFO - Median error:4.84
2024-04-17 00:04:29,118 - nerf2 - INFO - Median error:5.54
2024-04-17 00:04:29,152 - nerf2 - INFO - Median error:7.10
2024-04-17 00:04:29,186 - nerf2 - INFO - Median error:5.70
2024-04-17 00:04:29,220 - nerf2 - INFO - Median error:5.29
2024-04-17 00:04:29,254 - nerf2 - INFO - Median error:5.06
2024-04-17 00:04:29,288 - nerf2 - INFO - Median error:5.76
2024-04-17 00:04:29,322 - nerf2 - INFO - Median error:6.39
2024-04-17 00:04:29,355 - nerf2 - INFO - Median error:8.12
2024-04-17 00:04:29,389 - nerf2 - INFO - Median error:4.93
2024-04-17 00:04:29,423 - nerf2 - INFO - Median error:5.20
2024-04-17 00:04:29,457 - nerf2 - INFO - Median error:4.73
2024-04-17 00:04:29,491 - nerf2 - INFO - Median error:5.31
2024-04-17 00:04:29,525 - nerf2 - INFO - Median error:6.11
2024-04-17 00:04:29,559 - nerf2 - INFO - Median error:5.01
2024-04-17 00:04:29,593 - nerf2 - INFO - Median error:4.69
2024-04-17 00:04:29,627 - nerf2 - INFO - Median error:4.44
2024-04-17 00:04:29,661 - nerf2 - INFO - Median error:5.30
2024-04-17 00:04:29,695 - nerf2 - INFO - Median error:5.47
2024-04-17 00:04:29,728 - nerf2 - INFO - Median error:7.13
2024-04-17 00:04:29,762 - nerf2 - INFO - Median error:5.09
2024-04-17 00:04:29,796 - nerf2 - INFO - Median error:5.63
2024-04-17 00:04:29,830 - nerf2 - INFO - Median error:4.39
2024-04-17 00:04:29,864 - nerf2 - INFO - Median error:4.79
2024-04-17 00:04:29,898 - nerf2 - INFO - Median error:6.08
2024-04-17 00:04:29,932 - nerf2 - INFO - Median error:5.52
2024-04-17 00:04:29,966 - nerf2 - INFO - Median error:4.37
2024-04-17 00:04:30,000 - nerf2 - INFO - Median error:5.81
2024-04-17 00:04:30,034 - nerf2 - INFO - Median error:3.92
2024-04-17 00:04:30,068 - nerf2 - INFO - Median error:4.89
2024-04-17 00:04:30,102 - nerf2 - INFO - Median error:4.87
2024-04-17 00:04:30,135 - nerf2 - INFO - Median error:4.26
2024-04-17 00:04:30,169 - nerf2 - INFO - Median error:4.33
2024-04-17 00:04:30,203 - nerf2 - INFO - Median error:5.10
2024-04-17 00:04:30,237 - nerf2 - INFO - Median error:4.60
2024-04-17 00:04:30,271 - nerf2 - INFO - Median error:4.48
2024-04-17 00:04:30,305 - nerf2 - INFO - Median error:6.60
2024-04-17 00:04:30,339 - nerf2 - INFO - Median error:4.92
2024-04-17 00:04:30,373 - nerf2 - INFO - Median error:4.09
2024-04-17 00:04:30,407 - nerf2 - INFO - Median error:5.21
2024-04-17 00:04:30,441 - nerf2 - INFO - Median error:7.14
2024-04-17 00:04:30,475 - nerf2 - INFO - Median error:5.03
2024-04-17 00:04:30,509 - nerf2 - INFO - Median error:7.60
2024-04-17 00:04:30,543 - nerf2 - INFO - Median error:5.50
2024-04-17 00:04:30,577 - nerf2 - INFO - Median error:5.04
2024-04-17 00:04:30,610 - nerf2 - INFO - Median error:7.02
2024-04-17 00:04:30,644 - nerf2 - INFO - Median error:6.13
2024-04-17 00:04:30,678 - nerf2 - INFO - Median error:6.11
2024-04-17 00:04:30,712 - nerf2 - INFO - Median error:5.07
2024-04-17 00:04:30,746 - nerf2 - INFO - Median error:4.57
2024-04-17 00:04:30,780 - nerf2 - INFO - Median error:4.90
2024-04-17 00:04:30,814 - nerf2 - INFO - Median error:6.49
2024-04-17 00:04:30,848 - nerf2 - INFO - Median error:4.39
2024-04-17 00:04:30,882 - nerf2 - INFO - Median error:4.96
2024-04-17 00:04:30,916 - nerf2 - INFO - Median error:5.68
2024-04-17 00:04:30,949 - nerf2 - INFO - Median error:3.94
2024-04-17 00:04:30,983 - nerf2 - INFO - Median error:6.82
2024-04-17 00:04:31,017 - nerf2 - INFO - Median error:5.80
2024-04-17 00:04:31,051 - nerf2 - INFO - Median error:4.48
2024-04-17 00:04:31,085 - nerf2 - INFO - Median error:7.44
2024-04-17 00:04:31,119 - nerf2 - INFO - Median error:4.55
2024-04-17 00:04:31,153 - nerf2 - INFO - Median error:6.00
2024-04-17 00:04:31,187 - nerf2 - INFO - Median error:5.05
2024-04-17 00:04:31,221 - nerf2 - INFO - Median error:5.47
2024-04-17 00:04:31,255 - nerf2 - INFO - Median error:6.47
2024-04-17 00:04:31,289 - nerf2 - INFO - Median error:4.47
2024-04-17 00:04:31,322 - nerf2 - INFO - Median error:4.24
2024-04-17 00:04:31,356 - nerf2 - INFO - Median error:4.62
2024-04-17 00:04:31,390 - nerf2 - INFO - Median error:4.75
2024-04-17 00:04:31,424 - nerf2 - INFO - Median error:4.29
2024-04-17 00:04:31,458 - nerf2 - INFO - Median error:3.71
2024-04-17 00:04:31,492 - nerf2 - INFO - Median error:7.07
2024-04-17 00:04:31,526 - nerf2 - INFO - Median error:4.39
2024-04-17 00:04:31,560 - nerf2 - INFO - Median error:5.30
2024-04-17 00:04:31,594 - nerf2 - INFO - Median error:5.39
2024-04-17 00:04:31,628 - nerf2 - INFO - Median error:5.16
2024-04-17 00:04:31,662 - nerf2 - INFO - Median error:3.74
2024-04-17 00:04:31,696 - nerf2 - INFO - Median error:4.71
2024-04-17 00:04:31,730 - nerf2 - INFO - Median error:7.62
2024-04-17 00:04:31,764 - nerf2 - INFO - Median error:6.15
2024-04-17 00:04:31,797 - nerf2 - INFO - Median error:4.88
2024-04-17 00:04:31,831 - nerf2 - INFO - Median error:6.49
2024-04-17 00:04:31,865 - nerf2 - INFO - Median error:7.62
2024-04-17 00:04:31,899 - nerf2 - INFO - Median error:4.62
2024-04-17 00:04:31,933 - nerf2 - INFO - Median error:4.83
2024-04-17 00:04:31,967 - nerf2 - INFO - Median error:6.07
2024-04-17 00:04:32,001 - nerf2 - INFO - Median error:5.55
2024-04-17 00:04:32,035 - nerf2 - INFO - Median error:5.26
2024-04-17 00:04:32,069 - nerf2 - INFO - Median error:3.48
2024-04-17 00:04:32,103 - nerf2 - INFO - Median error:4.68
2024-04-17 00:04:32,137 - nerf2 - INFO - Median error:4.90
2024-04-17 00:04:32,171 - nerf2 - INFO - Median error:5.41
2024-04-17 00:04:32,204 - nerf2 - INFO - Median error:6.13
2024-04-17 00:04:32,238 - nerf2 - INFO - Median error:5.44
2024-04-17 00:04:32,272 - nerf2 - INFO - Median error:6.62
2024-04-17 00:04:32,306 - nerf2 - INFO - Median error:3.93
2024-04-17 00:04:32,340 - nerf2 - INFO - Median error:4.95
2024-04-17 00:04:32,374 - nerf2 - INFO - Median error:5.62
2024-04-17 00:04:32,408 - nerf2 - INFO - Median error:5.40
2024-04-17 00:04:32,442 - nerf2 - INFO - Median error:7.38
2024-04-17 00:04:32,476 - nerf2 - INFO - Median error:4.11
2024-04-17 00:04:32,510 - nerf2 - INFO - Median error:5.45
2024-04-17 00:04:32,544 - nerf2 - INFO - Median error:4.22
2024-04-17 00:04:32,578 - nerf2 - INFO - Median error:5.25
2024-04-17 00:04:32,612 - nerf2 - INFO - Median error:4.69
2024-04-17 00:04:32,645 - nerf2 - INFO - Median error:5.91
2024-04-17 00:04:32,679 - nerf2 - INFO - Median error:4.65
2024-04-17 00:04:32,713 - nerf2 - INFO - Median error:6.31
2024-04-17 00:04:32,747 - nerf2 - INFO - Median error:4.01
2024-04-17 00:04:32,781 - nerf2 - INFO - Median error:4.87
2024-04-17 00:04:32,815 - nerf2 - INFO - Median error:4.68
2024-04-17 00:04:32,849 - nerf2 - INFO - Median error:4.13
2024-04-17 00:04:32,883 - nerf2 - INFO - Median error:5.70
2024-04-17 00:04:32,917 - nerf2 - INFO - Median error:6.01
2024-04-17 00:04:32,951 - nerf2 - INFO - Median error:6.49
2024-04-17 00:04:32,985 - nerf2 - INFO - Median error:5.84
2024-04-17 00:04:33,019 - nerf2 - INFO - Median error:4.83
2024-04-17 00:04:33,052 - nerf2 - INFO - Median error:3.44
2024-04-17 00:04:33,086 - nerf2 - INFO - Median error:5.71
2024-04-17 00:04:33,120 - nerf2 - INFO - Median error:6.31
2024-04-17 00:04:33,154 - nerf2 - INFO - Median error:4.36
2024-04-17 00:04:33,188 - nerf2 - INFO - Median error:6.76
2024-04-17 00:04:33,222 - nerf2 - INFO - Median error:5.40
2024-04-17 00:04:33,256 - nerf2 - INFO - Median error:5.21
2024-04-17 00:04:33,290 - nerf2 - INFO - Median error:4.88
2024-04-17 00:04:33,324 - nerf2 - INFO - Median error:6.74
2024-04-17 00:04:33,358 - nerf2 - INFO - Median error:4.20
2024-04-17 00:04:33,392 - nerf2 - INFO - Median error:5.71
2024-04-17 00:04:33,426 - nerf2 - INFO - Median error:4.13
2024-04-17 00:04:33,460 - nerf2 - INFO - Median error:6.31
2024-04-17 00:04:33,494 - nerf2 - INFO - Median error:5.50
2024-04-17 00:04:33,527 - nerf2 - INFO - Median error:4.75
2024-04-17 00:04:33,561 - nerf2 - INFO - Median error:4.41
2024-04-17 00:04:33,595 - nerf2 - INFO - Median error:3.26
2024-04-17 00:04:33,629 - nerf2 - INFO - Median error:5.57
2024-04-17 00:04:33,663 - nerf2 - INFO - Median error:5.70
2024-04-17 00:04:33,697 - nerf2 - INFO - Median error:3.33
2024-04-17 00:04:33,731 - nerf2 - INFO - Median error:7.18
2024-04-17 00:04:33,765 - nerf2 - INFO - Median error:5.29
2024-04-17 00:04:33,799 - nerf2 - INFO - Median error:4.56
2024-04-17 00:04:33,833 - nerf2 - INFO - Median error:5.06
2024-04-17 00:04:33,866 - nerf2 - INFO - Median error:5.15
2024-04-17 00:04:33,900 - nerf2 - INFO - Median error:4.51
2024-04-17 00:04:33,934 - nerf2 - INFO - Median error:5.84
2024-04-17 00:04:33,968 - nerf2 - INFO - Median error:5.37
2024-04-17 00:04:34,002 - nerf2 - INFO - Median error:5.94
2024-04-17 00:04:34,036 - nerf2 - INFO - Median error:5.42
2024-04-17 00:04:34,070 - nerf2 - INFO - Median error:5.06
2024-04-17 00:04:34,104 - nerf2 - INFO - Median error:5.72
2024-04-17 00:04:34,138 - nerf2 - INFO - Median error:4.21
2024-04-17 00:04:34,172 - nerf2 - INFO - Median error:5.08
2024-04-17 00:04:34,206 - nerf2 - INFO - Median error:5.20
2024-04-17 00:04:34,240 - nerf2 - INFO - Median error:5.61
2024-04-17 00:04:34,274 - nerf2 - INFO - Median error:4.34
2024-04-17 00:04:34,307 - nerf2 - INFO - Median error:4.52
2024-04-17 00:04:34,341 - nerf2 - INFO - Median error:5.19
2024-04-17 00:04:34,375 - nerf2 - INFO - Median error:6.10
2024-04-17 00:04:34,409 - nerf2 - INFO - Median error:5.09
2024-04-17 00:04:34,443 - nerf2 - INFO - Median error:3.89
2024-04-17 00:04:34,477 - nerf2 - INFO - Median error:6.38
2024-04-17 00:04:34,511 - nerf2 - INFO - Median error:5.46
2024-04-17 00:04:34,545 - nerf2 - INFO - Median error:4.69
2024-04-17 00:04:34,579 - nerf2 - INFO - Median error:6.13
2024-04-17 00:04:34,613 - nerf2 - INFO - Median error:6.20
2024-04-17 00:04:34,647 - nerf2 - INFO - Median error:4.68
2024-04-17 00:04:34,681 - nerf2 - INFO - Median error:5.24
2024-04-17 00:04:34,715 - nerf2 - INFO - Median error:4.54
2024-04-17 00:04:34,749 - nerf2 - INFO - Median error:3.99
2024-04-17 00:04:34,782 - nerf2 - INFO - Median error:5.53
2024-04-17 00:04:34,816 - nerf2 - INFO - Median error:6.14
2024-04-17 00:04:34,850 - nerf2 - INFO - Median error:4.76
2024-04-17 00:04:34,884 - nerf2 - INFO - Median error:4.69
2024-04-17 00:04:34,918 - nerf2 - INFO - Median error:3.87
2024-04-17 00:04:34,952 - nerf2 - INFO - Median error:4.94
2024-04-17 00:04:34,986 - nerf2 - INFO - Median error:4.21
2024-04-17 00:04:35,020 - nerf2 - INFO - Median error:7.38
2024-04-17 00:04:35,054 - nerf2 - INFO - Median error:4.18
2024-04-17 00:04:35,088 - nerf2 - INFO - Median error:4.19
2024-04-17 00:04:35,122 - nerf2 - INFO - Median error:5.02
2024-04-17 00:04:35,155 - nerf2 - INFO - Median error:5.96
2024-04-17 00:04:35,189 - nerf2 - INFO - Median error:7.44
2024-04-17 00:04:35,223 - nerf2 - INFO - Median error:4.56
2024-04-17 00:04:35,257 - nerf2 - INFO - Median error:7.00
2024-04-17 00:04:35,291 - nerf2 - INFO - Median error:6.29
2024-04-17 00:04:35,325 - nerf2 - INFO - Median error:6.73
2024-04-17 00:04:35,359 - nerf2 - INFO - Median error:4.62
2024-04-17 00:04:35,393 - nerf2 - INFO - Median error:5.75
2024-04-17 00:04:35,427 - nerf2 - INFO - Median error:4.13
2024-04-17 00:04:35,461 - nerf2 - INFO - Median error:4.76
2024-04-17 00:04:35,494 - nerf2 - INFO - Median error:5.42
2024-04-17 00:04:35,528 - nerf2 - INFO - Median error:3.96
2024-04-17 00:04:35,562 - nerf2 - INFO - Median error:5.12
2024-04-17 00:04:35,597 - nerf2 - INFO - Median error:4.27
2024-04-17 00:04:35,630 - nerf2 - INFO - Median error:4.88
2024-04-17 00:04:35,664 - nerf2 - INFO - Median error:5.48
2024-04-17 00:04:35,698 - nerf2 - INFO - Median error:5.97
2024-04-17 00:04:35,732 - nerf2 - INFO - Median error:5.04
2024-04-17 00:04:35,766 - nerf2 - INFO - Median error:6.17
2024-04-17 00:04:35,800 - nerf2 - INFO - Median error:5.43
2024-04-17 00:04:35,834 - nerf2 - INFO - Median error:4.65
2024-04-17 00:04:35,868 - nerf2 - INFO - Median error:5.55
2024-04-17 00:04:35,902 - nerf2 - INFO - Median error:6.78
2024-04-17 00:04:35,936 - nerf2 - INFO - Median error:4.64
2024-04-17 00:04:35,970 - nerf2 - INFO - Median error:6.47
2024-04-17 00:04:36,004 - nerf2 - INFO - Median error:4.26
2024-04-17 00:04:36,037 - nerf2 - INFO - Median error:4.84
2024-04-17 00:04:36,071 - nerf2 - INFO - Median error:6.94
2024-04-17 00:04:36,105 - nerf2 - INFO - Median error:4.43
2024-04-17 00:04:36,139 - nerf2 - INFO - Median error:6.48
2024-04-17 00:04:36,173 - nerf2 - INFO - Median error:6.03
2024-04-17 00:04:36,207 - nerf2 - INFO - Median error:4.72
2024-04-17 00:04:36,241 - nerf2 - INFO - Median error:4.86
2024-04-17 00:04:36,275 - nerf2 - INFO - Median error:6.05
2024-04-17 00:04:36,309 - nerf2 - INFO - Median error:4.45
2024-04-17 00:04:36,343 - nerf2 - INFO - Median error:6.02
2024-04-17 00:04:36,377 - nerf2 - INFO - Median error:5.33
2024-04-17 00:04:36,411 - nerf2 - INFO - Median error:3.74
2024-04-17 00:04:36,444 - nerf2 - INFO - Median error:3.59
2024-04-17 00:04:36,478 - nerf2 - INFO - Median error:5.44
2024-04-17 00:04:36,512 - nerf2 - INFO - Median error:5.52
2024-04-17 00:04:36,546 - nerf2 - INFO - Median error:7.62
2024-04-17 00:04:36,580 - nerf2 - INFO - Median error:5.82
2024-04-17 00:04:36,614 - nerf2 - INFO - Median error:6.93
2024-04-17 00:04:36,648 - nerf2 - INFO - Median error:4.61
2024-04-17 00:04:36,682 - nerf2 - INFO - Median error:4.68
2024-04-17 00:04:36,716 - nerf2 - INFO - Median error:3.55
2024-04-17 00:04:36,750 - nerf2 - INFO - Median error:5.12
2024-04-17 00:04:36,784 - nerf2 - INFO - Median error:4.05
2024-04-17 00:04:36,818 - nerf2 - INFO - Median error:4.10
2024-04-17 00:04:36,852 - nerf2 - INFO - Median error:6.03
2024-04-17 00:04:36,886 - nerf2 - INFO - Median error:3.85
2024-04-17 00:04:36,919 - nerf2 - INFO - Median error:5.18
2024-04-17 00:04:36,953 - nerf2 - INFO - Median error:5.19
2024-04-17 00:04:36,987 - nerf2 - INFO - Median error:3.81
2024-04-17 00:04:37,021 - nerf2 - INFO - Median error:6.54
2024-04-17 00:04:37,055 - nerf2 - INFO - Median error:5.04
2024-04-17 00:04:37,089 - nerf2 - INFO - Median error:6.19
2024-04-17 00:04:37,123 - nerf2 - INFO - Median error:4.64
2024-04-17 00:04:37,157 - nerf2 - INFO - Median error:4.06
2024-04-17 00:04:37,191 - nerf2 - INFO - Median error:4.69
2024-04-17 00:04:37,225 - nerf2 - INFO - Median error:7.31
2024-04-17 00:04:37,259 - nerf2 - INFO - Median error:5.55
2024-04-17 00:04:37,293 - nerf2 - INFO - Median error:7.17
2024-04-17 00:04:37,327 - nerf2 - INFO - Median error:6.21
2024-04-17 00:04:37,360 - nerf2 - INFO - Median error:5.73
2024-04-17 00:04:37,394 - nerf2 - INFO - Median error:5.85
2024-04-17 00:04:37,428 - nerf2 - INFO - Median error:5.18
2024-04-17 00:04:37,462 - nerf2 - INFO - Median error:4.44
2024-04-17 00:04:37,496 - nerf2 - INFO - Median error:5.77
2024-04-17 00:04:37,530 - nerf2 - INFO - Median error:4.99
2024-04-17 00:04:37,564 - nerf2 - INFO - Median error:5.28
2024-04-17 00:04:37,598 - nerf2 - INFO - Median error:5.25
2024-04-17 00:04:37,650 - nerf2 - INFO - Median error:4.64
2024-04-17 00:04:37,690 - nerf2 - INFO - Median error:4.77
2024-04-17 00:04:37,724 - nerf2 - INFO - Median error:4.96
2024-04-17 00:04:37,758 - nerf2 - INFO - Median error:5.99
2024-04-17 00:04:37,792 - nerf2 - INFO - Median error:5.91
2024-04-17 00:04:37,826 - nerf2 - INFO - Median error:6.83
2024-04-17 00:04:37,851 - nerf2 - INFO - Median error:4.79
2024-04-17 00:04:37,860 - nerf2 - INFO - Total Median error:5.24
2024-04-21 19:56:23,184 - nerf2 - INFO - expname:ble-rssi-exp2-v0-595-posz-whole, datadir:data/BLE/, logdir:logs/BLE/
2024-04-21 19:56:38,114 - nerf2 - INFO - Total number of parameters: 690564
2024-04-21 19:56:38,115 - nerf2 - INFO - Found ckpts ['logs/BLE/ble-rssi-exp2-v0-595-posz-whole/ckpts/029800.tar', 'logs/BLE/ble-rssi-exp2-v0-595-posz-whole/ckpts/029900.tar', 'logs/BLE/ble-rssi-exp2-v0-595-posz-whole/ckpts/030000.tar']
2024-04-21 19:56:38,116 - nerf2 - INFO - Loading ckpt logs/BLE/ble-rssi-exp2-v0-595-posz-whole/ckpts/030000.tar
2024-04-21 19:56:38,440 - nerf2 - INFO - Loading training set...
2024-04-21 19:56:40,403 - nerf2 - INFO - Loading test set...
2024-04-21 19:56:41,932 - nerf2 - INFO - Train set size:2100, Test set size:39900
2024-04-21 19:56:41,932 - nerf2 - INFO - Start training. Current Iteration:30000
2024-04-21 19:57:15,253 - nerf2 - INFO - expname:ble-rssi-exp2-v0-595-posz-whole, datadir:data/BLE/, logdir:logs/BLE/
2024-04-21 19:57:15,714 - nerf2 - INFO - Total number of parameters: 690564
2024-04-21 19:57:15,715 - nerf2 - INFO - Found ckpts ['logs/BLE/ble-rssi-exp2-v0-595-posz-whole/ckpts/029800.tar', 'logs/BLE/ble-rssi-exp2-v0-595-posz-whole/ckpts/029900.tar', 'logs/BLE/ble-rssi-exp2-v0-595-posz-whole/ckpts/030000.tar']
2024-04-21 19:57:15,715 - nerf2 - INFO - Loading ckpt logs/BLE/ble-rssi-exp2-v0-595-posz-whole/ckpts/030000.tar
2024-04-21 19:57:15,734 - nerf2 - INFO - Loading training set...
2024-04-21 19:57:15,886 - nerf2 - INFO - Loading test set...
2024-04-21 19:57:17,596 - nerf2 - INFO - Train set size:2100, Test set size:39900
2024-04-21 19:57:17,597 - nerf2 - INFO - Start evaluation
2024-04-21 19:57:17,598 - nerf2 - INFO - Writing result to logs/BLE/ble-rssi-exp2-v0-595-posz-whole/result.txt...
2024-04-21 19:57:18,060 - nerf2 - INFO - Median error:3.76
2024-04-21 19:57:18,100 - nerf2 - INFO - Median error:4.40
2024-04-21 19:57:18,133 - nerf2 - INFO - Median error:4.27
2024-04-21 19:57:18,166 - nerf2 - INFO - Median error:7.07
2024-04-21 19:57:18,198 - nerf2 - INFO - Median error:4.42
2024-04-21 19:57:18,231 - nerf2 - INFO - Median error:4.33
2024-04-21 19:57:18,264 - nerf2 - INFO - Median error:5.37
2024-04-21 19:57:18,297 - nerf2 - INFO - Median error:4.52
2024-04-21 19:57:18,329 - nerf2 - INFO - Median error:4.94
2024-04-21 19:57:18,362 - nerf2 - INFO - Median error:4.91
2024-04-21 19:57:18,395 - nerf2 - INFO - Median error:4.70
2024-04-21 19:57:18,427 - nerf2 - INFO - Median error:7.00
2024-04-21 19:57:18,460 - nerf2 - INFO - Median error:5.43
2024-04-21 19:57:18,493 - nerf2 - INFO - Median error:4.51
2024-04-21 19:57:18,525 - nerf2 - INFO - Median error:5.05
2024-04-21 19:57:18,558 - nerf2 - INFO - Median error:5.22
2024-04-21 19:57:18,591 - nerf2 - INFO - Median error:6.28
2024-04-21 19:57:18,623 - nerf2 - INFO - Median error:6.10
2024-04-21 19:57:18,656 - nerf2 - INFO - Median error:4.10
2024-04-21 19:57:18,689 - nerf2 - INFO - Median error:4.86
2024-04-21 19:57:18,722 - nerf2 - INFO - Median error:6.91
2024-04-21 19:57:18,755 - nerf2 - INFO - Median error:6.79
2024-04-21 19:57:18,787 - nerf2 - INFO - Median error:5.02
2024-04-21 19:57:18,820 - nerf2 - INFO - Median error:4.67
2024-04-21 19:57:18,853 - nerf2 - INFO - Median error:5.07
2024-04-21 19:57:18,885 - nerf2 - INFO - Median error:4.04
2024-04-21 19:57:18,918 - nerf2 - INFO - Median error:5.97
2024-04-21 19:57:18,951 - nerf2 - INFO - Median error:4.40
2024-04-21 19:57:18,984 - nerf2 - INFO - Median error:4.46
2024-04-21 19:57:19,016 - nerf2 - INFO - Median error:5.16
2024-04-21 19:57:19,049 - nerf2 - INFO - Median error:5.48
2024-04-21 19:57:19,082 - nerf2 - INFO - Median error:4.47
2024-04-21 19:57:19,115 - nerf2 - INFO - Median error:5.70
2024-04-21 19:57:19,148 - nerf2 - INFO - Median error:6.39
2024-04-21 19:57:19,180 - nerf2 - INFO - Median error:5.40
2024-04-21 19:57:19,213 - nerf2 - INFO - Median error:4.28
2024-04-21 19:57:19,246 - nerf2 - INFO - Median error:3.56
2024-04-21 19:57:19,278 - nerf2 - INFO - Median error:6.40
2024-04-21 19:57:19,311 - nerf2 - INFO - Median error:4.87
2024-04-21 19:57:19,344 - nerf2 - INFO - Median error:6.01
2024-04-21 19:57:19,376 - nerf2 - INFO - Median error:6.43
2024-04-21 19:57:19,409 - nerf2 - INFO - Median error:8.57
2024-04-21 19:57:19,442 - nerf2 - INFO - Median error:4.15
2024-04-21 19:57:19,474 - nerf2 - INFO - Median error:4.63
2024-04-21 19:57:19,507 - nerf2 - INFO - Median error:8.37
2024-04-21 19:57:19,540 - nerf2 - INFO - Median error:6.35
2024-04-21 19:57:19,573 - nerf2 - INFO - Median error:3.83
2024-04-21 19:57:19,605 - nerf2 - INFO - Median error:4.97
2024-04-21 19:57:19,638 - nerf2 - INFO - Median error:5.00
2024-04-21 19:57:19,671 - nerf2 - INFO - Median error:4.83
2024-04-21 19:57:19,703 - nerf2 - INFO - Median error:6.89
2024-04-21 19:57:19,736 - nerf2 - INFO - Median error:4.52
2024-04-21 19:57:19,768 - nerf2 - INFO - Median error:4.66
2024-04-21 19:57:19,800 - nerf2 - INFO - Median error:4.84
2024-04-21 19:57:19,832 - nerf2 - INFO - Median error:5.54
2024-04-21 19:57:19,864 - nerf2 - INFO - Median error:7.10
2024-04-21 19:57:19,896 - nerf2 - INFO - Median error:5.70
2024-04-21 19:57:19,929 - nerf2 - INFO - Median error:5.29
2024-04-21 19:57:19,961 - nerf2 - INFO - Median error:5.06
2024-04-21 19:57:19,993 - nerf2 - INFO - Median error:5.76
2024-04-21 19:57:20,025 - nerf2 - INFO - Median error:6.39
2024-04-21 19:57:20,057 - nerf2 - INFO - Median error:8.12
2024-04-21 19:57:20,089 - nerf2 - INFO - Median error:4.93
2024-04-21 19:57:20,121 - nerf2 - INFO - Median error:5.20
2024-04-21 19:57:20,154 - nerf2 - INFO - Median error:4.73
2024-04-21 19:57:20,186 - nerf2 - INFO - Median error:5.31
2024-04-21 19:57:20,218 - nerf2 - INFO - Median error:6.11
2024-04-21 19:57:20,250 - nerf2 - INFO - Median error:5.01
2024-04-21 19:57:20,282 - nerf2 - INFO - Median error:4.69
2024-04-21 19:57:20,314 - nerf2 - INFO - Median error:4.44
2024-04-21 19:57:20,346 - nerf2 - INFO - Median error:5.30
2024-04-21 19:57:20,378 - nerf2 - INFO - Median error:5.47
2024-04-21 19:57:20,411 - nerf2 - INFO - Median error:7.13
2024-04-21 19:57:20,443 - nerf2 - INFO - Median error:5.09
2024-04-21 19:57:20,475 - nerf2 - INFO - Median error:5.63
2024-04-21 19:57:20,507 - nerf2 - INFO - Median error:4.39
2024-04-21 19:57:20,539 - nerf2 - INFO - Median error:4.79
2024-04-21 19:57:20,571 - nerf2 - INFO - Median error:6.08
2024-04-21 19:57:20,603 - nerf2 - INFO - Median error:5.52
2024-04-21 19:57:20,636 - nerf2 - INFO - Median error:4.37
2024-04-21 19:57:20,668 - nerf2 - INFO - Median error:5.81
2024-04-21 19:57:20,700 - nerf2 - INFO - Median error:3.92
2024-04-21 19:57:20,732 - nerf2 - INFO - Median error:4.89
2024-04-21 19:57:20,772 - nerf2 - INFO - Median error:4.87
2024-04-21 19:57:20,804 - nerf2 - INFO - Median error:4.26
2024-04-21 19:57:20,836 - nerf2 - INFO - Median error:4.33
2024-04-21 19:57:20,868 - nerf2 - INFO - Median error:5.10
2024-04-21 19:57:20,900 - nerf2 - INFO - Median error:4.60
2024-04-21 19:57:20,933 - nerf2 - INFO - Median error:4.48
2024-04-21 19:57:20,965 - nerf2 - INFO - Median error:6.60
2024-04-21 19:57:20,997 - nerf2 - INFO - Median error:4.92
2024-04-21 19:57:21,029 - nerf2 - INFO - Median error:4.09
2024-04-21 19:57:21,061 - nerf2 - INFO - Median error:5.21
2024-04-21 19:57:21,093 - nerf2 - INFO - Median error:7.14
2024-04-21 19:57:21,125 - nerf2 - INFO - Median error:5.03
2024-04-21 19:57:21,157 - nerf2 - INFO - Median error:7.60
2024-04-21 19:57:21,189 - nerf2 - INFO - Median error:5.50
2024-04-21 19:57:21,222 - nerf2 - INFO - Median error:5.04
2024-04-21 19:57:21,254 - nerf2 - INFO - Median error:7.02
2024-04-21 19:57:21,286 - nerf2 - INFO - Median error:6.13
2024-04-21 19:57:21,318 - nerf2 - INFO - Median error:6.11
2024-04-21 19:57:21,350 - nerf2 - INFO - Median error:5.07
2024-04-21 19:57:21,382 - nerf2 - INFO - Median error:4.57
2024-04-21 19:57:21,414 - nerf2 - INFO - Median error:4.90
2024-04-21 19:57:21,446 - nerf2 - INFO - Median error:6.49
2024-04-21 19:57:21,479 - nerf2 - INFO - Median error:4.39
2024-04-21 19:57:21,511 - nerf2 - INFO - Median error:4.96
2024-04-21 19:57:21,543 - nerf2 - INFO - Median error:5.68
2024-04-21 19:57:21,584 - nerf2 - INFO - Median error:3.94
2024-04-21 19:57:21,623 - nerf2 - INFO - Median error:6.82
2024-04-21 19:57:21,655 - nerf2 - INFO - Median error:5.80
2024-04-21 19:57:21,687 - nerf2 - INFO - Median error:4.48
2024-04-21 19:57:21,719 - nerf2 - INFO - Median error:7.44
2024-04-21 19:57:21,751 - nerf2 - INFO - Median error:4.55
2024-04-21 19:57:21,783 - nerf2 - INFO - Median error:6.00
2024-04-21 19:57:21,816 - nerf2 - INFO - Median error:5.05
2024-04-21 19:57:21,848 - nerf2 - INFO - Median error:5.47
2024-04-21 19:57:21,880 - nerf2 - INFO - Median error:6.47
2024-04-21 19:57:21,912 - nerf2 - INFO - Median error:4.47
2024-04-21 19:57:21,944 - nerf2 - INFO - Median error:4.24
2024-04-21 19:57:21,976 - nerf2 - INFO - Median error:4.62
2024-04-21 19:57:22,008 - nerf2 - INFO - Median error:4.75
2024-04-21 19:57:22,040 - nerf2 - INFO - Median error:4.29
2024-04-21 19:57:22,072 - nerf2 - INFO - Median error:3.71
2024-04-21 19:57:22,105 - nerf2 - INFO - Median error:7.07
2024-04-21 19:57:22,137 - nerf2 - INFO - Median error:4.39
2024-04-21 19:57:22,169 - nerf2 - INFO - Median error:5.30
2024-04-21 19:57:22,201 - nerf2 - INFO - Median error:5.39
2024-04-21 19:57:22,233 - nerf2 - INFO - Median error:5.16
2024-04-21 19:57:22,265 - nerf2 - INFO - Median error:3.74
2024-04-21 19:57:22,297 - nerf2 - INFO - Median error:4.71
2024-04-21 19:57:22,329 - nerf2 - INFO - Median error:7.62
2024-04-21 19:57:22,361 - nerf2 - INFO - Median error:6.15
2024-04-21 19:57:22,393 - nerf2 - INFO - Median error:4.88
2024-04-21 19:57:22,425 - nerf2 - INFO - Median error:6.49
2024-04-21 19:57:22,458 - nerf2 - INFO - Median error:7.62
2024-04-21 19:57:22,490 - nerf2 - INFO - Median error:4.62
2024-04-21 19:57:22,522 - nerf2 - INFO - Median error:4.83
2024-04-21 19:57:22,554 - nerf2 - INFO - Median error:6.07
2024-04-21 19:57:22,586 - nerf2 - INFO - Median error:5.55
2024-04-21 19:57:22,618 - nerf2 - INFO - Median error:5.26
2024-04-21 19:57:22,650 - nerf2 - INFO - Median error:3.48
2024-04-21 19:57:22,682 - nerf2 - INFO - Median error:4.68
2024-04-21 19:57:22,715 - nerf2 - INFO - Median error:4.90
2024-04-21 19:57:22,747 - nerf2 - INFO - Median error:5.41
2024-04-21 19:57:22,779 - nerf2 - INFO - Median error:6.13
2024-04-21 19:57:22,811 - nerf2 - INFO - Median error:5.44
2024-04-21 19:57:22,843 - nerf2 - INFO - Median error:6.62
2024-04-21 19:57:22,875 - nerf2 - INFO - Median error:3.93
2024-04-21 19:57:22,907 - nerf2 - INFO - Median error:4.95
2024-04-21 19:57:22,939 - nerf2 - INFO - Median error:5.62
2024-04-21 19:57:22,971 - nerf2 - INFO - Median error:5.40
2024-04-21 19:57:23,003 - nerf2 - INFO - Median error:7.38
2024-04-21 19:57:23,035 - nerf2 - INFO - Median error:4.11
2024-04-21 19:57:23,067 - nerf2 - INFO - Median error:5.45
2024-04-21 19:57:23,100 - nerf2 - INFO - Median error:4.22
2024-04-21 19:57:23,132 - nerf2 - INFO - Median error:5.25
2024-04-21 19:57:23,164 - nerf2 - INFO - Median error:4.69
2024-04-21 19:57:23,196 - nerf2 - INFO - Median error:5.91
2024-04-21 19:57:23,228 - nerf2 - INFO - Median error:4.65
2024-04-21 19:57:23,260 - nerf2 - INFO - Median error:6.31
2024-04-21 19:57:23,292 - nerf2 - INFO - Median error:4.01
2024-04-21 19:57:23,324 - nerf2 - INFO - Median error:4.87
2024-04-21 19:57:23,356 - nerf2 - INFO - Median error:4.68
2024-04-21 19:57:23,388 - nerf2 - INFO - Median error:4.13
2024-04-21 19:57:23,421 - nerf2 - INFO - Median error:5.70
2024-04-21 19:57:23,453 - nerf2 - INFO - Median error:6.01
2024-04-21 19:57:23,485 - nerf2 - INFO - Median error:6.49
2024-04-21 19:57:23,517 - nerf2 - INFO - Median error:5.84
2024-04-21 19:57:23,549 - nerf2 - INFO - Median error:4.83
2024-04-21 19:57:23,581 - nerf2 - INFO - Median error:3.44
2024-04-21 19:57:23,613 - nerf2 - INFO - Median error:5.71
2024-04-21 19:57:23,646 - nerf2 - INFO - Median error:6.31
2024-04-21 19:57:23,678 - nerf2 - INFO - Median error:4.36
2024-04-21 19:57:23,710 - nerf2 - INFO - Median error:6.76
2024-04-21 19:57:23,742 - nerf2 - INFO - Median error:5.40
2024-04-21 19:57:23,774 - nerf2 - INFO - Median error:5.21
2024-04-21 19:57:23,806 - nerf2 - INFO - Median error:4.88
2024-04-21 19:57:23,839 - nerf2 - INFO - Median error:6.74
2024-04-21 19:57:23,871 - nerf2 - INFO - Median error:4.20
2024-04-21 19:57:23,903 - nerf2 - INFO - Median error:5.71
2024-04-21 19:57:23,935 - nerf2 - INFO - Median error:4.13
2024-04-21 19:57:23,967 - nerf2 - INFO - Median error:6.31
2024-04-21 19:57:23,999 - nerf2 - INFO - Median error:5.50
2024-04-21 19:57:24,031 - nerf2 - INFO - Median error:4.75
2024-04-21 19:57:24,063 - nerf2 - INFO - Median error:4.41
2024-04-21 19:57:24,095 - nerf2 - INFO - Median error:3.26
2024-04-21 19:57:24,127 - nerf2 - INFO - Median error:5.57
2024-04-21 19:57:24,159 - nerf2 - INFO - Median error:5.70
2024-04-21 19:57:24,192 - nerf2 - INFO - Median error:3.33
2024-04-21 19:57:24,224 - nerf2 - INFO - Median error:7.18
2024-04-21 19:57:24,256 - nerf2 - INFO - Median error:5.29
2024-04-21 19:57:24,288 - nerf2 - INFO - Median error:4.56
2024-04-21 19:57:24,320 - nerf2 - INFO - Median error:5.06
2024-04-21 19:57:24,352 - nerf2 - INFO - Median error:5.15
2024-04-21 19:57:24,384 - nerf2 - INFO - Median error:4.51
2024-04-21 19:57:24,416 - nerf2 - INFO - Median error:5.84
2024-04-21 19:57:24,449 - nerf2 - INFO - Median error:5.37
2024-04-21 19:57:24,481 - nerf2 - INFO - Median error:5.94
2024-04-21 19:57:24,513 - nerf2 - INFO - Median error:5.42
2024-04-21 19:57:24,545 - nerf2 - INFO - Median error:5.06
2024-04-21 19:57:24,577 - nerf2 - INFO - Median error:5.72
2024-04-21 19:57:24,609 - nerf2 - INFO - Median error:4.21
2024-04-21 19:57:24,641 - nerf2 - INFO - Median error:5.08
2024-04-21 19:57:24,674 - nerf2 - INFO - Median error:5.20
2024-04-21 19:57:24,706 - nerf2 - INFO - Median error:5.61
2024-04-21 19:57:24,738 - nerf2 - INFO - Median error:4.34
2024-04-21 19:57:24,770 - nerf2 - INFO - Median error:4.52
2024-04-21 19:57:24,802 - nerf2 - INFO - Median error:5.19
2024-04-21 19:57:24,834 - nerf2 - INFO - Median error:6.10
2024-04-21 19:57:24,867 - nerf2 - INFO - Median error:5.09
2024-04-21 19:57:24,899 - nerf2 - INFO - Median error:3.89
2024-04-21 19:57:24,931 - nerf2 - INFO - Median error:6.38
2024-04-21 19:57:24,963 - nerf2 - INFO - Median error:5.46
2024-04-21 19:57:24,995 - nerf2 - INFO - Median error:4.69
2024-04-21 19:57:25,027 - nerf2 - INFO - Median error:6.13
2024-04-21 19:57:25,059 - nerf2 - INFO - Median error:6.20
2024-04-21 19:57:25,091 - nerf2 - INFO - Median error:4.68
2024-04-21 19:57:25,125 - nerf2 - INFO - Median error:5.24
2024-04-21 19:57:25,157 - nerf2 - INFO - Median error:4.54
2024-04-21 19:57:25,189 - nerf2 - INFO - Median error:3.99
2024-04-21 19:57:25,221 - nerf2 - INFO - Median error:5.53
2024-04-21 19:57:25,253 - nerf2 - INFO - Median error:6.14
2024-04-21 19:57:25,285 - nerf2 - INFO - Median error:4.76
2024-04-21 19:57:25,317 - nerf2 - INFO - Median error:4.69
2024-04-21 19:57:25,349 - nerf2 - INFO - Median error:3.87
2024-04-21 19:57:25,382 - nerf2 - INFO - Median error:4.94
2024-04-21 19:57:25,414 - nerf2 - INFO - Median error:4.21
2024-04-21 19:57:25,446 - nerf2 - INFO - Median error:7.38
2024-04-21 19:57:25,478 - nerf2 - INFO - Median error:4.18
2024-04-21 19:57:25,510 - nerf2 - INFO - Median error:4.19
2024-04-21 19:57:25,542 - nerf2 - INFO - Median error:5.02
2024-04-21 19:57:25,574 - nerf2 - INFO - Median error:5.96
2024-04-21 19:57:25,606 - nerf2 - INFO - Median error:7.44
2024-04-21 19:57:25,638 - nerf2 - INFO - Median error:4.56
2024-04-21 19:57:25,670 - nerf2 - INFO - Median error:7.00
2024-04-21 19:57:25,703 - nerf2 - INFO - Median error:6.29
2024-04-21 19:57:25,735 - nerf2 - INFO - Median error:6.73
2024-04-21 19:57:25,767 - nerf2 - INFO - Median error:4.62
2024-04-21 19:57:25,799 - nerf2 - INFO - Median error:5.75
2024-04-21 19:57:25,831 - nerf2 - INFO - Median error:4.13
2024-04-21 19:57:25,863 - nerf2 - INFO - Median error:4.76
2024-04-21 19:57:25,895 - nerf2 - INFO - Median error:5.42
2024-04-21 19:57:25,928 - nerf2 - INFO - Median error:3.96
2024-04-21 19:57:25,960 - nerf2 - INFO - Median error:5.12
2024-04-21 19:57:25,992 - nerf2 - INFO - Median error:4.27
2024-04-21 19:57:26,024 - nerf2 - INFO - Median error:4.88
2024-04-21 19:57:26,056 - nerf2 - INFO - Median error:5.48
2024-04-21 19:57:26,088 - nerf2 - INFO - Median error:5.97
2024-04-21 19:57:26,120 - nerf2 - INFO - Median error:5.04
2024-04-21 19:57:26,152 - nerf2 - INFO - Median error:6.17
2024-04-21 19:57:26,185 - nerf2 - INFO - Median error:5.43
2024-04-21 19:57:26,217 - nerf2 - INFO - Median error:4.65
2024-04-21 19:57:26,249 - nerf2 - INFO - Median error:5.55
2024-04-21 19:57:26,281 - nerf2 - INFO - Median error:6.78
2024-04-21 19:57:26,313 - nerf2 - INFO - Median error:4.64
2024-04-21 19:57:26,345 - nerf2 - INFO - Median error:6.47
2024-04-21 19:57:26,377 - nerf2 - INFO - Median error:4.26
2024-04-21 19:57:26,409 - nerf2 - INFO - Median error:4.84
2024-04-21 19:57:26,441 - nerf2 - INFO - Median error:6.94
2024-04-21 19:57:26,474 - nerf2 - INFO - Median error:4.43
2024-04-21 19:57:26,506 - nerf2 - INFO - Median error:6.48
2024-04-21 19:57:26,538 - nerf2 - INFO - Median error:6.03
2024-04-21 19:57:26,570 - nerf2 - INFO - Median error:4.72
2024-04-21 19:57:26,602 - nerf2 - INFO - Median error:4.86
2024-04-21 19:57:26,634 - nerf2 - INFO - Median error:6.05
2024-04-21 19:57:26,666 - nerf2 - INFO - Median error:4.45
2024-04-21 19:57:26,698 - nerf2 - INFO - Median error:6.02
2024-04-21 19:57:26,730 - nerf2 - INFO - Median error:5.33
2024-04-21 19:57:26,762 - nerf2 - INFO - Median error:3.74
2024-04-21 19:57:26,795 - nerf2 - INFO - Median error:3.59
2024-04-21 19:57:26,827 - nerf2 - INFO - Median error:5.44
2024-04-21 19:57:26,859 - nerf2 - INFO - Median error:5.52
2024-04-21 19:57:26,891 - nerf2 - INFO - Median error:7.62
2024-04-21 19:57:26,923 - nerf2 - INFO - Median error:5.82
2024-04-21 19:57:26,955 - nerf2 - INFO - Median error:6.93
2024-04-21 19:57:26,987 - nerf2 - INFO - Median error:4.61
2024-04-21 19:57:27,019 - nerf2 - INFO - Median error:4.68
2024-04-21 19:57:27,052 - nerf2 - INFO - Median error:3.55
2024-04-21 19:57:27,084 - nerf2 - INFO - Median error:5.12
2024-04-21 19:57:27,116 - nerf2 - INFO - Median error:4.05
2024-04-21 19:57:27,148 - nerf2 - INFO - Median error:4.10
2024-04-21 19:57:27,180 - nerf2 - INFO - Median error:6.03
2024-04-21 19:57:27,212 - nerf2 - INFO - Median error:3.85
2024-04-21 19:57:27,244 - nerf2 - INFO - Median error:5.18
2024-04-21 19:57:27,276 - nerf2 - INFO - Median error:5.19
2024-04-21 19:57:27,308 - nerf2 - INFO - Median error:3.81
2024-04-21 19:57:27,340 - nerf2 - INFO - Median error:6.54
2024-04-21 19:57:27,373 - nerf2 - INFO - Median error:5.04
2024-04-21 19:57:27,405 - nerf2 - INFO - Median error:6.19
2024-04-21 19:57:27,437 - nerf2 - INFO - Median error:4.64
2024-04-21 19:57:27,469 - nerf2 - INFO - Median error:4.06
2024-04-21 19:57:27,501 - nerf2 - INFO - Median error:4.69
2024-04-21 19:57:27,533 - nerf2 - INFO - Median error:7.31
2024-04-21 19:57:27,565 - nerf2 - INFO - Median error:5.55
2024-04-21 19:57:27,598 - nerf2 - INFO - Median error:7.17
2024-04-21 19:57:27,630 - nerf2 - INFO - Median error:6.21
2024-04-21 19:57:27,662 - nerf2 - INFO - Median error:5.73
2024-04-21 19:57:27,694 - nerf2 - INFO - Median error:5.85
2024-04-21 19:57:27,726 - nerf2 - INFO - Median error:5.18
2024-04-21 19:57:27,758 - nerf2 - INFO - Median error:4.44
2024-04-21 19:57:27,791 - nerf2 - INFO - Median error:5.77
2024-04-21 19:57:27,823 - nerf2 - INFO - Median error:4.99
2024-04-21 19:57:27,855 - nerf2 - INFO - Median error:5.28
2024-04-21 19:57:27,887 - nerf2 - INFO - Median error:5.25
2024-04-21 19:57:27,919 - nerf2 - INFO - Median error:4.64
2024-04-21 19:57:27,951 - nerf2 - INFO - Median error:4.77
2024-04-21 19:57:27,983 - nerf2 - INFO - Median error:4.96
2024-04-21 19:57:28,016 - nerf2 - INFO - Median error:5.99
2024-04-21 19:57:28,048 - nerf2 - INFO - Median error:5.91
2024-04-21 19:57:28,080 - nerf2 - INFO - Median error:6.83
2024-04-21 19:57:28,104 - nerf2 - INFO - Median error:4.79
2024-04-21 19:57:28,106 - nerf2 - INFO - Writing result to logs/BLE/ble-rssi-exp2-v0-595-posz-whole/result_pos.txt...
2024-04-21 19:57:28,138 - nerf2 - INFO - Median error:3.76
2024-04-21 19:57:28,176 - nerf2 - INFO - Median error:4.40
2024-04-21 19:57:28,214 - nerf2 - INFO - Median error:4.27
2024-04-21 19:57:28,251 - nerf2 - INFO - Median error:7.07
2024-04-21 19:57:28,289 - nerf2 - INFO - Median error:4.42
2024-04-21 19:57:28,327 - nerf2 - INFO - Median error:4.33
2024-04-21 19:57:28,364 - nerf2 - INFO - Median error:5.37
2024-04-21 19:57:28,402 - nerf2 - INFO - Median error:4.52
2024-04-21 19:57:28,439 - nerf2 - INFO - Median error:4.94
2024-04-21 19:57:28,477 - nerf2 - INFO - Median error:4.91
2024-04-21 19:57:28,514 - nerf2 - INFO - Median error:4.70
2024-04-21 19:57:28,552 - nerf2 - INFO - Median error:7.00
2024-04-21 19:57:28,590 - nerf2 - INFO - Median error:5.43
2024-04-21 19:57:28,627 - nerf2 - INFO - Median error:4.51
2024-04-21 19:57:28,665 - nerf2 - INFO - Median error:5.05
2024-04-21 19:57:28,703 - nerf2 - INFO - Median error:5.22
2024-04-21 19:57:28,740 - nerf2 - INFO - Median error:6.28
2024-04-21 19:57:28,778 - nerf2 - INFO - Median error:6.10
2024-04-21 19:57:28,816 - nerf2 - INFO - Median error:4.10
2024-04-21 19:57:28,853 - nerf2 - INFO - Median error:4.86
2024-04-21 19:57:28,891 - nerf2 - INFO - Median error:6.91
2024-04-21 19:57:28,929 - nerf2 - INFO - Median error:6.79
2024-04-21 19:57:28,966 - nerf2 - INFO - Median error:5.02
2024-04-21 19:57:29,004 - nerf2 - INFO - Median error:4.67
2024-04-21 19:57:29,041 - nerf2 - INFO - Median error:5.07
2024-04-21 19:57:29,079 - nerf2 - INFO - Median error:4.04
2024-04-21 19:57:29,116 - nerf2 - INFO - Median error:5.97
2024-04-21 19:57:29,154 - nerf2 - INFO - Median error:4.40
2024-04-21 19:57:29,192 - nerf2 - INFO - Median error:4.46
2024-04-21 19:57:29,229 - nerf2 - INFO - Median error:5.16
2024-04-21 19:57:29,267 - nerf2 - INFO - Median error:5.48
2024-04-21 19:57:29,304 - nerf2 - INFO - Median error:4.47
2024-04-21 19:57:29,342 - nerf2 - INFO - Median error:5.70
2024-04-21 19:57:29,379 - nerf2 - INFO - Median error:6.39
2024-04-21 19:57:29,417 - nerf2 - INFO - Median error:5.40
2024-04-21 19:57:29,455 - nerf2 - INFO - Median error:4.28
2024-04-21 19:57:29,492 - nerf2 - INFO - Median error:3.56
2024-04-21 19:57:29,530 - nerf2 - INFO - Median error:6.40
2024-04-21 19:57:29,567 - nerf2 - INFO - Median error:4.87
2024-04-21 19:57:29,605 - nerf2 - INFO - Median error:6.01
2024-04-21 19:57:29,643 - nerf2 - INFO - Median error:6.43
2024-04-21 19:57:29,680 - nerf2 - INFO - Median error:8.57
2024-04-21 19:57:29,718 - nerf2 - INFO - Median error:4.15
2024-04-21 19:57:29,755 - nerf2 - INFO - Median error:4.63
2024-04-21 19:57:29,793 - nerf2 - INFO - Median error:8.37
2024-04-21 19:57:29,831 - nerf2 - INFO - Median error:6.35
2024-04-21 19:57:29,868 - nerf2 - INFO - Median error:3.83
2024-04-21 19:57:29,906 - nerf2 - INFO - Median error:4.97
2024-04-21 19:57:29,944 - nerf2 - INFO - Median error:5.00
2024-04-21 19:57:29,981 - nerf2 - INFO - Median error:4.83
2024-04-21 19:57:30,019 - nerf2 - INFO - Median error:6.89
2024-04-21 19:57:30,056 - nerf2 - INFO - Median error:4.52
2024-04-21 19:57:30,094 - nerf2 - INFO - Median error:4.66
2024-04-21 19:57:30,132 - nerf2 - INFO - Median error:4.84
2024-04-21 19:57:30,169 - nerf2 - INFO - Median error:5.54
2024-04-21 19:57:30,207 - nerf2 - INFO - Median error:7.10
2024-04-21 19:57:30,244 - nerf2 - INFO - Median error:5.70
2024-04-21 19:57:30,282 - nerf2 - INFO - Median error:5.29
2024-04-21 19:57:30,320 - nerf2 - INFO - Median error:5.06
2024-04-21 19:57:30,357 - nerf2 - INFO - Median error:5.76
2024-04-21 19:57:30,395 - nerf2 - INFO - Median error:6.39
2024-04-21 19:57:30,432 - nerf2 - INFO - Median error:8.12
2024-04-21 19:57:30,470 - nerf2 - INFO - Median error:4.93
2024-04-21 19:57:30,508 - nerf2 - INFO - Median error:5.20
2024-04-21 19:57:30,545 - nerf2 - INFO - Median error:4.73
2024-04-21 19:57:30,583 - nerf2 - INFO - Median error:5.31
2024-04-21 19:57:30,620 - nerf2 - INFO - Median error:6.11
2024-04-21 19:57:30,658 - nerf2 - INFO - Median error:5.01
2024-04-21 19:57:30,697 - nerf2 - INFO - Median error:4.69
2024-04-21 19:57:30,735 - nerf2 - INFO - Median error:4.44
2024-04-21 19:57:30,773 - nerf2 - INFO - Median error:5.30
2024-04-21 19:57:30,810 - nerf2 - INFO - Median error:5.47
2024-04-21 19:57:30,848 - nerf2 - INFO - Median error:7.13
2024-04-21 19:57:30,886 - nerf2 - INFO - Median error:5.09
2024-04-21 19:57:30,923 - nerf2 - INFO - Median error:5.63
2024-04-21 19:57:30,961 - nerf2 - INFO - Median error:4.39
2024-04-21 19:57:30,998 - nerf2 - INFO - Median error:4.79
2024-04-21 19:57:31,036 - nerf2 - INFO - Median error:6.08
2024-04-21 19:57:31,074 - nerf2 - INFO - Median error:5.52
2024-04-21 19:57:31,111 - nerf2 - INFO - Median error:4.37
2024-04-21 19:57:31,149 - nerf2 - INFO - Median error:5.81
2024-04-21 19:57:31,186 - nerf2 - INFO - Median error:3.92
2024-04-21 19:57:31,224 - nerf2 - INFO - Median error:4.89
2024-04-21 19:57:31,262 - nerf2 - INFO - Median error:4.87
2024-04-21 19:57:31,299 - nerf2 - INFO - Median error:4.26
2024-04-21 19:57:31,337 - nerf2 - INFO - Median error:4.33
2024-04-21 19:57:31,374 - nerf2 - INFO - Median error:5.10
2024-04-21 19:57:31,412 - nerf2 - INFO - Median error:4.60
2024-04-21 19:57:31,450 - nerf2 - INFO - Median error:4.48
2024-04-21 19:57:31,487 - nerf2 - INFO - Median error:6.60
2024-04-21 19:57:31,525 - nerf2 - INFO - Median error:4.92
2024-04-21 19:57:31,563 - nerf2 - INFO - Median error:4.09
2024-04-21 19:57:31,600 - nerf2 - INFO - Median error:5.21
2024-04-21 19:57:31,638 - nerf2 - INFO - Median error:7.14
2024-04-21 19:57:31,675 - nerf2 - INFO - Median error:5.03
2024-04-21 19:57:31,713 - nerf2 - INFO - Median error:7.60
2024-04-21 19:57:31,751 - nerf2 - INFO - Median error:5.50
2024-04-21 19:57:31,788 - nerf2 - INFO - Median error:5.04
2024-04-21 19:57:31,826 - nerf2 - INFO - Median error:7.02
2024-04-21 19:57:31,863 - nerf2 - INFO - Median error:6.13
2024-04-21 19:57:31,901 - nerf2 - INFO - Median error:6.11
2024-04-21 19:57:31,938 - nerf2 - INFO - Median error:5.07
2024-04-21 19:57:31,976 - nerf2 - INFO - Median error:4.57
2024-04-21 19:57:32,014 - nerf2 - INFO - Median error:4.90
2024-04-21 19:57:32,051 - nerf2 - INFO - Median error:6.49
2024-04-21 19:57:32,089 - nerf2 - INFO - Median error:4.39
2024-04-21 19:57:32,126 - nerf2 - INFO - Median error:4.96
2024-04-21 19:57:32,164 - nerf2 - INFO - Median error:5.68
2024-04-21 19:57:32,202 - nerf2 - INFO - Median error:3.94
2024-04-21 19:57:32,239 - nerf2 - INFO - Median error:6.82
2024-04-21 19:57:32,277 - nerf2 - INFO - Median error:5.80
2024-04-21 19:57:32,315 - nerf2 - INFO - Median error:4.48
2024-04-21 19:57:32,352 - nerf2 - INFO - Median error:7.44
2024-04-21 19:57:32,390 - nerf2 - INFO - Median error:4.55
2024-04-21 19:57:32,427 - nerf2 - INFO - Median error:6.00
2024-04-21 19:57:32,465 - nerf2 - INFO - Median error:5.05
2024-04-21 19:57:32,503 - nerf2 - INFO - Median error:5.47
2024-04-21 19:57:32,540 - nerf2 - INFO - Median error:6.47
2024-04-21 19:57:32,578 - nerf2 - INFO - Median error:4.47
2024-04-21 19:57:32,615 - nerf2 - INFO - Median error:4.24
2024-04-21 19:57:32,653 - nerf2 - INFO - Median error:4.62
2024-04-21 19:57:32,691 - nerf2 - INFO - Median error:4.75
2024-04-21 19:57:32,728 - nerf2 - INFO - Median error:4.29
2024-04-21 19:57:32,766 - nerf2 - INFO - Median error:3.71
2024-04-21 19:57:32,803 - nerf2 - INFO - Median error:7.07
2024-04-21 19:57:32,841 - nerf2 - INFO - Median error:4.39
2024-04-21 19:57:32,878 - nerf2 - INFO - Median error:5.30
2024-04-21 19:57:32,916 - nerf2 - INFO - Median error:5.39
2024-04-21 19:57:32,954 - nerf2 - INFO - Median error:5.16
2024-04-21 19:57:32,991 - nerf2 - INFO - Median error:3.74
2024-04-21 19:57:33,029 - nerf2 - INFO - Median error:4.71
2024-04-21 19:57:33,067 - nerf2 - INFO - Median error:7.62
2024-04-21 19:57:33,104 - nerf2 - INFO - Median error:6.15
2024-04-21 19:57:33,142 - nerf2 - INFO - Median error:4.88
2024-04-21 19:57:33,180 - nerf2 - INFO - Median error:6.49
2024-04-21 19:57:33,217 - nerf2 - INFO - Median error:7.62
2024-04-21 19:57:33,255 - nerf2 - INFO - Median error:4.62
2024-04-21 19:57:33,293 - nerf2 - INFO - Median error:4.83
2024-04-21 19:57:33,330 - nerf2 - INFO - Median error:6.07
2024-04-21 19:57:33,368 - nerf2 - INFO - Median error:5.55
2024-04-21 19:57:33,406 - nerf2 - INFO - Median error:5.26
2024-04-21 19:57:33,443 - nerf2 - INFO - Median error:3.48
2024-04-21 19:57:33,481 - nerf2 - INFO - Median error:4.68
2024-04-21 19:57:33,518 - nerf2 - INFO - Median error:4.90
2024-04-21 19:57:33,556 - nerf2 - INFO - Median error:5.41
2024-04-21 19:57:33,593 - nerf2 - INFO - Median error:6.13
2024-04-21 19:57:33,631 - nerf2 - INFO - Median error:5.44
2024-04-21 19:57:33,669 - nerf2 - INFO - Median error:6.62
2024-04-21 19:57:33,706 - nerf2 - INFO - Median error:3.93
2024-04-21 19:57:33,744 - nerf2 - INFO - Median error:4.95
2024-04-21 19:57:33,781 - nerf2 - INFO - Median error:5.62
2024-04-21 19:57:33,819 - nerf2 - INFO - Median error:5.40
2024-04-21 19:57:33,857 - nerf2 - INFO - Median error:7.38
2024-04-21 19:57:33,894 - nerf2 - INFO - Median error:4.11
2024-04-21 19:57:33,932 - nerf2 - INFO - Median error:5.45
2024-04-21 19:57:33,969 - nerf2 - INFO - Median error:4.22
2024-04-21 19:57:34,007 - nerf2 - INFO - Median error:5.25
2024-04-21 19:57:34,045 - nerf2 - INFO - Median error:4.69
2024-04-21 19:57:34,082 - nerf2 - INFO - Median error:5.91
2024-04-21 19:57:34,120 - nerf2 - INFO - Median error:4.65
2024-04-21 19:57:34,158 - nerf2 - INFO - Median error:6.31
2024-04-21 19:57:34,195 - nerf2 - INFO - Median error:4.01
2024-04-21 19:57:34,233 - nerf2 - INFO - Median error:4.87
2024-04-21 19:57:34,271 - nerf2 - INFO - Median error:4.68
2024-04-21 19:57:34,308 - nerf2 - INFO - Median error:4.13
2024-04-21 19:57:34,346 - nerf2 - INFO - Median error:5.70
2024-04-21 19:57:34,383 - nerf2 - INFO - Median error:6.01
2024-04-21 19:57:34,421 - nerf2 - INFO - Median error:6.49
2024-04-21 19:57:34,459 - nerf2 - INFO - Median error:5.84
2024-04-21 19:57:34,496 - nerf2 - INFO - Median error:4.83
2024-04-21 19:57:34,534 - nerf2 - INFO - Median error:3.44
2024-04-21 19:57:34,572 - nerf2 - INFO - Median error:5.71
2024-04-21 19:57:34,609 - nerf2 - INFO - Median error:6.31
2024-04-21 19:57:34,647 - nerf2 - INFO - Median error:4.36
2024-04-21 19:57:34,684 - nerf2 - INFO - Median error:6.76
2024-04-21 19:57:34,722 - nerf2 - INFO - Median error:5.40
2024-04-21 19:57:34,760 - nerf2 - INFO - Median error:5.21
2024-04-21 19:57:34,797 - nerf2 - INFO - Median error:4.88
2024-04-21 19:57:34,835 - nerf2 - INFO - Median error:6.74
2024-04-21 19:57:34,872 - nerf2 - INFO - Median error:4.20
2024-04-21 19:57:34,910 - nerf2 - INFO - Median error:5.71
2024-04-21 19:57:34,947 - nerf2 - INFO - Median error:4.13
2024-04-21 19:57:34,985 - nerf2 - INFO - Median error:6.31
2024-04-21 19:57:35,022 - nerf2 - INFO - Median error:5.50
2024-04-21 19:57:35,060 - nerf2 - INFO - Median error:4.75
2024-04-21 19:57:35,098 - nerf2 - INFO - Median error:4.41
2024-04-21 19:57:35,135 - nerf2 - INFO - Median error:3.26
2024-04-21 19:57:35,173 - nerf2 - INFO - Median error:5.57
2024-04-21 19:57:35,210 - nerf2 - INFO - Median error:5.70
2024-04-21 19:57:35,248 - nerf2 - INFO - Median error:3.33
2024-04-21 19:57:35,286 - nerf2 - INFO - Median error:7.18
2024-04-21 19:57:35,323 - nerf2 - INFO - Median error:5.29
2024-04-21 19:57:35,361 - nerf2 - INFO - Median error:4.56
2024-04-21 19:57:35,398 - nerf2 - INFO - Median error:5.06
2024-04-21 19:57:35,436 - nerf2 - INFO - Median error:5.15
2024-04-21 19:57:35,474 - nerf2 - INFO - Median error:4.51
2024-04-21 19:57:35,511 - nerf2 - INFO - Median error:5.84
2024-04-21 19:57:35,549 - nerf2 - INFO - Median error:5.37
2024-04-21 19:57:35,586 - nerf2 - INFO - Median error:5.94
2024-04-21 19:57:35,624 - nerf2 - INFO - Median error:5.42
2024-04-21 19:57:35,662 - nerf2 - INFO - Median error:5.06
2024-04-21 19:57:35,699 - nerf2 - INFO - Median error:5.72
2024-04-21 19:57:35,737 - nerf2 - INFO - Median error:4.21
2024-04-21 19:57:35,774 - nerf2 - INFO - Median error:5.08
2024-04-21 19:57:35,812 - nerf2 - INFO - Median error:5.20
2024-04-21 19:57:35,850 - nerf2 - INFO - Median error:5.61
2024-04-21 19:57:35,887 - nerf2 - INFO - Median error:4.34
2024-04-21 19:57:35,925 - nerf2 - INFO - Median error:4.52
2024-04-21 19:57:35,963 - nerf2 - INFO - Median error:5.19
2024-04-21 19:57:36,000 - nerf2 - INFO - Median error:6.10
2024-04-21 19:57:36,038 - nerf2 - INFO - Median error:5.09
2024-04-21 19:57:36,075 - nerf2 - INFO - Median error:3.89
2024-04-21 19:57:36,113 - nerf2 - INFO - Median error:6.38
2024-04-21 19:57:36,150 - nerf2 - INFO - Median error:5.46
2024-04-21 19:57:36,188 - nerf2 - INFO - Median error:4.69
2024-04-21 19:57:36,226 - nerf2 - INFO - Median error:6.13
2024-04-21 19:57:36,263 - nerf2 - INFO - Median error:6.20
2024-04-21 19:57:36,301 - nerf2 - INFO - Median error:4.68
2024-04-21 19:57:36,338 - nerf2 - INFO - Median error:5.24
2024-04-21 19:57:36,376 - nerf2 - INFO - Median error:4.54
2024-04-21 19:57:36,414 - nerf2 - INFO - Median error:3.99
2024-04-21 19:57:36,451 - nerf2 - INFO - Median error:5.53
2024-04-21 19:57:36,489 - nerf2 - INFO - Median error:6.14
2024-04-21 19:57:36,526 - nerf2 - INFO - Median error:4.76
2024-04-21 19:57:36,564 - nerf2 - INFO - Median error:4.69
2024-04-21 19:57:36,602 - nerf2 - INFO - Median error:3.87
2024-04-21 19:57:36,639 - nerf2 - INFO - Median error:4.94
2024-04-21 19:57:36,677 - nerf2 - INFO - Median error:4.21
2024-04-21 19:57:36,714 - nerf2 - INFO - Median error:7.38
2024-04-21 19:57:36,752 - nerf2 - INFO - Median error:4.18
2024-04-21 19:57:36,789 - nerf2 - INFO - Median error:4.19
2024-04-21 19:57:36,827 - nerf2 - INFO - Median error:5.02
2024-04-21 19:57:36,864 - nerf2 - INFO - Median error:5.96
2024-04-21 19:57:36,902 - nerf2 - INFO - Median error:7.44
2024-04-21 19:57:36,940 - nerf2 - INFO - Median error:4.56
2024-04-21 19:57:36,977 - nerf2 - INFO - Median error:7.00
2024-04-21 19:57:37,015 - nerf2 - INFO - Median error:6.29
2024-04-21 19:57:37,053 - nerf2 - INFO - Median error:6.73
2024-04-21 19:57:37,090 - nerf2 - INFO - Median error:4.62
2024-04-21 19:57:37,128 - nerf2 - INFO - Median error:5.75
2024-04-21 19:57:37,165 - nerf2 - INFO - Median error:4.13
2024-04-21 19:57:37,203 - nerf2 - INFO - Median error:4.76
2024-04-21 19:57:37,240 - nerf2 - INFO - Median error:5.42
2024-04-21 19:57:37,278 - nerf2 - INFO - Median error:3.96
2024-04-21 19:57:37,315 - nerf2 - INFO - Median error:5.12
2024-04-21 19:57:37,353 - nerf2 - INFO - Median error:4.27
2024-04-21 19:57:37,391 - nerf2 - INFO - Median error:4.88
2024-04-21 19:57:37,428 - nerf2 - INFO - Median error:5.48
2024-04-21 19:57:37,466 - nerf2 - INFO - Median error:5.97
2024-04-21 19:57:37,504 - nerf2 - INFO - Median error:5.04
2024-04-21 19:57:37,541 - nerf2 - INFO - Median error:6.17
2024-04-21 19:57:37,579 - nerf2 - INFO - Median error:5.43
2024-04-21 19:57:37,616 - nerf2 - INFO - Median error:4.65
2024-04-21 19:57:37,654 - nerf2 - INFO - Median error:5.55
2024-04-21 19:57:37,692 - nerf2 - INFO - Median error:6.78
2024-04-21 19:57:37,729 - nerf2 - INFO - Median error:4.64
2024-04-21 19:57:37,767 - nerf2 - INFO - Median error:6.47
2024-04-21 19:57:37,805 - nerf2 - INFO - Median error:4.26
2024-04-21 19:57:37,842 - nerf2 - INFO - Median error:4.84
2024-04-21 19:57:37,880 - nerf2 - INFO - Median error:6.94
2024-04-21 19:57:37,917 - nerf2 - INFO - Median error:4.43
2024-04-21 19:57:37,955 - nerf2 - INFO - Median error:6.48
2024-04-21 19:57:37,992 - nerf2 - INFO - Median error:6.03
2024-04-21 19:57:38,030 - nerf2 - INFO - Median error:4.72
2024-04-21 19:57:38,067 - nerf2 - INFO - Median error:4.86
2024-04-21 19:57:38,105 - nerf2 - INFO - Median error:6.05
2024-04-21 19:57:38,143 - nerf2 - INFO - Median error:4.45
2024-04-21 19:57:38,180 - nerf2 - INFO - Median error:6.02
2024-04-21 19:57:38,218 - nerf2 - INFO - Median error:5.33
2024-04-21 19:57:38,256 - nerf2 - INFO - Median error:3.74
2024-04-21 19:57:38,293 - nerf2 - INFO - Median error:3.59
2024-04-21 19:57:38,331 - nerf2 - INFO - Median error:5.44
2024-04-21 19:57:38,368 - nerf2 - INFO - Median error:5.52
2024-04-21 19:57:38,406 - nerf2 - INFO - Median error:7.62
2024-04-21 19:57:38,444 - nerf2 - INFO - Median error:5.82
2024-04-21 19:57:38,481 - nerf2 - INFO - Median error:6.93
2024-04-21 19:57:38,519 - nerf2 - INFO - Median error:4.61
2024-04-21 19:57:38,557 - nerf2 - INFO - Median error:4.68
2024-04-21 19:57:38,594 - nerf2 - INFO - Median error:3.55
2024-04-21 19:57:38,632 - nerf2 - INFO - Median error:5.12
2024-04-21 19:57:38,669 - nerf2 - INFO - Median error:4.05
2024-04-21 19:57:38,707 - nerf2 - INFO - Median error:4.10
2024-04-21 19:57:38,744 - nerf2 - INFO - Median error:6.03
2024-04-21 19:57:38,782 - nerf2 - INFO - Median error:3.85
2024-04-21 19:57:38,820 - nerf2 - INFO - Median error:5.18
2024-04-21 19:57:38,857 - nerf2 - INFO - Median error:5.19
2024-04-21 19:57:38,895 - nerf2 - INFO - Median error:3.81
2024-04-21 19:57:38,933 - nerf2 - INFO - Median error:6.54
2024-04-21 19:57:38,970 - nerf2 - INFO - Median error:5.04
2024-04-21 19:57:39,008 - nerf2 - INFO - Median error:6.19
2024-04-21 19:57:39,046 - nerf2 - INFO - Median error:4.64
2024-04-21 19:57:39,083 - nerf2 - INFO - Median error:4.06
2024-04-21 19:57:39,121 - nerf2 - INFO - Median error:4.69
2024-04-21 19:57:39,159 - nerf2 - INFO - Median error:7.31
2024-04-21 19:57:39,196 - nerf2 - INFO - Median error:5.55
2024-04-21 19:57:39,234 - nerf2 - INFO - Median error:7.17
2024-04-21 19:57:39,271 - nerf2 - INFO - Median error:6.21
2024-04-21 19:57:39,309 - nerf2 - INFO - Median error:5.73
2024-04-21 19:57:39,347 - nerf2 - INFO - Median error:5.85
2024-04-21 19:57:39,384 - nerf2 - INFO - Median error:5.18
2024-04-21 19:57:39,422 - nerf2 - INFO - Median error:4.44
2024-04-21 19:57:39,460 - nerf2 - INFO - Median error:5.77
2024-04-21 19:57:39,497 - nerf2 - INFO - Median error:4.99
2024-04-21 19:57:39,535 - nerf2 - INFO - Median error:5.28
2024-04-21 19:57:39,573 - nerf2 - INFO - Median error:5.25
2024-04-21 19:57:39,610 - nerf2 - INFO - Median error:4.64
2024-04-21 19:57:39,648 - nerf2 - INFO - Median error:4.77
2024-04-21 19:57:39,685 - nerf2 - INFO - Median error:4.96
2024-04-21 19:57:39,723 - nerf2 - INFO - Median error:5.99
2024-04-21 19:57:39,760 - nerf2 - INFO - Median error:5.91
2024-04-21 19:57:39,798 - nerf2 - INFO - Median error:6.83
2024-04-21 19:57:39,828 - nerf2 - INFO - Median error:4.79
2024-04-21 19:57:40,031 - nerf2 - INFO - Total Median error:5.24
