2024-04-17 00:09:44,919 - nerf2 - INFO - expname:ble-rssi-exp2-v1-595-posz-whole, datadir:data/BLE/, logdir:logs/BLE/
2024-04-17 00:09:45,365 - nerf2 - INFO - Total number of parameters: 690564
2024-04-17 00:09:45,367 - nerf2 - INFO - Found ckpts []
2024-04-17 00:09:45,367 - nerf2 - INFO - Loading training set...
2024-04-17 00:09:45,616 - nerf2 - INFO - Loading test set...
2024-04-17 00:09:48,917 - nerf2 - INFO - Train set size:2100, Test set size:39900
2024-04-17 00:09:48,917 - nerf2 - INFO - Start training. Current Iteration:1
2024-04-17 00:43:39,586 - nerf2 - INFO - expname:ble-rssi-exp2-v1-595-posz-whole, datadir:data/BLE/, logdir:logs/BLE/
2024-04-17 00:43:40,034 - nerf2 - INFO - Total number of parameters: 690564
2024-04-17 00:43:40,036 - nerf2 - INFO - Found ckpts ['logs/BLE/ble-rssi-exp2-v1-595-posz-whole/ckpts/029800.tar', 'logs/BLE/ble-rssi-exp2-v1-595-posz-whole/ckpts/029900.tar', 'logs/BLE/ble-rssi-exp2-v1-595-posz-whole/ckpts/030000.tar']
2024-04-17 00:43:40,036 - nerf2 - INFO - Loading ckpt logs/BLE/ble-rssi-exp2-v1-595-posz-whole/ckpts/030000.tar
2024-04-17 00:43:40,057 - nerf2 - INFO - Loading training set...
2024-04-17 00:43:40,306 - nerf2 - INFO - Loading test set...
2024-04-17 00:43:43,591 - nerf2 - INFO - Train set size:2100, Test set size:39900
2024-04-17 00:43:43,592 - nerf2 - INFO - Start evaluation
2024-04-17 00:43:44,023 - nerf2 - INFO - Median error:3.93
2024-04-17 00:43:44,082 - nerf2 - INFO - Median error:3.95
2024-04-17 00:43:44,133 - nerf2 - INFO - Median error:5.44
2024-04-17 00:43:44,185 - nerf2 - INFO - Median error:5.24
2024-04-17 00:43:44,238 - nerf2 - INFO - Median error:4.28
2024-04-17 00:43:44,289 - nerf2 - INFO - Median error:4.96
2024-04-17 00:43:44,341 - nerf2 - INFO - Median error:4.31
2024-04-17 00:43:44,393 - nerf2 - INFO - Median error:5.66
2024-04-17 00:43:44,445 - nerf2 - INFO - Median error:4.66
2024-04-17 00:43:44,497 - nerf2 - INFO - Median error:3.82
2024-04-17 00:43:44,548 - nerf2 - INFO - Median error:4.35
2024-04-17 00:43:44,600 - nerf2 - INFO - Median error:6.66
2024-04-17 00:43:44,634 - nerf2 - INFO - Median error:4.34
2024-04-17 00:43:44,668 - nerf2 - INFO - Median error:3.56
2024-04-17 00:43:44,702 - nerf2 - INFO - Median error:5.09
2024-04-17 00:43:44,736 - nerf2 - INFO - Median error:4.91
2024-04-17 00:43:44,770 - nerf2 - INFO - Median error:5.81
2024-04-17 00:43:44,804 - nerf2 - INFO - Median error:4.60
2024-04-17 00:43:44,838 - nerf2 - INFO - Median error:3.50
2024-04-17 00:43:44,872 - nerf2 - INFO - Median error:4.09
2024-04-17 00:43:44,906 - nerf2 - INFO - Median error:4.92
2024-04-17 00:43:44,939 - nerf2 - INFO - Median error:5.95
2024-04-17 00:43:44,973 - nerf2 - INFO - Median error:4.13
2024-04-17 00:43:45,007 - nerf2 - INFO - Median error:4.12
2024-04-17 00:43:45,041 - nerf2 - INFO - Median error:4.80
2024-04-17 00:43:45,075 - nerf2 - INFO - Median error:4.40
2024-04-17 00:43:45,109 - nerf2 - INFO - Median error:5.41
2024-04-17 00:43:45,143 - nerf2 - INFO - Median error:4.34
2024-04-17 00:43:45,177 - nerf2 - INFO - Median error:3.98
2024-04-17 00:43:45,211 - nerf2 - INFO - Median error:4.37
2024-04-17 00:43:45,245 - nerf2 - INFO - Median error:4.29
2024-04-17 00:43:45,279 - nerf2 - INFO - Median error:4.41
2024-04-17 00:43:45,313 - nerf2 - INFO - Median error:4.87
2024-04-17 00:43:45,347 - nerf2 - INFO - Median error:5.96
2024-04-17 00:43:45,381 - nerf2 - INFO - Median error:4.45
2024-04-17 00:43:45,415 - nerf2 - INFO - Median error:4.22
2024-04-17 00:43:45,448 - nerf2 - INFO - Median error:4.13
2024-04-17 00:43:45,482 - nerf2 - INFO - Median error:5.49
2024-04-17 00:43:45,516 - nerf2 - INFO - Median error:4.26
2024-04-17 00:43:45,550 - nerf2 - INFO - Median error:6.64
2024-04-17 00:43:45,584 - nerf2 - INFO - Median error:5.27
2024-04-17 00:43:45,618 - nerf2 - INFO - Median error:7.03
2024-04-17 00:43:45,652 - nerf2 - INFO - Median error:4.44
2024-04-17 00:43:45,686 - nerf2 - INFO - Median error:4.16
2024-04-17 00:43:45,720 - nerf2 - INFO - Median error:6.43
2024-04-17 00:43:45,754 - nerf2 - INFO - Median error:5.86
2024-04-17 00:43:45,788 - nerf2 - INFO - Median error:3.68
2024-04-17 00:43:45,821 - nerf2 - INFO - Median error:6.58
2024-04-17 00:43:45,855 - nerf2 - INFO - Median error:4.77
2024-04-17 00:43:45,889 - nerf2 - INFO - Median error:5.79
2024-04-17 00:43:45,923 - nerf2 - INFO - Median error:5.30
2024-04-17 00:43:45,957 - nerf2 - INFO - Median error:4.08
2024-04-17 00:43:45,991 - nerf2 - INFO - Median error:5.25
2024-04-17 00:43:46,025 - nerf2 - INFO - Median error:5.03
2024-04-17 00:43:46,059 - nerf2 - INFO - Median error:4.74
2024-04-17 00:43:46,093 - nerf2 - INFO - Median error:5.16
2024-04-17 00:43:46,127 - nerf2 - INFO - Median error:4.86
2024-04-17 00:43:46,161 - nerf2 - INFO - Median error:4.31
2024-04-17 00:43:46,195 - nerf2 - INFO - Median error:5.06
2024-04-17 00:43:46,229 - nerf2 - INFO - Median error:4.72
2024-04-17 00:43:46,262 - nerf2 - INFO - Median error:5.61
2024-04-17 00:43:46,296 - nerf2 - INFO - Median error:6.22
2024-04-17 00:43:46,330 - nerf2 - INFO - Median error:4.52
2024-04-17 00:43:46,364 - nerf2 - INFO - Median error:5.06
2024-04-17 00:43:46,398 - nerf2 - INFO - Median error:3.72
2024-04-17 00:43:46,432 - nerf2 - INFO - Median error:6.26
2024-04-17 00:43:46,466 - nerf2 - INFO - Median error:4.54
2024-04-17 00:43:46,500 - nerf2 - INFO - Median error:4.60
2024-04-17 00:43:46,534 - nerf2 - INFO - Median error:4.43
2024-04-17 00:43:46,568 - nerf2 - INFO - Median error:4.38
2024-04-17 00:43:46,602 - nerf2 - INFO - Median error:6.11
2024-04-17 00:43:46,636 - nerf2 - INFO - Median error:5.35
2024-04-17 00:43:46,669 - nerf2 - INFO - Median error:5.96
2024-04-17 00:43:46,703 - nerf2 - INFO - Median error:5.23
2024-04-17 00:43:46,737 - nerf2 - INFO - Median error:6.48
2024-04-17 00:43:46,771 - nerf2 - INFO - Median error:5.20
2024-04-17 00:43:46,805 - nerf2 - INFO - Median error:3.64
2024-04-17 00:43:46,839 - nerf2 - INFO - Median error:5.58
2024-04-17 00:43:46,873 - nerf2 - INFO - Median error:4.31
2024-04-17 00:43:46,907 - nerf2 - INFO - Median error:4.32
2024-04-17 00:43:46,941 - nerf2 - INFO - Median error:6.25
2024-04-17 00:43:46,975 - nerf2 - INFO - Median error:3.50
2024-04-17 00:43:47,009 - nerf2 - INFO - Median error:4.12
2024-04-17 00:43:47,042 - nerf2 - INFO - Median error:4.14
2024-04-17 00:43:47,076 - nerf2 - INFO - Median error:4.29
2024-04-17 00:43:47,110 - nerf2 - INFO - Median error:4.75
2024-04-17 00:43:47,144 - nerf2 - INFO - Median error:4.91
2024-04-17 00:43:47,178 - nerf2 - INFO - Median error:4.17
2024-04-17 00:43:47,212 - nerf2 - INFO - Median error:5.24
2024-04-17 00:43:47,246 - nerf2 - INFO - Median error:7.74
2024-04-17 00:43:47,280 - nerf2 - INFO - Median error:4.97
2024-04-17 00:43:47,314 - nerf2 - INFO - Median error:3.90
2024-04-17 00:43:47,348 - nerf2 - INFO - Median error:6.26
2024-04-17 00:43:47,382 - nerf2 - INFO - Median error:5.85
2024-04-17 00:43:47,416 - nerf2 - INFO - Median error:4.30
2024-04-17 00:43:47,450 - nerf2 - INFO - Median error:6.68
2024-04-17 00:43:47,483 - nerf2 - INFO - Median error:5.19
2024-04-17 00:43:47,517 - nerf2 - INFO - Median error:5.29
2024-04-17 00:43:47,551 - nerf2 - INFO - Median error:6.00
2024-04-17 00:43:47,585 - nerf2 - INFO - Median error:4.43
2024-04-17 00:43:47,619 - nerf2 - INFO - Median error:4.57
2024-04-17 00:43:47,653 - nerf2 - INFO - Median error:5.21
2024-04-17 00:43:47,687 - nerf2 - INFO - Median error:5.14
2024-04-17 00:43:47,721 - nerf2 - INFO - Median error:5.78
2024-04-17 00:43:47,755 - nerf2 - INFO - Median error:6.65
2024-04-17 00:43:47,789 - nerf2 - INFO - Median error:4.37
2024-04-17 00:43:47,823 - nerf2 - INFO - Median error:6.51
2024-04-17 00:43:47,857 - nerf2 - INFO - Median error:7.71
2024-04-17 00:43:47,891 - nerf2 - INFO - Median error:4.31
2024-04-17 00:43:47,924 - nerf2 - INFO - Median error:4.74
2024-04-17 00:43:47,958 - nerf2 - INFO - Median error:4.62
2024-04-17 00:43:47,992 - nerf2 - INFO - Median error:4.78
2024-04-17 00:43:48,026 - nerf2 - INFO - Median error:6.36
2024-04-17 00:43:48,060 - nerf2 - INFO - Median error:4.37
2024-04-17 00:43:48,094 - nerf2 - INFO - Median error:5.82
2024-04-17 00:43:48,128 - nerf2 - INFO - Median error:6.41
2024-04-17 00:43:48,162 - nerf2 - INFO - Median error:4.78
2024-04-17 00:43:48,196 - nerf2 - INFO - Median error:6.35
2024-04-17 00:43:48,230 - nerf2 - INFO - Median error:4.74
2024-04-17 00:43:48,264 - nerf2 - INFO - Median error:3.67
2024-04-17 00:43:48,298 - nerf2 - INFO - Median error:4.75
2024-04-17 00:43:48,332 - nerf2 - INFO - Median error:5.43
2024-04-17 00:43:48,365 - nerf2 - INFO - Median error:4.75
2024-04-17 00:43:48,399 - nerf2 - INFO - Median error:3.32
2024-04-17 00:43:48,433 - nerf2 - INFO - Median error:6.67
2024-04-17 00:43:48,467 - nerf2 - INFO - Median error:5.34
2024-04-17 00:43:48,501 - nerf2 - INFO - Median error:4.21
2024-04-17 00:43:48,535 - nerf2 - INFO - Median error:5.44
2024-04-17 00:43:48,569 - nerf2 - INFO - Median error:3.64
2024-04-17 00:43:48,603 - nerf2 - INFO - Median error:4.01
2024-04-17 00:43:48,637 - nerf2 - INFO - Median error:4.21
2024-04-17 00:43:48,671 - nerf2 - INFO - Median error:6.14
2024-04-17 00:43:48,705 - nerf2 - INFO - Median error:5.56
2024-04-17 00:43:48,738 - nerf2 - INFO - Median error:4.28
2024-04-17 00:43:48,772 - nerf2 - INFO - Median error:4.73
2024-04-17 00:43:48,806 - nerf2 - INFO - Median error:6.22
2024-04-17 00:43:48,840 - nerf2 - INFO - Median error:3.81
2024-04-17 00:43:48,874 - nerf2 - INFO - Median error:5.37
2024-04-17 00:43:48,908 - nerf2 - INFO - Median error:4.62
2024-04-17 00:43:48,942 - nerf2 - INFO - Median error:4.38
2024-04-17 00:43:48,976 - nerf2 - INFO - Median error:5.83
2024-04-17 00:43:49,010 - nerf2 - INFO - Median error:4.31
2024-04-17 00:43:49,044 - nerf2 - INFO - Median error:4.21
2024-04-17 00:43:49,078 - nerf2 - INFO - Median error:4.46
2024-04-17 00:43:49,111 - nerf2 - INFO - Median error:4.32
2024-04-17 00:43:49,145 - nerf2 - INFO - Median error:4.82
2024-04-17 00:43:49,179 - nerf2 - INFO - Median error:5.41
2024-04-17 00:43:49,213 - nerf2 - INFO - Median error:5.08
2024-04-17 00:43:49,247 - nerf2 - INFO - Median error:3.74
2024-04-17 00:43:49,281 - nerf2 - INFO - Median error:4.74
2024-04-17 00:43:49,315 - nerf2 - INFO - Median error:4.76
2024-04-17 00:43:49,349 - nerf2 - INFO - Median error:4.89
2024-04-17 00:43:49,383 - nerf2 - INFO - Median error:7.60
2024-04-17 00:43:49,417 - nerf2 - INFO - Median error:4.88
2024-04-17 00:43:49,451 - nerf2 - INFO - Median error:6.22
2024-04-17 00:43:49,485 - nerf2 - INFO - Median error:3.77
2024-04-17 00:43:49,519 - nerf2 - INFO - Median error:4.10
2024-04-17 00:43:49,556 - nerf2 - INFO - Median error:5.03
2024-04-17 00:43:49,590 - nerf2 - INFO - Median error:4.51
2024-04-17 00:43:49,624 - nerf2 - INFO - Median error:4.05
2024-04-17 00:43:49,658 - nerf2 - INFO - Median error:6.67
2024-04-17 00:43:49,692 - nerf2 - INFO - Median error:4.20
2024-04-17 00:43:49,726 - nerf2 - INFO - Median error:4.15
2024-04-17 00:43:49,760 - nerf2 - INFO - Median error:5.52
2024-04-17 00:43:49,794 - nerf2 - INFO - Median error:5.04
2024-04-17 00:43:49,828 - nerf2 - INFO - Median error:5.66
2024-04-17 00:43:49,862 - nerf2 - INFO - Median error:5.32
2024-04-17 00:43:49,896 - nerf2 - INFO - Median error:6.24
2024-04-17 00:43:49,930 - nerf2 - INFO - Median error:5.36
2024-04-17 00:43:49,964 - nerf2 - INFO - Median error:5.91
2024-04-17 00:43:49,998 - nerf2 - INFO - Median error:3.21
2024-04-17 00:43:50,031 - nerf2 - INFO - Median error:4.98
2024-04-17 00:43:50,065 - nerf2 - INFO - Median error:5.75
2024-04-17 00:43:50,099 - nerf2 - INFO - Median error:4.80
2024-04-17 00:43:50,133 - nerf2 - INFO - Median error:5.56
2024-04-17 00:43:50,167 - nerf2 - INFO - Median error:5.43
2024-04-17 00:43:50,201 - nerf2 - INFO - Median error:4.94
2024-04-17 00:43:50,235 - nerf2 - INFO - Median error:5.52
2024-04-17 00:43:50,269 - nerf2 - INFO - Median error:6.83
2024-04-17 00:43:50,303 - nerf2 - INFO - Median error:3.70
2024-04-17 00:43:50,337 - nerf2 - INFO - Median error:4.91
2024-04-17 00:43:50,371 - nerf2 - INFO - Median error:3.44
2024-04-17 00:43:50,404 - nerf2 - INFO - Median error:6.07
2024-04-17 00:43:50,438 - nerf2 - INFO - Median error:6.00
2024-04-17 00:43:50,472 - nerf2 - INFO - Median error:4.92
2024-04-17 00:43:50,506 - nerf2 - INFO - Median error:4.14
2024-04-17 00:43:50,540 - nerf2 - INFO - Median error:2.79
2024-04-17 00:43:50,574 - nerf2 - INFO - Median error:3.69
2024-04-17 00:43:50,608 - nerf2 - INFO - Median error:5.07
2024-04-17 00:43:50,642 - nerf2 - INFO - Median error:3.76
2024-04-17 00:43:50,676 - nerf2 - INFO - Median error:6.62
2024-04-17 00:43:50,710 - nerf2 - INFO - Median error:4.51
2024-04-17 00:43:50,744 - nerf2 - INFO - Median error:3.69
2024-04-17 00:43:50,778 - nerf2 - INFO - Median error:5.06
2024-04-17 00:43:50,812 - nerf2 - INFO - Median error:4.31
2024-04-17 00:43:50,846 - nerf2 - INFO - Median error:4.69
2024-04-17 00:43:50,880 - nerf2 - INFO - Median error:5.26
2024-04-17 00:43:50,913 - nerf2 - INFO - Median error:4.62
2024-04-17 00:43:50,947 - nerf2 - INFO - Median error:5.50
2024-04-17 00:43:50,981 - nerf2 - INFO - Median error:5.45
2024-04-17 00:43:51,015 - nerf2 - INFO - Median error:5.22
2024-04-17 00:43:51,049 - nerf2 - INFO - Median error:4.53
2024-04-17 00:43:51,083 - nerf2 - INFO - Median error:4.93
2024-04-17 00:43:51,117 - nerf2 - INFO - Median error:4.08
2024-04-17 00:43:51,151 - nerf2 - INFO - Median error:4.55
2024-04-17 00:43:51,185 - nerf2 - INFO - Median error:5.54
2024-04-17 00:43:51,219 - nerf2 - INFO - Median error:3.73
2024-04-17 00:43:51,253 - nerf2 - INFO - Median error:5.05
2024-04-17 00:43:51,287 - nerf2 - INFO - Median error:4.53
2024-04-17 00:43:51,321 - nerf2 - INFO - Median error:6.07
2024-04-17 00:43:51,355 - nerf2 - INFO - Median error:4.63
2024-04-17 00:43:51,388 - nerf2 - INFO - Median error:3.91
2024-04-17 00:43:51,422 - nerf2 - INFO - Median error:5.54
2024-04-17 00:43:51,456 - nerf2 - INFO - Median error:5.14
2024-04-17 00:43:51,490 - nerf2 - INFO - Median error:4.64
2024-04-17 00:43:51,524 - nerf2 - INFO - Median error:4.87
2024-04-17 00:43:51,558 - nerf2 - INFO - Median error:5.86
2024-04-17 00:43:51,592 - nerf2 - INFO - Median error:5.09
2024-04-17 00:43:51,626 - nerf2 - INFO - Median error:6.23
2024-04-17 00:43:51,660 - nerf2 - INFO - Median error:3.78
2024-04-17 00:43:51,694 - nerf2 - INFO - Median error:3.95
2024-04-17 00:43:51,728 - nerf2 - INFO - Median error:5.12
2024-04-17 00:43:51,762 - nerf2 - INFO - Median error:7.65
2024-04-17 00:43:51,796 - nerf2 - INFO - Median error:4.17
2024-04-17 00:43:51,830 - nerf2 - INFO - Median error:4.68
2024-04-17 00:43:51,869 - nerf2 - INFO - Median error:3.20
2024-04-17 00:43:51,903 - nerf2 - INFO - Median error:4.44
2024-04-17 00:43:51,937 - nerf2 - INFO - Median error:5.63
2024-04-17 00:43:51,971 - nerf2 - INFO - Median error:5.61
2024-04-17 00:43:52,005 - nerf2 - INFO - Median error:4.03
2024-04-17 00:43:52,039 - nerf2 - INFO - Median error:4.20
2024-04-17 00:43:52,073 - nerf2 - INFO - Median error:4.11
2024-04-17 00:43:52,107 - nerf2 - INFO - Median error:4.00
2024-04-17 00:43:52,140 - nerf2 - INFO - Median error:5.27
2024-04-17 00:43:52,174 - nerf2 - INFO - Median error:3.71
2024-04-17 00:43:52,208 - nerf2 - INFO - Median error:5.92
2024-04-17 00:43:52,242 - nerf2 - INFO - Median error:4.66
2024-04-17 00:43:52,276 - nerf2 - INFO - Median error:3.47
2024-04-17 00:43:52,310 - nerf2 - INFO - Median error:4.70
2024-04-17 00:43:52,344 - nerf2 - INFO - Median error:4.69
2024-04-17 00:43:52,378 - nerf2 - INFO - Median error:4.31
2024-04-17 00:43:52,412 - nerf2 - INFO - Median error:4.04
2024-04-17 00:43:52,446 - nerf2 - INFO - Median error:6.44
2024-04-17 00:43:52,480 - nerf2 - INFO - Median error:4.00
2024-04-17 00:43:52,514 - nerf2 - INFO - Median error:4.47
2024-04-17 00:43:52,548 - nerf2 - INFO - Median error:4.48
2024-04-17 00:43:52,582 - nerf2 - INFO - Median error:3.32
2024-04-17 00:43:52,615 - nerf2 - INFO - Median error:4.72
2024-04-17 00:43:52,649 - nerf2 - INFO - Median error:4.43
2024-04-17 00:43:52,683 - nerf2 - INFO - Median error:4.73
2024-04-17 00:43:52,717 - nerf2 - INFO - Median error:6.52
2024-04-17 00:43:52,751 - nerf2 - INFO - Median error:4.44
2024-04-17 00:43:52,785 - nerf2 - INFO - Median error:5.26
2024-04-17 00:43:52,819 - nerf2 - INFO - Median error:5.27
2024-04-17 00:43:52,853 - nerf2 - INFO - Median error:7.30
2024-04-17 00:43:52,887 - nerf2 - INFO - Median error:4.02
2024-04-17 00:43:52,921 - nerf2 - INFO - Median error:6.89
2024-04-17 00:43:52,955 - nerf2 - INFO - Median error:4.22
2024-04-17 00:43:52,989 - nerf2 - INFO - Median error:5.38
2024-04-17 00:43:53,023 - nerf2 - INFO - Median error:7.01
2024-04-17 00:43:53,057 - nerf2 - INFO - Median error:4.79
2024-04-17 00:43:53,091 - nerf2 - INFO - Median error:6.01
2024-04-17 00:43:53,125 - nerf2 - INFO - Median error:6.19
2024-04-17 00:43:53,158 - nerf2 - INFO - Median error:4.89
2024-04-17 00:43:53,192 - nerf2 - INFO - Median error:5.52
2024-04-17 00:43:53,226 - nerf2 - INFO - Median error:5.75
2024-04-17 00:43:53,260 - nerf2 - INFO - Median error:4.36
2024-04-17 00:43:53,294 - nerf2 - INFO - Median error:5.95
2024-04-17 00:43:53,328 - nerf2 - INFO - Median error:5.17
2024-04-17 00:43:53,362 - nerf2 - INFO - Median error:2.89
2024-04-17 00:43:53,396 - nerf2 - INFO - Median error:3.56
2024-04-17 00:43:53,430 - nerf2 - INFO - Median error:4.50
2024-04-17 00:43:53,464 - nerf2 - INFO - Median error:5.93
2024-04-17 00:43:53,498 - nerf2 - INFO - Median error:5.00
2024-04-17 00:43:53,532 - nerf2 - INFO - Median error:6.06
2024-04-17 00:43:53,566 - nerf2 - INFO - Median error:5.89
2024-04-17 00:43:53,600 - nerf2 - INFO - Median error:4.68
2024-04-17 00:43:53,634 - nerf2 - INFO - Median error:4.68
2024-04-17 00:43:53,668 - nerf2 - INFO - Median error:3.62
2024-04-17 00:43:53,701 - nerf2 - INFO - Median error:4.08
2024-04-17 00:43:53,735 - nerf2 - INFO - Median error:3.87
2024-04-17 00:43:53,769 - nerf2 - INFO - Median error:4.10
2024-04-17 00:43:53,803 - nerf2 - INFO - Median error:5.88
2024-04-17 00:43:53,837 - nerf2 - INFO - Median error:3.71
2024-04-17 00:43:53,871 - nerf2 - INFO - Median error:6.43
2024-04-17 00:43:53,905 - nerf2 - INFO - Median error:4.61
2024-04-17 00:43:53,939 - nerf2 - INFO - Median error:3.66
2024-04-17 00:43:53,973 - nerf2 - INFO - Median error:5.64
2024-04-17 00:43:54,007 - nerf2 - INFO - Median error:4.91
2024-04-17 00:43:54,041 - nerf2 - INFO - Median error:4.57
2024-04-17 00:43:54,075 - nerf2 - INFO - Median error:4.26
2024-04-17 00:43:54,109 - nerf2 - INFO - Median error:3.93
2024-04-17 00:43:54,143 - nerf2 - INFO - Median error:4.36
2024-04-17 00:43:54,176 - nerf2 - INFO - Median error:5.97
2024-04-17 00:43:54,210 - nerf2 - INFO - Median error:4.35
2024-04-17 00:43:54,244 - nerf2 - INFO - Median error:6.67
2024-04-17 00:43:54,278 - nerf2 - INFO - Median error:6.61
2024-04-17 00:43:54,312 - nerf2 - INFO - Median error:5.27
2024-04-17 00:43:54,346 - nerf2 - INFO - Median error:6.46
2024-04-17 00:43:54,380 - nerf2 - INFO - Median error:3.93
2024-04-17 00:43:54,414 - nerf2 - INFO - Median error:5.27
2024-04-17 00:43:54,448 - nerf2 - INFO - Median error:5.71
2024-04-17 00:43:54,482 - nerf2 - INFO - Median error:4.49
2024-04-17 00:43:54,516 - nerf2 - INFO - Median error:5.86
2024-04-17 00:43:54,550 - nerf2 - INFO - Median error:7.06
2024-04-17 00:43:54,584 - nerf2 - INFO - Median error:4.35
2024-04-17 00:43:54,618 - nerf2 - INFO - Median error:4.42
2024-04-17 00:43:54,652 - nerf2 - INFO - Median error:4.30
2024-04-17 00:43:54,686 - nerf2 - INFO - Median error:5.00
2024-04-17 00:43:54,719 - nerf2 - INFO - Median error:5.64
2024-04-17 00:43:54,753 - nerf2 - INFO - Median error:5.13
2024-04-17 00:43:54,778 - nerf2 - INFO - Median error:3.94
2024-04-17 00:43:54,788 - nerf2 - INFO - Total Median error:4.88
