2024-04-17 16:35:06,793 - nerf2 - INFO - expname:ble-rssi-exp2-v1-595-minusz-half, datadir:data/BLE/, logdir:logs/BLE/
2024-04-17 16:35:09,206 - nerf2 - INFO - Total number of parameters: 690564
2024-04-17 16:35:09,208 - nerf2 - INFO - Found ckpts []
2024-04-17 16:35:09,208 - nerf2 - INFO - Loading training set...
2024-04-17 16:35:09,549 - nerf2 - INFO - Loading test set...
2024-04-17 16:35:13,230 - nerf2 - INFO - Train set size:2100, Test set size:39900
2024-04-17 16:35:13,230 - nerf2 - INFO - Start training. Current Iteration:1
2024-04-17 17:13:17,944 - nerf2 - INFO - expname:ble-rssi-exp2-v1-595-minusz-half, datadir:data/BLE/, logdir:logs/BLE/
2024-04-17 17:13:18,610 - nerf2 - INFO - Total number of parameters: 690564
2024-04-17 17:13:18,611 - nerf2 - INFO - Found ckpts ['logs/BLE/ble-rssi-exp2-v1-595-minusz-half/ckpts/029800.tar', 'logs/BLE/ble-rssi-exp2-v1-595-minusz-half/ckpts/029900.tar', 'logs/BLE/ble-rssi-exp2-v1-595-minusz-half/ckpts/030000.tar']
2024-04-17 17:13:18,612 - nerf2 - INFO - Loading ckpt logs/BLE/ble-rssi-exp2-v1-595-minusz-half/ckpts/030000.tar
2024-04-17 17:13:18,642 - nerf2 - INFO - Loading training set...
2024-04-17 17:13:18,918 - nerf2 - INFO - Loading test set...
2024-04-17 17:13:22,613 - nerf2 - INFO - Train set size:2100, Test set size:39900
2024-04-17 17:13:22,613 - nerf2 - INFO - Start evaluation
2024-04-17 17:13:22,958 - nerf2 - INFO - Median error:3.68
2024-04-17 17:13:23,000 - nerf2 - INFO - Median error:3.73
2024-04-17 17:13:23,041 - nerf2 - INFO - Median error:5.57
2024-04-17 17:13:23,081 - nerf2 - INFO - Median error:3.98
2024-04-17 17:13:23,122 - nerf2 - INFO - Median error:3.60
2024-04-17 17:13:23,162 - nerf2 - INFO - Median error:4.06
2024-04-17 17:13:23,200 - nerf2 - INFO - Median error:4.14
2024-04-17 17:13:23,238 - nerf2 - INFO - Median error:3.47
2024-04-17 17:13:23,276 - nerf2 - INFO - Median error:4.21
2024-04-17 17:13:23,315 - nerf2 - INFO - Median error:4.46
2024-04-17 17:13:23,353 - nerf2 - INFO - Median error:5.05
2024-04-17 17:13:23,390 - nerf2 - INFO - Median error:8.39
2024-04-17 17:13:23,428 - nerf2 - INFO - Median error:4.08
2024-04-17 17:13:23,466 - nerf2 - INFO - Median error:3.21
2024-04-17 17:13:23,504 - nerf2 - INFO - Median error:6.73
2024-04-17 17:13:23,542 - nerf2 - INFO - Median error:5.74
2024-04-17 17:13:23,580 - nerf2 - INFO - Median error:5.45
2024-04-17 17:13:23,618 - nerf2 - INFO - Median error:4.76
2024-04-17 17:13:23,655 - nerf2 - INFO - Median error:3.53
2024-04-17 17:13:23,693 - nerf2 - INFO - Median error:3.52
2024-04-17 17:13:23,731 - nerf2 - INFO - Median error:10.15
2024-04-17 17:13:23,769 - nerf2 - INFO - Median error:5.79
2024-04-17 17:13:23,807 - nerf2 - INFO - Median error:3.93
2024-04-17 17:13:23,845 - nerf2 - INFO - Median error:3.75
2024-04-17 17:13:23,883 - nerf2 - INFO - Median error:4.94
2024-04-17 17:13:23,921 - nerf2 - INFO - Median error:3.62
2024-04-17 17:13:23,958 - nerf2 - INFO - Median error:5.02
2024-04-17 17:13:23,996 - nerf2 - INFO - Median error:4.65
2024-04-17 17:13:24,034 - nerf2 - INFO - Median error:4.72
2024-04-17 17:13:24,072 - nerf2 - INFO - Median error:3.55
2024-04-17 17:13:24,110 - nerf2 - INFO - Median error:5.84
2024-04-17 17:13:24,148 - nerf2 - INFO - Median error:5.17
2024-04-17 17:13:24,186 - nerf2 - INFO - Median error:3.97
2024-04-17 17:13:24,223 - nerf2 - INFO - Median error:6.84
2024-04-17 17:13:24,261 - nerf2 - INFO - Median error:3.73
2024-04-17 17:13:24,299 - nerf2 - INFO - Median error:4.88
2024-04-17 17:13:24,337 - nerf2 - INFO - Median error:3.74
2024-04-17 17:13:24,375 - nerf2 - INFO - Median error:5.22
2024-04-17 17:13:24,413 - nerf2 - INFO - Median error:3.68
2024-04-17 17:13:24,451 - nerf2 - INFO - Median error:4.71
2024-04-17 17:13:24,489 - nerf2 - INFO - Median error:5.81
2024-04-17 17:13:24,526 - nerf2 - INFO - Median error:6.47
2024-04-17 17:13:24,564 - nerf2 - INFO - Median error:4.44
2024-04-17 17:13:24,602 - nerf2 - INFO - Median error:4.31
2024-04-17 17:13:24,640 - nerf2 - INFO - Median error:7.28
2024-04-17 17:13:24,678 - nerf2 - INFO - Median error:6.18
2024-04-17 17:13:24,716 - nerf2 - INFO - Median error:3.64
2024-04-17 17:13:24,754 - nerf2 - INFO - Median error:4.78
2024-04-17 17:13:24,792 - nerf2 - INFO - Median error:4.11
2024-04-17 17:13:24,830 - nerf2 - INFO - Median error:5.29
2024-04-17 17:13:24,868 - nerf2 - INFO - Median error:5.79
2024-04-17 17:13:24,905 - nerf2 - INFO - Median error:4.42
2024-04-17 17:13:24,943 - nerf2 - INFO - Median error:4.41
2024-04-17 17:13:24,981 - nerf2 - INFO - Median error:3.75
2024-04-17 17:13:25,019 - nerf2 - INFO - Median error:4.78
2024-04-17 17:13:25,057 - nerf2 - INFO - Median error:5.52
2024-04-17 17:13:25,095 - nerf2 - INFO - Median error:6.30
2024-04-17 17:13:25,133 - nerf2 - INFO - Median error:4.45
2024-04-17 17:13:25,170 - nerf2 - INFO - Median error:4.08
2024-04-17 17:13:25,208 - nerf2 - INFO - Median error:4.35
2024-04-17 17:13:25,246 - nerf2 - INFO - Median error:4.48
2024-04-17 17:13:25,284 - nerf2 - INFO - Median error:7.02
2024-04-17 17:13:25,322 - nerf2 - INFO - Median error:3.73
2024-04-17 17:13:25,359 - nerf2 - INFO - Median error:4.43
2024-04-17 17:13:25,397 - nerf2 - INFO - Median error:4.20
2024-04-17 17:13:25,435 - nerf2 - INFO - Median error:7.39
2024-04-17 17:13:25,473 - nerf2 - INFO - Median error:6.06
2024-04-17 17:13:25,512 - nerf2 - INFO - Median error:3.80
2024-04-17 17:13:25,550 - nerf2 - INFO - Median error:3.79
2024-04-17 17:13:25,588 - nerf2 - INFO - Median error:3.91
2024-04-17 17:13:25,626 - nerf2 - INFO - Median error:5.35
2024-04-17 17:13:25,664 - nerf2 - INFO - Median error:4.85
2024-04-17 17:13:25,702 - nerf2 - INFO - Median error:6.15
2024-04-17 17:13:25,740 - nerf2 - INFO - Median error:5.75
2024-04-17 17:13:25,777 - nerf2 - INFO - Median error:5.90
2024-04-17 17:13:25,815 - nerf2 - INFO - Median error:4.14
2024-04-17 17:13:25,853 - nerf2 - INFO - Median error:3.53
2024-04-17 17:13:25,891 - nerf2 - INFO - Median error:4.26
2024-04-17 17:13:25,929 - nerf2 - INFO - Median error:4.73
2024-04-17 17:13:25,967 - nerf2 - INFO - Median error:3.68
2024-04-17 17:13:26,005 - nerf2 - INFO - Median error:5.14
2024-04-17 17:13:26,042 - nerf2 - INFO - Median error:3.32
2024-04-17 17:13:26,080 - nerf2 - INFO - Median error:3.79
2024-04-17 17:13:26,118 - nerf2 - INFO - Median error:5.79
2024-04-17 17:13:26,156 - nerf2 - INFO - Median error:4.37
2024-04-17 17:13:26,194 - nerf2 - INFO - Median error:5.36
2024-04-17 17:13:26,232 - nerf2 - INFO - Median error:6.13
2024-04-17 17:13:26,270 - nerf2 - INFO - Median error:3.37
2024-04-17 17:13:26,308 - nerf2 - INFO - Median error:6.73
2024-04-17 17:13:26,345 - nerf2 - INFO - Median error:6.72
2024-04-17 17:13:26,383 - nerf2 - INFO - Median error:4.99
2024-04-17 17:13:26,422 - nerf2 - INFO - Median error:3.89
2024-04-17 17:13:26,459 - nerf2 - INFO - Median error:6.04
2024-04-17 17:13:26,497 - nerf2 - INFO - Median error:5.68
2024-04-17 17:13:26,535 - nerf2 - INFO - Median error:4.19
2024-04-17 17:13:26,573 - nerf2 - INFO - Median error:6.50
2024-04-17 17:13:26,611 - nerf2 - INFO - Median error:5.67
2024-04-17 17:13:26,649 - nerf2 - INFO - Median error:4.64
2024-04-17 17:13:26,687 - nerf2 - INFO - Median error:6.32
2024-04-17 17:13:26,725 - nerf2 - INFO - Median error:5.07
2024-04-17 17:13:26,762 - nerf2 - INFO - Median error:4.79
2024-04-17 17:13:26,800 - nerf2 - INFO - Median error:3.93
2024-04-17 17:13:26,838 - nerf2 - INFO - Median error:4.82
2024-04-17 17:13:26,877 - nerf2 - INFO - Median error:4.72
2024-04-17 17:13:26,914 - nerf2 - INFO - Median error:7.41
2024-04-17 17:13:26,952 - nerf2 - INFO - Median error:4.59
2024-04-17 17:13:26,990 - nerf2 - INFO - Median error:4.16
2024-04-17 17:13:27,028 - nerf2 - INFO - Median error:4.70
2024-04-17 17:13:27,066 - nerf2 - INFO - Median error:3.82
2024-04-17 17:13:27,104 - nerf2 - INFO - Median error:4.19
2024-04-17 17:13:27,142 - nerf2 - INFO - Median error:5.25
2024-04-17 17:13:27,180 - nerf2 - INFO - Median error:4.94
2024-04-17 17:13:27,218 - nerf2 - INFO - Median error:5.28
2024-04-17 17:13:27,256 - nerf2 - INFO - Median error:4.45
2024-04-17 17:13:27,293 - nerf2 - INFO - Median error:5.82
2024-04-17 17:13:27,331 - nerf2 - INFO - Median error:6.10
2024-04-17 17:13:27,369 - nerf2 - INFO - Median error:4.96
2024-04-17 17:13:27,407 - nerf2 - INFO - Median error:4.83
2024-04-17 17:13:27,445 - nerf2 - INFO - Median error:4.40
2024-04-17 17:13:27,483 - nerf2 - INFO - Median error:3.34
2024-04-17 17:13:27,521 - nerf2 - INFO - Median error:5.19
2024-04-17 17:13:27,558 - nerf2 - INFO - Median error:4.28
2024-04-17 17:13:27,596 - nerf2 - INFO - Median error:4.07
2024-04-17 17:13:27,634 - nerf2 - INFO - Median error:3.58
2024-04-17 17:13:27,672 - nerf2 - INFO - Median error:6.09
2024-04-17 17:13:27,710 - nerf2 - INFO - Median error:5.06
2024-04-17 17:13:27,748 - nerf2 - INFO - Median error:4.72
2024-04-17 17:13:27,786 - nerf2 - INFO - Median error:4.99
2024-04-17 17:13:27,825 - nerf2 - INFO - Median error:3.80
2024-04-17 17:13:27,862 - nerf2 - INFO - Median error:3.74
2024-04-17 17:13:27,900 - nerf2 - INFO - Median error:4.15
2024-04-17 17:13:27,939 - nerf2 - INFO - Median error:5.73
2024-04-17 17:13:27,977 - nerf2 - INFO - Median error:5.11
2024-04-17 17:13:28,015 - nerf2 - INFO - Median error:4.77
2024-04-17 17:13:28,053 - nerf2 - INFO - Median error:5.04
2024-04-17 17:13:28,091 - nerf2 - INFO - Median error:6.82
2024-04-17 17:13:28,129 - nerf2 - INFO - Median error:4.20
2024-04-17 17:13:28,166 - nerf2 - INFO - Median error:5.10
2024-04-17 17:13:28,204 - nerf2 - INFO - Median error:6.04
2024-04-17 17:13:28,242 - nerf2 - INFO - Median error:5.92
2024-04-17 17:13:28,280 - nerf2 - INFO - Median error:6.42
2024-04-17 17:13:28,318 - nerf2 - INFO - Median error:3.69
2024-04-17 17:13:28,356 - nerf2 - INFO - Median error:3.99
2024-04-17 17:13:28,393 - nerf2 - INFO - Median error:3.56
2024-04-17 17:13:28,431 - nerf2 - INFO - Median error:4.81
2024-04-17 17:13:28,469 - nerf2 - INFO - Median error:4.36
2024-04-17 17:13:28,507 - nerf2 - INFO - Median error:4.60
2024-04-17 17:13:28,545 - nerf2 - INFO - Median error:6.00
2024-04-17 17:13:28,583 - nerf2 - INFO - Median error:4.20
2024-04-17 17:13:28,621 - nerf2 - INFO - Median error:4.84
2024-04-17 17:13:28,658 - nerf2 - INFO - Median error:4.74
2024-04-17 17:13:28,696 - nerf2 - INFO - Median error:5.19
2024-04-17 17:13:28,734 - nerf2 - INFO - Median error:5.46
2024-04-17 17:13:28,772 - nerf2 - INFO - Median error:5.32
2024-04-17 17:13:28,810 - nerf2 - INFO - Median error:4.71
2024-04-17 17:13:28,847 - nerf2 - INFO - Median error:3.41
2024-04-17 17:13:28,885 - nerf2 - INFO - Median error:3.78
2024-04-17 17:13:28,923 - nerf2 - INFO - Median error:5.85
2024-04-17 17:13:28,961 - nerf2 - INFO - Median error:4.67
2024-04-17 17:13:28,999 - nerf2 - INFO - Median error:4.55
2024-04-17 17:13:29,037 - nerf2 - INFO - Median error:6.41
2024-04-17 17:13:29,074 - nerf2 - INFO - Median error:4.07
2024-04-17 17:13:29,112 - nerf2 - INFO - Median error:4.52
2024-04-17 17:13:29,150 - nerf2 - INFO - Median error:4.92
2024-04-17 17:13:29,188 - nerf2 - INFO - Median error:4.40
2024-04-17 17:13:29,226 - nerf2 - INFO - Median error:4.98
2024-04-17 17:13:29,263 - nerf2 - INFO - Median error:5.66
2024-04-17 17:13:29,301 - nerf2 - INFO - Median error:6.34
2024-04-17 17:13:29,339 - nerf2 - INFO - Median error:5.50
2024-04-17 17:13:29,377 - nerf2 - INFO - Median error:4.98
2024-04-17 17:13:29,415 - nerf2 - INFO - Median error:3.52
2024-04-17 17:13:29,453 - nerf2 - INFO - Median error:4.75
2024-04-17 17:13:29,491 - nerf2 - INFO - Median error:6.06
2024-04-17 17:13:29,529 - nerf2 - INFO - Median error:5.43
2024-04-17 17:13:29,566 - nerf2 - INFO - Median error:6.09
2024-04-17 17:13:29,604 - nerf2 - INFO - Median error:4.44
2024-04-17 17:13:29,642 - nerf2 - INFO - Median error:4.89
2024-04-17 17:13:29,680 - nerf2 - INFO - Median error:5.43
2024-04-17 17:13:29,718 - nerf2 - INFO - Median error:7.82
2024-04-17 17:13:29,756 - nerf2 - INFO - Median error:3.55
2024-04-17 17:13:29,793 - nerf2 - INFO - Median error:4.58
2024-04-17 17:13:29,831 - nerf2 - INFO - Median error:3.13
2024-04-17 17:13:29,869 - nerf2 - INFO - Median error:4.93
2024-04-17 17:13:29,907 - nerf2 - INFO - Median error:5.21
2024-04-17 17:13:29,945 - nerf2 - INFO - Median error:4.35
2024-04-17 17:13:29,983 - nerf2 - INFO - Median error:4.21
2024-04-17 17:13:30,020 - nerf2 - INFO - Median error:3.50
2024-04-17 17:13:30,058 - nerf2 - INFO - Median error:3.65
2024-04-17 17:13:30,096 - nerf2 - INFO - Median error:6.40
2024-04-17 17:13:30,134 - nerf2 - INFO - Median error:4.10
2024-04-17 17:13:30,172 - nerf2 - INFO - Median error:5.84
2024-04-17 17:13:30,210 - nerf2 - INFO - Median error:4.02
2024-04-17 17:13:30,247 - nerf2 - INFO - Median error:4.02
2024-04-17 17:13:30,285 - nerf2 - INFO - Median error:5.01
2024-04-17 17:13:30,323 - nerf2 - INFO - Median error:3.37
2024-04-17 17:13:30,361 - nerf2 - INFO - Median error:3.90
2024-04-17 17:13:30,399 - nerf2 - INFO - Median error:6.88
2024-04-17 17:13:30,437 - nerf2 - INFO - Median error:4.38
2024-04-17 17:13:30,474 - nerf2 - INFO - Median error:4.54
2024-04-17 17:13:30,512 - nerf2 - INFO - Median error:4.40
2024-04-17 17:13:30,550 - nerf2 - INFO - Median error:5.27
2024-04-17 17:13:30,588 - nerf2 - INFO - Median error:4.77
2024-04-17 17:13:30,626 - nerf2 - INFO - Median error:4.97
2024-04-17 17:13:30,664 - nerf2 - INFO - Median error:5.07
2024-04-17 17:13:30,701 - nerf2 - INFO - Median error:3.67
2024-04-17 17:13:30,739 - nerf2 - INFO - Median error:5.21
2024-04-17 17:13:30,777 - nerf2 - INFO - Median error:3.40
2024-04-17 17:13:30,815 - nerf2 - INFO - Median error:4.54
2024-04-17 17:13:30,853 - nerf2 - INFO - Median error:3.63
2024-04-17 17:13:30,891 - nerf2 - INFO - Median error:4.20
2024-04-17 17:13:30,929 - nerf2 - INFO - Median error:4.62
2024-04-17 17:13:30,966 - nerf2 - INFO - Median error:3.78
2024-04-17 17:13:31,004 - nerf2 - INFO - Median error:4.75
2024-04-17 17:13:31,042 - nerf2 - INFO - Median error:4.48
2024-04-17 17:13:31,080 - nerf2 - INFO - Median error:3.22
2024-04-17 17:13:31,118 - nerf2 - INFO - Median error:4.66
2024-04-17 17:13:31,155 - nerf2 - INFO - Median error:5.51
2024-04-17 17:13:31,193 - nerf2 - INFO - Median error:3.77
2024-04-17 17:13:31,231 - nerf2 - INFO - Median error:5.75
2024-04-17 17:13:31,269 - nerf2 - INFO - Median error:4.30
2024-04-17 17:13:31,307 - nerf2 - INFO - Median error:3.44
2024-04-17 17:13:31,345 - nerf2 - INFO - Median error:4.08
2024-04-17 17:13:31,382 - nerf2 - INFO - Median error:6.03
2024-04-17 17:13:31,420 - nerf2 - INFO - Median error:4.05
2024-04-17 17:13:31,458 - nerf2 - INFO - Median error:3.93
2024-04-17 17:13:31,496 - nerf2 - INFO - Median error:3.33
2024-04-17 17:13:31,534 - nerf2 - INFO - Median error:4.89
2024-04-17 17:13:31,572 - nerf2 - INFO - Median error:4.85
2024-04-17 17:13:31,610 - nerf2 - INFO - Median error:8.25
2024-04-17 17:13:31,647 - nerf2 - INFO - Median error:3.80
2024-04-17 17:13:31,685 - nerf2 - INFO - Median error:4.05
2024-04-17 17:13:31,723 - nerf2 - INFO - Median error:3.53
2024-04-17 17:13:31,761 - nerf2 - INFO - Median error:4.57
2024-04-17 17:13:31,799 - nerf2 - INFO - Median error:6.01
2024-04-17 17:13:31,837 - nerf2 - INFO - Median error:4.39
2024-04-17 17:13:31,875 - nerf2 - INFO - Median error:7.22
2024-04-17 17:13:31,912 - nerf2 - INFO - Median error:4.04
2024-04-17 17:13:31,950 - nerf2 - INFO - Median error:4.29
2024-04-17 17:13:31,988 - nerf2 - INFO - Median error:3.81
2024-04-17 17:13:32,026 - nerf2 - INFO - Median error:4.70
2024-04-17 17:13:32,064 - nerf2 - INFO - Median error:3.93
2024-04-17 17:13:32,102 - nerf2 - INFO - Median error:3.94
2024-04-17 17:13:32,139 - nerf2 - INFO - Median error:5.38
2024-04-17 17:13:32,177 - nerf2 - INFO - Median error:4.38
2024-04-17 17:13:32,215 - nerf2 - INFO - Median error:4.02
2024-04-17 17:13:32,253 - nerf2 - INFO - Median error:4.66
2024-04-17 17:13:32,291 - nerf2 - INFO - Median error:3.58
2024-04-17 17:13:32,329 - nerf2 - INFO - Median error:4.99
2024-04-17 17:13:32,366 - nerf2 - INFO - Median error:4.94
2024-04-17 17:13:32,404 - nerf2 - INFO - Median error:4.43
2024-04-17 17:13:32,442 - nerf2 - INFO - Median error:4.98
2024-04-17 17:13:32,480 - nerf2 - INFO - Median error:4.77
2024-04-17 17:13:32,518 - nerf2 - INFO - Median error:4.29
2024-04-17 17:13:32,556 - nerf2 - INFO - Median error:6.18
2024-04-17 17:13:32,594 - nerf2 - INFO - Median error:5.98
2024-04-17 17:13:32,631 - nerf2 - INFO - Median error:4.73
2024-04-17 17:13:32,669 - nerf2 - INFO - Median error:5.80
2024-04-17 17:13:32,707 - nerf2 - INFO - Median error:4.01
2024-04-17 17:13:32,745 - nerf2 - INFO - Median error:5.36
2024-04-17 17:13:32,783 - nerf2 - INFO - Median error:6.11
2024-04-17 17:13:32,822 - nerf2 - INFO - Median error:4.12
2024-04-17 17:13:32,859 - nerf2 - INFO - Median error:4.47
2024-04-17 17:13:32,897 - nerf2 - INFO - Median error:5.02
2024-04-17 17:13:32,935 - nerf2 - INFO - Median error:5.54
2024-04-17 17:13:32,973 - nerf2 - INFO - Median error:4.52
2024-04-17 17:13:33,011 - nerf2 - INFO - Median error:4.59
2024-04-17 17:13:33,049 - nerf2 - INFO - Median error:3.51
2024-04-17 17:13:33,086 - nerf2 - INFO - Median error:5.98
2024-04-17 17:13:33,124 - nerf2 - INFO - Median error:4.69
2024-04-17 17:13:33,162 - nerf2 - INFO - Median error:2.80
2024-04-17 17:13:33,200 - nerf2 - INFO - Median error:4.04
2024-04-17 17:13:33,238 - nerf2 - INFO - Median error:4.72
2024-04-17 17:13:33,275 - nerf2 - INFO - Median error:5.00
2024-04-17 17:13:33,313 - nerf2 - INFO - Median error:5.68
2024-04-17 17:13:33,351 - nerf2 - INFO - Median error:5.40
2024-04-17 17:13:33,389 - nerf2 - INFO - Median error:4.41
2024-04-17 17:13:33,427 - nerf2 - INFO - Median error:4.63
2024-04-17 17:13:33,464 - nerf2 - INFO - Median error:3.79
2024-04-17 17:13:33,502 - nerf2 - INFO - Median error:3.65
2024-04-17 17:13:33,540 - nerf2 - INFO - Median error:3.33
2024-04-17 17:13:33,578 - nerf2 - INFO - Median error:4.34
2024-04-17 17:13:33,616 - nerf2 - INFO - Median error:3.53
2024-04-17 17:13:33,654 - nerf2 - INFO - Median error:6.97
2024-04-17 17:13:33,692 - nerf2 - INFO - Median error:4.34
2024-04-17 17:13:33,729 - nerf2 - INFO - Median error:5.48
2024-04-17 17:13:33,767 - nerf2 - INFO - Median error:4.56
2024-04-17 17:13:33,805 - nerf2 - INFO - Median error:4.75
2024-04-17 17:13:33,843 - nerf2 - INFO - Median error:6.65
2024-04-17 17:13:33,881 - nerf2 - INFO - Median error:4.24
2024-04-17 17:13:33,919 - nerf2 - INFO - Median error:4.02
2024-04-17 17:13:33,956 - nerf2 - INFO - Median error:3.92
2024-04-17 17:13:33,994 - nerf2 - INFO - Median error:3.97
2024-04-17 17:13:34,032 - nerf2 - INFO - Median error:5.59
2024-04-17 17:13:34,070 - nerf2 - INFO - Median error:7.16
2024-04-17 17:13:34,123 - nerf2 - INFO - Median error:4.62
2024-04-17 17:13:34,163 - nerf2 - INFO - Median error:6.10
2024-04-17 17:13:34,200 - nerf2 - INFO - Median error:5.48
2024-04-17 17:13:34,238 - nerf2 - INFO - Median error:4.22
2024-04-17 17:13:34,276 - nerf2 - INFO - Median error:7.52
2024-04-17 17:13:34,314 - nerf2 - INFO - Median error:4.46
2024-04-17 17:13:34,352 - nerf2 - INFO - Median error:4.23
2024-04-17 17:13:34,390 - nerf2 - INFO - Median error:5.48
2024-04-17 17:13:34,428 - nerf2 - INFO - Median error:6.16
2024-04-17 17:13:34,466 - nerf2 - INFO - Median error:5.93
2024-04-17 17:13:34,503 - nerf2 - INFO - Median error:4.39
2024-04-17 17:13:34,541 - nerf2 - INFO - Median error:4.36
2024-04-17 17:13:34,579 - nerf2 - INFO - Median error:4.90
2024-04-17 17:13:34,617 - nerf2 - INFO - Median error:5.44
2024-04-17 17:13:34,655 - nerf2 - INFO - Median error:4.14
2024-04-17 17:13:34,693 - nerf2 - INFO - Median error:5.19
2024-04-17 17:13:34,730 - nerf2 - INFO - Median error:5.71
2024-04-17 17:13:34,758 - nerf2 - INFO - Median error:4.03
2024-04-17 17:13:34,772 - nerf2 - INFO - Total Median error:4.73
2024-04-21 19:41:01,668 - nerf2 - INFO - expname:ble-rssi-exp2-v1-595-minusz-half, datadir:data/BLE/, logdir:logs/BLE/
2024-04-21 19:41:02,344 - nerf2 - INFO - Total number of parameters: 690564
2024-04-21 19:41:02,345 - nerf2 - INFO - Found ckpts ['logs/BLE/ble-rssi-exp2-v1-595-minusz-half/ckpts/029800.tar', 'logs/BLE/ble-rssi-exp2-v1-595-minusz-half/ckpts/029900.tar', 'logs/BLE/ble-rssi-exp2-v1-595-minusz-half/ckpts/030000.tar']
2024-04-21 19:41:02,346 - nerf2 - INFO - Loading ckpt logs/BLE/ble-rssi-exp2-v1-595-minusz-half/ckpts/030000.tar
2024-04-21 19:41:02,416 - nerf2 - INFO - Loading training set...
2024-04-21 19:41:02,669 - nerf2 - INFO - Loading test set...
2024-04-21 19:41:06,407 - nerf2 - INFO - Train set size:2100, Test set size:39900
2024-04-21 19:41:06,408 - nerf2 - INFO - Start training. Current Iteration:30000
2024-04-21 19:41:14,336 - nerf2 - INFO - expname:ble-rssi-exp2-v1-595-minusz-half, datadir:data/BLE/, logdir:logs/BLE/
2024-04-21 19:41:15,000 - nerf2 - INFO - Total number of parameters: 690564
2024-04-21 19:41:15,001 - nerf2 - INFO - Found ckpts ['logs/BLE/ble-rssi-exp2-v1-595-minusz-half/ckpts/029800.tar', 'logs/BLE/ble-rssi-exp2-v1-595-minusz-half/ckpts/029900.tar', 'logs/BLE/ble-rssi-exp2-v1-595-minusz-half/ckpts/030000.tar']
2024-04-21 19:41:15,002 - nerf2 - INFO - Loading ckpt logs/BLE/ble-rssi-exp2-v1-595-minusz-half/ckpts/030000.tar
2024-04-21 19:41:15,031 - nerf2 - INFO - Loading training set...
2024-04-21 19:41:15,312 - nerf2 - INFO - Loading test set...
2024-04-21 19:41:18,973 - nerf2 - INFO - Train set size:2100, Test set size:39900
2024-04-21 19:41:18,974 - nerf2 - INFO - Start evaluation
2024-04-21 19:41:18,975 - nerf2 - INFO - Writing result to logs/BLE/ble-rssi-exp2-v1-595-minusz-half/result.txt...
2024-04-21 19:41:19,409 - nerf2 - INFO - Median error:3.68
2024-04-21 19:41:19,452 - nerf2 - INFO - Median error:3.73
2024-04-21 19:41:19,495 - nerf2 - INFO - Median error:5.57
2024-04-21 19:41:19,538 - nerf2 - INFO - Median error:3.98
2024-04-21 19:41:19,581 - nerf2 - INFO - Median error:3.60
2024-04-21 19:41:19,623 - nerf2 - INFO - Median error:4.06
2024-04-21 19:41:19,671 - nerf2 - INFO - Median error:4.14
2024-04-21 19:41:19,708 - nerf2 - INFO - Median error:3.47
2024-04-21 19:41:19,744 - nerf2 - INFO - Median error:4.21
2024-04-21 19:41:19,781 - nerf2 - INFO - Median error:4.46
2024-04-21 19:41:19,817 - nerf2 - INFO - Median error:5.05
2024-04-21 19:41:19,854 - nerf2 - INFO - Median error:8.39
2024-04-21 19:41:19,890 - nerf2 - INFO - Median error:4.08
2024-04-21 19:41:19,927 - nerf2 - INFO - Median error:3.21
2024-04-21 19:41:19,963 - nerf2 - INFO - Median error:6.73
2024-04-21 19:41:20,000 - nerf2 - INFO - Median error:5.74
2024-04-21 19:41:20,037 - nerf2 - INFO - Median error:5.45
2024-04-21 19:41:20,074 - nerf2 - INFO - Median error:4.76
2024-04-21 19:41:20,111 - nerf2 - INFO - Median error:3.53
2024-04-21 19:41:20,147 - nerf2 - INFO - Median error:3.52
2024-04-21 19:41:20,184 - nerf2 - INFO - Median error:10.15
2024-04-21 19:41:20,221 - nerf2 - INFO - Median error:5.79
2024-04-21 19:41:20,258 - nerf2 - INFO - Median error:3.93
2024-04-21 19:41:20,294 - nerf2 - INFO - Median error:3.75
2024-04-21 19:41:20,331 - nerf2 - INFO - Median error:4.94
2024-04-21 19:41:20,368 - nerf2 - INFO - Median error:3.62
2024-04-21 19:41:20,405 - nerf2 - INFO - Median error:5.02
2024-04-21 19:41:20,441 - nerf2 - INFO - Median error:4.65
2024-04-21 19:41:20,478 - nerf2 - INFO - Median error:4.72
2024-04-21 19:41:20,515 - nerf2 - INFO - Median error:3.55
2024-04-21 19:41:20,552 - nerf2 - INFO - Median error:5.84
2024-04-21 19:41:20,589 - nerf2 - INFO - Median error:5.17
2024-04-21 19:41:20,625 - nerf2 - INFO - Median error:3.97
2024-04-21 19:41:20,662 - nerf2 - INFO - Median error:6.84
2024-04-21 19:41:20,699 - nerf2 - INFO - Median error:3.73
2024-04-21 19:41:20,736 - nerf2 - INFO - Median error:4.88
2024-04-21 19:41:20,772 - nerf2 - INFO - Median error:3.74
2024-04-21 19:41:20,809 - nerf2 - INFO - Median error:5.22
2024-04-21 19:41:20,846 - nerf2 - INFO - Median error:3.68
2024-04-21 19:41:20,883 - nerf2 - INFO - Median error:4.71
2024-04-21 19:41:20,920 - nerf2 - INFO - Median error:5.81
2024-04-21 19:41:20,956 - nerf2 - INFO - Median error:6.47
2024-04-21 19:41:20,993 - nerf2 - INFO - Median error:4.44
2024-04-21 19:41:21,030 - nerf2 - INFO - Median error:4.31
2024-04-21 19:41:21,067 - nerf2 - INFO - Median error:7.28
2024-04-21 19:41:21,103 - nerf2 - INFO - Median error:6.18
2024-04-21 19:41:21,140 - nerf2 - INFO - Median error:3.64
2024-04-21 19:41:21,178 - nerf2 - INFO - Median error:4.78
2024-04-21 19:41:21,215 - nerf2 - INFO - Median error:4.11
2024-04-21 19:41:21,251 - nerf2 - INFO - Median error:5.29
2024-04-21 19:41:21,288 - nerf2 - INFO - Median error:5.79
2024-04-21 19:41:21,325 - nerf2 - INFO - Median error:4.42
2024-04-21 19:41:21,362 - nerf2 - INFO - Median error:4.41
2024-04-21 19:41:21,399 - nerf2 - INFO - Median error:3.75
2024-04-21 19:41:21,435 - nerf2 - INFO - Median error:4.78
2024-04-21 19:41:21,472 - nerf2 - INFO - Median error:5.52
2024-04-21 19:41:21,509 - nerf2 - INFO - Median error:6.30
2024-04-21 19:41:21,545 - nerf2 - INFO - Median error:4.45
2024-04-21 19:41:21,582 - nerf2 - INFO - Median error:4.08
2024-04-21 19:41:21,621 - nerf2 - INFO - Median error:4.35
2024-04-21 19:41:21,658 - nerf2 - INFO - Median error:4.48
2024-04-21 19:41:21,694 - nerf2 - INFO - Median error:7.02
2024-04-21 19:41:21,731 - nerf2 - INFO - Median error:3.73
2024-04-21 19:41:21,768 - nerf2 - INFO - Median error:4.43
2024-04-21 19:41:21,805 - nerf2 - INFO - Median error:4.20
2024-04-21 19:41:21,842 - nerf2 - INFO - Median error:7.39
2024-04-21 19:41:21,878 - nerf2 - INFO - Median error:6.06
2024-04-21 19:41:21,920 - nerf2 - INFO - Median error:3.80
2024-04-21 19:41:21,957 - nerf2 - INFO - Median error:3.79
2024-04-21 19:41:21,994 - nerf2 - INFO - Median error:3.91
2024-04-21 19:41:22,031 - nerf2 - INFO - Median error:5.35
2024-04-21 19:41:22,069 - nerf2 - INFO - Median error:4.85
2024-04-21 19:41:22,105 - nerf2 - INFO - Median error:6.15
2024-04-21 19:41:22,142 - nerf2 - INFO - Median error:5.75
2024-04-21 19:41:22,179 - nerf2 - INFO - Median error:5.90
2024-04-21 19:41:22,216 - nerf2 - INFO - Median error:4.14
2024-04-21 19:41:22,253 - nerf2 - INFO - Median error:3.53
2024-04-21 19:41:22,290 - nerf2 - INFO - Median error:4.26
2024-04-21 19:41:22,327 - nerf2 - INFO - Median error:4.73
2024-04-21 19:41:22,364 - nerf2 - INFO - Median error:3.68
2024-04-21 19:41:22,401 - nerf2 - INFO - Median error:5.14
2024-04-21 19:41:22,438 - nerf2 - INFO - Median error:3.32
2024-04-21 19:41:22,475 - nerf2 - INFO - Median error:3.79
2024-04-21 19:41:22,512 - nerf2 - INFO - Median error:5.79
2024-04-21 19:41:22,548 - nerf2 - INFO - Median error:4.37
2024-04-21 19:41:22,585 - nerf2 - INFO - Median error:5.36
2024-04-21 19:41:22,622 - nerf2 - INFO - Median error:6.13
2024-04-21 19:41:22,659 - nerf2 - INFO - Median error:3.37
2024-04-21 19:41:22,696 - nerf2 - INFO - Median error:6.73
2024-04-21 19:41:22,733 - nerf2 - INFO - Median error:6.72
2024-04-21 19:41:22,770 - nerf2 - INFO - Median error:4.99
2024-04-21 19:41:22,807 - nerf2 - INFO - Median error:3.89
2024-04-21 19:41:22,844 - nerf2 - INFO - Median error:6.04
2024-04-21 19:41:22,881 - nerf2 - INFO - Median error:5.68
2024-04-21 19:41:22,918 - nerf2 - INFO - Median error:4.19
2024-04-21 19:41:22,954 - nerf2 - INFO - Median error:6.50
2024-04-21 19:41:22,991 - nerf2 - INFO - Median error:5.67
2024-04-21 19:41:23,028 - nerf2 - INFO - Median error:4.63
2024-04-21 19:41:23,065 - nerf2 - INFO - Median error:6.32
2024-04-21 19:41:23,102 - nerf2 - INFO - Median error:5.07
2024-04-21 19:41:23,139 - nerf2 - INFO - Median error:4.79
2024-04-21 19:41:23,176 - nerf2 - INFO - Median error:3.93
2024-04-21 19:41:23,213 - nerf2 - INFO - Median error:4.82
2024-04-21 19:41:23,250 - nerf2 - INFO - Median error:4.72
2024-04-21 19:41:23,287 - nerf2 - INFO - Median error:7.41
2024-04-21 19:41:23,324 - nerf2 - INFO - Median error:4.59
2024-04-21 19:41:23,360 - nerf2 - INFO - Median error:4.16
2024-04-21 19:41:23,397 - nerf2 - INFO - Median error:4.70
2024-04-21 19:41:23,434 - nerf2 - INFO - Median error:3.82
2024-04-21 19:41:23,471 - nerf2 - INFO - Median error:4.19
2024-04-21 19:41:23,509 - nerf2 - INFO - Median error:5.25
2024-04-21 19:41:23,545 - nerf2 - INFO - Median error:4.94
2024-04-21 19:41:23,582 - nerf2 - INFO - Median error:5.28
2024-04-21 19:41:23,619 - nerf2 - INFO - Median error:4.45
2024-04-21 19:41:23,656 - nerf2 - INFO - Median error:5.82
2024-04-21 19:41:23,693 - nerf2 - INFO - Median error:6.10
2024-04-21 19:41:23,730 - nerf2 - INFO - Median error:4.96
2024-04-21 19:41:23,766 - nerf2 - INFO - Median error:4.83
2024-04-21 19:41:23,803 - nerf2 - INFO - Median error:4.40
2024-04-21 19:41:23,840 - nerf2 - INFO - Median error:3.34
2024-04-21 19:41:23,877 - nerf2 - INFO - Median error:5.19
2024-04-21 19:41:23,915 - nerf2 - INFO - Median error:4.28
2024-04-21 19:41:23,951 - nerf2 - INFO - Median error:4.07
2024-04-21 19:41:23,988 - nerf2 - INFO - Median error:3.58
2024-04-21 19:41:24,025 - nerf2 - INFO - Median error:6.09
2024-04-21 19:41:24,062 - nerf2 - INFO - Median error:5.06
2024-04-21 19:41:24,099 - nerf2 - INFO - Median error:4.72
2024-04-21 19:41:24,136 - nerf2 - INFO - Median error:4.99
2024-04-21 19:41:24,173 - nerf2 - INFO - Median error:3.80
2024-04-21 19:41:24,209 - nerf2 - INFO - Median error:3.74
2024-04-21 19:41:24,246 - nerf2 - INFO - Median error:4.15
2024-04-21 19:41:24,283 - nerf2 - INFO - Median error:5.73
2024-04-21 19:41:24,320 - nerf2 - INFO - Median error:5.11
2024-04-21 19:41:24,357 - nerf2 - INFO - Median error:4.77
2024-04-21 19:41:24,394 - nerf2 - INFO - Median error:5.04
2024-04-21 19:41:24,431 - nerf2 - INFO - Median error:6.82
2024-04-21 19:41:24,468 - nerf2 - INFO - Median error:4.20
2024-04-21 19:41:24,505 - nerf2 - INFO - Median error:5.10
2024-04-21 19:41:24,542 - nerf2 - INFO - Median error:6.04
2024-04-21 19:41:24,578 - nerf2 - INFO - Median error:5.92
2024-04-21 19:41:24,615 - nerf2 - INFO - Median error:6.42
2024-04-21 19:41:24,652 - nerf2 - INFO - Median error:3.69
2024-04-21 19:41:24,689 - nerf2 - INFO - Median error:3.99
2024-04-21 19:41:24,726 - nerf2 - INFO - Median error:3.56
2024-04-21 19:41:24,763 - nerf2 - INFO - Median error:4.81
2024-04-21 19:41:24,800 - nerf2 - INFO - Median error:4.36
2024-04-21 19:41:24,837 - nerf2 - INFO - Median error:4.60
2024-04-21 19:41:24,874 - nerf2 - INFO - Median error:6.00
2024-04-21 19:41:24,911 - nerf2 - INFO - Median error:4.20
2024-04-21 19:41:24,948 - nerf2 - INFO - Median error:4.84
2024-04-21 19:41:24,985 - nerf2 - INFO - Median error:4.74
2024-04-21 19:41:25,022 - nerf2 - INFO - Median error:5.19
2024-04-21 19:41:25,059 - nerf2 - INFO - Median error:5.46
2024-04-21 19:41:25,096 - nerf2 - INFO - Median error:5.32
2024-04-21 19:41:25,133 - nerf2 - INFO - Median error:4.71
2024-04-21 19:41:25,170 - nerf2 - INFO - Median error:3.41
2024-04-21 19:41:25,206 - nerf2 - INFO - Median error:3.78
2024-04-21 19:41:25,243 - nerf2 - INFO - Median error:5.85
2024-04-21 19:41:25,280 - nerf2 - INFO - Median error:4.67
2024-04-21 19:41:25,317 - nerf2 - INFO - Median error:4.55
2024-04-21 19:41:25,354 - nerf2 - INFO - Median error:6.41
2024-04-21 19:41:25,391 - nerf2 - INFO - Median error:4.07
2024-04-21 19:41:25,428 - nerf2 - INFO - Median error:4.52
2024-04-21 19:41:25,465 - nerf2 - INFO - Median error:4.92
2024-04-21 19:41:25,502 - nerf2 - INFO - Median error:4.40
2024-04-21 19:41:25,539 - nerf2 - INFO - Median error:4.98
2024-04-21 19:41:25,576 - nerf2 - INFO - Median error:5.66
2024-04-21 19:41:25,612 - nerf2 - INFO - Median error:6.34
2024-04-21 19:41:25,649 - nerf2 - INFO - Median error:5.50
2024-04-21 19:41:25,686 - nerf2 - INFO - Median error:4.98
2024-04-21 19:41:25,723 - nerf2 - INFO - Median error:3.52
2024-04-21 19:41:25,760 - nerf2 - INFO - Median error:4.75
2024-04-21 19:41:25,797 - nerf2 - INFO - Median error:6.06
2024-04-21 19:41:25,833 - nerf2 - INFO - Median error:5.43
2024-04-21 19:41:25,870 - nerf2 - INFO - Median error:6.09
2024-04-21 19:41:25,907 - nerf2 - INFO - Median error:4.44
2024-04-21 19:41:25,945 - nerf2 - INFO - Median error:4.89
2024-04-21 19:41:25,981 - nerf2 - INFO - Median error:5.43
2024-04-21 19:41:26,018 - nerf2 - INFO - Median error:7.82
2024-04-21 19:41:26,055 - nerf2 - INFO - Median error:3.55
2024-04-21 19:41:26,092 - nerf2 - INFO - Median error:4.58
2024-04-21 19:41:26,129 - nerf2 - INFO - Median error:3.13
2024-04-21 19:41:26,166 - nerf2 - INFO - Median error:4.93
2024-04-21 19:41:26,202 - nerf2 - INFO - Median error:5.21
2024-04-21 19:41:26,239 - nerf2 - INFO - Median error:4.35
2024-04-21 19:41:26,276 - nerf2 - INFO - Median error:4.21
2024-04-21 19:41:26,314 - nerf2 - INFO - Median error:3.50
2024-04-21 19:41:26,351 - nerf2 - INFO - Median error:3.65
2024-04-21 19:41:26,388 - nerf2 - INFO - Median error:6.40
2024-04-21 19:41:26,425 - nerf2 - INFO - Median error:4.10
2024-04-21 19:41:26,461 - nerf2 - INFO - Median error:5.84
2024-04-21 19:41:26,498 - nerf2 - INFO - Median error:4.02
2024-04-21 19:41:26,535 - nerf2 - INFO - Median error:4.02
2024-04-21 19:41:26,572 - nerf2 - INFO - Median error:5.01
2024-04-21 19:41:26,609 - nerf2 - INFO - Median error:3.37
2024-04-21 19:41:26,646 - nerf2 - INFO - Median error:3.90
2024-04-21 19:41:26,683 - nerf2 - INFO - Median error:6.88
2024-04-21 19:41:26,720 - nerf2 - INFO - Median error:4.38
2024-04-21 19:41:26,757 - nerf2 - INFO - Median error:4.54
2024-04-21 19:41:26,794 - nerf2 - INFO - Median error:4.40
2024-04-21 19:41:26,831 - nerf2 - INFO - Median error:5.27
2024-04-21 19:41:26,868 - nerf2 - INFO - Median error:4.77
2024-04-21 19:41:26,905 - nerf2 - INFO - Median error:4.97
2024-04-21 19:41:26,942 - nerf2 - INFO - Median error:5.07
2024-04-21 19:41:26,979 - nerf2 - INFO - Median error:3.67
2024-04-21 19:41:27,016 - nerf2 - INFO - Median error:5.21
2024-04-21 19:41:27,053 - nerf2 - INFO - Median error:3.40
2024-04-21 19:41:27,090 - nerf2 - INFO - Median error:4.54
2024-04-21 19:41:27,127 - nerf2 - INFO - Median error:3.63
2024-04-21 19:41:27,164 - nerf2 - INFO - Median error:4.20
2024-04-21 19:41:27,201 - nerf2 - INFO - Median error:4.62
2024-04-21 19:41:27,238 - nerf2 - INFO - Median error:3.78
2024-04-21 19:41:27,275 - nerf2 - INFO - Median error:4.75
2024-04-21 19:41:27,311 - nerf2 - INFO - Median error:4.48
2024-04-21 19:41:27,349 - nerf2 - INFO - Median error:3.22
2024-04-21 19:41:27,386 - nerf2 - INFO - Median error:4.66
2024-04-21 19:41:27,423 - nerf2 - INFO - Median error:5.51
2024-04-21 19:41:27,460 - nerf2 - INFO - Median error:3.77
2024-04-21 19:41:27,496 - nerf2 - INFO - Median error:5.75
2024-04-21 19:41:27,533 - nerf2 - INFO - Median error:4.30
2024-04-21 19:41:27,570 - nerf2 - INFO - Median error:3.44
2024-04-21 19:41:27,608 - nerf2 - INFO - Median error:4.08
2024-04-21 19:41:27,645 - nerf2 - INFO - Median error:6.03
2024-04-21 19:41:27,681 - nerf2 - INFO - Median error:4.05
2024-04-21 19:41:27,718 - nerf2 - INFO - Median error:3.93
2024-04-21 19:41:27,755 - nerf2 - INFO - Median error:3.33
2024-04-21 19:41:27,792 - nerf2 - INFO - Median error:4.89
2024-04-21 19:41:27,829 - nerf2 - INFO - Median error:4.85
2024-04-21 19:41:27,866 - nerf2 - INFO - Median error:8.25
2024-04-21 19:41:27,903 - nerf2 - INFO - Median error:3.80
2024-04-21 19:41:27,940 - nerf2 - INFO - Median error:4.05
2024-04-21 19:41:27,977 - nerf2 - INFO - Median error:3.53
2024-04-21 19:41:28,015 - nerf2 - INFO - Median error:4.57
2024-04-21 19:41:28,052 - nerf2 - INFO - Median error:6.01
2024-04-21 19:41:28,088 - nerf2 - INFO - Median error:4.39
2024-04-21 19:41:28,125 - nerf2 - INFO - Median error:7.22
2024-04-21 19:41:28,162 - nerf2 - INFO - Median error:4.04
2024-04-21 19:41:28,200 - nerf2 - INFO - Median error:4.29
2024-04-21 19:41:28,237 - nerf2 - INFO - Median error:3.81
2024-04-21 19:41:28,274 - nerf2 - INFO - Median error:4.70
2024-04-21 19:41:28,311 - nerf2 - INFO - Median error:3.93
2024-04-21 19:41:28,348 - nerf2 - INFO - Median error:3.94
2024-04-21 19:41:28,385 - nerf2 - INFO - Median error:5.38
2024-04-21 19:41:28,422 - nerf2 - INFO - Median error:4.38
2024-04-21 19:41:28,459 - nerf2 - INFO - Median error:4.02
2024-04-21 19:41:28,496 - nerf2 - INFO - Median error:4.66
2024-04-21 19:41:28,533 - nerf2 - INFO - Median error:3.58
2024-04-21 19:41:28,570 - nerf2 - INFO - Median error:4.99
2024-04-21 19:41:28,607 - nerf2 - INFO - Median error:4.94
2024-04-21 19:41:28,645 - nerf2 - INFO - Median error:4.43
2024-04-21 19:41:28,682 - nerf2 - INFO - Median error:4.98
2024-04-21 19:41:28,718 - nerf2 - INFO - Median error:4.77
2024-04-21 19:41:28,755 - nerf2 - INFO - Median error:4.29
2024-04-21 19:41:28,792 - nerf2 - INFO - Median error:6.18
2024-04-21 19:41:28,829 - nerf2 - INFO - Median error:5.98
2024-04-21 19:41:28,866 - nerf2 - INFO - Median error:4.73
2024-04-21 19:41:28,903 - nerf2 - INFO - Median error:5.80
2024-04-21 19:41:28,940 - nerf2 - INFO - Median error:4.01
2024-04-21 19:41:28,977 - nerf2 - INFO - Median error:5.36
2024-04-21 19:41:29,014 - nerf2 - INFO - Median error:6.11
2024-04-21 19:41:29,052 - nerf2 - INFO - Median error:4.12
2024-04-21 19:41:29,089 - nerf2 - INFO - Median error:4.47
2024-04-21 19:41:29,126 - nerf2 - INFO - Median error:5.02
2024-04-21 19:41:29,163 - nerf2 - INFO - Median error:5.54
2024-04-21 19:41:29,200 - nerf2 - INFO - Median error:4.52
2024-04-21 19:41:29,237 - nerf2 - INFO - Median error:4.59
2024-04-21 19:41:29,274 - nerf2 - INFO - Median error:3.51
2024-04-21 19:41:29,311 - nerf2 - INFO - Median error:5.98
2024-04-21 19:41:29,348 - nerf2 - INFO - Median error:4.69
2024-04-21 19:41:29,385 - nerf2 - INFO - Median error:2.80
2024-04-21 19:41:29,422 - nerf2 - INFO - Median error:4.04
2024-04-21 19:41:29,459 - nerf2 - INFO - Median error:4.72
2024-04-21 19:41:29,496 - nerf2 - INFO - Median error:5.00
2024-04-21 19:41:29,533 - nerf2 - INFO - Median error:5.68
2024-04-21 19:41:29,570 - nerf2 - INFO - Median error:5.40
2024-04-21 19:41:29,607 - nerf2 - INFO - Median error:4.41
2024-04-21 19:41:29,644 - nerf2 - INFO - Median error:4.63
2024-04-21 19:41:29,681 - nerf2 - INFO - Median error:3.79
2024-04-21 19:41:29,719 - nerf2 - INFO - Median error:3.65
2024-04-21 19:41:29,756 - nerf2 - INFO - Median error:3.33
2024-04-21 19:41:29,792 - nerf2 - INFO - Median error:4.34
2024-04-21 19:41:29,829 - nerf2 - INFO - Median error:3.53
2024-04-21 19:41:29,866 - nerf2 - INFO - Median error:6.97
2024-04-21 19:41:29,903 - nerf2 - INFO - Median error:4.34
2024-04-21 19:41:29,941 - nerf2 - INFO - Median error:5.48
2024-04-21 19:41:29,978 - nerf2 - INFO - Median error:4.56
2024-04-21 19:41:30,015 - nerf2 - INFO - Median error:4.75
2024-04-21 19:41:30,051 - nerf2 - INFO - Median error:6.65
2024-04-21 19:41:30,089 - nerf2 - INFO - Median error:4.24
2024-04-21 19:41:30,126 - nerf2 - INFO - Median error:4.02
2024-04-21 19:41:30,163 - nerf2 - INFO - Median error:3.92
2024-04-21 19:41:30,200 - nerf2 - INFO - Median error:3.97
2024-04-21 19:41:30,237 - nerf2 - INFO - Median error:5.59
2024-04-21 19:41:30,274 - nerf2 - INFO - Median error:7.16
2024-04-21 19:41:30,311 - nerf2 - INFO - Median error:4.62
2024-04-21 19:41:30,349 - nerf2 - INFO - Median error:6.10
2024-04-21 19:41:30,385 - nerf2 - INFO - Median error:5.48
2024-04-21 19:41:30,422 - nerf2 - INFO - Median error:4.22
2024-04-21 19:41:30,459 - nerf2 - INFO - Median error:7.52
2024-04-21 19:41:30,496 - nerf2 - INFO - Median error:4.46
2024-04-21 19:41:30,534 - nerf2 - INFO - Median error:4.23
2024-04-21 19:41:30,571 - nerf2 - INFO - Median error:5.48
2024-04-21 19:41:30,613 - nerf2 - INFO - Median error:6.16
2024-04-21 19:41:30,650 - nerf2 - INFO - Median error:5.93
2024-04-21 19:41:30,687 - nerf2 - INFO - Median error:4.39
2024-04-21 19:41:30,724 - nerf2 - INFO - Median error:4.36
2024-04-21 19:41:30,761 - nerf2 - INFO - Median error:4.90
2024-04-21 19:41:30,798 - nerf2 - INFO - Median error:5.44
2024-04-21 19:41:30,835 - nerf2 - INFO - Median error:4.14
2024-04-21 19:41:30,872 - nerf2 - INFO - Median error:5.19
2024-04-21 19:41:30,909 - nerf2 - INFO - Median error:5.71
2024-04-21 19:41:30,937 - nerf2 - INFO - Median error:4.03
2024-04-21 19:41:30,940 - nerf2 - INFO - Writing result to logs/BLE/ble-rssi-exp2-v1-595-minusz-half/result_pos.txt...
2024-04-21 19:41:30,976 - nerf2 - INFO - Median error:3.68
2024-04-21 19:41:31,019 - nerf2 - INFO - Median error:3.73
2024-04-21 19:41:31,062 - nerf2 - INFO - Median error:5.57
2024-04-21 19:41:31,105 - nerf2 - INFO - Median error:3.98
2024-04-21 19:41:31,148 - nerf2 - INFO - Median error:3.60
2024-04-21 19:41:31,191 - nerf2 - INFO - Median error:4.06
2024-04-21 19:41:31,234 - nerf2 - INFO - Median error:4.14
2024-04-21 19:41:31,277 - nerf2 - INFO - Median error:3.47
2024-04-21 19:41:31,320 - nerf2 - INFO - Median error:4.21
2024-04-21 19:41:31,362 - nerf2 - INFO - Median error:4.46
2024-04-21 19:41:31,405 - nerf2 - INFO - Median error:5.05
2024-04-21 19:41:31,448 - nerf2 - INFO - Median error:8.39
2024-04-21 19:41:31,491 - nerf2 - INFO - Median error:4.08
2024-04-21 19:41:31,535 - nerf2 - INFO - Median error:3.21
2024-04-21 19:41:31,578 - nerf2 - INFO - Median error:6.73
2024-04-21 19:41:31,621 - nerf2 - INFO - Median error:5.74
2024-04-21 19:41:31,663 - nerf2 - INFO - Median error:5.45
2024-04-21 19:41:31,706 - nerf2 - INFO - Median error:4.76
2024-04-21 19:41:31,749 - nerf2 - INFO - Median error:3.53
2024-04-21 19:41:31,792 - nerf2 - INFO - Median error:3.52
2024-04-21 19:41:31,835 - nerf2 - INFO - Median error:10.15
2024-04-21 19:41:31,878 - nerf2 - INFO - Median error:5.79
2024-04-21 19:41:31,921 - nerf2 - INFO - Median error:3.93
2024-04-21 19:41:31,964 - nerf2 - INFO - Median error:3.75
2024-04-21 19:41:32,007 - nerf2 - INFO - Median error:4.94
2024-04-21 19:41:32,050 - nerf2 - INFO - Median error:3.62
2024-04-21 19:41:32,092 - nerf2 - INFO - Median error:5.02
2024-04-21 19:41:32,135 - nerf2 - INFO - Median error:4.65
2024-04-21 19:41:32,178 - nerf2 - INFO - Median error:4.72
2024-04-21 19:41:32,221 - nerf2 - INFO - Median error:3.55
2024-04-21 19:41:32,264 - nerf2 - INFO - Median error:5.84
2024-04-21 19:41:32,307 - nerf2 - INFO - Median error:5.17
2024-04-21 19:41:32,350 - nerf2 - INFO - Median error:3.97
2024-04-21 19:41:32,393 - nerf2 - INFO - Median error:6.84
2024-04-21 19:41:32,436 - nerf2 - INFO - Median error:3.73
2024-04-21 19:41:32,479 - nerf2 - INFO - Median error:4.88
2024-04-21 19:41:32,522 - nerf2 - INFO - Median error:3.74
2024-04-21 19:41:32,565 - nerf2 - INFO - Median error:5.22
2024-04-21 19:41:32,608 - nerf2 - INFO - Median error:3.68
2024-04-21 19:41:32,651 - nerf2 - INFO - Median error:4.71
2024-04-21 19:41:32,694 - nerf2 - INFO - Median error:5.81
2024-04-21 19:41:32,737 - nerf2 - INFO - Median error:6.47
2024-04-21 19:41:32,780 - nerf2 - INFO - Median error:4.44
2024-04-21 19:41:32,823 - nerf2 - INFO - Median error:4.31
2024-04-21 19:41:32,866 - nerf2 - INFO - Median error:7.28
2024-04-21 19:41:32,908 - nerf2 - INFO - Median error:6.18
2024-04-21 19:41:32,952 - nerf2 - INFO - Median error:3.64
2024-04-21 19:41:32,995 - nerf2 - INFO - Median error:4.78
2024-04-21 19:41:33,038 - nerf2 - INFO - Median error:4.11
2024-04-21 19:41:33,081 - nerf2 - INFO - Median error:5.29
2024-04-21 19:41:33,124 - nerf2 - INFO - Median error:5.79
2024-04-21 19:41:33,166 - nerf2 - INFO - Median error:4.42
2024-04-21 19:41:33,209 - nerf2 - INFO - Median error:4.41
2024-04-21 19:41:33,252 - nerf2 - INFO - Median error:3.75
2024-04-21 19:41:33,295 - nerf2 - INFO - Median error:4.78
2024-04-21 19:41:33,338 - nerf2 - INFO - Median error:5.52
2024-04-21 19:41:33,381 - nerf2 - INFO - Median error:6.30
2024-04-21 19:41:33,424 - nerf2 - INFO - Median error:4.45
2024-04-21 19:41:33,467 - nerf2 - INFO - Median error:4.08
2024-04-21 19:41:33,510 - nerf2 - INFO - Median error:4.35
2024-04-21 19:41:33,553 - nerf2 - INFO - Median error:4.48
2024-04-21 19:41:33,596 - nerf2 - INFO - Median error:7.02
2024-04-21 19:41:33,639 - nerf2 - INFO - Median error:3.73
2024-04-21 19:41:33,682 - nerf2 - INFO - Median error:4.43
2024-04-21 19:41:33,725 - nerf2 - INFO - Median error:4.20
2024-04-21 19:41:33,768 - nerf2 - INFO - Median error:7.39
2024-04-21 19:41:33,811 - nerf2 - INFO - Median error:6.06
2024-04-21 19:41:33,854 - nerf2 - INFO - Median error:3.80
2024-04-21 19:41:33,897 - nerf2 - INFO - Median error:3.79
2024-04-21 19:41:33,940 - nerf2 - INFO - Median error:3.91
2024-04-21 19:41:33,983 - nerf2 - INFO - Median error:5.35
2024-04-21 19:41:34,026 - nerf2 - INFO - Median error:4.85
2024-04-21 19:41:34,069 - nerf2 - INFO - Median error:6.15
2024-04-21 19:41:34,112 - nerf2 - INFO - Median error:5.75
2024-04-21 19:41:34,155 - nerf2 - INFO - Median error:5.90
2024-04-21 19:41:34,198 - nerf2 - INFO - Median error:4.14
2024-04-21 19:41:34,241 - nerf2 - INFO - Median error:3.53
2024-04-21 19:41:34,283 - nerf2 - INFO - Median error:4.26
2024-04-21 19:41:34,326 - nerf2 - INFO - Median error:4.73
2024-04-21 19:41:34,369 - nerf2 - INFO - Median error:3.68
2024-04-21 19:41:34,412 - nerf2 - INFO - Median error:5.14
2024-04-21 19:41:34,455 - nerf2 - INFO - Median error:3.32
2024-04-21 19:41:34,499 - nerf2 - INFO - Median error:3.79
2024-04-21 19:41:34,542 - nerf2 - INFO - Median error:5.79
2024-04-21 19:41:34,584 - nerf2 - INFO - Median error:4.37
2024-04-21 19:41:34,627 - nerf2 - INFO - Median error:5.36
2024-04-21 19:41:34,670 - nerf2 - INFO - Median error:6.13
2024-04-21 19:41:34,713 - nerf2 - INFO - Median error:3.37
2024-04-21 19:41:34,756 - nerf2 - INFO - Median error:6.73
2024-04-21 19:41:34,799 - nerf2 - INFO - Median error:6.72
2024-04-21 19:41:34,842 - nerf2 - INFO - Median error:4.99
2024-04-21 19:41:34,885 - nerf2 - INFO - Median error:3.89
2024-04-21 19:41:34,928 - nerf2 - INFO - Median error:6.04
2024-04-21 19:41:34,971 - nerf2 - INFO - Median error:5.68
2024-04-21 19:41:35,013 - nerf2 - INFO - Median error:4.19
2024-04-21 19:41:35,056 - nerf2 - INFO - Median error:6.50
2024-04-21 19:41:35,099 - nerf2 - INFO - Median error:5.67
2024-04-21 19:41:35,142 - nerf2 - INFO - Median error:4.63
2024-04-21 19:41:35,185 - nerf2 - INFO - Median error:6.32
2024-04-21 19:41:35,229 - nerf2 - INFO - Median error:5.07
2024-04-21 19:41:35,272 - nerf2 - INFO - Median error:4.79
2024-04-21 19:41:35,315 - nerf2 - INFO - Median error:3.93
2024-04-21 19:41:35,357 - nerf2 - INFO - Median error:4.82
2024-04-21 19:41:35,400 - nerf2 - INFO - Median error:4.72
2024-04-21 19:41:35,443 - nerf2 - INFO - Median error:7.41
2024-04-21 19:41:35,485 - nerf2 - INFO - Median error:4.59
2024-04-21 19:41:35,528 - nerf2 - INFO - Median error:4.16
2024-04-21 19:41:35,571 - nerf2 - INFO - Median error:4.70
2024-04-21 19:41:35,615 - nerf2 - INFO - Median error:3.82
2024-04-21 19:41:35,657 - nerf2 - INFO - Median error:4.19
2024-04-21 19:41:35,701 - nerf2 - INFO - Median error:5.25
2024-04-21 19:41:35,743 - nerf2 - INFO - Median error:4.94
2024-04-21 19:41:35,786 - nerf2 - INFO - Median error:5.28
2024-04-21 19:41:35,829 - nerf2 - INFO - Median error:4.45
2024-04-21 19:41:35,872 - nerf2 - INFO - Median error:5.82
2024-04-21 19:41:35,915 - nerf2 - INFO - Median error:6.10
2024-04-21 19:41:35,958 - nerf2 - INFO - Median error:4.96
2024-04-21 19:41:36,002 - nerf2 - INFO - Median error:4.83
2024-04-21 19:41:36,045 - nerf2 - INFO - Median error:4.40
2024-04-21 19:41:36,088 - nerf2 - INFO - Median error:3.34
2024-04-21 19:41:36,131 - nerf2 - INFO - Median error:5.19
2024-04-21 19:41:36,173 - nerf2 - INFO - Median error:4.28
2024-04-21 19:41:36,216 - nerf2 - INFO - Median error:4.07
2024-04-21 19:41:36,260 - nerf2 - INFO - Median error:3.58
2024-04-21 19:41:36,303 - nerf2 - INFO - Median error:6.09
2024-04-21 19:41:36,346 - nerf2 - INFO - Median error:5.06
2024-04-21 19:41:36,389 - nerf2 - INFO - Median error:4.72
2024-04-21 19:41:36,432 - nerf2 - INFO - Median error:4.99
2024-04-21 19:41:36,474 - nerf2 - INFO - Median error:3.80
2024-04-21 19:41:36,517 - nerf2 - INFO - Median error:3.74
2024-04-21 19:41:36,560 - nerf2 - INFO - Median error:4.15
2024-04-21 19:41:36,603 - nerf2 - INFO - Median error:5.73
2024-04-21 19:41:36,647 - nerf2 - INFO - Median error:5.11
2024-04-21 19:41:36,690 - nerf2 - INFO - Median error:4.77
2024-04-21 19:41:36,733 - nerf2 - INFO - Median error:5.04
2024-04-21 19:41:36,776 - nerf2 - INFO - Median error:6.82
2024-04-21 19:41:36,819 - nerf2 - INFO - Median error:4.20
2024-04-21 19:41:36,861 - nerf2 - INFO - Median error:5.10
2024-04-21 19:41:36,904 - nerf2 - INFO - Median error:6.04
2024-04-21 19:41:36,947 - nerf2 - INFO - Median error:5.92
2024-04-21 19:41:36,990 - nerf2 - INFO - Median error:6.42
2024-04-21 19:41:37,033 - nerf2 - INFO - Median error:3.69
2024-04-21 19:41:37,077 - nerf2 - INFO - Median error:3.99
2024-04-21 19:41:37,120 - nerf2 - INFO - Median error:3.56
2024-04-21 19:41:37,162 - nerf2 - INFO - Median error:4.81
2024-04-21 19:41:37,205 - nerf2 - INFO - Median error:4.36
2024-04-21 19:41:37,248 - nerf2 - INFO - Median error:4.60
2024-04-21 19:41:37,291 - nerf2 - INFO - Median error:6.00
2024-04-21 19:41:37,334 - nerf2 - INFO - Median error:4.20
2024-04-21 19:41:37,377 - nerf2 - INFO - Median error:4.84
2024-04-21 19:41:37,420 - nerf2 - INFO - Median error:4.74
2024-04-21 19:41:37,464 - nerf2 - INFO - Median error:5.19
2024-04-21 19:41:37,507 - nerf2 - INFO - Median error:5.46
2024-04-21 19:41:37,549 - nerf2 - INFO - Median error:5.32
2024-04-21 19:41:37,592 - nerf2 - INFO - Median error:4.71
2024-04-21 19:41:37,635 - nerf2 - INFO - Median error:3.41
2024-04-21 19:41:37,678 - nerf2 - INFO - Median error:3.78
2024-04-21 19:41:37,722 - nerf2 - INFO - Median error:5.85
2024-04-21 19:41:37,765 - nerf2 - INFO - Median error:4.67
2024-04-21 19:41:37,808 - nerf2 - INFO - Median error:4.55
2024-04-21 19:41:37,851 - nerf2 - INFO - Median error:6.41
2024-04-21 19:41:37,894 - nerf2 - INFO - Median error:4.07
2024-04-21 19:41:37,937 - nerf2 - INFO - Median error:4.52
2024-04-21 19:41:37,980 - nerf2 - INFO - Median error:4.92
2024-04-21 19:41:38,023 - nerf2 - INFO - Median error:4.40
2024-04-21 19:41:38,066 - nerf2 - INFO - Median error:4.98
2024-04-21 19:41:38,108 - nerf2 - INFO - Median error:5.66
2024-04-21 19:41:38,163 - nerf2 - INFO - Median error:6.34
2024-04-21 19:41:38,206 - nerf2 - INFO - Median error:5.50
2024-04-21 19:41:38,249 - nerf2 - INFO - Median error:4.98
2024-04-21 19:41:38,293 - nerf2 - INFO - Median error:3.52
2024-04-21 19:41:38,336 - nerf2 - INFO - Median error:4.75
2024-04-21 19:41:38,379 - nerf2 - INFO - Median error:6.06
2024-04-21 19:41:38,423 - nerf2 - INFO - Median error:5.43
2024-04-21 19:41:38,466 - nerf2 - INFO - Median error:6.09
2024-04-21 19:41:38,509 - nerf2 - INFO - Median error:4.44
2024-04-21 19:41:38,552 - nerf2 - INFO - Median error:4.89
2024-04-21 19:41:38,595 - nerf2 - INFO - Median error:5.43
2024-04-21 19:41:38,639 - nerf2 - INFO - Median error:7.82
2024-04-21 19:41:38,682 - nerf2 - INFO - Median error:3.55
2024-04-21 19:41:38,725 - nerf2 - INFO - Median error:4.58
2024-04-21 19:41:38,768 - nerf2 - INFO - Median error:3.13
2024-04-21 19:41:38,812 - nerf2 - INFO - Median error:4.93
2024-04-21 19:41:38,854 - nerf2 - INFO - Median error:5.21
2024-04-21 19:41:38,897 - nerf2 - INFO - Median error:4.35
2024-04-21 19:41:38,940 - nerf2 - INFO - Median error:4.21
2024-04-21 19:41:38,984 - nerf2 - INFO - Median error:3.50
2024-04-21 19:41:39,027 - nerf2 - INFO - Median error:3.65
2024-04-21 19:41:39,071 - nerf2 - INFO - Median error:6.40
2024-04-21 19:41:39,114 - nerf2 - INFO - Median error:4.10
2024-04-21 19:41:39,157 - nerf2 - INFO - Median error:5.84
2024-04-21 19:41:39,200 - nerf2 - INFO - Median error:4.02
2024-04-21 19:41:39,243 - nerf2 - INFO - Median error:4.02
2024-04-21 19:41:39,286 - nerf2 - INFO - Median error:5.01
2024-04-21 19:41:39,329 - nerf2 - INFO - Median error:3.37
2024-04-21 19:41:39,373 - nerf2 - INFO - Median error:3.90
2024-04-21 19:41:39,416 - nerf2 - INFO - Median error:6.88
2024-04-21 19:41:39,459 - nerf2 - INFO - Median error:4.38
2024-04-21 19:41:39,502 - nerf2 - INFO - Median error:4.54
2024-04-21 19:41:39,545 - nerf2 - INFO - Median error:4.40
2024-04-21 19:41:39,588 - nerf2 - INFO - Median error:5.27
2024-04-21 19:41:39,631 - nerf2 - INFO - Median error:4.77
2024-04-21 19:41:39,675 - nerf2 - INFO - Median error:4.97
2024-04-21 19:41:39,718 - nerf2 - INFO - Median error:5.07
2024-04-21 19:41:39,761 - nerf2 - INFO - Median error:3.67
2024-04-21 19:41:39,804 - nerf2 - INFO - Median error:5.21
2024-04-21 19:41:39,848 - nerf2 - INFO - Median error:3.40
2024-04-21 19:41:39,890 - nerf2 - INFO - Median error:4.54
2024-04-21 19:41:39,933 - nerf2 - INFO - Median error:3.63
2024-04-21 19:41:39,976 - nerf2 - INFO - Median error:4.20
2024-04-21 19:41:40,020 - nerf2 - INFO - Median error:4.62
2024-04-21 19:41:40,063 - nerf2 - INFO - Median error:3.78
2024-04-21 19:41:40,106 - nerf2 - INFO - Median error:4.75
2024-04-21 19:41:40,150 - nerf2 - INFO - Median error:4.48
2024-04-21 19:41:40,193 - nerf2 - INFO - Median error:3.22
2024-04-21 19:41:40,236 - nerf2 - INFO - Median error:4.66
2024-04-21 19:41:40,279 - nerf2 - INFO - Median error:5.51
2024-04-21 19:41:40,322 - nerf2 - INFO - Median error:3.77
2024-04-21 19:41:40,365 - nerf2 - INFO - Median error:5.75
2024-04-21 19:41:40,408 - nerf2 - INFO - Median error:4.30
2024-04-21 19:41:40,452 - nerf2 - INFO - Median error:3.44
2024-04-21 19:41:40,495 - nerf2 - INFO - Median error:4.08
2024-04-21 19:41:40,538 - nerf2 - INFO - Median error:6.03
2024-04-21 19:41:40,581 - nerf2 - INFO - Median error:4.05
2024-04-21 19:41:40,624 - nerf2 - INFO - Median error:3.93
2024-04-21 19:41:40,667 - nerf2 - INFO - Median error:3.33
2024-04-21 19:41:40,711 - nerf2 - INFO - Median error:4.89
2024-04-21 19:41:40,767 - nerf2 - INFO - Median error:4.85
2024-04-21 19:41:40,810 - nerf2 - INFO - Median error:8.25
2024-04-21 19:41:40,853 - nerf2 - INFO - Median error:3.80
2024-04-21 19:41:40,897 - nerf2 - INFO - Median error:4.05
2024-04-21 19:41:40,940 - nerf2 - INFO - Median error:3.53
2024-04-21 19:41:40,983 - nerf2 - INFO - Median error:4.57
2024-04-21 19:41:41,026 - nerf2 - INFO - Median error:6.01
2024-04-21 19:41:41,070 - nerf2 - INFO - Median error:4.39
2024-04-21 19:41:41,113 - nerf2 - INFO - Median error:7.22
2024-04-21 19:41:41,156 - nerf2 - INFO - Median error:4.04
2024-04-21 19:41:41,199 - nerf2 - INFO - Median error:4.29
2024-04-21 19:41:41,243 - nerf2 - INFO - Median error:3.81
2024-04-21 19:41:41,286 - nerf2 - INFO - Median error:4.70
2024-04-21 19:41:41,329 - nerf2 - INFO - Median error:3.93
2024-04-21 19:41:41,372 - nerf2 - INFO - Median error:3.94
2024-04-21 19:41:41,415 - nerf2 - INFO - Median error:5.38
2024-04-21 19:41:41,458 - nerf2 - INFO - Median error:4.38
2024-04-21 19:41:41,501 - nerf2 - INFO - Median error:4.02
2024-04-21 19:41:41,545 - nerf2 - INFO - Median error:4.66
2024-04-21 19:41:41,588 - nerf2 - INFO - Median error:3.58
2024-04-21 19:41:41,631 - nerf2 - INFO - Median error:4.99
2024-04-21 19:41:41,674 - nerf2 - INFO - Median error:4.94
2024-04-21 19:41:41,717 - nerf2 - INFO - Median error:4.43
2024-04-21 19:41:41,760 - nerf2 - INFO - Median error:4.98
2024-04-21 19:41:41,803 - nerf2 - INFO - Median error:4.77
2024-04-21 19:41:41,846 - nerf2 - INFO - Median error:4.29
2024-04-21 19:41:41,890 - nerf2 - INFO - Median error:6.18
2024-04-21 19:41:41,933 - nerf2 - INFO - Median error:5.98
2024-04-21 19:41:41,976 - nerf2 - INFO - Median error:4.73
2024-04-21 19:41:42,019 - nerf2 - INFO - Median error:5.80
2024-04-21 19:41:42,062 - nerf2 - INFO - Median error:4.01
2024-04-21 19:41:42,105 - nerf2 - INFO - Median error:5.36
2024-04-21 19:41:42,149 - nerf2 - INFO - Median error:6.11
2024-04-21 19:41:42,192 - nerf2 - INFO - Median error:4.12
2024-04-21 19:41:42,236 - nerf2 - INFO - Median error:4.47
2024-04-21 19:41:42,279 - nerf2 - INFO - Median error:5.02
2024-04-21 19:41:42,322 - nerf2 - INFO - Median error:5.54
2024-04-21 19:41:42,365 - nerf2 - INFO - Median error:4.52
2024-04-21 19:41:42,408 - nerf2 - INFO - Median error:4.59
2024-04-21 19:41:42,451 - nerf2 - INFO - Median error:3.51
2024-04-21 19:41:42,494 - nerf2 - INFO - Median error:5.98
2024-04-21 19:41:42,538 - nerf2 - INFO - Median error:4.69
2024-04-21 19:41:42,581 - nerf2 - INFO - Median error:2.80
2024-04-21 19:41:42,624 - nerf2 - INFO - Median error:4.04
2024-04-21 19:41:42,667 - nerf2 - INFO - Median error:4.72
2024-04-21 19:41:42,710 - nerf2 - INFO - Median error:5.00
2024-04-21 19:41:42,753 - nerf2 - INFO - Median error:5.68
2024-04-21 19:41:42,796 - nerf2 - INFO - Median error:5.40
2024-04-21 19:41:42,839 - nerf2 - INFO - Median error:4.41
2024-04-21 19:41:42,883 - nerf2 - INFO - Median error:4.63
2024-04-21 19:41:42,926 - nerf2 - INFO - Median error:3.79
2024-04-21 19:41:42,969 - nerf2 - INFO - Median error:3.65
2024-04-21 19:41:43,013 - nerf2 - INFO - Median error:3.33
2024-04-21 19:41:43,056 - nerf2 - INFO - Median error:4.34
2024-04-21 19:41:43,099 - nerf2 - INFO - Median error:3.53
2024-04-21 19:41:43,141 - nerf2 - INFO - Median error:6.97
2024-04-21 19:41:43,185 - nerf2 - INFO - Median error:4.34
2024-04-21 19:41:43,228 - nerf2 - INFO - Median error:5.48
2024-04-21 19:41:43,272 - nerf2 - INFO - Median error:4.56
2024-04-21 19:41:43,315 - nerf2 - INFO - Median error:4.75
2024-04-21 19:41:43,358 - nerf2 - INFO - Median error:6.65
2024-04-21 19:41:43,401 - nerf2 - INFO - Median error:4.24
2024-04-21 19:41:43,444 - nerf2 - INFO - Median error:4.02
2024-04-21 19:41:43,487 - nerf2 - INFO - Median error:3.92
2024-04-21 19:41:43,530 - nerf2 - INFO - Median error:3.97
2024-04-21 19:41:43,574 - nerf2 - INFO - Median error:5.59
2024-04-21 19:41:43,617 - nerf2 - INFO - Median error:7.16
2024-04-21 19:41:43,661 - nerf2 - INFO - Median error:4.62
2024-04-21 19:41:43,704 - nerf2 - INFO - Median error:6.10
2024-04-21 19:41:43,747 - nerf2 - INFO - Median error:5.48
2024-04-21 19:41:43,790 - nerf2 - INFO - Median error:4.22
2024-04-21 19:41:43,833 - nerf2 - INFO - Median error:7.52
2024-04-21 19:41:43,876 - nerf2 - INFO - Median error:4.46
2024-04-21 19:41:43,919 - nerf2 - INFO - Median error:4.23
2024-04-21 19:41:43,962 - nerf2 - INFO - Median error:5.48
2024-04-21 19:41:44,006 - nerf2 - INFO - Median error:6.16
2024-04-21 19:41:44,049 - nerf2 - INFO - Median error:5.93
2024-04-21 19:41:44,092 - nerf2 - INFO - Median error:4.39
2024-04-21 19:41:44,135 - nerf2 - INFO - Median error:4.36
2024-04-21 19:41:44,178 - nerf2 - INFO - Median error:4.90
2024-04-21 19:41:44,221 - nerf2 - INFO - Median error:5.44
2024-04-21 19:41:44,265 - nerf2 - INFO - Median error:4.14
2024-04-21 19:41:44,308 - nerf2 - INFO - Median error:5.19
2024-04-21 19:41:44,351 - nerf2 - INFO - Median error:5.71
2024-04-21 19:41:44,386 - nerf2 - INFO - Median error:4.03
2024-04-21 19:41:44,522 - nerf2 - INFO - Total Median error:4.73
