2024-04-17 00:09:44,919 - nerf2 - INFO - expname:ble-rssi-exp2-v1-595-posz-whole, datadir:data/BLE/, logdir:logs/BLE/
2024-04-17 00:09:45,365 - nerf2 - INFO - Total number of parameters: 690564
2024-04-17 00:09:45,367 - nerf2 - INFO - Found ckpts []
2024-04-17 00:09:45,367 - nerf2 - INFO - Loading training set...
2024-04-17 00:09:45,616 - nerf2 - INFO - Loading test set...
2024-04-17 00:09:48,917 - nerf2 - INFO - Train set size:2100, Test set size:39900
2024-04-17 00:09:48,917 - nerf2 - INFO - Start training. Current Iteration:1
2024-04-17 00:43:39,586 - nerf2 - INFO - expname:ble-rssi-exp2-v1-595-posz-whole, datadir:data/BLE/, logdir:logs/BLE/
2024-04-17 00:43:40,034 - nerf2 - INFO - Total number of parameters: 690564
2024-04-17 00:43:40,036 - nerf2 - INFO - Found ckpts ['logs/BLE/ble-rssi-exp2-v1-595-posz-whole/ckpts/029800.tar', 'logs/BLE/ble-rssi-exp2-v1-595-posz-whole/ckpts/029900.tar', 'logs/BLE/ble-rssi-exp2-v1-595-posz-whole/ckpts/030000.tar']
2024-04-17 00:43:40,036 - nerf2 - INFO - Loading ckpt logs/BLE/ble-rssi-exp2-v1-595-posz-whole/ckpts/030000.tar
2024-04-17 00:43:40,057 - nerf2 - INFO - Loading training set...
2024-04-17 00:43:40,306 - nerf2 - INFO - Loading test set...
2024-04-17 00:43:43,591 - nerf2 - INFO - Train set size:2100, Test set size:39900
2024-04-17 00:43:43,592 - nerf2 - INFO - Start evaluation
2024-04-17 00:43:44,023 - nerf2 - INFO - Median error:3.93
2024-04-17 00:43:44,082 - nerf2 - INFO - Median error:3.95
2024-04-17 00:43:44,133 - nerf2 - INFO - Median error:5.44
2024-04-17 00:43:44,185 - nerf2 - INFO - Median error:5.24
2024-04-17 00:43:44,238 - nerf2 - INFO - Median error:4.28
2024-04-17 00:43:44,289 - nerf2 - INFO - Median error:4.96
2024-04-17 00:43:44,341 - nerf2 - INFO - Median error:4.31
2024-04-17 00:43:44,393 - nerf2 - INFO - Median error:5.66
2024-04-17 00:43:44,445 - nerf2 - INFO - Median error:4.66
2024-04-17 00:43:44,497 - nerf2 - INFO - Median error:3.82
2024-04-17 00:43:44,548 - nerf2 - INFO - Median error:4.35
2024-04-17 00:43:44,600 - nerf2 - INFO - Median error:6.66
2024-04-17 00:43:44,634 - nerf2 - INFO - Median error:4.34
2024-04-17 00:43:44,668 - nerf2 - INFO - Median error:3.56
2024-04-17 00:43:44,702 - nerf2 - INFO - Median error:5.09
2024-04-17 00:43:44,736 - nerf2 - INFO - Median error:4.91
2024-04-17 00:43:44,770 - nerf2 - INFO - Median error:5.81
2024-04-17 00:43:44,804 - nerf2 - INFO - Median error:4.60
2024-04-17 00:43:44,838 - nerf2 - INFO - Median error:3.50
2024-04-17 00:43:44,872 - nerf2 - INFO - Median error:4.09
2024-04-17 00:43:44,906 - nerf2 - INFO - Median error:4.92
2024-04-17 00:43:44,939 - nerf2 - INFO - Median error:5.95
2024-04-17 00:43:44,973 - nerf2 - INFO - Median error:4.13
2024-04-17 00:43:45,007 - nerf2 - INFO - Median error:4.12
2024-04-17 00:43:45,041 - nerf2 - INFO - Median error:4.80
2024-04-17 00:43:45,075 - nerf2 - INFO - Median error:4.40
2024-04-17 00:43:45,109 - nerf2 - INFO - Median error:5.41
2024-04-17 00:43:45,143 - nerf2 - INFO - Median error:4.34
2024-04-17 00:43:45,177 - nerf2 - INFO - Median error:3.98
2024-04-17 00:43:45,211 - nerf2 - INFO - Median error:4.37
2024-04-17 00:43:45,245 - nerf2 - INFO - Median error:4.29
2024-04-17 00:43:45,279 - nerf2 - INFO - Median error:4.41
2024-04-17 00:43:45,313 - nerf2 - INFO - Median error:4.87
2024-04-17 00:43:45,347 - nerf2 - INFO - Median error:5.96
2024-04-17 00:43:45,381 - nerf2 - INFO - Median error:4.45
2024-04-17 00:43:45,415 - nerf2 - INFO - Median error:4.22
2024-04-17 00:43:45,448 - nerf2 - INFO - Median error:4.13
2024-04-17 00:43:45,482 - nerf2 - INFO - Median error:5.49
2024-04-17 00:43:45,516 - nerf2 - INFO - Median error:4.26
2024-04-17 00:43:45,550 - nerf2 - INFO - Median error:6.64
2024-04-17 00:43:45,584 - nerf2 - INFO - Median error:5.27
2024-04-17 00:43:45,618 - nerf2 - INFO - Median error:7.03
2024-04-17 00:43:45,652 - nerf2 - INFO - Median error:4.44
2024-04-17 00:43:45,686 - nerf2 - INFO - Median error:4.16
2024-04-17 00:43:45,720 - nerf2 - INFO - Median error:6.43
2024-04-17 00:43:45,754 - nerf2 - INFO - Median error:5.86
2024-04-17 00:43:45,788 - nerf2 - INFO - Median error:3.68
2024-04-17 00:43:45,821 - nerf2 - INFO - Median error:6.58
2024-04-17 00:43:45,855 - nerf2 - INFO - Median error:4.77
2024-04-17 00:43:45,889 - nerf2 - INFO - Median error:5.79
2024-04-17 00:43:45,923 - nerf2 - INFO - Median error:5.30
2024-04-17 00:43:45,957 - nerf2 - INFO - Median error:4.08
2024-04-17 00:43:45,991 - nerf2 - INFO - Median error:5.25
2024-04-17 00:43:46,025 - nerf2 - INFO - Median error:5.03
2024-04-17 00:43:46,059 - nerf2 - INFO - Median error:4.74
2024-04-17 00:43:46,093 - nerf2 - INFO - Median error:5.16
2024-04-17 00:43:46,127 - nerf2 - INFO - Median error:4.86
2024-04-17 00:43:46,161 - nerf2 - INFO - Median error:4.31
2024-04-17 00:43:46,195 - nerf2 - INFO - Median error:5.06
2024-04-17 00:43:46,229 - nerf2 - INFO - Median error:4.72
2024-04-17 00:43:46,262 - nerf2 - INFO - Median error:5.61
2024-04-17 00:43:46,296 - nerf2 - INFO - Median error:6.22
2024-04-17 00:43:46,330 - nerf2 - INFO - Median error:4.52
2024-04-17 00:43:46,364 - nerf2 - INFO - Median error:5.06
2024-04-17 00:43:46,398 - nerf2 - INFO - Median error:3.72
2024-04-17 00:43:46,432 - nerf2 - INFO - Median error:6.26
2024-04-17 00:43:46,466 - nerf2 - INFO - Median error:4.54
2024-04-17 00:43:46,500 - nerf2 - INFO - Median error:4.60
2024-04-17 00:43:46,534 - nerf2 - INFO - Median error:4.43
2024-04-17 00:43:46,568 - nerf2 - INFO - Median error:4.38
2024-04-17 00:43:46,602 - nerf2 - INFO - Median error:6.11
2024-04-17 00:43:46,636 - nerf2 - INFO - Median error:5.35
2024-04-17 00:43:46,669 - nerf2 - INFO - Median error:5.96
2024-04-17 00:43:46,703 - nerf2 - INFO - Median error:5.23
2024-04-17 00:43:46,737 - nerf2 - INFO - Median error:6.48
2024-04-17 00:43:46,771 - nerf2 - INFO - Median error:5.20
2024-04-17 00:43:46,805 - nerf2 - INFO - Median error:3.64
2024-04-17 00:43:46,839 - nerf2 - INFO - Median error:5.58
2024-04-17 00:43:46,873 - nerf2 - INFO - Median error:4.31
2024-04-17 00:43:46,907 - nerf2 - INFO - Median error:4.32
2024-04-17 00:43:46,941 - nerf2 - INFO - Median error:6.25
2024-04-17 00:43:46,975 - nerf2 - INFO - Median error:3.50
2024-04-17 00:43:47,009 - nerf2 - INFO - Median error:4.12
2024-04-17 00:43:47,042 - nerf2 - INFO - Median error:4.14
2024-04-17 00:43:47,076 - nerf2 - INFO - Median error:4.29
2024-04-17 00:43:47,110 - nerf2 - INFO - Median error:4.75
2024-04-17 00:43:47,144 - nerf2 - INFO - Median error:4.91
2024-04-17 00:43:47,178 - nerf2 - INFO - Median error:4.17
2024-04-17 00:43:47,212 - nerf2 - INFO - Median error:5.24
2024-04-17 00:43:47,246 - nerf2 - INFO - Median error:7.74
2024-04-17 00:43:47,280 - nerf2 - INFO - Median error:4.97
2024-04-17 00:43:47,314 - nerf2 - INFO - Median error:3.90
2024-04-17 00:43:47,348 - nerf2 - INFO - Median error:6.26
2024-04-17 00:43:47,382 - nerf2 - INFO - Median error:5.85
2024-04-17 00:43:47,416 - nerf2 - INFO - Median error:4.30
2024-04-17 00:43:47,450 - nerf2 - INFO - Median error:6.68
2024-04-17 00:43:47,483 - nerf2 - INFO - Median error:5.19
2024-04-17 00:43:47,517 - nerf2 - INFO - Median error:5.29
2024-04-17 00:43:47,551 - nerf2 - INFO - Median error:6.00
2024-04-17 00:43:47,585 - nerf2 - INFO - Median error:4.43
2024-04-17 00:43:47,619 - nerf2 - INFO - Median error:4.57
2024-04-17 00:43:47,653 - nerf2 - INFO - Median error:5.21
2024-04-17 00:43:47,687 - nerf2 - INFO - Median error:5.14
2024-04-17 00:43:47,721 - nerf2 - INFO - Median error:5.78
2024-04-17 00:43:47,755 - nerf2 - INFO - Median error:6.65
2024-04-17 00:43:47,789 - nerf2 - INFO - Median error:4.37
2024-04-17 00:43:47,823 - nerf2 - INFO - Median error:6.51
2024-04-17 00:43:47,857 - nerf2 - INFO - Median error:7.71
2024-04-17 00:43:47,891 - nerf2 - INFO - Median error:4.31
2024-04-17 00:43:47,924 - nerf2 - INFO - Median error:4.74
2024-04-17 00:43:47,958 - nerf2 - INFO - Median error:4.62
2024-04-17 00:43:47,992 - nerf2 - INFO - Median error:4.78
2024-04-17 00:43:48,026 - nerf2 - INFO - Median error:6.36
2024-04-17 00:43:48,060 - nerf2 - INFO - Median error:4.37
2024-04-17 00:43:48,094 - nerf2 - INFO - Median error:5.82
2024-04-17 00:43:48,128 - nerf2 - INFO - Median error:6.41
2024-04-17 00:43:48,162 - nerf2 - INFO - Median error:4.78
2024-04-17 00:43:48,196 - nerf2 - INFO - Median error:6.35
2024-04-17 00:43:48,230 - nerf2 - INFO - Median error:4.74
2024-04-17 00:43:48,264 - nerf2 - INFO - Median error:3.67
2024-04-17 00:43:48,298 - nerf2 - INFO - Median error:4.75
2024-04-17 00:43:48,332 - nerf2 - INFO - Median error:5.43
2024-04-17 00:43:48,365 - nerf2 - INFO - Median error:4.75
2024-04-17 00:43:48,399 - nerf2 - INFO - Median error:3.32
2024-04-17 00:43:48,433 - nerf2 - INFO - Median error:6.67
2024-04-17 00:43:48,467 - nerf2 - INFO - Median error:5.34
2024-04-17 00:43:48,501 - nerf2 - INFO - Median error:4.21
2024-04-17 00:43:48,535 - nerf2 - INFO - Median error:5.44
2024-04-17 00:43:48,569 - nerf2 - INFO - Median error:3.64
2024-04-17 00:43:48,603 - nerf2 - INFO - Median error:4.01
2024-04-17 00:43:48,637 - nerf2 - INFO - Median error:4.21
2024-04-17 00:43:48,671 - nerf2 - INFO - Median error:6.14
2024-04-17 00:43:48,705 - nerf2 - INFO - Median error:5.56
2024-04-17 00:43:48,738 - nerf2 - INFO - Median error:4.28
2024-04-17 00:43:48,772 - nerf2 - INFO - Median error:4.73
2024-04-17 00:43:48,806 - nerf2 - INFO - Median error:6.22
2024-04-17 00:43:48,840 - nerf2 - INFO - Median error:3.81
2024-04-17 00:43:48,874 - nerf2 - INFO - Median error:5.37
2024-04-17 00:43:48,908 - nerf2 - INFO - Median error:4.62
2024-04-17 00:43:48,942 - nerf2 - INFO - Median error:4.38
2024-04-17 00:43:48,976 - nerf2 - INFO - Median error:5.83
2024-04-17 00:43:49,010 - nerf2 - INFO - Median error:4.31
2024-04-17 00:43:49,044 - nerf2 - INFO - Median error:4.21
2024-04-17 00:43:49,078 - nerf2 - INFO - Median error:4.46
2024-04-17 00:43:49,111 - nerf2 - INFO - Median error:4.32
2024-04-17 00:43:49,145 - nerf2 - INFO - Median error:4.82
2024-04-17 00:43:49,179 - nerf2 - INFO - Median error:5.41
2024-04-17 00:43:49,213 - nerf2 - INFO - Median error:5.08
2024-04-17 00:43:49,247 - nerf2 - INFO - Median error:3.74
2024-04-17 00:43:49,281 - nerf2 - INFO - Median error:4.74
2024-04-17 00:43:49,315 - nerf2 - INFO - Median error:4.76
2024-04-17 00:43:49,349 - nerf2 - INFO - Median error:4.89
2024-04-17 00:43:49,383 - nerf2 - INFO - Median error:7.60
2024-04-17 00:43:49,417 - nerf2 - INFO - Median error:4.88
2024-04-17 00:43:49,451 - nerf2 - INFO - Median error:6.22
2024-04-17 00:43:49,485 - nerf2 - INFO - Median error:3.77
2024-04-17 00:43:49,519 - nerf2 - INFO - Median error:4.10
2024-04-17 00:43:49,556 - nerf2 - INFO - Median error:5.03
2024-04-17 00:43:49,590 - nerf2 - INFO - Median error:4.51
2024-04-17 00:43:49,624 - nerf2 - INFO - Median error:4.05
2024-04-17 00:43:49,658 - nerf2 - INFO - Median error:6.67
2024-04-17 00:43:49,692 - nerf2 - INFO - Median error:4.20
2024-04-17 00:43:49,726 - nerf2 - INFO - Median error:4.15
2024-04-17 00:43:49,760 - nerf2 - INFO - Median error:5.52
2024-04-17 00:43:49,794 - nerf2 - INFO - Median error:5.04
2024-04-17 00:43:49,828 - nerf2 - INFO - Median error:5.66
2024-04-17 00:43:49,862 - nerf2 - INFO - Median error:5.32
2024-04-17 00:43:49,896 - nerf2 - INFO - Median error:6.24
2024-04-17 00:43:49,930 - nerf2 - INFO - Median error:5.36
2024-04-17 00:43:49,964 - nerf2 - INFO - Median error:5.91
2024-04-17 00:43:49,998 - nerf2 - INFO - Median error:3.21
2024-04-17 00:43:50,031 - nerf2 - INFO - Median error:4.98
2024-04-17 00:43:50,065 - nerf2 - INFO - Median error:5.75
2024-04-17 00:43:50,099 - nerf2 - INFO - Median error:4.80
2024-04-17 00:43:50,133 - nerf2 - INFO - Median error:5.56
2024-04-17 00:43:50,167 - nerf2 - INFO - Median error:5.43
2024-04-17 00:43:50,201 - nerf2 - INFO - Median error:4.94
2024-04-17 00:43:50,235 - nerf2 - INFO - Median error:5.52
2024-04-17 00:43:50,269 - nerf2 - INFO - Median error:6.83
2024-04-17 00:43:50,303 - nerf2 - INFO - Median error:3.70
2024-04-17 00:43:50,337 - nerf2 - INFO - Median error:4.91
2024-04-17 00:43:50,371 - nerf2 - INFO - Median error:3.44
2024-04-17 00:43:50,404 - nerf2 - INFO - Median error:6.07
2024-04-17 00:43:50,438 - nerf2 - INFO - Median error:6.00
2024-04-17 00:43:50,472 - nerf2 - INFO - Median error:4.92
2024-04-17 00:43:50,506 - nerf2 - INFO - Median error:4.14
2024-04-17 00:43:50,540 - nerf2 - INFO - Median error:2.79
2024-04-17 00:43:50,574 - nerf2 - INFO - Median error:3.69
2024-04-17 00:43:50,608 - nerf2 - INFO - Median error:5.07
2024-04-17 00:43:50,642 - nerf2 - INFO - Median error:3.76
2024-04-17 00:43:50,676 - nerf2 - INFO - Median error:6.62
2024-04-17 00:43:50,710 - nerf2 - INFO - Median error:4.51
2024-04-17 00:43:50,744 - nerf2 - INFO - Median error:3.69
2024-04-17 00:43:50,778 - nerf2 - INFO - Median error:5.06
2024-04-17 00:43:50,812 - nerf2 - INFO - Median error:4.31
2024-04-17 00:43:50,846 - nerf2 - INFO - Median error:4.69
2024-04-17 00:43:50,880 - nerf2 - INFO - Median error:5.26
2024-04-17 00:43:50,913 - nerf2 - INFO - Median error:4.62
2024-04-17 00:43:50,947 - nerf2 - INFO - Median error:5.50
2024-04-17 00:43:50,981 - nerf2 - INFO - Median error:5.45
2024-04-17 00:43:51,015 - nerf2 - INFO - Median error:5.22
2024-04-17 00:43:51,049 - nerf2 - INFO - Median error:4.53
2024-04-17 00:43:51,083 - nerf2 - INFO - Median error:4.93
2024-04-17 00:43:51,117 - nerf2 - INFO - Median error:4.08
2024-04-17 00:43:51,151 - nerf2 - INFO - Median error:4.55
2024-04-17 00:43:51,185 - nerf2 - INFO - Median error:5.54
2024-04-17 00:43:51,219 - nerf2 - INFO - Median error:3.73
2024-04-17 00:43:51,253 - nerf2 - INFO - Median error:5.05
2024-04-17 00:43:51,287 - nerf2 - INFO - Median error:4.53
2024-04-17 00:43:51,321 - nerf2 - INFO - Median error:6.07
2024-04-17 00:43:51,355 - nerf2 - INFO - Median error:4.63
2024-04-17 00:43:51,388 - nerf2 - INFO - Median error:3.91
2024-04-17 00:43:51,422 - nerf2 - INFO - Median error:5.54
2024-04-17 00:43:51,456 - nerf2 - INFO - Median error:5.14
2024-04-17 00:43:51,490 - nerf2 - INFO - Median error:4.64
2024-04-17 00:43:51,524 - nerf2 - INFO - Median error:4.87
2024-04-17 00:43:51,558 - nerf2 - INFO - Median error:5.86
2024-04-17 00:43:51,592 - nerf2 - INFO - Median error:5.09
2024-04-17 00:43:51,626 - nerf2 - INFO - Median error:6.23
2024-04-17 00:43:51,660 - nerf2 - INFO - Median error:3.78
2024-04-17 00:43:51,694 - nerf2 - INFO - Median error:3.95
2024-04-17 00:43:51,728 - nerf2 - INFO - Median error:5.12
2024-04-17 00:43:51,762 - nerf2 - INFO - Median error:7.65
2024-04-17 00:43:51,796 - nerf2 - INFO - Median error:4.17
2024-04-17 00:43:51,830 - nerf2 - INFO - Median error:4.68
2024-04-17 00:43:51,869 - nerf2 - INFO - Median error:3.20
2024-04-17 00:43:51,903 - nerf2 - INFO - Median error:4.44
2024-04-17 00:43:51,937 - nerf2 - INFO - Median error:5.63
2024-04-17 00:43:51,971 - nerf2 - INFO - Median error:5.61
2024-04-17 00:43:52,005 - nerf2 - INFO - Median error:4.03
2024-04-17 00:43:52,039 - nerf2 - INFO - Median error:4.20
2024-04-17 00:43:52,073 - nerf2 - INFO - Median error:4.11
2024-04-17 00:43:52,107 - nerf2 - INFO - Median error:4.00
2024-04-17 00:43:52,140 - nerf2 - INFO - Median error:5.27
2024-04-17 00:43:52,174 - nerf2 - INFO - Median error:3.71
2024-04-17 00:43:52,208 - nerf2 - INFO - Median error:5.92
2024-04-17 00:43:52,242 - nerf2 - INFO - Median error:4.66
2024-04-17 00:43:52,276 - nerf2 - INFO - Median error:3.47
2024-04-17 00:43:52,310 - nerf2 - INFO - Median error:4.70
2024-04-17 00:43:52,344 - nerf2 - INFO - Median error:4.69
2024-04-17 00:43:52,378 - nerf2 - INFO - Median error:4.31
2024-04-17 00:43:52,412 - nerf2 - INFO - Median error:4.04
2024-04-17 00:43:52,446 - nerf2 - INFO - Median error:6.44
2024-04-17 00:43:52,480 - nerf2 - INFO - Median error:4.00
2024-04-17 00:43:52,514 - nerf2 - INFO - Median error:4.47
2024-04-17 00:43:52,548 - nerf2 - INFO - Median error:4.48
2024-04-17 00:43:52,582 - nerf2 - INFO - Median error:3.32
2024-04-17 00:43:52,615 - nerf2 - INFO - Median error:4.72
2024-04-17 00:43:52,649 - nerf2 - INFO - Median error:4.43
2024-04-17 00:43:52,683 - nerf2 - INFO - Median error:4.73
2024-04-17 00:43:52,717 - nerf2 - INFO - Median error:6.52
2024-04-17 00:43:52,751 - nerf2 - INFO - Median error:4.44
2024-04-17 00:43:52,785 - nerf2 - INFO - Median error:5.26
2024-04-17 00:43:52,819 - nerf2 - INFO - Median error:5.27
2024-04-17 00:43:52,853 - nerf2 - INFO - Median error:7.30
2024-04-17 00:43:52,887 - nerf2 - INFO - Median error:4.02
2024-04-17 00:43:52,921 - nerf2 - INFO - Median error:6.89
2024-04-17 00:43:52,955 - nerf2 - INFO - Median error:4.22
2024-04-17 00:43:52,989 - nerf2 - INFO - Median error:5.38
2024-04-17 00:43:53,023 - nerf2 - INFO - Median error:7.01
2024-04-17 00:43:53,057 - nerf2 - INFO - Median error:4.79
2024-04-17 00:43:53,091 - nerf2 - INFO - Median error:6.01
2024-04-17 00:43:53,125 - nerf2 - INFO - Median error:6.19
2024-04-17 00:43:53,158 - nerf2 - INFO - Median error:4.89
2024-04-17 00:43:53,192 - nerf2 - INFO - Median error:5.52
2024-04-17 00:43:53,226 - nerf2 - INFO - Median error:5.75
2024-04-17 00:43:53,260 - nerf2 - INFO - Median error:4.36
2024-04-17 00:43:53,294 - nerf2 - INFO - Median error:5.95
2024-04-17 00:43:53,328 - nerf2 - INFO - Median error:5.17
2024-04-17 00:43:53,362 - nerf2 - INFO - Median error:2.89
2024-04-17 00:43:53,396 - nerf2 - INFO - Median error:3.56
2024-04-17 00:43:53,430 - nerf2 - INFO - Median error:4.50
2024-04-17 00:43:53,464 - nerf2 - INFO - Median error:5.93
2024-04-17 00:43:53,498 - nerf2 - INFO - Median error:5.00
2024-04-17 00:43:53,532 - nerf2 - INFO - Median error:6.06
2024-04-17 00:43:53,566 - nerf2 - INFO - Median error:5.89
2024-04-17 00:43:53,600 - nerf2 - INFO - Median error:4.68
2024-04-17 00:43:53,634 - nerf2 - INFO - Median error:4.68
2024-04-17 00:43:53,668 - nerf2 - INFO - Median error:3.62
2024-04-17 00:43:53,701 - nerf2 - INFO - Median error:4.08
2024-04-17 00:43:53,735 - nerf2 - INFO - Median error:3.87
2024-04-17 00:43:53,769 - nerf2 - INFO - Median error:4.10
2024-04-17 00:43:53,803 - nerf2 - INFO - Median error:5.88
2024-04-17 00:43:53,837 - nerf2 - INFO - Median error:3.71
2024-04-17 00:43:53,871 - nerf2 - INFO - Median error:6.43
2024-04-17 00:43:53,905 - nerf2 - INFO - Median error:4.61
2024-04-17 00:43:53,939 - nerf2 - INFO - Median error:3.66
2024-04-17 00:43:53,973 - nerf2 - INFO - Median error:5.64
2024-04-17 00:43:54,007 - nerf2 - INFO - Median error:4.91
2024-04-17 00:43:54,041 - nerf2 - INFO - Median error:4.57
2024-04-17 00:43:54,075 - nerf2 - INFO - Median error:4.26
2024-04-17 00:43:54,109 - nerf2 - INFO - Median error:3.93
2024-04-17 00:43:54,143 - nerf2 - INFO - Median error:4.36
2024-04-17 00:43:54,176 - nerf2 - INFO - Median error:5.97
2024-04-17 00:43:54,210 - nerf2 - INFO - Median error:4.35
2024-04-17 00:43:54,244 - nerf2 - INFO - Median error:6.67
2024-04-17 00:43:54,278 - nerf2 - INFO - Median error:6.61
2024-04-17 00:43:54,312 - nerf2 - INFO - Median error:5.27
2024-04-17 00:43:54,346 - nerf2 - INFO - Median error:6.46
2024-04-17 00:43:54,380 - nerf2 - INFO - Median error:3.93
2024-04-17 00:43:54,414 - nerf2 - INFO - Median error:5.27
2024-04-17 00:43:54,448 - nerf2 - INFO - Median error:5.71
2024-04-17 00:43:54,482 - nerf2 - INFO - Median error:4.49
2024-04-17 00:43:54,516 - nerf2 - INFO - Median error:5.86
2024-04-17 00:43:54,550 - nerf2 - INFO - Median error:7.06
2024-04-17 00:43:54,584 - nerf2 - INFO - Median error:4.35
2024-04-17 00:43:54,618 - nerf2 - INFO - Median error:4.42
2024-04-17 00:43:54,652 - nerf2 - INFO - Median error:4.30
2024-04-17 00:43:54,686 - nerf2 - INFO - Median error:5.00
2024-04-17 00:43:54,719 - nerf2 - INFO - Median error:5.64
2024-04-17 00:43:54,753 - nerf2 - INFO - Median error:5.13
2024-04-17 00:43:54,778 - nerf2 - INFO - Median error:3.94
2024-04-17 00:43:54,788 - nerf2 - INFO - Total Median error:4.88
2024-04-21 19:49:15,188 - nerf2 - INFO - expname:ble-rssi-exp2-v1-595-posz-whole, datadir:data/BLE/, logdir:logs/BLE/
2024-04-21 19:49:15,861 - nerf2 - INFO - Total number of parameters: 690564
2024-04-21 19:49:15,863 - nerf2 - INFO - Found ckpts ['logs/BLE/ble-rssi-exp2-v1-595-posz-whole/ckpts/029800.tar', 'logs/BLE/ble-rssi-exp2-v1-595-posz-whole/ckpts/029900.tar', 'logs/BLE/ble-rssi-exp2-v1-595-posz-whole/ckpts/030000.tar']
2024-04-21 19:49:15,863 - nerf2 - INFO - Loading ckpt logs/BLE/ble-rssi-exp2-v1-595-posz-whole/ckpts/030000.tar
2024-04-21 19:49:16,001 - nerf2 - INFO - Loading training set...
2024-04-21 19:49:16,283 - nerf2 - INFO - Loading test set...
2024-04-21 19:49:20,016 - nerf2 - INFO - Train set size:2100, Test set size:39900
2024-04-21 19:49:20,016 - nerf2 - INFO - Start training. Current Iteration:30000
2024-04-21 19:49:28,004 - nerf2 - INFO - expname:ble-rssi-exp2-v1-595-posz-whole, datadir:data/BLE/, logdir:logs/BLE/
2024-04-21 19:49:28,679 - nerf2 - INFO - Total number of parameters: 690564
2024-04-21 19:49:28,680 - nerf2 - INFO - Found ckpts ['logs/BLE/ble-rssi-exp2-v1-595-posz-whole/ckpts/029800.tar', 'logs/BLE/ble-rssi-exp2-v1-595-posz-whole/ckpts/029900.tar', 'logs/BLE/ble-rssi-exp2-v1-595-posz-whole/ckpts/030000.tar']
2024-04-21 19:49:28,680 - nerf2 - INFO - Loading ckpt logs/BLE/ble-rssi-exp2-v1-595-posz-whole/ckpts/030000.tar
2024-04-21 19:49:28,710 - nerf2 - INFO - Loading training set...
2024-04-21 19:49:28,983 - nerf2 - INFO - Loading test set...
2024-04-21 19:49:32,648 - nerf2 - INFO - Train set size:2100, Test set size:39900
2024-04-21 19:49:32,648 - nerf2 - INFO - Start evaluation
2024-04-21 19:49:32,649 - nerf2 - INFO - Writing result to logs/BLE/ble-rssi-exp2-v1-595-posz-whole/result.txt...
2024-04-21 19:49:33,084 - nerf2 - INFO - Median error:3.93
2024-04-21 19:49:33,127 - nerf2 - INFO - Median error:3.95
2024-04-21 19:49:33,170 - nerf2 - INFO - Median error:5.44
2024-04-21 19:49:33,208 - nerf2 - INFO - Median error:5.24
2024-04-21 19:49:33,245 - nerf2 - INFO - Median error:4.28
2024-04-21 19:49:33,282 - nerf2 - INFO - Median error:4.96
2024-04-21 19:49:33,318 - nerf2 - INFO - Median error:4.31
2024-04-21 19:49:33,355 - nerf2 - INFO - Median error:5.66
2024-04-21 19:49:33,391 - nerf2 - INFO - Median error:4.66
2024-04-21 19:49:33,428 - nerf2 - INFO - Median error:3.82
2024-04-21 19:49:33,477 - nerf2 - INFO - Median error:4.35
2024-04-21 19:49:33,514 - nerf2 - INFO - Median error:6.66
2024-04-21 19:49:33,551 - nerf2 - INFO - Median error:4.34
2024-04-21 19:49:33,588 - nerf2 - INFO - Median error:3.56
2024-04-21 19:49:33,624 - nerf2 - INFO - Median error:5.09
2024-04-21 19:49:33,661 - nerf2 - INFO - Median error:4.91
2024-04-21 19:49:33,698 - nerf2 - INFO - Median error:5.81
2024-04-21 19:49:33,735 - nerf2 - INFO - Median error:4.60
2024-04-21 19:49:33,772 - nerf2 - INFO - Median error:3.50
2024-04-21 19:49:33,809 - nerf2 - INFO - Median error:4.09
2024-04-21 19:49:33,846 - nerf2 - INFO - Median error:4.92
2024-04-21 19:49:33,883 - nerf2 - INFO - Median error:5.95
2024-04-21 19:49:33,920 - nerf2 - INFO - Median error:4.13
2024-04-21 19:49:33,956 - nerf2 - INFO - Median error:4.12
2024-04-21 19:49:33,994 - nerf2 - INFO - Median error:4.80
2024-04-21 19:49:34,030 - nerf2 - INFO - Median error:4.40
2024-04-21 19:49:34,067 - nerf2 - INFO - Median error:5.41
2024-04-21 19:49:34,104 - nerf2 - INFO - Median error:4.34
2024-04-21 19:49:34,141 - nerf2 - INFO - Median error:3.98
2024-04-21 19:49:34,178 - nerf2 - INFO - Median error:4.37
2024-04-21 19:49:34,215 - nerf2 - INFO - Median error:4.29
2024-04-21 19:49:34,252 - nerf2 - INFO - Median error:4.41
2024-04-21 19:49:34,289 - nerf2 - INFO - Median error:4.87
2024-04-21 19:49:34,326 - nerf2 - INFO - Median error:5.96
2024-04-21 19:49:34,363 - nerf2 - INFO - Median error:4.45
2024-04-21 19:49:34,400 - nerf2 - INFO - Median error:4.22
2024-04-21 19:49:34,437 - nerf2 - INFO - Median error:4.13
2024-04-21 19:49:34,474 - nerf2 - INFO - Median error:5.49
2024-04-21 19:49:34,522 - nerf2 - INFO - Median error:4.26
2024-04-21 19:49:34,560 - nerf2 - INFO - Median error:6.64
2024-04-21 19:49:34,597 - nerf2 - INFO - Median error:5.27
2024-04-21 19:49:34,634 - nerf2 - INFO - Median error:7.03
2024-04-21 19:49:34,671 - nerf2 - INFO - Median error:4.44
2024-04-21 19:49:34,708 - nerf2 - INFO - Median error:4.16
2024-04-21 19:49:34,746 - nerf2 - INFO - Median error:6.43
2024-04-21 19:49:34,782 - nerf2 - INFO - Median error:5.86
2024-04-21 19:49:34,819 - nerf2 - INFO - Median error:3.68
2024-04-21 19:49:34,856 - nerf2 - INFO - Median error:6.58
2024-04-21 19:49:34,893 - nerf2 - INFO - Median error:4.77
2024-04-21 19:49:34,930 - nerf2 - INFO - Median error:5.79
2024-04-21 19:49:34,968 - nerf2 - INFO - Median error:5.30
2024-04-21 19:49:35,005 - nerf2 - INFO - Median error:4.08
2024-04-21 19:49:35,042 - nerf2 - INFO - Median error:5.25
2024-04-21 19:49:35,079 - nerf2 - INFO - Median error:5.03
2024-04-21 19:49:35,116 - nerf2 - INFO - Median error:4.74
2024-04-21 19:49:35,153 - nerf2 - INFO - Median error:5.16
2024-04-21 19:49:35,190 - nerf2 - INFO - Median error:4.86
2024-04-21 19:49:35,227 - nerf2 - INFO - Median error:4.31
2024-04-21 19:49:35,264 - nerf2 - INFO - Median error:5.06
2024-04-21 19:49:35,301 - nerf2 - INFO - Median error:4.72
2024-04-21 19:49:35,338 - nerf2 - INFO - Median error:5.61
2024-04-21 19:49:35,375 - nerf2 - INFO - Median error:6.22
2024-04-21 19:49:35,412 - nerf2 - INFO - Median error:4.52
2024-04-21 19:49:35,449 - nerf2 - INFO - Median error:5.06
2024-04-21 19:49:35,486 - nerf2 - INFO - Median error:3.72
2024-04-21 19:49:35,523 - nerf2 - INFO - Median error:6.26
2024-04-21 19:49:35,561 - nerf2 - INFO - Median error:4.54
2024-04-21 19:49:35,598 - nerf2 - INFO - Median error:4.60
2024-04-21 19:49:35,635 - nerf2 - INFO - Median error:4.43
2024-04-21 19:49:35,672 - nerf2 - INFO - Median error:4.38
2024-04-21 19:49:35,709 - nerf2 - INFO - Median error:6.11
2024-04-21 19:49:35,746 - nerf2 - INFO - Median error:5.35
2024-04-21 19:49:35,783 - nerf2 - INFO - Median error:5.96
2024-04-21 19:49:35,820 - nerf2 - INFO - Median error:5.23
2024-04-21 19:49:35,857 - nerf2 - INFO - Median error:6.48
2024-04-21 19:49:35,894 - nerf2 - INFO - Median error:5.20
2024-04-21 19:49:35,931 - nerf2 - INFO - Median error:3.64
2024-04-21 19:49:35,968 - nerf2 - INFO - Median error:5.58
2024-04-21 19:49:36,006 - nerf2 - INFO - Median error:4.31
2024-04-21 19:49:36,043 - nerf2 - INFO - Median error:4.32
2024-04-21 19:49:36,080 - nerf2 - INFO - Median error:6.25
2024-04-21 19:49:36,117 - nerf2 - INFO - Median error:3.50
2024-04-21 19:49:36,154 - nerf2 - INFO - Median error:4.12
2024-04-21 19:49:36,191 - nerf2 - INFO - Median error:4.14
2024-04-21 19:49:36,229 - nerf2 - INFO - Median error:4.29
2024-04-21 19:49:36,266 - nerf2 - INFO - Median error:4.75
2024-04-21 19:49:36,303 - nerf2 - INFO - Median error:4.91
2024-04-21 19:49:36,340 - nerf2 - INFO - Median error:4.17
2024-04-21 19:49:36,376 - nerf2 - INFO - Median error:5.24
2024-04-21 19:49:36,414 - nerf2 - INFO - Median error:7.74
2024-04-21 19:49:36,451 - nerf2 - INFO - Median error:4.97
2024-04-21 19:49:36,488 - nerf2 - INFO - Median error:3.90
2024-04-21 19:49:36,525 - nerf2 - INFO - Median error:6.26
2024-04-21 19:49:36,562 - nerf2 - INFO - Median error:5.85
2024-04-21 19:49:36,599 - nerf2 - INFO - Median error:4.30
2024-04-21 19:49:36,636 - nerf2 - INFO - Median error:6.68
2024-04-21 19:49:36,673 - nerf2 - INFO - Median error:5.19
2024-04-21 19:49:36,710 - nerf2 - INFO - Median error:5.29
2024-04-21 19:49:36,747 - nerf2 - INFO - Median error:6.00
2024-04-21 19:49:36,784 - nerf2 - INFO - Median error:4.43
2024-04-21 19:49:36,821 - nerf2 - INFO - Median error:4.57
2024-04-21 19:49:36,859 - nerf2 - INFO - Median error:5.21
2024-04-21 19:49:36,896 - nerf2 - INFO - Median error:5.14
2024-04-21 19:49:36,933 - nerf2 - INFO - Median error:5.78
2024-04-21 19:49:36,969 - nerf2 - INFO - Median error:6.65
2024-04-21 19:49:37,006 - nerf2 - INFO - Median error:4.37
2024-04-21 19:49:37,044 - nerf2 - INFO - Median error:6.51
2024-04-21 19:49:37,081 - nerf2 - INFO - Median error:7.71
2024-04-21 19:49:37,118 - nerf2 - INFO - Median error:4.31
2024-04-21 19:49:37,155 - nerf2 - INFO - Median error:4.74
2024-04-21 19:49:37,192 - nerf2 - INFO - Median error:4.62
2024-04-21 19:49:37,229 - nerf2 - INFO - Median error:4.78
2024-04-21 19:49:37,267 - nerf2 - INFO - Median error:6.36
2024-04-21 19:49:37,304 - nerf2 - INFO - Median error:4.37
2024-04-21 19:49:37,341 - nerf2 - INFO - Median error:5.82
2024-04-21 19:49:37,378 - nerf2 - INFO - Median error:6.41
2024-04-21 19:49:37,415 - nerf2 - INFO - Median error:4.78
2024-04-21 19:49:37,452 - nerf2 - INFO - Median error:6.35
2024-04-21 19:49:37,489 - nerf2 - INFO - Median error:4.74
2024-04-21 19:49:37,526 - nerf2 - INFO - Median error:3.67
2024-04-21 19:49:37,563 - nerf2 - INFO - Median error:4.75
2024-04-21 19:49:37,600 - nerf2 - INFO - Median error:5.43
2024-04-21 19:49:37,637 - nerf2 - INFO - Median error:4.75
2024-04-21 19:49:37,674 - nerf2 - INFO - Median error:3.32
2024-04-21 19:49:37,712 - nerf2 - INFO - Median error:6.67
2024-04-21 19:49:37,749 - nerf2 - INFO - Median error:5.34
2024-04-21 19:49:37,786 - nerf2 - INFO - Median error:4.21
2024-04-21 19:49:37,823 - nerf2 - INFO - Median error:5.44
2024-04-21 19:49:37,860 - nerf2 - INFO - Median error:3.64
2024-04-21 19:49:37,897 - nerf2 - INFO - Median error:4.01
2024-04-21 19:49:37,934 - nerf2 - INFO - Median error:4.21
2024-04-21 19:49:37,971 - nerf2 - INFO - Median error:6.14
2024-04-21 19:49:38,008 - nerf2 - INFO - Median error:5.56
2024-04-21 19:49:38,045 - nerf2 - INFO - Median error:4.28
2024-04-21 19:49:38,082 - nerf2 - INFO - Median error:4.73
2024-04-21 19:49:38,119 - nerf2 - INFO - Median error:6.22
2024-04-21 19:49:38,167 - nerf2 - INFO - Median error:3.81
2024-04-21 19:49:38,205 - nerf2 - INFO - Median error:5.37
2024-04-21 19:49:38,242 - nerf2 - INFO - Median error:4.62
2024-04-21 19:49:38,279 - nerf2 - INFO - Median error:4.38
2024-04-21 19:49:38,316 - nerf2 - INFO - Median error:5.83
2024-04-21 19:49:38,353 - nerf2 - INFO - Median error:4.31
2024-04-21 19:49:38,390 - nerf2 - INFO - Median error:4.21
2024-04-21 19:49:38,427 - nerf2 - INFO - Median error:4.46
2024-04-21 19:49:38,465 - nerf2 - INFO - Median error:4.32
2024-04-21 19:49:38,502 - nerf2 - INFO - Median error:4.82
2024-04-21 19:49:38,539 - nerf2 - INFO - Median error:5.41
2024-04-21 19:49:38,576 - nerf2 - INFO - Median error:5.08
2024-04-21 19:49:38,613 - nerf2 - INFO - Median error:3.74
2024-04-21 19:49:38,650 - nerf2 - INFO - Median error:4.74
2024-04-21 19:49:38,687 - nerf2 - INFO - Median error:4.76
2024-04-21 19:49:38,725 - nerf2 - INFO - Median error:4.89
2024-04-21 19:49:38,762 - nerf2 - INFO - Median error:7.60
2024-04-21 19:49:38,798 - nerf2 - INFO - Median error:4.88
2024-04-21 19:49:38,836 - nerf2 - INFO - Median error:6.22
2024-04-21 19:49:38,873 - nerf2 - INFO - Median error:3.77
2024-04-21 19:49:38,910 - nerf2 - INFO - Median error:4.10
2024-04-21 19:49:38,947 - nerf2 - INFO - Median error:5.03
2024-04-21 19:49:38,984 - nerf2 - INFO - Median error:4.51
2024-04-21 19:49:39,021 - nerf2 - INFO - Median error:4.05
2024-04-21 19:49:39,058 - nerf2 - INFO - Median error:6.67
2024-04-21 19:49:39,096 - nerf2 - INFO - Median error:4.20
2024-04-21 19:49:39,134 - nerf2 - INFO - Median error:4.15
2024-04-21 19:49:39,181 - nerf2 - INFO - Median error:5.52
2024-04-21 19:49:39,218 - nerf2 - INFO - Median error:5.04
2024-04-21 19:49:39,256 - nerf2 - INFO - Median error:5.66
2024-04-21 19:49:39,293 - nerf2 - INFO - Median error:5.32
2024-04-21 19:49:39,330 - nerf2 - INFO - Median error:6.24
2024-04-21 19:49:39,367 - nerf2 - INFO - Median error:5.36
2024-04-21 19:49:39,404 - nerf2 - INFO - Median error:5.91
2024-04-21 19:49:39,441 - nerf2 - INFO - Median error:3.21
2024-04-21 19:49:39,479 - nerf2 - INFO - Median error:4.98
2024-04-21 19:49:39,516 - nerf2 - INFO - Median error:5.75
2024-04-21 19:49:39,553 - nerf2 - INFO - Median error:4.80
2024-04-21 19:49:39,589 - nerf2 - INFO - Median error:5.56
2024-04-21 19:49:39,627 - nerf2 - INFO - Median error:5.43
2024-04-21 19:49:39,664 - nerf2 - INFO - Median error:4.94
2024-04-21 19:49:39,701 - nerf2 - INFO - Median error:5.52
2024-04-21 19:49:39,738 - nerf2 - INFO - Median error:6.83
2024-04-21 19:49:39,775 - nerf2 - INFO - Median error:3.70
2024-04-21 19:49:39,812 - nerf2 - INFO - Median error:4.91
2024-04-21 19:49:39,850 - nerf2 - INFO - Median error:3.44
2024-04-21 19:49:39,887 - nerf2 - INFO - Median error:6.07
2024-04-21 19:49:39,924 - nerf2 - INFO - Median error:6.00
2024-04-21 19:49:39,961 - nerf2 - INFO - Median error:4.92
2024-04-21 19:49:39,998 - nerf2 - INFO - Median error:4.14
2024-04-21 19:49:40,036 - nerf2 - INFO - Median error:2.79
2024-04-21 19:49:40,073 - nerf2 - INFO - Median error:3.69
2024-04-21 19:49:40,110 - nerf2 - INFO - Median error:5.07
2024-04-21 19:49:40,147 - nerf2 - INFO - Median error:3.76
2024-04-21 19:49:40,184 - nerf2 - INFO - Median error:6.62
2024-04-21 19:49:40,221 - nerf2 - INFO - Median error:4.51
2024-04-21 19:49:40,258 - nerf2 - INFO - Median error:3.69
2024-04-21 19:49:40,296 - nerf2 - INFO - Median error:5.06
2024-04-21 19:49:40,333 - nerf2 - INFO - Median error:4.31
2024-04-21 19:49:40,370 - nerf2 - INFO - Median error:4.69
2024-04-21 19:49:40,407 - nerf2 - INFO - Median error:5.26
2024-04-21 19:49:40,444 - nerf2 - INFO - Median error:4.62
2024-04-21 19:49:40,481 - nerf2 - INFO - Median error:5.50
2024-04-21 19:49:40,519 - nerf2 - INFO - Median error:5.45
2024-04-21 19:49:40,556 - nerf2 - INFO - Median error:5.22
2024-04-21 19:49:40,593 - nerf2 - INFO - Median error:4.53
2024-04-21 19:49:40,630 - nerf2 - INFO - Median error:4.93
2024-04-21 19:49:40,667 - nerf2 - INFO - Median error:4.08
2024-04-21 19:49:40,704 - nerf2 - INFO - Median error:4.55
2024-04-21 19:49:40,742 - nerf2 - INFO - Median error:5.54
2024-04-21 19:49:40,779 - nerf2 - INFO - Median error:3.73
2024-04-21 19:49:40,816 - nerf2 - INFO - Median error:5.05
2024-04-21 19:49:40,853 - nerf2 - INFO - Median error:4.53
2024-04-21 19:49:40,890 - nerf2 - INFO - Median error:6.07
2024-04-21 19:49:40,927 - nerf2 - INFO - Median error:4.63
2024-04-21 19:49:40,965 - nerf2 - INFO - Median error:3.91
2024-04-21 19:49:41,002 - nerf2 - INFO - Median error:5.54
2024-04-21 19:49:41,039 - nerf2 - INFO - Median error:5.14
2024-04-21 19:49:41,076 - nerf2 - INFO - Median error:4.64
2024-04-21 19:49:41,114 - nerf2 - INFO - Median error:4.87
2024-04-21 19:49:41,152 - nerf2 - INFO - Median error:5.86
2024-04-21 19:49:41,189 - nerf2 - INFO - Median error:5.09
2024-04-21 19:49:41,226 - nerf2 - INFO - Median error:6.23
2024-04-21 19:49:41,264 - nerf2 - INFO - Median error:3.78
2024-04-21 19:49:41,301 - nerf2 - INFO - Median error:3.95
2024-04-21 19:49:41,337 - nerf2 - INFO - Median error:5.12
2024-04-21 19:49:41,374 - nerf2 - INFO - Median error:7.65
2024-04-21 19:49:41,412 - nerf2 - INFO - Median error:4.17
2024-04-21 19:49:41,449 - nerf2 - INFO - Median error:4.68
2024-04-21 19:49:41,486 - nerf2 - INFO - Median error:3.20
2024-04-21 19:49:41,523 - nerf2 - INFO - Median error:4.44
2024-04-21 19:49:41,560 - nerf2 - INFO - Median error:5.63
2024-04-21 19:49:41,597 - nerf2 - INFO - Median error:5.61
2024-04-21 19:49:41,635 - nerf2 - INFO - Median error:4.03
2024-04-21 19:49:41,672 - nerf2 - INFO - Median error:4.20
2024-04-21 19:49:41,709 - nerf2 - INFO - Median error:4.11
2024-04-21 19:49:41,746 - nerf2 - INFO - Median error:4.00
2024-04-21 19:49:41,783 - nerf2 - INFO - Median error:5.27
2024-04-21 19:49:41,821 - nerf2 - INFO - Median error:3.71
2024-04-21 19:49:41,858 - nerf2 - INFO - Median error:5.92
2024-04-21 19:49:41,895 - nerf2 - INFO - Median error:4.66
2024-04-21 19:49:41,932 - nerf2 - INFO - Median error:3.47
2024-04-21 19:49:41,969 - nerf2 - INFO - Median error:4.70
2024-04-21 19:49:42,006 - nerf2 - INFO - Median error:4.69
2024-04-21 19:49:42,044 - nerf2 - INFO - Median error:4.31
2024-04-21 19:49:42,081 - nerf2 - INFO - Median error:4.04
2024-04-21 19:49:42,118 - nerf2 - INFO - Median error:6.44
2024-04-21 19:49:42,155 - nerf2 - INFO - Median error:4.00
2024-04-21 19:49:42,192 - nerf2 - INFO - Median error:4.47
2024-04-21 19:49:42,229 - nerf2 - INFO - Median error:4.48
2024-04-21 19:49:42,266 - nerf2 - INFO - Median error:3.32
2024-04-21 19:49:42,304 - nerf2 - INFO - Median error:4.72
2024-04-21 19:49:42,341 - nerf2 - INFO - Median error:4.43
2024-04-21 19:49:42,378 - nerf2 - INFO - Median error:4.73
2024-04-21 19:49:42,415 - nerf2 - INFO - Median error:6.52
2024-04-21 19:49:42,452 - nerf2 - INFO - Median error:4.44
2024-04-21 19:49:42,490 - nerf2 - INFO - Median error:5.26
2024-04-21 19:49:42,527 - nerf2 - INFO - Median error:5.27
2024-04-21 19:49:42,564 - nerf2 - INFO - Median error:7.30
2024-04-21 19:49:42,602 - nerf2 - INFO - Median error:4.02
2024-04-21 19:49:42,639 - nerf2 - INFO - Median error:6.89
2024-04-21 19:49:42,676 - nerf2 - INFO - Median error:4.22
2024-04-21 19:49:42,713 - nerf2 - INFO - Median error:5.38
2024-04-21 19:49:42,750 - nerf2 - INFO - Median error:7.01
2024-04-21 19:49:42,788 - nerf2 - INFO - Median error:4.79
2024-04-21 19:49:42,825 - nerf2 - INFO - Median error:6.01
2024-04-21 19:49:42,862 - nerf2 - INFO - Median error:6.19
2024-04-21 19:49:42,899 - nerf2 - INFO - Median error:4.89
2024-04-21 19:49:42,936 - nerf2 - INFO - Median error:5.52
2024-04-21 19:49:42,974 - nerf2 - INFO - Median error:5.75
2024-04-21 19:49:43,011 - nerf2 - INFO - Median error:4.36
2024-04-21 19:49:43,048 - nerf2 - INFO - Median error:5.95
2024-04-21 19:49:43,085 - nerf2 - INFO - Median error:5.17
2024-04-21 19:49:43,122 - nerf2 - INFO - Median error:2.89
2024-04-21 19:49:43,159 - nerf2 - INFO - Median error:3.56
2024-04-21 19:49:43,196 - nerf2 - INFO - Median error:4.50
2024-04-21 19:49:43,234 - nerf2 - INFO - Median error:5.93
2024-04-21 19:49:43,271 - nerf2 - INFO - Median error:5.00
2024-04-21 19:49:43,308 - nerf2 - INFO - Median error:6.06
2024-04-21 19:49:43,345 - nerf2 - INFO - Median error:5.89
2024-04-21 19:49:43,382 - nerf2 - INFO - Median error:4.68
2024-04-21 19:49:43,419 - nerf2 - INFO - Median error:4.68
2024-04-21 19:49:43,457 - nerf2 - INFO - Median error:3.62
2024-04-21 19:49:43,494 - nerf2 - INFO - Median error:4.08
2024-04-21 19:49:43,531 - nerf2 - INFO - Median error:3.87
2024-04-21 19:49:43,568 - nerf2 - INFO - Median error:4.10
2024-04-21 19:49:43,605 - nerf2 - INFO - Median error:5.88
2024-04-21 19:49:43,642 - nerf2 - INFO - Median error:3.71
2024-04-21 19:49:43,679 - nerf2 - INFO - Median error:6.43
2024-04-21 19:49:43,717 - nerf2 - INFO - Median error:4.61
2024-04-21 19:49:43,754 - nerf2 - INFO - Median error:3.66
2024-04-21 19:49:43,791 - nerf2 - INFO - Median error:5.64
2024-04-21 19:49:43,828 - nerf2 - INFO - Median error:4.91
2024-04-21 19:49:43,865 - nerf2 - INFO - Median error:4.57
2024-04-21 19:49:43,903 - nerf2 - INFO - Median error:4.26
2024-04-21 19:49:43,940 - nerf2 - INFO - Median error:3.93
2024-04-21 19:49:43,977 - nerf2 - INFO - Median error:4.36
2024-04-21 19:49:44,014 - nerf2 - INFO - Median error:5.97
2024-04-21 19:49:44,051 - nerf2 - INFO - Median error:4.35
2024-04-21 19:49:44,088 - nerf2 - INFO - Median error:6.67
2024-04-21 19:49:44,126 - nerf2 - INFO - Median error:6.61
2024-04-21 19:49:44,163 - nerf2 - INFO - Median error:5.27
2024-04-21 19:49:44,200 - nerf2 - INFO - Median error:6.46
2024-04-21 19:49:44,237 - nerf2 - INFO - Median error:3.93
2024-04-21 19:49:44,274 - nerf2 - INFO - Median error:5.27
2024-04-21 19:49:44,311 - nerf2 - INFO - Median error:5.71
2024-04-21 19:49:44,349 - nerf2 - INFO - Median error:4.49
2024-04-21 19:49:44,386 - nerf2 - INFO - Median error:5.86
2024-04-21 19:49:44,423 - nerf2 - INFO - Median error:7.06
2024-04-21 19:49:44,460 - nerf2 - INFO - Median error:4.35
2024-04-21 19:49:44,497 - nerf2 - INFO - Median error:4.42
2024-04-21 19:49:44,534 - nerf2 - INFO - Median error:4.30
2024-04-21 19:49:44,576 - nerf2 - INFO - Median error:5.00
2024-04-21 19:49:44,613 - nerf2 - INFO - Median error:5.64
2024-04-21 19:49:44,665 - nerf2 - INFO - Median error:5.13
2024-04-21 19:49:44,709 - nerf2 - INFO - Median error:3.94
2024-04-21 19:49:44,711 - nerf2 - INFO - Writing result to logs/BLE/ble-rssi-exp2-v1-595-posz-whole/result_pos.txt...
2024-04-21 19:49:44,793 - nerf2 - INFO - Median error:3.93
2024-04-21 19:49:44,852 - nerf2 - INFO - Median error:3.95
2024-04-21 19:49:44,910 - nerf2 - INFO - Median error:5.44
2024-04-21 19:49:44,967 - nerf2 - INFO - Median error:5.24
2024-04-21 19:49:45,026 - nerf2 - INFO - Median error:4.28
2024-04-21 19:49:45,085 - nerf2 - INFO - Median error:4.96
2024-04-21 19:49:45,140 - nerf2 - INFO - Median error:4.31
2024-04-21 19:49:45,199 - nerf2 - INFO - Median error:5.66
2024-04-21 19:49:45,258 - nerf2 - INFO - Median error:4.66
2024-04-21 19:49:45,317 - nerf2 - INFO - Median error:3.82
2024-04-21 19:49:45,370 - nerf2 - INFO - Median error:4.35
2024-04-21 19:49:45,424 - nerf2 - INFO - Median error:6.66
2024-04-21 19:49:45,483 - nerf2 - INFO - Median error:4.34
2024-04-21 19:49:45,542 - nerf2 - INFO - Median error:3.56
2024-04-21 19:49:45,600 - nerf2 - INFO - Median error:5.09
2024-04-21 19:49:45,643 - nerf2 - INFO - Median error:4.91
2024-04-21 19:49:45,686 - nerf2 - INFO - Median error:5.81
2024-04-21 19:49:45,729 - nerf2 - INFO - Median error:4.60
2024-04-21 19:49:45,773 - nerf2 - INFO - Median error:3.50
2024-04-21 19:49:45,816 - nerf2 - INFO - Median error:4.09
2024-04-21 19:49:45,859 - nerf2 - INFO - Median error:4.92
2024-04-21 19:49:45,903 - nerf2 - INFO - Median error:5.95
2024-04-21 19:49:45,945 - nerf2 - INFO - Median error:4.13
2024-04-21 19:49:45,988 - nerf2 - INFO - Median error:4.12
2024-04-21 19:49:46,031 - nerf2 - INFO - Median error:4.80
2024-04-21 19:49:46,074 - nerf2 - INFO - Median error:4.40
2024-04-21 19:49:46,118 - nerf2 - INFO - Median error:5.41
2024-04-21 19:49:46,161 - nerf2 - INFO - Median error:4.34
2024-04-21 19:49:46,204 - nerf2 - INFO - Median error:3.98
2024-04-21 19:49:46,248 - nerf2 - INFO - Median error:4.37
2024-04-21 19:49:46,291 - nerf2 - INFO - Median error:4.29
2024-04-21 19:49:46,333 - nerf2 - INFO - Median error:4.41
2024-04-21 19:49:46,376 - nerf2 - INFO - Median error:4.87
2024-04-21 19:49:46,419 - nerf2 - INFO - Median error:5.96
2024-04-21 19:49:46,463 - nerf2 - INFO - Median error:4.45
2024-04-21 19:49:46,506 - nerf2 - INFO - Median error:4.22
2024-04-21 19:49:46,550 - nerf2 - INFO - Median error:4.13
2024-04-21 19:49:46,593 - nerf2 - INFO - Median error:5.49
2024-04-21 19:49:46,636 - nerf2 - INFO - Median error:4.26
2024-04-21 19:49:46,679 - nerf2 - INFO - Median error:6.64
2024-04-21 19:49:46,722 - nerf2 - INFO - Median error:5.27
2024-04-21 19:49:46,765 - nerf2 - INFO - Median error:7.03
2024-04-21 19:49:46,808 - nerf2 - INFO - Median error:4.44
2024-04-21 19:49:46,852 - nerf2 - INFO - Median error:4.16
2024-04-21 19:49:46,895 - nerf2 - INFO - Median error:6.43
2024-04-21 19:49:46,938 - nerf2 - INFO - Median error:5.86
2024-04-21 19:49:46,982 - nerf2 - INFO - Median error:3.68
2024-04-21 19:49:47,025 - nerf2 - INFO - Median error:6.58
2024-04-21 19:49:47,068 - nerf2 - INFO - Median error:4.77
2024-04-21 19:49:47,112 - nerf2 - INFO - Median error:5.79
2024-04-21 19:49:47,155 - nerf2 - INFO - Median error:5.30
2024-04-21 19:49:47,199 - nerf2 - INFO - Median error:4.08
2024-04-21 19:49:47,242 - nerf2 - INFO - Median error:5.25
2024-04-21 19:49:47,285 - nerf2 - INFO - Median error:5.03
2024-04-21 19:49:47,328 - nerf2 - INFO - Median error:4.74
2024-04-21 19:49:47,371 - nerf2 - INFO - Median error:5.16
2024-04-21 19:49:47,414 - nerf2 - INFO - Median error:4.86
2024-04-21 19:49:47,458 - nerf2 - INFO - Median error:4.31
2024-04-21 19:49:47,501 - nerf2 - INFO - Median error:5.06
2024-04-21 19:49:47,544 - nerf2 - INFO - Median error:4.72
2024-04-21 19:49:47,588 - nerf2 - INFO - Median error:5.61
2024-04-21 19:49:47,631 - nerf2 - INFO - Median error:6.22
2024-04-21 19:49:47,674 - nerf2 - INFO - Median error:4.52
2024-04-21 19:49:47,717 - nerf2 - INFO - Median error:5.06
2024-04-21 19:49:47,760 - nerf2 - INFO - Median error:3.72
2024-04-21 19:49:47,803 - nerf2 - INFO - Median error:6.26
2024-04-21 19:49:47,847 - nerf2 - INFO - Median error:4.54
2024-04-21 19:49:47,890 - nerf2 - INFO - Median error:4.60
2024-04-21 19:49:47,933 - nerf2 - INFO - Median error:4.43
2024-04-21 19:49:47,976 - nerf2 - INFO - Median error:4.38
2024-04-21 19:49:48,019 - nerf2 - INFO - Median error:6.11
2024-04-21 19:49:48,062 - nerf2 - INFO - Median error:5.35
2024-04-21 19:49:48,106 - nerf2 - INFO - Median error:5.96
2024-04-21 19:49:48,149 - nerf2 - INFO - Median error:5.23
2024-04-21 19:49:48,192 - nerf2 - INFO - Median error:6.48
2024-04-21 19:49:48,235 - nerf2 - INFO - Median error:5.20
2024-04-21 19:49:48,279 - nerf2 - INFO - Median error:3.64
2024-04-21 19:49:48,330 - nerf2 - INFO - Median error:5.58
2024-04-21 19:49:48,375 - nerf2 - INFO - Median error:4.31
2024-04-21 19:49:48,419 - nerf2 - INFO - Median error:4.32
2024-04-21 19:49:48,462 - nerf2 - INFO - Median error:6.25
2024-04-21 19:49:48,505 - nerf2 - INFO - Median error:3.50
2024-04-21 19:49:48,548 - nerf2 - INFO - Median error:4.12
2024-04-21 19:49:48,591 - nerf2 - INFO - Median error:4.14
2024-04-21 19:49:48,635 - nerf2 - INFO - Median error:4.29
2024-04-21 19:49:48,678 - nerf2 - INFO - Median error:4.75
2024-04-21 19:49:48,722 - nerf2 - INFO - Median error:4.91
2024-04-21 19:49:48,766 - nerf2 - INFO - Median error:4.17
2024-04-21 19:49:48,809 - nerf2 - INFO - Median error:5.24
2024-04-21 19:49:48,852 - nerf2 - INFO - Median error:7.74
2024-04-21 19:49:48,895 - nerf2 - INFO - Median error:4.97
2024-04-21 19:49:48,938 - nerf2 - INFO - Median error:3.90
2024-04-21 19:49:48,982 - nerf2 - INFO - Median error:6.26
2024-04-21 19:49:49,026 - nerf2 - INFO - Median error:5.85
2024-04-21 19:49:49,069 - nerf2 - INFO - Median error:4.30
2024-04-21 19:49:49,113 - nerf2 - INFO - Median error:6.68
2024-04-21 19:49:49,156 - nerf2 - INFO - Median error:5.19
2024-04-21 19:49:49,209 - nerf2 - INFO - Median error:5.29
2024-04-21 19:49:49,253 - nerf2 - INFO - Median error:6.00
2024-04-21 19:49:49,296 - nerf2 - INFO - Median error:4.43
2024-04-21 19:49:49,339 - nerf2 - INFO - Median error:4.57
2024-04-21 19:49:49,382 - nerf2 - INFO - Median error:5.21
2024-04-21 19:49:49,425 - nerf2 - INFO - Median error:5.14
2024-04-21 19:49:49,469 - nerf2 - INFO - Median error:5.78
2024-04-21 19:49:49,512 - nerf2 - INFO - Median error:6.65
2024-04-21 19:49:49,556 - nerf2 - INFO - Median error:4.37
2024-04-21 19:49:49,600 - nerf2 - INFO - Median error:6.51
2024-04-21 19:49:49,643 - nerf2 - INFO - Median error:7.71
2024-04-21 19:49:49,686 - nerf2 - INFO - Median error:4.31
2024-04-21 19:49:49,729 - nerf2 - INFO - Median error:4.74
2024-04-21 19:49:49,773 - nerf2 - INFO - Median error:4.62
2024-04-21 19:49:49,817 - nerf2 - INFO - Median error:4.78
2024-04-21 19:49:49,860 - nerf2 - INFO - Median error:6.36
2024-04-21 19:49:49,903 - nerf2 - INFO - Median error:4.37
2024-04-21 19:49:49,947 - nerf2 - INFO - Median error:5.82
2024-04-21 19:49:49,990 - nerf2 - INFO - Median error:6.41
2024-04-21 19:49:50,033 - nerf2 - INFO - Median error:4.78
2024-04-21 19:49:50,076 - nerf2 - INFO - Median error:6.35
2024-04-21 19:49:50,120 - nerf2 - INFO - Median error:4.74
2024-04-21 19:49:50,163 - nerf2 - INFO - Median error:3.67
2024-04-21 19:49:50,207 - nerf2 - INFO - Median error:4.75
2024-04-21 19:49:50,250 - nerf2 - INFO - Median error:5.43
2024-04-21 19:49:50,294 - nerf2 - INFO - Median error:4.75
2024-04-21 19:49:50,337 - nerf2 - INFO - Median error:3.32
2024-04-21 19:49:50,380 - nerf2 - INFO - Median error:6.67
2024-04-21 19:49:50,423 - nerf2 - INFO - Median error:5.34
2024-04-21 19:49:50,467 - nerf2 - INFO - Median error:4.21
2024-04-21 19:49:50,510 - nerf2 - INFO - Median error:5.44
2024-04-21 19:49:50,554 - nerf2 - INFO - Median error:3.64
2024-04-21 19:49:50,598 - nerf2 - INFO - Median error:4.01
2024-04-21 19:49:50,641 - nerf2 - INFO - Median error:4.21
2024-04-21 19:49:50,684 - nerf2 - INFO - Median error:6.14
2024-04-21 19:49:50,727 - nerf2 - INFO - Median error:5.56
2024-04-21 19:49:50,771 - nerf2 - INFO - Median error:4.28
2024-04-21 19:49:50,814 - nerf2 - INFO - Median error:4.73
2024-04-21 19:49:50,858 - nerf2 - INFO - Median error:6.22
2024-04-21 19:49:50,901 - nerf2 - INFO - Median error:3.81
2024-04-21 19:49:50,944 - nerf2 - INFO - Median error:5.37
2024-04-21 19:49:50,987 - nerf2 - INFO - Median error:4.62
2024-04-21 19:49:51,031 - nerf2 - INFO - Median error:4.38
2024-04-21 19:49:51,074 - nerf2 - INFO - Median error:5.83
2024-04-21 19:49:51,118 - nerf2 - INFO - Median error:4.31
2024-04-21 19:49:51,161 - nerf2 - INFO - Median error:4.21
2024-04-21 19:49:51,205 - nerf2 - INFO - Median error:4.46
2024-04-21 19:49:51,248 - nerf2 - INFO - Median error:4.32
2024-04-21 19:49:51,291 - nerf2 - INFO - Median error:4.82
2024-04-21 19:49:51,334 - nerf2 - INFO - Median error:5.41
2024-04-21 19:49:51,377 - nerf2 - INFO - Median error:5.08
2024-04-21 19:49:51,421 - nerf2 - INFO - Median error:3.74
2024-04-21 19:49:51,465 - nerf2 - INFO - Median error:4.74
2024-04-21 19:49:51,508 - nerf2 - INFO - Median error:4.76
2024-04-21 19:49:51,552 - nerf2 - INFO - Median error:4.89
2024-04-21 19:49:51,595 - nerf2 - INFO - Median error:7.60
2024-04-21 19:49:51,638 - nerf2 - INFO - Median error:4.88
2024-04-21 19:49:51,682 - nerf2 - INFO - Median error:6.22
2024-04-21 19:49:51,725 - nerf2 - INFO - Median error:3.77
2024-04-21 19:49:51,769 - nerf2 - INFO - Median error:4.10
2024-04-21 19:49:51,812 - nerf2 - INFO - Median error:5.03
2024-04-21 19:49:51,856 - nerf2 - INFO - Median error:4.51
2024-04-21 19:49:51,899 - nerf2 - INFO - Median error:4.05
2024-04-21 19:49:51,942 - nerf2 - INFO - Median error:6.67
2024-04-21 19:49:51,985 - nerf2 - INFO - Median error:4.20
2024-04-21 19:49:52,029 - nerf2 - INFO - Median error:4.15
2024-04-21 19:49:52,072 - nerf2 - INFO - Median error:5.52
2024-04-21 19:49:52,116 - nerf2 - INFO - Median error:5.04
2024-04-21 19:49:52,160 - nerf2 - INFO - Median error:5.66
2024-04-21 19:49:52,203 - nerf2 - INFO - Median error:5.32
2024-04-21 19:49:52,246 - nerf2 - INFO - Median error:6.24
2024-04-21 19:49:52,289 - nerf2 - INFO - Median error:5.36
2024-04-21 19:49:52,333 - nerf2 - INFO - Median error:5.91
2024-04-21 19:49:52,376 - nerf2 - INFO - Median error:3.21
2024-04-21 19:49:52,420 - nerf2 - INFO - Median error:4.98
2024-04-21 19:49:52,463 - nerf2 - INFO - Median error:5.75
2024-04-21 19:49:52,507 - nerf2 - INFO - Median error:4.80
2024-04-21 19:49:52,550 - nerf2 - INFO - Median error:5.56
2024-04-21 19:49:52,593 - nerf2 - INFO - Median error:5.43
2024-04-21 19:49:52,636 - nerf2 - INFO - Median error:4.94
2024-04-21 19:49:52,680 - nerf2 - INFO - Median error:5.52
2024-04-21 19:49:52,724 - nerf2 - INFO - Median error:6.83
2024-04-21 19:49:52,767 - nerf2 - INFO - Median error:3.70
2024-04-21 19:49:52,811 - nerf2 - INFO - Median error:4.91
2024-04-21 19:49:52,854 - nerf2 - INFO - Median error:3.44
2024-04-21 19:49:52,897 - nerf2 - INFO - Median error:6.07
2024-04-21 19:49:52,940 - nerf2 - INFO - Median error:6.00
2024-04-21 19:49:52,984 - nerf2 - INFO - Median error:4.92
2024-04-21 19:49:53,028 - nerf2 - INFO - Median error:4.14
2024-04-21 19:49:53,071 - nerf2 - INFO - Median error:2.79
2024-04-21 19:49:53,114 - nerf2 - INFO - Median error:3.69
2024-04-21 19:49:53,158 - nerf2 - INFO - Median error:5.07
2024-04-21 19:49:53,201 - nerf2 - INFO - Median error:3.76
2024-04-21 19:49:53,244 - nerf2 - INFO - Median error:6.62
2024-04-21 19:49:53,287 - nerf2 - INFO - Median error:4.51
2024-04-21 19:49:53,331 - nerf2 - INFO - Median error:3.69
2024-04-21 19:49:53,375 - nerf2 - INFO - Median error:5.06
2024-04-21 19:49:53,418 - nerf2 - INFO - Median error:4.31
2024-04-21 19:49:53,461 - nerf2 - INFO - Median error:4.69
2024-04-21 19:49:53,505 - nerf2 - INFO - Median error:5.26
2024-04-21 19:49:53,548 - nerf2 - INFO - Median error:4.62
2024-04-21 19:49:53,591 - nerf2 - INFO - Median error:5.50
2024-04-21 19:49:53,635 - nerf2 - INFO - Median error:5.45
2024-04-21 19:49:53,679 - nerf2 - INFO - Median error:5.22
2024-04-21 19:49:53,722 - nerf2 - INFO - Median error:4.53
2024-04-21 19:49:53,765 - nerf2 - INFO - Median error:4.93
2024-04-21 19:49:53,808 - nerf2 - INFO - Median error:4.08
2024-04-21 19:49:53,852 - nerf2 - INFO - Median error:4.55
2024-04-21 19:49:53,895 - nerf2 - INFO - Median error:5.54
2024-04-21 19:49:53,939 - nerf2 - INFO - Median error:3.73
2024-04-21 19:49:53,982 - nerf2 - INFO - Median error:5.05
2024-04-21 19:49:54,026 - nerf2 - INFO - Median error:4.53
2024-04-21 19:49:54,069 - nerf2 - INFO - Median error:6.07
2024-04-21 19:49:54,112 - nerf2 - INFO - Median error:4.63
2024-04-21 19:49:54,156 - nerf2 - INFO - Median error:3.91
2024-04-21 19:49:54,199 - nerf2 - INFO - Median error:5.54
2024-04-21 19:49:54,243 - nerf2 - INFO - Median error:5.14
2024-04-21 19:49:54,286 - nerf2 - INFO - Median error:4.64
2024-04-21 19:49:54,330 - nerf2 - INFO - Median error:4.87
2024-04-21 19:49:54,373 - nerf2 - INFO - Median error:5.86
2024-04-21 19:49:54,416 - nerf2 - INFO - Median error:5.09
2024-04-21 19:49:54,459 - nerf2 - INFO - Median error:6.23
2024-04-21 19:49:54,503 - nerf2 - INFO - Median error:3.78
2024-04-21 19:49:54,546 - nerf2 - INFO - Median error:3.95
2024-04-21 19:49:54,590 - nerf2 - INFO - Median error:5.12
2024-04-21 19:49:54,633 - nerf2 - INFO - Median error:7.65
2024-04-21 19:49:54,677 - nerf2 - INFO - Median error:4.17
2024-04-21 19:49:54,720 - nerf2 - INFO - Median error:4.68
2024-04-21 19:49:54,763 - nerf2 - INFO - Median error:3.20
2024-04-21 19:49:54,806 - nerf2 - INFO - Median error:4.44
2024-04-21 19:49:54,850 - nerf2 - INFO - Median error:5.63
2024-04-21 19:49:54,894 - nerf2 - INFO - Median error:5.61
2024-04-21 19:49:54,953 - nerf2 - INFO - Median error:4.03
2024-04-21 19:49:55,012 - nerf2 - INFO - Median error:4.20
2024-04-21 19:49:55,071 - nerf2 - INFO - Median error:4.11
2024-04-21 19:49:55,130 - nerf2 - INFO - Median error:4.00
2024-04-21 19:49:55,184 - nerf2 - INFO - Median error:5.27
2024-04-21 19:49:55,244 - nerf2 - INFO - Median error:3.71
2024-04-21 19:49:55,303 - nerf2 - INFO - Median error:5.92
2024-04-21 19:49:55,356 - nerf2 - INFO - Median error:4.66
2024-04-21 19:49:55,410 - nerf2 - INFO - Median error:3.47
2024-04-21 19:49:55,469 - nerf2 - INFO - Median error:4.70
2024-04-21 19:49:55,523 - nerf2 - INFO - Median error:4.69
2024-04-21 19:49:55,567 - nerf2 - INFO - Median error:4.31
2024-04-21 19:49:55,610 - nerf2 - INFO - Median error:4.04
2024-04-21 19:49:55,653 - nerf2 - INFO - Median error:6.44
2024-04-21 19:49:55,696 - nerf2 - INFO - Median error:4.00
2024-04-21 19:49:55,740 - nerf2 - INFO - Median error:4.47
2024-04-21 19:49:55,783 - nerf2 - INFO - Median error:4.48
2024-04-21 19:49:55,827 - nerf2 - INFO - Median error:3.32
2024-04-21 19:49:55,870 - nerf2 - INFO - Median error:4.72
2024-04-21 19:49:55,914 - nerf2 - INFO - Median error:4.43
2024-04-21 19:49:55,957 - nerf2 - INFO - Median error:4.73
2024-04-21 19:49:56,000 - nerf2 - INFO - Median error:6.52
2024-04-21 19:49:56,044 - nerf2 - INFO - Median error:4.44
2024-04-21 19:49:56,087 - nerf2 - INFO - Median error:5.26
2024-04-21 19:49:56,131 - nerf2 - INFO - Median error:5.27
2024-04-21 19:49:56,174 - nerf2 - INFO - Median error:7.30
2024-04-21 19:49:56,218 - nerf2 - INFO - Median error:4.02
2024-04-21 19:49:56,261 - nerf2 - INFO - Median error:6.89
2024-04-21 19:49:56,304 - nerf2 - INFO - Median error:4.22
2024-04-21 19:49:56,353 - nerf2 - INFO - Median error:5.38
2024-04-21 19:49:56,396 - nerf2 - INFO - Median error:7.01
2024-04-21 19:49:56,440 - nerf2 - INFO - Median error:4.79
2024-04-21 19:49:56,483 - nerf2 - INFO - Median error:6.01
2024-04-21 19:49:56,527 - nerf2 - INFO - Median error:6.19
2024-04-21 19:49:56,569 - nerf2 - INFO - Median error:4.89
2024-04-21 19:49:56,613 - nerf2 - INFO - Median error:5.52
2024-04-21 19:49:56,656 - nerf2 - INFO - Median error:5.75
2024-04-21 19:49:56,700 - nerf2 - INFO - Median error:4.36
2024-04-21 19:49:56,743 - nerf2 - INFO - Median error:5.95
2024-04-21 19:49:56,787 - nerf2 - INFO - Median error:5.17
2024-04-21 19:49:56,830 - nerf2 - INFO - Median error:2.89
2024-04-21 19:49:56,873 - nerf2 - INFO - Median error:3.56
2024-04-21 19:49:56,916 - nerf2 - INFO - Median error:4.50
2024-04-21 19:49:56,960 - nerf2 - INFO - Median error:5.93
2024-04-21 19:49:57,004 - nerf2 - INFO - Median error:5.00
2024-04-21 19:49:57,047 - nerf2 - INFO - Median error:6.06
2024-04-21 19:49:57,091 - nerf2 - INFO - Median error:5.89
2024-04-21 19:49:57,134 - nerf2 - INFO - Median error:4.68
2024-04-21 19:49:57,177 - nerf2 - INFO - Median error:4.68
2024-04-21 19:49:57,220 - nerf2 - INFO - Median error:3.62
2024-04-21 19:49:57,263 - nerf2 - INFO - Median error:4.08
2024-04-21 19:49:57,307 - nerf2 - INFO - Median error:3.87
2024-04-21 19:49:57,351 - nerf2 - INFO - Median error:4.10
2024-04-21 19:49:57,394 - nerf2 - INFO - Median error:5.88
2024-04-21 19:49:57,438 - nerf2 - INFO - Median error:3.71
2024-04-21 19:49:57,481 - nerf2 - INFO - Median error:6.43
2024-04-21 19:49:57,524 - nerf2 - INFO - Median error:4.61
2024-04-21 19:49:57,568 - nerf2 - INFO - Median error:3.66
2024-04-21 19:49:57,611 - nerf2 - INFO - Median error:5.64
2024-04-21 19:49:57,655 - nerf2 - INFO - Median error:4.91
2024-04-21 19:49:57,698 - nerf2 - INFO - Median error:4.57
2024-04-21 19:49:57,742 - nerf2 - INFO - Median error:4.26
2024-04-21 19:49:57,785 - nerf2 - INFO - Median error:3.93
2024-04-21 19:49:57,828 - nerf2 - INFO - Median error:4.36
2024-04-21 19:49:57,872 - nerf2 - INFO - Median error:5.97
2024-04-21 19:49:57,915 - nerf2 - INFO - Median error:4.35
2024-04-21 19:49:57,959 - nerf2 - INFO - Median error:6.67
2024-04-21 19:49:58,002 - nerf2 - INFO - Median error:6.61
2024-04-21 19:49:58,045 - nerf2 - INFO - Median error:5.27
2024-04-21 19:49:58,089 - nerf2 - INFO - Median error:6.46
2024-04-21 19:49:58,132 - nerf2 - INFO - Median error:3.93
2024-04-21 19:49:58,175 - nerf2 - INFO - Median error:5.27
2024-04-21 19:49:58,219 - nerf2 - INFO - Median error:5.71
2024-04-21 19:49:58,263 - nerf2 - INFO - Median error:4.49
2024-04-21 19:49:58,306 - nerf2 - INFO - Median error:5.86
2024-04-21 19:49:58,350 - nerf2 - INFO - Median error:7.06
2024-04-21 19:49:58,393 - nerf2 - INFO - Median error:4.35
2024-04-21 19:49:58,436 - nerf2 - INFO - Median error:4.42
2024-04-21 19:49:58,479 - nerf2 - INFO - Median error:4.30
2024-04-21 19:49:58,523 - nerf2 - INFO - Median error:5.00
2024-04-21 19:49:58,567 - nerf2 - INFO - Median error:5.64
2024-04-21 19:49:58,610 - nerf2 - INFO - Median error:5.13
2024-04-21 19:49:58,645 - nerf2 - INFO - Median error:3.94
2024-04-21 19:49:58,662 - nerf2 - INFO - Total Median error:4.88
