2024-04-16 21:03:25,083 - nerf2 - INFO - expname:ble-rssi-exp2-v0-595-minusz-half, datadir:data/BLE/, logdir:logs/BLE/
2024-04-16 21:03:27,588 - nerf2 - INFO - Total number of parameters: 690564
2024-04-16 21:03:27,591 - nerf2 - INFO - Found ckpts []
2024-04-16 21:03:27,591 - nerf2 - INFO - Loading training set...
2024-04-16 21:03:27,914 - nerf2 - INFO - Loading test set...
2024-04-16 21:03:30,162 - nerf2 - INFO - Train set size:2100, Test set size:39900
2024-04-16 21:03:30,162 - nerf2 - INFO - Start training. Current Iteration:1
2024-04-16 21:37:00,898 - nerf2 - INFO - expname:ble-rssi-exp2-v0-595-minusz-half, datadir:data/BLE/, logdir:logs/BLE/
2024-04-16 21:37:01,338 - nerf2 - INFO - Total number of parameters: 690564
2024-04-16 21:37:01,340 - nerf2 - INFO - Found ckpts ['logs/BLE/ble-rssi-exp2-v0-595-minusz-half/ckpts/029800.tar', 'logs/BLE/ble-rssi-exp2-v0-595-minusz-half/ckpts/029900.tar', 'logs/BLE/ble-rssi-exp2-v0-595-minusz-half/ckpts/030000.tar']
2024-04-16 21:37:01,340 - nerf2 - INFO - Loading ckpt logs/BLE/ble-rssi-exp2-v0-595-minusz-half/ckpts/030000.tar
2024-04-16 21:37:01,362 - nerf2 - INFO - Loading training set...
2024-04-16 21:37:01,575 - nerf2 - INFO - Loading test set...
2024-04-16 21:37:04,048 - nerf2 - INFO - Train set size:2100, Test set size:39900
2024-04-16 21:37:04,049 - nerf2 - INFO - Start evaluation
2024-04-16 21:37:04,478 - nerf2 - INFO - Median error:4.12
2024-04-16 21:37:04,515 - nerf2 - INFO - Median error:4.34
2024-04-16 21:37:04,549 - nerf2 - INFO - Median error:5.78
2024-04-16 21:37:04,583 - nerf2 - INFO - Median error:4.83
2024-04-16 21:37:04,617 - nerf2 - INFO - Median error:4.72
2024-04-16 21:37:04,651 - nerf2 - INFO - Median error:4.78
2024-04-16 21:37:04,685 - nerf2 - INFO - Median error:3.95
2024-04-16 21:37:04,719 - nerf2 - INFO - Median error:4.27
2024-04-16 21:37:04,753 - nerf2 - INFO - Median error:4.61
2024-04-16 21:37:04,786 - nerf2 - INFO - Median error:4.67
2024-04-16 21:37:04,820 - nerf2 - INFO - Median error:4.53
2024-04-16 21:37:04,854 - nerf2 - INFO - Median error:7.86
2024-04-16 21:37:04,888 - nerf2 - INFO - Median error:5.34
2024-04-16 21:37:04,922 - nerf2 - INFO - Median error:3.44
2024-04-16 21:37:04,956 - nerf2 - INFO - Median error:5.46
2024-04-16 21:37:04,990 - nerf2 - INFO - Median error:5.17
2024-04-16 21:37:05,024 - nerf2 - INFO - Median error:5.87
2024-04-16 21:37:05,058 - nerf2 - INFO - Median error:4.16
2024-04-16 21:37:05,091 - nerf2 - INFO - Median error:4.20
2024-04-16 21:37:05,125 - nerf2 - INFO - Median error:4.62
2024-04-16 21:37:05,159 - nerf2 - INFO - Median error:6.16
2024-04-16 21:37:05,193 - nerf2 - INFO - Median error:6.21
2024-04-16 21:37:05,227 - nerf2 - INFO - Median error:3.93
2024-04-16 21:37:05,261 - nerf2 - INFO - Median error:4.05
2024-04-16 21:37:05,295 - nerf2 - INFO - Median error:4.60
2024-04-16 21:37:05,329 - nerf2 - INFO - Median error:5.13
2024-04-16 21:37:05,363 - nerf2 - INFO - Median error:6.72
2024-04-16 21:37:05,396 - nerf2 - INFO - Median error:4.66
2024-04-16 21:37:05,430 - nerf2 - INFO - Median error:3.50
2024-04-16 21:37:05,464 - nerf2 - INFO - Median error:4.97
2024-04-16 21:37:05,498 - nerf2 - INFO - Median error:5.46
2024-04-16 21:37:05,532 - nerf2 - INFO - Median error:5.30
2024-04-16 21:37:05,566 - nerf2 - INFO - Median error:5.02
2024-04-16 21:37:05,600 - nerf2 - INFO - Median error:6.90
2024-04-16 21:37:05,634 - nerf2 - INFO - Median error:4.20
2024-04-16 21:37:05,668 - nerf2 - INFO - Median error:4.49
2024-04-16 21:37:05,702 - nerf2 - INFO - Median error:4.67
2024-04-16 21:37:05,735 - nerf2 - INFO - Median error:5.08
2024-04-16 21:37:05,769 - nerf2 - INFO - Median error:3.91
2024-04-16 21:37:05,803 - nerf2 - INFO - Median error:5.86
2024-04-16 21:37:05,837 - nerf2 - INFO - Median error:5.52
2024-04-16 21:37:05,871 - nerf2 - INFO - Median error:8.03
2024-04-16 21:37:05,905 - nerf2 - INFO - Median error:4.42
2024-04-16 21:37:05,939 - nerf2 - INFO - Median error:4.53
2024-04-16 21:37:05,973 - nerf2 - INFO - Median error:5.94
2024-04-16 21:37:06,007 - nerf2 - INFO - Median error:6.60
2024-04-16 21:37:06,041 - nerf2 - INFO - Median error:3.91
2024-04-16 21:37:06,075 - nerf2 - INFO - Median error:6.83
2024-04-16 21:37:06,108 - nerf2 - INFO - Median error:5.25
2024-04-16 21:37:06,142 - nerf2 - INFO - Median error:5.80
2024-04-16 21:37:06,176 - nerf2 - INFO - Median error:5.27
2024-04-16 21:37:06,210 - nerf2 - INFO - Median error:4.17
2024-04-16 21:37:06,244 - nerf2 - INFO - Median error:5.55
2024-04-16 21:37:06,278 - nerf2 - INFO - Median error:5.11
2024-04-16 21:37:06,312 - nerf2 - INFO - Median error:4.67
2024-04-16 21:37:06,346 - nerf2 - INFO - Median error:6.46
2024-04-16 21:37:06,379 - nerf2 - INFO - Median error:5.51
2024-04-16 21:37:06,413 - nerf2 - INFO - Median error:3.88
2024-04-16 21:37:06,447 - nerf2 - INFO - Median error:4.34
2024-04-16 21:37:06,481 - nerf2 - INFO - Median error:4.94
2024-04-16 21:37:06,515 - nerf2 - INFO - Median error:4.65
2024-04-16 21:37:06,549 - nerf2 - INFO - Median error:8.13
2024-04-16 21:37:06,583 - nerf2 - INFO - Median error:4.96
2024-04-16 21:37:06,617 - nerf2 - INFO - Median error:6.09
2024-04-16 21:37:06,651 - nerf2 - INFO - Median error:4.57
2024-04-16 21:37:06,685 - nerf2 - INFO - Median error:5.20
2024-04-16 21:37:06,719 - nerf2 - INFO - Median error:5.44
2024-04-16 21:37:06,753 - nerf2 - INFO - Median error:6.86
2024-04-16 21:37:06,786 - nerf2 - INFO - Median error:6.01
2024-04-16 21:37:06,820 - nerf2 - INFO - Median error:4.41
2024-04-16 21:37:06,854 - nerf2 - INFO - Median error:6.67
2024-04-16 21:37:06,888 - nerf2 - INFO - Median error:6.86
2024-04-16 21:37:06,922 - nerf2 - INFO - Median error:7.36
2024-04-16 21:37:06,956 - nerf2 - INFO - Median error:4.52
2024-04-16 21:37:06,990 - nerf2 - INFO - Median error:7.72
2024-04-16 21:37:07,024 - nerf2 - INFO - Median error:4.70
2024-04-16 21:37:07,058 - nerf2 - INFO - Median error:5.06
2024-04-16 21:37:07,091 - nerf2 - INFO - Median error:6.77
2024-04-16 21:37:07,125 - nerf2 - INFO - Median error:6.25
2024-04-16 21:37:07,159 - nerf2 - INFO - Median error:4.21
2024-04-16 21:37:07,193 - nerf2 - INFO - Median error:4.96
2024-04-16 21:37:07,227 - nerf2 - INFO - Median error:4.87
2024-04-16 21:37:07,261 - nerf2 - INFO - Median error:4.92
2024-04-16 21:37:07,295 - nerf2 - INFO - Median error:5.48
2024-04-16 21:37:07,329 - nerf2 - INFO - Median error:4.86
2024-04-16 21:37:07,363 - nerf2 - INFO - Median error:4.28
2024-04-16 21:37:07,397 - nerf2 - INFO - Median error:5.77
2024-04-16 21:37:07,431 - nerf2 - INFO - Median error:4.04
2024-04-16 21:37:07,464 - nerf2 - INFO - Median error:4.26
2024-04-16 21:37:07,498 - nerf2 - INFO - Median error:6.87
2024-04-16 21:37:07,532 - nerf2 - INFO - Median error:5.50
2024-04-16 21:37:07,566 - nerf2 - INFO - Median error:5.40
2024-04-16 21:37:07,600 - nerf2 - INFO - Median error:5.30
2024-04-16 21:37:07,634 - nerf2 - INFO - Median error:5.82
2024-04-16 21:37:07,668 - nerf2 - INFO - Median error:5.23
2024-04-16 21:37:07,702 - nerf2 - INFO - Median error:5.87
2024-04-16 21:37:07,736 - nerf2 - INFO - Median error:6.13
2024-04-16 21:37:07,769 - nerf2 - INFO - Median error:5.87
2024-04-16 21:37:07,803 - nerf2 - INFO - Median error:7.69
2024-04-16 21:37:07,837 - nerf2 - INFO - Median error:3.77
2024-04-16 21:37:07,871 - nerf2 - INFO - Median error:6.71
2024-04-16 21:37:07,905 - nerf2 - INFO - Median error:3.87
2024-04-16 21:37:07,939 - nerf2 - INFO - Median error:5.01
2024-04-16 21:37:07,973 - nerf2 - INFO - Median error:6.22
2024-04-16 21:37:08,007 - nerf2 - INFO - Median error:5.78
2024-04-16 21:37:08,041 - nerf2 - INFO - Median error:4.74
2024-04-16 21:37:08,075 - nerf2 - INFO - Median error:5.70
2024-04-16 21:37:08,108 - nerf2 - INFO - Median error:6.94
2024-04-16 21:37:08,142 - nerf2 - INFO - Median error:4.66
2024-04-16 21:37:08,176 - nerf2 - INFO - Median error:4.94
2024-04-16 21:37:08,210 - nerf2 - INFO - Median error:6.02
2024-04-16 21:37:08,244 - nerf2 - INFO - Median error:5.40
2024-04-16 21:37:08,278 - nerf2 - INFO - Median error:6.19
2024-04-16 21:37:08,312 - nerf2 - INFO - Median error:5.39
2024-04-16 21:37:08,346 - nerf2 - INFO - Median error:5.74
2024-04-16 21:37:08,379 - nerf2 - INFO - Median error:5.31
2024-04-16 21:37:08,413 - nerf2 - INFO - Median error:5.36
2024-04-16 21:37:08,447 - nerf2 - INFO - Median error:5.82
2024-04-16 21:37:08,481 - nerf2 - INFO - Median error:4.44
2024-04-16 21:37:08,515 - nerf2 - INFO - Median error:3.80
2024-04-16 21:37:08,549 - nerf2 - INFO - Median error:4.67
2024-04-16 21:37:08,583 - nerf2 - INFO - Median error:3.53
2024-04-16 21:37:08,617 - nerf2 - INFO - Median error:4.03
2024-04-16 21:37:08,651 - nerf2 - INFO - Median error:2.95
2024-04-16 21:37:08,685 - nerf2 - INFO - Median error:6.21
2024-04-16 21:37:08,719 - nerf2 - INFO - Median error:5.39
2024-04-16 21:37:08,753 - nerf2 - INFO - Median error:4.80
2024-04-16 21:37:08,786 - nerf2 - INFO - Median error:4.91
2024-04-16 21:37:08,820 - nerf2 - INFO - Median error:4.28
2024-04-16 21:37:08,854 - nerf2 - INFO - Median error:3.97
2024-04-16 21:37:08,888 - nerf2 - INFO - Median error:5.73
2024-04-16 21:37:08,922 - nerf2 - INFO - Median error:6.02
2024-04-16 21:37:08,956 - nerf2 - INFO - Median error:6.04
2024-04-16 21:37:08,990 - nerf2 - INFO - Median error:4.28
2024-04-16 21:37:09,024 - nerf2 - INFO - Median error:4.58
2024-04-16 21:37:09,058 - nerf2 - INFO - Median error:6.54
2024-04-16 21:37:09,092 - nerf2 - INFO - Median error:3.74
2024-04-16 21:37:09,126 - nerf2 - INFO - Median error:4.91
2024-04-16 21:37:09,159 - nerf2 - INFO - Median error:5.18
2024-04-16 21:37:09,193 - nerf2 - INFO - Median error:4.84
2024-04-16 21:37:09,227 - nerf2 - INFO - Median error:5.72
2024-04-16 21:37:09,261 - nerf2 - INFO - Median error:4.64
2024-04-16 21:37:09,295 - nerf2 - INFO - Median error:3.97
2024-04-16 21:37:09,329 - nerf2 - INFO - Median error:4.51
2024-04-16 21:37:09,363 - nerf2 - INFO - Median error:5.90
2024-04-16 21:37:09,397 - nerf2 - INFO - Median error:6.03
2024-04-16 21:37:09,431 - nerf2 - INFO - Median error:4.87
2024-04-16 21:37:09,465 - nerf2 - INFO - Median error:4.35
2024-04-16 21:37:09,498 - nerf2 - INFO - Median error:3.83
2024-04-16 21:37:09,532 - nerf2 - INFO - Median error:5.61
2024-04-16 21:37:09,566 - nerf2 - INFO - Median error:4.45
2024-04-16 21:37:09,600 - nerf2 - INFO - Median error:5.85
2024-04-16 21:37:09,634 - nerf2 - INFO - Median error:6.48
2024-04-16 21:37:09,668 - nerf2 - INFO - Median error:5.11
2024-04-16 21:37:09,702 - nerf2 - INFO - Median error:5.69
2024-04-16 21:37:09,736 - nerf2 - INFO - Median error:3.33
2024-04-16 21:37:09,770 - nerf2 - INFO - Median error:4.17
2024-04-16 21:37:09,804 - nerf2 - INFO - Median error:4.93
2024-04-16 21:37:09,837 - nerf2 - INFO - Median error:5.24
2024-04-16 21:37:09,871 - nerf2 - INFO - Median error:4.91
2024-04-16 21:37:09,905 - nerf2 - INFO - Median error:6.65
2024-04-16 21:37:09,939 - nerf2 - INFO - Median error:5.24
2024-04-16 21:37:09,973 - nerf2 - INFO - Median error:4.13
2024-04-16 21:37:10,007 - nerf2 - INFO - Median error:5.85
2024-04-16 21:37:10,041 - nerf2 - INFO - Median error:4.72
2024-04-16 21:37:10,075 - nerf2 - INFO - Median error:5.82
2024-04-16 21:37:10,109 - nerf2 - INFO - Median error:5.59
2024-04-16 21:37:10,143 - nerf2 - INFO - Median error:6.90
2024-04-16 21:37:10,177 - nerf2 - INFO - Median error:7.25
2024-04-16 21:37:10,211 - nerf2 - INFO - Median error:5.15
2024-04-16 21:37:10,244 - nerf2 - INFO - Median error:4.04
2024-04-16 21:37:10,278 - nerf2 - INFO - Median error:4.10
2024-04-16 21:37:10,312 - nerf2 - INFO - Median error:5.86
2024-04-16 21:37:10,346 - nerf2 - INFO - Median error:5.46
2024-04-16 21:37:10,380 - nerf2 - INFO - Median error:6.64
2024-04-16 21:37:10,414 - nerf2 - INFO - Median error:4.43
2024-04-16 21:37:10,448 - nerf2 - INFO - Median error:4.99
2024-04-16 21:37:10,482 - nerf2 - INFO - Median error:5.75
2024-04-16 21:37:10,516 - nerf2 - INFO - Median error:7.23
2024-04-16 21:37:10,550 - nerf2 - INFO - Median error:3.86
2024-04-16 21:37:10,584 - nerf2 - INFO - Median error:4.57
2024-04-16 21:37:10,617 - nerf2 - INFO - Median error:4.05
2024-04-16 21:37:10,651 - nerf2 - INFO - Median error:5.76
2024-04-16 21:37:10,685 - nerf2 - INFO - Median error:5.59
2024-04-16 21:37:10,719 - nerf2 - INFO - Median error:4.53
2024-04-16 21:37:10,753 - nerf2 - INFO - Median error:3.31
2024-04-16 21:37:10,787 - nerf2 - INFO - Median error:2.88
2024-04-16 21:37:10,821 - nerf2 - INFO - Median error:3.63
2024-04-16 21:37:10,855 - nerf2 - INFO - Median error:4.33
2024-04-16 21:37:10,889 - nerf2 - INFO - Median error:3.53
2024-04-16 21:37:10,923 - nerf2 - INFO - Median error:6.19
2024-04-16 21:37:10,957 - nerf2 - INFO - Median error:5.10
2024-04-16 21:37:10,990 - nerf2 - INFO - Median error:4.90
2024-04-16 21:37:11,024 - nerf2 - INFO - Median error:4.98
2024-04-16 21:37:11,058 - nerf2 - INFO - Median error:6.00
2024-04-16 21:37:11,092 - nerf2 - INFO - Median error:5.25
2024-04-16 21:37:11,126 - nerf2 - INFO - Median error:6.19
2024-04-16 21:37:11,160 - nerf2 - INFO - Median error:4.19
2024-04-16 21:37:11,194 - nerf2 - INFO - Median error:5.26
2024-04-16 21:37:11,228 - nerf2 - INFO - Median error:4.99
2024-04-16 21:37:11,262 - nerf2 - INFO - Median error:6.45
2024-04-16 21:37:11,296 - nerf2 - INFO - Median error:5.42
2024-04-16 21:37:11,330 - nerf2 - INFO - Median error:6.16
2024-04-16 21:37:11,363 - nerf2 - INFO - Median error:3.71
2024-04-16 21:37:11,397 - nerf2 - INFO - Median error:3.85
2024-04-16 21:37:11,431 - nerf2 - INFO - Median error:5.05
2024-04-16 21:37:11,465 - nerf2 - INFO - Median error:3.44
2024-04-16 21:37:11,499 - nerf2 - INFO - Median error:5.40
2024-04-16 21:37:11,533 - nerf2 - INFO - Median error:4.76
2024-04-16 21:37:11,567 - nerf2 - INFO - Median error:4.58
2024-04-16 21:37:11,601 - nerf2 - INFO - Median error:4.59
2024-04-16 21:37:11,635 - nerf2 - INFO - Median error:3.86
2024-04-16 21:37:11,669 - nerf2 - INFO - Median error:5.46
2024-04-16 21:37:11,703 - nerf2 - INFO - Median error:5.51
2024-04-16 21:37:11,736 - nerf2 - INFO - Median error:4.15
2024-04-16 21:37:11,770 - nerf2 - INFO - Median error:6.54
2024-04-16 21:37:11,804 - nerf2 - INFO - Median error:6.62
2024-04-16 21:37:11,838 - nerf2 - INFO - Median error:5.75
2024-04-16 21:37:11,872 - nerf2 - INFO - Median error:5.11
2024-04-16 21:37:11,906 - nerf2 - INFO - Median error:4.51
2024-04-16 21:37:11,940 - nerf2 - INFO - Median error:3.48
2024-04-16 21:37:11,974 - nerf2 - INFO - Median error:5.05
2024-04-16 21:37:12,008 - nerf2 - INFO - Median error:5.82
2024-04-16 21:37:12,042 - nerf2 - INFO - Median error:4.72
2024-04-16 21:37:12,076 - nerf2 - INFO - Median error:5.01
2024-04-16 21:37:12,110 - nerf2 - INFO - Median error:3.48
2024-04-16 21:37:12,144 - nerf2 - INFO - Median error:4.01
2024-04-16 21:37:12,178 - nerf2 - INFO - Median error:4.61
2024-04-16 21:37:12,212 - nerf2 - INFO - Median error:6.76
2024-04-16 21:37:12,245 - nerf2 - INFO - Median error:4.84
2024-04-16 21:37:12,279 - nerf2 - INFO - Median error:4.89
2024-04-16 21:37:12,313 - nerf2 - INFO - Median error:4.48
2024-04-16 21:37:12,347 - nerf2 - INFO - Median error:4.78
2024-04-16 21:37:12,381 - nerf2 - INFO - Median error:7.03
2024-04-16 21:37:12,415 - nerf2 - INFO - Median error:4.23
2024-04-16 21:37:12,449 - nerf2 - INFO - Median error:5.78
2024-04-16 21:37:12,483 - nerf2 - INFO - Median error:4.95
2024-04-16 21:37:12,517 - nerf2 - INFO - Median error:5.30
2024-04-16 21:37:12,551 - nerf2 - INFO - Median error:4.67
2024-04-16 21:37:12,585 - nerf2 - INFO - Median error:5.21
2024-04-16 21:37:12,619 - nerf2 - INFO - Median error:4.66
2024-04-16 21:37:12,653 - nerf2 - INFO - Median error:6.45
2024-04-16 21:37:12,686 - nerf2 - INFO - Median error:5.98
2024-04-16 21:37:12,720 - nerf2 - INFO - Median error:5.05
2024-04-16 21:37:12,754 - nerf2 - INFO - Median error:3.27
2024-04-16 21:37:12,788 - nerf2 - INFO - Median error:4.92
2024-04-16 21:37:12,822 - nerf2 - INFO - Median error:3.52
2024-04-16 21:37:12,856 - nerf2 - INFO - Median error:5.33
2024-04-16 21:37:12,890 - nerf2 - INFO - Median error:5.20
2024-04-16 21:37:12,924 - nerf2 - INFO - Median error:4.99
2024-04-16 21:37:12,958 - nerf2 - INFO - Median error:5.82
2024-04-16 21:37:12,992 - nerf2 - INFO - Median error:4.16
2024-04-16 21:37:13,026 - nerf2 - INFO - Median error:5.97
2024-04-16 21:37:13,060 - nerf2 - INFO - Median error:3.98
2024-04-16 21:37:13,094 - nerf2 - INFO - Median error:7.06
2024-04-16 21:37:13,128 - nerf2 - INFO - Median error:4.28
2024-04-16 21:37:13,162 - nerf2 - INFO - Median error:6.52
2024-04-16 21:37:13,195 - nerf2 - INFO - Median error:3.68
2024-04-16 21:37:13,229 - nerf2 - INFO - Median error:4.86
2024-04-16 21:37:13,263 - nerf2 - INFO - Median error:6.45
2024-04-16 21:37:13,297 - nerf2 - INFO - Median error:4.32
2024-04-16 21:37:13,331 - nerf2 - INFO - Median error:4.93
2024-04-16 21:37:13,365 - nerf2 - INFO - Median error:5.17
2024-04-16 21:37:13,399 - nerf2 - INFO - Median error:4.54
2024-04-16 21:37:13,433 - nerf2 - INFO - Median error:5.33
2024-04-16 21:37:13,467 - nerf2 - INFO - Median error:5.25
2024-04-16 21:37:13,501 - nerf2 - INFO - Median error:4.19
2024-04-16 21:37:13,535 - nerf2 - INFO - Median error:6.06
2024-04-16 21:37:13,569 - nerf2 - INFO - Median error:5.53
2024-04-16 21:37:13,602 - nerf2 - INFO - Median error:4.61
2024-04-16 21:37:13,636 - nerf2 - INFO - Median error:4.20
2024-04-16 21:37:13,670 - nerf2 - INFO - Median error:4.60
2024-04-16 21:37:13,704 - nerf2 - INFO - Median error:7.65
2024-04-16 21:37:13,738 - nerf2 - INFO - Median error:6.40
2024-04-16 21:37:13,772 - nerf2 - INFO - Median error:5.21
2024-04-16 21:37:13,806 - nerf2 - INFO - Median error:6.18
2024-04-16 21:37:13,840 - nerf2 - INFO - Median error:4.74
2024-04-16 21:37:13,874 - nerf2 - INFO - Median error:4.00
2024-04-16 21:37:13,908 - nerf2 - INFO - Median error:3.64
2024-04-16 21:37:13,942 - nerf2 - INFO - Median error:3.86
2024-04-16 21:37:13,976 - nerf2 - INFO - Median error:3.92
2024-04-16 21:37:14,009 - nerf2 - INFO - Median error:4.57
2024-04-16 21:37:14,043 - nerf2 - INFO - Median error:5.62
2024-04-16 21:37:14,077 - nerf2 - INFO - Median error:5.33
2024-04-16 21:37:14,111 - nerf2 - INFO - Median error:5.97
2024-04-16 21:37:14,145 - nerf2 - INFO - Median error:4.53
2024-04-16 21:37:14,179 - nerf2 - INFO - Median error:4.26
2024-04-16 21:37:14,213 - nerf2 - INFO - Median error:7.26
2024-04-16 21:37:14,247 - nerf2 - INFO - Median error:5.37
2024-04-16 21:37:14,281 - nerf2 - INFO - Median error:4.58
2024-04-16 21:37:14,315 - nerf2 - INFO - Median error:5.20
2024-04-16 21:37:14,348 - nerf2 - INFO - Median error:3.68
2024-04-16 21:37:14,382 - nerf2 - INFO - Median error:4.36
2024-04-16 21:37:14,416 - nerf2 - INFO - Median error:6.69
2024-04-16 21:37:14,450 - nerf2 - INFO - Median error:4.10
2024-04-16 21:37:14,484 - nerf2 - INFO - Median error:6.51
2024-04-16 21:37:14,518 - nerf2 - INFO - Median error:8.84
2024-04-16 21:37:14,552 - nerf2 - INFO - Median error:6.22
2024-04-16 21:37:14,586 - nerf2 - INFO - Median error:7.77
2024-04-16 21:37:14,620 - nerf2 - INFO - Median error:4.27
2024-04-16 21:37:14,654 - nerf2 - INFO - Median error:4.61
2024-04-16 21:37:14,688 - nerf2 - INFO - Median error:4.84
2024-04-16 21:37:14,721 - nerf2 - INFO - Median error:5.51
2024-04-16 21:37:14,755 - nerf2 - INFO - Median error:4.17
2024-04-16 21:37:14,789 - nerf2 - INFO - Median error:5.72
2024-04-16 21:37:14,823 - nerf2 - INFO - Median error:3.75
2024-04-16 21:37:14,857 - nerf2 - INFO - Median error:5.09
2024-04-16 21:37:14,891 - nerf2 - INFO - Median error:4.95
2024-04-16 21:37:14,925 - nerf2 - INFO - Median error:4.48
2024-04-16 21:37:14,959 - nerf2 - INFO - Median error:6.40
2024-04-16 21:37:14,993 - nerf2 - INFO - Median error:5.12
2024-04-16 21:37:15,018 - nerf2 - INFO - Median error:4.06
2024-04-16 21:37:15,031 - nerf2 - INFO - Total Median error:5.07
2024-04-21 20:03:20,817 - nerf2 - INFO - expname:ble-rssi-exp2-v0-595-minusz-half, datadir:data/BLE/, logdir:logs/BLE/
2024-04-21 20:03:21,280 - nerf2 - INFO - Total number of parameters: 690564
2024-04-21 20:03:21,281 - nerf2 - INFO - Found ckpts ['logs/BLE/ble-rssi-exp2-v0-595-minusz-half/ckpts/029800.tar', 'logs/BLE/ble-rssi-exp2-v0-595-minusz-half/ckpts/029900.tar', 'logs/BLE/ble-rssi-exp2-v0-595-minusz-half/ckpts/030000.tar']
2024-04-21 20:03:21,281 - nerf2 - INFO - Loading ckpt logs/BLE/ble-rssi-exp2-v0-595-minusz-half/ckpts/030000.tar
2024-04-21 20:03:21,468 - nerf2 - INFO - Loading training set...
2024-04-21 20:03:21,621 - nerf2 - INFO - Loading test set...
2024-04-21 20:03:23,313 - nerf2 - INFO - Train set size:2100, Test set size:39900
2024-04-21 20:03:23,313 - nerf2 - INFO - Start training. Current Iteration:30000
2024-04-21 20:03:29,180 - nerf2 - INFO - expname:ble-rssi-exp2-v0-595-minusz-half, datadir:data/BLE/, logdir:logs/BLE/
2024-04-21 20:03:29,632 - nerf2 - INFO - Total number of parameters: 690564
2024-04-21 20:03:29,633 - nerf2 - INFO - Found ckpts ['logs/BLE/ble-rssi-exp2-v0-595-minusz-half/ckpts/029800.tar', 'logs/BLE/ble-rssi-exp2-v0-595-minusz-half/ckpts/029900.tar', 'logs/BLE/ble-rssi-exp2-v0-595-minusz-half/ckpts/030000.tar']
2024-04-21 20:03:29,633 - nerf2 - INFO - Loading ckpt logs/BLE/ble-rssi-exp2-v0-595-minusz-half/ckpts/030000.tar
2024-04-21 20:03:29,651 - nerf2 - INFO - Loading training set...
2024-04-21 20:03:29,826 - nerf2 - INFO - Loading test set...
2024-04-21 20:03:31,514 - nerf2 - INFO - Train set size:2100, Test set size:39900
2024-04-21 20:03:31,514 - nerf2 - INFO - Start evaluation
2024-04-21 20:03:31,515 - nerf2 - INFO - Writing result to logs/BLE/ble-rssi-exp2-v0-595-minusz-half/result.txt...
2024-04-21 20:03:31,888 - nerf2 - INFO - Median error:4.12
2024-04-21 20:03:31,921 - nerf2 - INFO - Median error:4.34
2024-04-21 20:03:31,954 - nerf2 - INFO - Median error:5.78
2024-04-21 20:03:31,986 - nerf2 - INFO - Median error:4.83
2024-04-21 20:03:32,018 - nerf2 - INFO - Median error:4.72
2024-04-21 20:03:32,050 - nerf2 - INFO - Median error:4.78
2024-04-21 20:03:32,082 - nerf2 - INFO - Median error:3.95
2024-04-21 20:03:32,115 - nerf2 - INFO - Median error:4.27
2024-04-21 20:03:32,147 - nerf2 - INFO - Median error:4.61
2024-04-21 20:03:32,179 - nerf2 - INFO - Median error:4.67
2024-04-21 20:03:32,211 - nerf2 - INFO - Median error:4.53
2024-04-21 20:03:32,243 - nerf2 - INFO - Median error:7.86
2024-04-21 20:03:32,275 - nerf2 - INFO - Median error:5.34
2024-04-21 20:03:32,307 - nerf2 - INFO - Median error:3.44
2024-04-21 20:03:32,339 - nerf2 - INFO - Median error:5.46
2024-04-21 20:03:32,372 - nerf2 - INFO - Median error:5.17
2024-04-21 20:03:32,404 - nerf2 - INFO - Median error:5.87
2024-04-21 20:03:32,436 - nerf2 - INFO - Median error:4.16
2024-04-21 20:03:32,468 - nerf2 - INFO - Median error:4.20
2024-04-21 20:03:32,500 - nerf2 - INFO - Median error:4.62
2024-04-21 20:03:32,532 - nerf2 - INFO - Median error:6.16
2024-04-21 20:03:32,564 - nerf2 - INFO - Median error:6.21
2024-04-21 20:03:32,596 - nerf2 - INFO - Median error:3.93
2024-04-21 20:03:32,629 - nerf2 - INFO - Median error:4.05
2024-04-21 20:03:32,661 - nerf2 - INFO - Median error:4.60
2024-04-21 20:03:32,693 - nerf2 - INFO - Median error:5.13
2024-04-21 20:03:32,725 - nerf2 - INFO - Median error:6.72
2024-04-21 20:03:32,757 - nerf2 - INFO - Median error:4.66
2024-04-21 20:03:32,789 - nerf2 - INFO - Median error:3.50
2024-04-21 20:03:32,821 - nerf2 - INFO - Median error:4.97
2024-04-21 20:03:32,853 - nerf2 - INFO - Median error:5.46
2024-04-21 20:03:32,885 - nerf2 - INFO - Median error:5.30
2024-04-21 20:03:32,918 - nerf2 - INFO - Median error:5.02
2024-04-21 20:03:32,950 - nerf2 - INFO - Median error:6.90
2024-04-21 20:03:32,982 - nerf2 - INFO - Median error:4.20
2024-04-21 20:03:33,014 - nerf2 - INFO - Median error:4.49
2024-04-21 20:03:33,046 - nerf2 - INFO - Median error:4.67
2024-04-21 20:03:33,078 - nerf2 - INFO - Median error:5.08
2024-04-21 20:03:33,110 - nerf2 - INFO - Median error:3.91
2024-04-21 20:03:33,143 - nerf2 - INFO - Median error:5.86
2024-04-21 20:03:33,175 - nerf2 - INFO - Median error:5.52
2024-04-21 20:03:33,207 - nerf2 - INFO - Median error:8.03
2024-04-21 20:03:33,239 - nerf2 - INFO - Median error:4.42
2024-04-21 20:03:33,271 - nerf2 - INFO - Median error:4.53
2024-04-21 20:03:33,303 - nerf2 - INFO - Median error:5.94
2024-04-21 20:03:33,336 - nerf2 - INFO - Median error:6.60
2024-04-21 20:03:33,368 - nerf2 - INFO - Median error:3.91
2024-04-21 20:03:33,400 - nerf2 - INFO - Median error:6.83
2024-04-21 20:03:33,432 - nerf2 - INFO - Median error:5.25
2024-04-21 20:03:33,464 - nerf2 - INFO - Median error:5.80
2024-04-21 20:03:33,497 - nerf2 - INFO - Median error:5.27
2024-04-21 20:03:33,529 - nerf2 - INFO - Median error:4.17
2024-04-21 20:03:33,561 - nerf2 - INFO - Median error:5.55
2024-04-21 20:03:33,593 - nerf2 - INFO - Median error:5.11
2024-04-21 20:03:33,625 - nerf2 - INFO - Median error:4.67
2024-04-21 20:03:33,657 - nerf2 - INFO - Median error:6.46
2024-04-21 20:03:33,690 - nerf2 - INFO - Median error:5.51
2024-04-21 20:03:33,722 - nerf2 - INFO - Median error:3.88
2024-04-21 20:03:33,754 - nerf2 - INFO - Median error:4.34
2024-04-21 20:03:33,786 - nerf2 - INFO - Median error:4.94
2024-04-21 20:03:33,818 - nerf2 - INFO - Median error:4.65
2024-04-21 20:03:33,850 - nerf2 - INFO - Median error:8.13
2024-04-21 20:03:33,883 - nerf2 - INFO - Median error:4.96
2024-04-21 20:03:33,915 - nerf2 - INFO - Median error:6.09
2024-04-21 20:03:33,947 - nerf2 - INFO - Median error:4.57
2024-04-21 20:03:33,979 - nerf2 - INFO - Median error:5.20
2024-04-21 20:03:34,011 - nerf2 - INFO - Median error:5.44
2024-04-21 20:03:34,043 - nerf2 - INFO - Median error:6.86
2024-04-21 20:03:34,076 - nerf2 - INFO - Median error:6.01
2024-04-21 20:03:34,108 - nerf2 - INFO - Median error:4.41
2024-04-21 20:03:34,140 - nerf2 - INFO - Median error:6.67
2024-04-21 20:03:34,172 - nerf2 - INFO - Median error:6.86
2024-04-21 20:03:34,204 - nerf2 - INFO - Median error:7.36
2024-04-21 20:03:34,236 - nerf2 - INFO - Median error:4.52
2024-04-21 20:03:34,268 - nerf2 - INFO - Median error:7.72
2024-04-21 20:03:34,301 - nerf2 - INFO - Median error:4.70
2024-04-21 20:03:34,333 - nerf2 - INFO - Median error:5.06
2024-04-21 20:03:34,365 - nerf2 - INFO - Median error:6.77
2024-04-21 20:03:34,397 - nerf2 - INFO - Median error:6.25
2024-04-21 20:03:34,429 - nerf2 - INFO - Median error:4.21
2024-04-21 20:03:34,461 - nerf2 - INFO - Median error:4.96
2024-04-21 20:03:34,494 - nerf2 - INFO - Median error:4.87
2024-04-21 20:03:34,526 - nerf2 - INFO - Median error:4.92
2024-04-21 20:03:34,558 - nerf2 - INFO - Median error:5.48
2024-04-21 20:03:34,590 - nerf2 - INFO - Median error:4.86
2024-04-21 20:03:34,622 - nerf2 - INFO - Median error:4.28
2024-04-21 20:03:34,654 - nerf2 - INFO - Median error:5.77
2024-04-21 20:03:34,687 - nerf2 - INFO - Median error:4.04
2024-04-21 20:03:34,719 - nerf2 - INFO - Median error:4.26
2024-04-21 20:03:34,751 - nerf2 - INFO - Median error:6.87
2024-04-21 20:03:34,783 - nerf2 - INFO - Median error:5.50
2024-04-21 20:03:34,815 - nerf2 - INFO - Median error:5.40
2024-04-21 20:03:34,847 - nerf2 - INFO - Median error:5.30
2024-04-21 20:03:34,879 - nerf2 - INFO - Median error:5.82
2024-04-21 20:03:34,912 - nerf2 - INFO - Median error:5.23
2024-04-21 20:03:34,944 - nerf2 - INFO - Median error:5.87
2024-04-21 20:03:34,976 - nerf2 - INFO - Median error:6.13
2024-04-21 20:03:35,008 - nerf2 - INFO - Median error:5.87
2024-04-21 20:03:35,040 - nerf2 - INFO - Median error:7.69
2024-04-21 20:03:35,072 - nerf2 - INFO - Median error:3.77
2024-04-21 20:03:35,105 - nerf2 - INFO - Median error:6.71
2024-04-21 20:03:35,137 - nerf2 - INFO - Median error:3.87
2024-04-21 20:03:35,169 - nerf2 - INFO - Median error:5.01
2024-04-21 20:03:35,201 - nerf2 - INFO - Median error:6.22
2024-04-21 20:03:35,233 - nerf2 - INFO - Median error:5.78
2024-04-21 20:03:35,265 - nerf2 - INFO - Median error:4.74
2024-04-21 20:03:35,297 - nerf2 - INFO - Median error:5.70
2024-04-21 20:03:35,330 - nerf2 - INFO - Median error:6.94
2024-04-21 20:03:35,362 - nerf2 - INFO - Median error:4.66
2024-04-21 20:03:35,394 - nerf2 - INFO - Median error:4.94
2024-04-21 20:03:35,426 - nerf2 - INFO - Median error:6.02
2024-04-21 20:03:35,458 - nerf2 - INFO - Median error:5.40
2024-04-21 20:03:35,490 - nerf2 - INFO - Median error:6.19
2024-04-21 20:03:35,522 - nerf2 - INFO - Median error:5.39
2024-04-21 20:03:35,554 - nerf2 - INFO - Median error:5.74
2024-04-21 20:03:35,586 - nerf2 - INFO - Median error:5.31
2024-04-21 20:03:35,619 - nerf2 - INFO - Median error:5.36
2024-04-21 20:03:35,651 - nerf2 - INFO - Median error:5.82
2024-04-21 20:03:35,683 - nerf2 - INFO - Median error:4.44
2024-04-21 20:03:35,715 - nerf2 - INFO - Median error:3.80
2024-04-21 20:03:35,747 - nerf2 - INFO - Median error:4.67
2024-04-21 20:03:35,779 - nerf2 - INFO - Median error:3.53
2024-04-21 20:03:35,811 - nerf2 - INFO - Median error:4.03
2024-04-21 20:03:35,843 - nerf2 - INFO - Median error:2.95
2024-04-21 20:03:35,876 - nerf2 - INFO - Median error:6.21
2024-04-21 20:03:35,908 - nerf2 - INFO - Median error:5.39
2024-04-21 20:03:35,940 - nerf2 - INFO - Median error:4.80
2024-04-21 20:03:35,972 - nerf2 - INFO - Median error:4.91
2024-04-21 20:03:36,004 - nerf2 - INFO - Median error:4.28
2024-04-21 20:03:36,036 - nerf2 - INFO - Median error:3.97
2024-04-21 20:03:36,068 - nerf2 - INFO - Median error:5.73
2024-04-21 20:03:36,101 - nerf2 - INFO - Median error:6.02
2024-04-21 20:03:36,133 - nerf2 - INFO - Median error:6.04
2024-04-21 20:03:36,165 - nerf2 - INFO - Median error:4.28
2024-04-21 20:03:36,197 - nerf2 - INFO - Median error:4.58
2024-04-21 20:03:36,229 - nerf2 - INFO - Median error:6.54
2024-04-21 20:03:36,261 - nerf2 - INFO - Median error:3.74
2024-04-21 20:03:36,293 - nerf2 - INFO - Median error:4.91
2024-04-21 20:03:36,326 - nerf2 - INFO - Median error:5.18
2024-04-21 20:03:36,358 - nerf2 - INFO - Median error:4.84
2024-04-21 20:03:36,390 - nerf2 - INFO - Median error:5.72
2024-04-21 20:03:36,422 - nerf2 - INFO - Median error:4.64
2024-04-21 20:03:36,454 - nerf2 - INFO - Median error:3.97
2024-04-21 20:03:36,486 - nerf2 - INFO - Median error:4.51
2024-04-21 20:03:36,518 - nerf2 - INFO - Median error:5.90
2024-04-21 20:03:36,550 - nerf2 - INFO - Median error:6.03
2024-04-21 20:03:36,583 - nerf2 - INFO - Median error:4.87
2024-04-21 20:03:36,615 - nerf2 - INFO - Median error:4.35
2024-04-21 20:03:36,647 - nerf2 - INFO - Median error:3.83
2024-04-21 20:03:36,679 - nerf2 - INFO - Median error:5.61
2024-04-21 20:03:36,711 - nerf2 - INFO - Median error:4.45
2024-04-21 20:03:36,743 - nerf2 - INFO - Median error:5.85
2024-04-21 20:03:36,775 - nerf2 - INFO - Median error:6.48
2024-04-21 20:03:36,808 - nerf2 - INFO - Median error:5.11
2024-04-21 20:03:36,840 - nerf2 - INFO - Median error:5.69
2024-04-21 20:03:36,872 - nerf2 - INFO - Median error:3.33
2024-04-21 20:03:36,904 - nerf2 - INFO - Median error:4.17
2024-04-21 20:03:36,936 - nerf2 - INFO - Median error:4.93
2024-04-21 20:03:36,968 - nerf2 - INFO - Median error:5.24
2024-04-21 20:03:37,000 - nerf2 - INFO - Median error:4.91
2024-04-21 20:03:37,033 - nerf2 - INFO - Median error:6.65
2024-04-21 20:03:37,065 - nerf2 - INFO - Median error:5.24
2024-04-21 20:03:37,097 - nerf2 - INFO - Median error:4.13
2024-04-21 20:03:37,129 - nerf2 - INFO - Median error:5.85
2024-04-21 20:03:37,161 - nerf2 - INFO - Median error:4.72
2024-04-21 20:03:37,193 - nerf2 - INFO - Median error:5.82
2024-04-21 20:03:37,225 - nerf2 - INFO - Median error:5.59
2024-04-21 20:03:37,258 - nerf2 - INFO - Median error:6.90
2024-04-21 20:03:37,290 - nerf2 - INFO - Median error:7.25
2024-04-21 20:03:37,322 - nerf2 - INFO - Median error:5.15
2024-04-21 20:03:37,354 - nerf2 - INFO - Median error:4.04
2024-04-21 20:03:37,386 - nerf2 - INFO - Median error:4.10
2024-04-21 20:03:37,418 - nerf2 - INFO - Median error:5.86
2024-04-21 20:03:37,450 - nerf2 - INFO - Median error:5.46
2024-04-21 20:03:37,483 - nerf2 - INFO - Median error:6.64
2024-04-21 20:03:37,515 - nerf2 - INFO - Median error:4.43
2024-04-21 20:03:37,547 - nerf2 - INFO - Median error:4.99
2024-04-21 20:03:37,579 - nerf2 - INFO - Median error:5.75
2024-04-21 20:03:37,611 - nerf2 - INFO - Median error:7.23
2024-04-21 20:03:37,643 - nerf2 - INFO - Median error:3.86
2024-04-21 20:03:37,676 - nerf2 - INFO - Median error:4.57
2024-04-21 20:03:37,708 - nerf2 - INFO - Median error:4.05
2024-04-21 20:03:37,740 - nerf2 - INFO - Median error:5.76
2024-04-21 20:03:37,772 - nerf2 - INFO - Median error:5.59
2024-04-21 20:03:37,804 - nerf2 - INFO - Median error:4.53
2024-04-21 20:03:37,836 - nerf2 - INFO - Median error:3.31
2024-04-21 20:03:37,869 - nerf2 - INFO - Median error:2.88
2024-04-21 20:03:37,901 - nerf2 - INFO - Median error:3.63
2024-04-21 20:03:37,933 - nerf2 - INFO - Median error:4.33
2024-04-21 20:03:37,965 - nerf2 - INFO - Median error:3.53
2024-04-21 20:03:37,997 - nerf2 - INFO - Median error:6.19
2024-04-21 20:03:38,029 - nerf2 - INFO - Median error:5.10
2024-04-21 20:03:38,061 - nerf2 - INFO - Median error:4.90
2024-04-21 20:03:38,094 - nerf2 - INFO - Median error:4.98
2024-04-21 20:03:38,126 - nerf2 - INFO - Median error:6.00
2024-04-21 20:03:38,158 - nerf2 - INFO - Median error:5.25
2024-04-21 20:03:38,190 - nerf2 - INFO - Median error:6.19
2024-04-21 20:03:38,222 - nerf2 - INFO - Median error:4.19
2024-04-21 20:03:38,254 - nerf2 - INFO - Median error:5.26
2024-04-21 20:03:38,287 - nerf2 - INFO - Median error:4.99
2024-04-21 20:03:38,319 - nerf2 - INFO - Median error:6.45
2024-04-21 20:03:38,351 - nerf2 - INFO - Median error:5.42
2024-04-21 20:03:38,383 - nerf2 - INFO - Median error:6.16
2024-04-21 20:03:38,415 - nerf2 - INFO - Median error:3.71
2024-04-21 20:03:38,447 - nerf2 - INFO - Median error:3.85
2024-04-21 20:03:38,480 - nerf2 - INFO - Median error:5.05
2024-04-21 20:03:38,512 - nerf2 - INFO - Median error:3.44
2024-04-21 20:03:38,544 - nerf2 - INFO - Median error:5.40
2024-04-21 20:03:38,576 - nerf2 - INFO - Median error:4.76
2024-04-21 20:03:38,608 - nerf2 - INFO - Median error:4.58
2024-04-21 20:03:38,640 - nerf2 - INFO - Median error:4.59
2024-04-21 20:03:38,672 - nerf2 - INFO - Median error:3.86
2024-04-21 20:03:38,705 - nerf2 - INFO - Median error:5.46
2024-04-21 20:03:38,737 - nerf2 - INFO - Median error:5.51
2024-04-21 20:03:38,769 - nerf2 - INFO - Median error:4.15
2024-04-21 20:03:38,801 - nerf2 - INFO - Median error:6.54
2024-04-21 20:03:38,833 - nerf2 - INFO - Median error:6.62
2024-04-21 20:03:38,865 - nerf2 - INFO - Median error:5.75
2024-04-21 20:03:38,898 - nerf2 - INFO - Median error:5.11
2024-04-21 20:03:38,930 - nerf2 - INFO - Median error:4.51
2024-04-21 20:03:38,962 - nerf2 - INFO - Median error:3.48
2024-04-21 20:03:38,994 - nerf2 - INFO - Median error:5.05
2024-04-21 20:03:39,026 - nerf2 - INFO - Median error:5.82
2024-04-21 20:03:39,058 - nerf2 - INFO - Median error:4.72
2024-04-21 20:03:39,090 - nerf2 - INFO - Median error:5.01
2024-04-21 20:03:39,122 - nerf2 - INFO - Median error:3.48
2024-04-21 20:03:39,155 - nerf2 - INFO - Median error:4.01
2024-04-21 20:03:39,187 - nerf2 - INFO - Median error:4.61
2024-04-21 20:03:39,219 - nerf2 - INFO - Median error:6.76
2024-04-21 20:03:39,251 - nerf2 - INFO - Median error:4.84
2024-04-21 20:03:39,283 - nerf2 - INFO - Median error:4.89
2024-04-21 20:03:39,315 - nerf2 - INFO - Median error:4.48
2024-04-21 20:03:39,347 - nerf2 - INFO - Median error:4.78
2024-04-21 20:03:39,380 - nerf2 - INFO - Median error:7.03
2024-04-21 20:03:39,412 - nerf2 - INFO - Median error:4.23
2024-04-21 20:03:39,444 - nerf2 - INFO - Median error:5.78
2024-04-21 20:03:39,476 - nerf2 - INFO - Median error:4.95
2024-04-21 20:03:39,508 - nerf2 - INFO - Median error:5.30
2024-04-21 20:03:39,541 - nerf2 - INFO - Median error:4.67
2024-04-21 20:03:39,573 - nerf2 - INFO - Median error:5.21
2024-04-21 20:03:39,605 - nerf2 - INFO - Median error:4.66
2024-04-21 20:03:39,637 - nerf2 - INFO - Median error:6.45
2024-04-21 20:03:39,669 - nerf2 - INFO - Median error:5.98
2024-04-21 20:03:39,701 - nerf2 - INFO - Median error:5.05
2024-04-21 20:03:39,733 - nerf2 - INFO - Median error:3.27
2024-04-21 20:03:39,766 - nerf2 - INFO - Median error:4.92
2024-04-21 20:03:39,798 - nerf2 - INFO - Median error:3.52
2024-04-21 20:03:39,830 - nerf2 - INFO - Median error:5.33
2024-04-21 20:03:39,862 - nerf2 - INFO - Median error:5.20
2024-04-21 20:03:39,894 - nerf2 - INFO - Median error:4.99
2024-04-21 20:03:39,926 - nerf2 - INFO - Median error:5.82
2024-04-21 20:03:39,959 - nerf2 - INFO - Median error:4.16
2024-04-21 20:03:39,991 - nerf2 - INFO - Median error:5.97
2024-04-21 20:03:40,023 - nerf2 - INFO - Median error:3.98
2024-04-21 20:03:40,055 - nerf2 - INFO - Median error:7.06
2024-04-21 20:03:40,087 - nerf2 - INFO - Median error:4.28
2024-04-21 20:03:40,119 - nerf2 - INFO - Median error:6.52
2024-04-21 20:03:40,151 - nerf2 - INFO - Median error:3.68
2024-04-21 20:03:40,184 - nerf2 - INFO - Median error:4.86
2024-04-21 20:03:40,216 - nerf2 - INFO - Median error:6.45
2024-04-21 20:03:40,248 - nerf2 - INFO - Median error:4.32
2024-04-21 20:03:40,280 - nerf2 - INFO - Median error:4.93
2024-04-21 20:03:40,312 - nerf2 - INFO - Median error:5.17
2024-04-21 20:03:40,344 - nerf2 - INFO - Median error:4.54
2024-04-21 20:03:40,379 - nerf2 - INFO - Median error:5.33
2024-04-21 20:03:40,412 - nerf2 - INFO - Median error:5.25
2024-04-21 20:03:40,444 - nerf2 - INFO - Median error:4.19
2024-04-21 20:03:40,476 - nerf2 - INFO - Median error:6.06
2024-04-21 20:03:40,508 - nerf2 - INFO - Median error:5.53
2024-04-21 20:03:40,540 - nerf2 - INFO - Median error:4.61
2024-04-21 20:03:40,573 - nerf2 - INFO - Median error:4.20
2024-04-21 20:03:40,605 - nerf2 - INFO - Median error:4.60
2024-04-21 20:03:40,637 - nerf2 - INFO - Median error:7.65
2024-04-21 20:03:40,669 - nerf2 - INFO - Median error:6.40
2024-04-21 20:03:40,701 - nerf2 - INFO - Median error:5.21
2024-04-21 20:03:40,733 - nerf2 - INFO - Median error:6.18
2024-04-21 20:03:40,766 - nerf2 - INFO - Median error:4.74
2024-04-21 20:03:40,798 - nerf2 - INFO - Median error:4.00
2024-04-21 20:03:40,830 - nerf2 - INFO - Median error:3.64
2024-04-21 20:03:40,862 - nerf2 - INFO - Median error:3.86
2024-04-21 20:03:40,894 - nerf2 - INFO - Median error:3.92
2024-04-21 20:03:40,926 - nerf2 - INFO - Median error:4.57
2024-04-21 20:03:40,959 - nerf2 - INFO - Median error:5.62
2024-04-21 20:03:40,991 - nerf2 - INFO - Median error:5.33
2024-04-21 20:03:41,023 - nerf2 - INFO - Median error:5.97
2024-04-21 20:03:41,055 - nerf2 - INFO - Median error:4.53
2024-04-21 20:03:41,087 - nerf2 - INFO - Median error:4.26
2024-04-21 20:03:41,119 - nerf2 - INFO - Median error:7.26
2024-04-21 20:03:41,151 - nerf2 - INFO - Median error:5.37
2024-04-21 20:03:41,184 - nerf2 - INFO - Median error:4.58
2024-04-21 20:03:41,216 - nerf2 - INFO - Median error:5.20
2024-04-21 20:03:41,248 - nerf2 - INFO - Median error:3.68
2024-04-21 20:03:41,280 - nerf2 - INFO - Median error:4.36
2024-04-21 20:03:41,312 - nerf2 - INFO - Median error:6.69
2024-04-21 20:03:41,345 - nerf2 - INFO - Median error:4.10
2024-04-21 20:03:41,377 - nerf2 - INFO - Median error:6.51
2024-04-21 20:03:41,409 - nerf2 - INFO - Median error:8.84
2024-04-21 20:03:41,441 - nerf2 - INFO - Median error:6.22
2024-04-21 20:03:41,473 - nerf2 - INFO - Median error:7.77
2024-04-21 20:03:41,506 - nerf2 - INFO - Median error:4.27
2024-04-21 20:03:41,538 - nerf2 - INFO - Median error:4.61
2024-04-21 20:03:41,570 - nerf2 - INFO - Median error:4.84
2024-04-21 20:03:41,602 - nerf2 - INFO - Median error:5.51
2024-04-21 20:03:41,634 - nerf2 - INFO - Median error:4.17
2024-04-21 20:03:41,666 - nerf2 - INFO - Median error:5.72
2024-04-21 20:03:41,698 - nerf2 - INFO - Median error:3.75
2024-04-21 20:03:41,731 - nerf2 - INFO - Median error:5.09
2024-04-21 20:03:41,763 - nerf2 - INFO - Median error:4.95
2024-04-21 20:03:41,795 - nerf2 - INFO - Median error:4.48
2024-04-21 20:03:41,827 - nerf2 - INFO - Median error:6.40
2024-04-21 20:03:41,859 - nerf2 - INFO - Median error:5.12
2024-04-21 20:03:41,883 - nerf2 - INFO - Median error:4.06
2024-04-21 20:03:41,886 - nerf2 - INFO - Writing result to logs/BLE/ble-rssi-exp2-v0-595-minusz-half/result_pos.txt...
2024-04-21 20:03:41,918 - nerf2 - INFO - Median error:4.12
2024-04-21 20:03:41,956 - nerf2 - INFO - Median error:4.34
2024-04-21 20:03:41,993 - nerf2 - INFO - Median error:5.78
2024-04-21 20:03:42,031 - nerf2 - INFO - Median error:4.83
2024-04-21 20:03:42,069 - nerf2 - INFO - Median error:4.72
2024-04-21 20:03:42,106 - nerf2 - INFO - Median error:4.78
2024-04-21 20:03:42,144 - nerf2 - INFO - Median error:3.95
2024-04-21 20:03:42,182 - nerf2 - INFO - Median error:4.27
2024-04-21 20:03:42,219 - nerf2 - INFO - Median error:4.61
2024-04-21 20:03:42,257 - nerf2 - INFO - Median error:4.67
2024-04-21 20:03:42,295 - nerf2 - INFO - Median error:4.53
2024-04-21 20:03:42,332 - nerf2 - INFO - Median error:7.86
2024-04-21 20:03:42,370 - nerf2 - INFO - Median error:5.34
2024-04-21 20:03:42,408 - nerf2 - INFO - Median error:3.44
2024-04-21 20:03:42,445 - nerf2 - INFO - Median error:5.46
2024-04-21 20:03:42,483 - nerf2 - INFO - Median error:5.17
2024-04-21 20:03:42,521 - nerf2 - INFO - Median error:5.87
2024-04-21 20:03:42,558 - nerf2 - INFO - Median error:4.16
2024-04-21 20:03:42,596 - nerf2 - INFO - Median error:4.20
2024-04-21 20:03:42,633 - nerf2 - INFO - Median error:4.62
2024-04-21 20:03:42,671 - nerf2 - INFO - Median error:6.16
2024-04-21 20:03:42,709 - nerf2 - INFO - Median error:6.21
2024-04-21 20:03:42,746 - nerf2 - INFO - Median error:3.93
2024-04-21 20:03:42,784 - nerf2 - INFO - Median error:4.05
2024-04-21 20:03:42,822 - nerf2 - INFO - Median error:4.60
2024-04-21 20:03:42,860 - nerf2 - INFO - Median error:5.13
2024-04-21 20:03:42,897 - nerf2 - INFO - Median error:6.72
2024-04-21 20:03:42,935 - nerf2 - INFO - Median error:4.66
2024-04-21 20:03:42,973 - nerf2 - INFO - Median error:3.50
2024-04-21 20:03:43,010 - nerf2 - INFO - Median error:4.97
2024-04-21 20:03:43,048 - nerf2 - INFO - Median error:5.46
2024-04-21 20:03:43,086 - nerf2 - INFO - Median error:5.30
2024-04-21 20:03:43,123 - nerf2 - INFO - Median error:5.02
2024-04-21 20:03:43,161 - nerf2 - INFO - Median error:6.90
2024-04-21 20:03:43,199 - nerf2 - INFO - Median error:4.20
2024-04-21 20:03:43,236 - nerf2 - INFO - Median error:4.49
2024-04-21 20:03:43,274 - nerf2 - INFO - Median error:4.67
2024-04-21 20:03:43,312 - nerf2 - INFO - Median error:5.08
2024-04-21 20:03:43,349 - nerf2 - INFO - Median error:3.91
2024-04-21 20:03:43,387 - nerf2 - INFO - Median error:5.86
2024-04-21 20:03:43,424 - nerf2 - INFO - Median error:5.52
2024-04-21 20:03:43,462 - nerf2 - INFO - Median error:8.03
2024-04-21 20:03:43,500 - nerf2 - INFO - Median error:4.42
2024-04-21 20:03:43,538 - nerf2 - INFO - Median error:4.53
2024-04-21 20:03:43,575 - nerf2 - INFO - Median error:5.94
2024-04-21 20:03:43,613 - nerf2 - INFO - Median error:6.60
2024-04-21 20:03:43,650 - nerf2 - INFO - Median error:3.91
2024-04-21 20:03:43,688 - nerf2 - INFO - Median error:6.83
2024-04-21 20:03:43,726 - nerf2 - INFO - Median error:5.25
2024-04-21 20:03:43,763 - nerf2 - INFO - Median error:5.80
2024-04-21 20:03:43,801 - nerf2 - INFO - Median error:5.27
2024-04-21 20:03:43,839 - nerf2 - INFO - Median error:4.17
2024-04-21 20:03:43,876 - nerf2 - INFO - Median error:5.55
2024-04-21 20:03:43,914 - nerf2 - INFO - Median error:5.11
2024-04-21 20:03:43,952 - nerf2 - INFO - Median error:4.67
2024-04-21 20:03:43,989 - nerf2 - INFO - Median error:6.46
2024-04-21 20:03:44,027 - nerf2 - INFO - Median error:5.51
2024-04-21 20:03:44,065 - nerf2 - INFO - Median error:3.88
2024-04-21 20:03:44,102 - nerf2 - INFO - Median error:4.34
2024-04-21 20:03:44,140 - nerf2 - INFO - Median error:4.94
2024-04-21 20:03:44,178 - nerf2 - INFO - Median error:4.65
2024-04-21 20:03:44,215 - nerf2 - INFO - Median error:8.13
2024-04-21 20:03:44,253 - nerf2 - INFO - Median error:4.96
2024-04-21 20:03:44,291 - nerf2 - INFO - Median error:6.09
2024-04-21 20:03:44,328 - nerf2 - INFO - Median error:4.57
2024-04-21 20:03:44,366 - nerf2 - INFO - Median error:5.20
2024-04-21 20:03:44,404 - nerf2 - INFO - Median error:5.44
2024-04-21 20:03:44,441 - nerf2 - INFO - Median error:6.86
2024-04-21 20:03:44,479 - nerf2 - INFO - Median error:6.01
2024-04-21 20:03:44,517 - nerf2 - INFO - Median error:4.41
2024-04-21 20:03:44,554 - nerf2 - INFO - Median error:6.67
2024-04-21 20:03:44,592 - nerf2 - INFO - Median error:6.86
2024-04-21 20:03:44,630 - nerf2 - INFO - Median error:7.36
2024-04-21 20:03:44,667 - nerf2 - INFO - Median error:4.52
2024-04-21 20:03:44,705 - nerf2 - INFO - Median error:7.72
2024-04-21 20:03:44,743 - nerf2 - INFO - Median error:4.70
2024-04-21 20:03:44,780 - nerf2 - INFO - Median error:5.06
2024-04-21 20:03:44,818 - nerf2 - INFO - Median error:6.77
2024-04-21 20:03:44,856 - nerf2 - INFO - Median error:6.25
2024-04-21 20:03:44,893 - nerf2 - INFO - Median error:4.21
2024-04-21 20:03:44,931 - nerf2 - INFO - Median error:4.96
2024-04-21 20:03:44,969 - nerf2 - INFO - Median error:4.87
2024-04-21 20:03:45,006 - nerf2 - INFO - Median error:4.92
2024-04-21 20:03:45,044 - nerf2 - INFO - Median error:5.48
2024-04-21 20:03:45,082 - nerf2 - INFO - Median error:4.86
2024-04-21 20:03:45,119 - nerf2 - INFO - Median error:4.28
2024-04-21 20:03:45,157 - nerf2 - INFO - Median error:5.77
2024-04-21 20:03:45,195 - nerf2 - INFO - Median error:4.04
2024-04-21 20:03:45,232 - nerf2 - INFO - Median error:4.26
2024-04-21 20:03:45,270 - nerf2 - INFO - Median error:6.87
2024-04-21 20:03:45,308 - nerf2 - INFO - Median error:5.50
2024-04-21 20:03:45,345 - nerf2 - INFO - Median error:5.40
2024-04-21 20:03:45,383 - nerf2 - INFO - Median error:5.30
2024-04-21 20:03:45,421 - nerf2 - INFO - Median error:5.82
2024-04-21 20:03:45,458 - nerf2 - INFO - Median error:5.23
2024-04-21 20:03:45,496 - nerf2 - INFO - Median error:5.87
2024-04-21 20:03:45,534 - nerf2 - INFO - Median error:6.13
2024-04-21 20:03:45,571 - nerf2 - INFO - Median error:5.87
2024-04-21 20:03:45,609 - nerf2 - INFO - Median error:7.69
2024-04-21 20:03:45,646 - nerf2 - INFO - Median error:3.77
2024-04-21 20:03:45,684 - nerf2 - INFO - Median error:6.71
2024-04-21 20:03:45,722 - nerf2 - INFO - Median error:3.87
2024-04-21 20:03:45,759 - nerf2 - INFO - Median error:5.01
2024-04-21 20:03:45,797 - nerf2 - INFO - Median error:6.22
2024-04-21 20:03:45,835 - nerf2 - INFO - Median error:5.78
2024-04-21 20:03:45,873 - nerf2 - INFO - Median error:4.74
2024-04-21 20:03:45,910 - nerf2 - INFO - Median error:5.70
2024-04-21 20:03:45,948 - nerf2 - INFO - Median error:6.94
2024-04-21 20:03:45,986 - nerf2 - INFO - Median error:4.66
2024-04-21 20:03:46,023 - nerf2 - INFO - Median error:4.94
2024-04-21 20:03:46,061 - nerf2 - INFO - Median error:6.02
2024-04-21 20:03:46,099 - nerf2 - INFO - Median error:5.40
2024-04-21 20:03:46,136 - nerf2 - INFO - Median error:6.19
2024-04-21 20:03:46,174 - nerf2 - INFO - Median error:5.39
2024-04-21 20:03:46,212 - nerf2 - INFO - Median error:5.74
2024-04-21 20:03:46,249 - nerf2 - INFO - Median error:5.31
2024-04-21 20:03:46,287 - nerf2 - INFO - Median error:5.36
2024-04-21 20:03:46,325 - nerf2 - INFO - Median error:5.82
2024-04-21 20:03:46,363 - nerf2 - INFO - Median error:4.44
2024-04-21 20:03:46,400 - nerf2 - INFO - Median error:3.80
2024-04-21 20:03:46,438 - nerf2 - INFO - Median error:4.67
2024-04-21 20:03:46,476 - nerf2 - INFO - Median error:3.53
2024-04-21 20:03:46,513 - nerf2 - INFO - Median error:4.03
2024-04-21 20:03:46,551 - nerf2 - INFO - Median error:2.95
2024-04-21 20:03:46,589 - nerf2 - INFO - Median error:6.21
2024-04-21 20:03:46,626 - nerf2 - INFO - Median error:5.39
2024-04-21 20:03:46,664 - nerf2 - INFO - Median error:4.80
2024-04-21 20:03:46,702 - nerf2 - INFO - Median error:4.91
2024-04-21 20:03:46,739 - nerf2 - INFO - Median error:4.28
2024-04-21 20:03:46,777 - nerf2 - INFO - Median error:3.97
2024-04-21 20:03:46,815 - nerf2 - INFO - Median error:5.73
2024-04-21 20:03:46,852 - nerf2 - INFO - Median error:6.02
2024-04-21 20:03:46,890 - nerf2 - INFO - Median error:6.04
2024-04-21 20:03:46,927 - nerf2 - INFO - Median error:4.28
2024-04-21 20:03:46,965 - nerf2 - INFO - Median error:4.58
2024-04-21 20:03:47,003 - nerf2 - INFO - Median error:6.54
2024-04-21 20:03:47,041 - nerf2 - INFO - Median error:3.74
2024-04-21 20:03:47,078 - nerf2 - INFO - Median error:4.91
2024-04-21 20:03:47,116 - nerf2 - INFO - Median error:5.18
2024-04-21 20:03:47,154 - nerf2 - INFO - Median error:4.84
2024-04-21 20:03:47,191 - nerf2 - INFO - Median error:5.72
2024-04-21 20:03:47,229 - nerf2 - INFO - Median error:4.64
2024-04-21 20:03:47,267 - nerf2 - INFO - Median error:3.97
2024-04-21 20:03:47,304 - nerf2 - INFO - Median error:4.51
2024-04-21 20:03:47,342 - nerf2 - INFO - Median error:5.90
2024-04-21 20:03:47,380 - nerf2 - INFO - Median error:6.03
2024-04-21 20:03:47,418 - nerf2 - INFO - Median error:4.87
2024-04-21 20:03:47,455 - nerf2 - INFO - Median error:4.35
2024-04-21 20:03:47,493 - nerf2 - INFO - Median error:3.83
2024-04-21 20:03:47,530 - nerf2 - INFO - Median error:5.61
2024-04-21 20:03:47,568 - nerf2 - INFO - Median error:4.45
2024-04-21 20:03:47,606 - nerf2 - INFO - Median error:5.85
2024-04-21 20:03:47,643 - nerf2 - INFO - Median error:6.48
2024-04-21 20:03:47,681 - nerf2 - INFO - Median error:5.11
2024-04-21 20:03:47,719 - nerf2 - INFO - Median error:5.69
2024-04-21 20:03:47,756 - nerf2 - INFO - Median error:3.33
2024-04-21 20:03:47,794 - nerf2 - INFO - Median error:4.17
2024-04-21 20:03:47,832 - nerf2 - INFO - Median error:4.93
2024-04-21 20:03:47,870 - nerf2 - INFO - Median error:5.24
2024-04-21 20:03:47,907 - nerf2 - INFO - Median error:4.91
2024-04-21 20:03:47,945 - nerf2 - INFO - Median error:6.65
2024-04-21 20:03:47,983 - nerf2 - INFO - Median error:5.24
2024-04-21 20:03:48,020 - nerf2 - INFO - Median error:4.13
2024-04-21 20:03:48,058 - nerf2 - INFO - Median error:5.85
2024-04-21 20:03:48,096 - nerf2 - INFO - Median error:4.72
2024-04-21 20:03:48,133 - nerf2 - INFO - Median error:5.82
2024-04-21 20:03:48,171 - nerf2 - INFO - Median error:5.59
2024-04-21 20:03:48,209 - nerf2 - INFO - Median error:6.90
2024-04-21 20:03:48,246 - nerf2 - INFO - Median error:7.25
2024-04-21 20:03:48,284 - nerf2 - INFO - Median error:5.15
2024-04-21 20:03:48,322 - nerf2 - INFO - Median error:4.04
2024-04-21 20:03:48,359 - nerf2 - INFO - Median error:4.10
2024-04-21 20:03:48,397 - nerf2 - INFO - Median error:5.86
2024-04-21 20:03:48,435 - nerf2 - INFO - Median error:5.46
2024-04-21 20:03:48,472 - nerf2 - INFO - Median error:6.64
2024-04-21 20:03:48,510 - nerf2 - INFO - Median error:4.43
2024-04-21 20:03:48,548 - nerf2 - INFO - Median error:4.99
2024-04-21 20:03:48,585 - nerf2 - INFO - Median error:5.75
2024-04-21 20:03:48,623 - nerf2 - INFO - Median error:7.23
2024-04-21 20:03:48,661 - nerf2 - INFO - Median error:3.86
2024-04-21 20:03:48,699 - nerf2 - INFO - Median error:4.57
2024-04-21 20:03:48,736 - nerf2 - INFO - Median error:4.05
2024-04-21 20:03:48,774 - nerf2 - INFO - Median error:5.76
2024-04-21 20:03:48,812 - nerf2 - INFO - Median error:5.59
2024-04-21 20:03:48,849 - nerf2 - INFO - Median error:4.53
2024-04-21 20:03:48,887 - nerf2 - INFO - Median error:3.31
2024-04-21 20:03:48,925 - nerf2 - INFO - Median error:2.88
2024-04-21 20:03:48,962 - nerf2 - INFO - Median error:3.63
2024-04-21 20:03:49,000 - nerf2 - INFO - Median error:4.33
2024-04-21 20:03:49,038 - nerf2 - INFO - Median error:3.53
2024-04-21 20:03:49,075 - nerf2 - INFO - Median error:6.19
2024-04-21 20:03:49,113 - nerf2 - INFO - Median error:5.10
2024-04-21 20:03:49,151 - nerf2 - INFO - Median error:4.90
2024-04-21 20:03:49,188 - nerf2 - INFO - Median error:4.98
2024-04-21 20:03:49,226 - nerf2 - INFO - Median error:6.00
2024-04-21 20:03:49,264 - nerf2 - INFO - Median error:5.25
2024-04-21 20:03:49,301 - nerf2 - INFO - Median error:6.19
2024-04-21 20:03:49,339 - nerf2 - INFO - Median error:4.19
2024-04-21 20:03:49,377 - nerf2 - INFO - Median error:5.26
2024-04-21 20:03:49,414 - nerf2 - INFO - Median error:4.99
2024-04-21 20:03:49,452 - nerf2 - INFO - Median error:6.45
2024-04-21 20:03:49,490 - nerf2 - INFO - Median error:5.42
2024-04-21 20:03:49,527 - nerf2 - INFO - Median error:6.16
2024-04-21 20:03:49,565 - nerf2 - INFO - Median error:3.71
2024-04-21 20:03:49,603 - nerf2 - INFO - Median error:3.85
2024-04-21 20:03:49,640 - nerf2 - INFO - Median error:5.05
2024-04-21 20:03:49,678 - nerf2 - INFO - Median error:3.44
2024-04-21 20:03:49,716 - nerf2 - INFO - Median error:5.40
2024-04-21 20:03:49,754 - nerf2 - INFO - Median error:4.76
2024-04-21 20:03:49,791 - nerf2 - INFO - Median error:4.58
2024-04-21 20:03:49,829 - nerf2 - INFO - Median error:4.59
2024-04-21 20:03:49,867 - nerf2 - INFO - Median error:3.86
2024-04-21 20:03:49,904 - nerf2 - INFO - Median error:5.46
2024-04-21 20:03:49,942 - nerf2 - INFO - Median error:5.51
2024-04-21 20:03:49,980 - nerf2 - INFO - Median error:4.15
2024-04-21 20:03:50,017 - nerf2 - INFO - Median error:6.54
2024-04-21 20:03:50,055 - nerf2 - INFO - Median error:6.62
2024-04-21 20:03:50,093 - nerf2 - INFO - Median error:5.75
2024-04-21 20:03:50,131 - nerf2 - INFO - Median error:5.11
2024-04-21 20:03:50,168 - nerf2 - INFO - Median error:4.51
2024-04-21 20:03:50,206 - nerf2 - INFO - Median error:3.48
2024-04-21 20:03:50,244 - nerf2 - INFO - Median error:5.05
2024-04-21 20:03:50,281 - nerf2 - INFO - Median error:5.82
2024-04-21 20:03:50,319 - nerf2 - INFO - Median error:4.72
2024-04-21 20:03:50,357 - nerf2 - INFO - Median error:5.01
2024-04-21 20:03:50,394 - nerf2 - INFO - Median error:3.48
2024-04-21 20:03:50,432 - nerf2 - INFO - Median error:4.01
2024-04-21 20:03:50,470 - nerf2 - INFO - Median error:4.61
2024-04-21 20:03:50,508 - nerf2 - INFO - Median error:6.76
2024-04-21 20:03:50,545 - nerf2 - INFO - Median error:4.84
2024-04-21 20:03:50,583 - nerf2 - INFO - Median error:4.89
2024-04-21 20:03:50,621 - nerf2 - INFO - Median error:4.48
2024-04-21 20:03:50,658 - nerf2 - INFO - Median error:4.78
2024-04-21 20:03:50,696 - nerf2 - INFO - Median error:7.03
2024-04-21 20:03:50,734 - nerf2 - INFO - Median error:4.23
2024-04-21 20:03:50,771 - nerf2 - INFO - Median error:5.78
2024-04-21 20:03:50,809 - nerf2 - INFO - Median error:4.95
2024-04-21 20:03:50,847 - nerf2 - INFO - Median error:5.30
2024-04-21 20:03:50,885 - nerf2 - INFO - Median error:4.67
2024-04-21 20:03:50,922 - nerf2 - INFO - Median error:5.21
2024-04-21 20:03:50,960 - nerf2 - INFO - Median error:4.66
2024-04-21 20:03:50,998 - nerf2 - INFO - Median error:6.45
2024-04-21 20:03:51,035 - nerf2 - INFO - Median error:5.98
2024-04-21 20:03:51,073 - nerf2 - INFO - Median error:5.05
2024-04-21 20:03:51,111 - nerf2 - INFO - Median error:3.27
2024-04-21 20:03:51,149 - nerf2 - INFO - Median error:4.92
2024-04-21 20:03:51,186 - nerf2 - INFO - Median error:3.52
2024-04-21 20:03:51,224 - nerf2 - INFO - Median error:5.33
2024-04-21 20:03:51,261 - nerf2 - INFO - Median error:5.20
2024-04-21 20:03:51,299 - nerf2 - INFO - Median error:4.99
2024-04-21 20:03:51,337 - nerf2 - INFO - Median error:5.82
2024-04-21 20:03:51,374 - nerf2 - INFO - Median error:4.16
2024-04-21 20:03:51,412 - nerf2 - INFO - Median error:5.97
2024-04-21 20:03:51,450 - nerf2 - INFO - Median error:3.98
2024-04-21 20:03:51,487 - nerf2 - INFO - Median error:7.06
2024-04-21 20:03:51,525 - nerf2 - INFO - Median error:4.28
2024-04-21 20:03:51,563 - nerf2 - INFO - Median error:6.52
2024-04-21 20:03:51,618 - nerf2 - INFO - Median error:3.68
2024-04-21 20:03:51,655 - nerf2 - INFO - Median error:4.86
2024-04-21 20:03:51,693 - nerf2 - INFO - Median error:6.45
2024-04-21 20:03:51,731 - nerf2 - INFO - Median error:4.32
2024-04-21 20:03:51,768 - nerf2 - INFO - Median error:4.93
2024-04-21 20:03:51,806 - nerf2 - INFO - Median error:5.17
2024-04-21 20:03:51,844 - nerf2 - INFO - Median error:4.54
2024-04-21 20:03:51,882 - nerf2 - INFO - Median error:5.33
2024-04-21 20:03:51,919 - nerf2 - INFO - Median error:5.25
2024-04-21 20:03:51,957 - nerf2 - INFO - Median error:4.19
2024-04-21 20:03:51,995 - nerf2 - INFO - Median error:6.06
2024-04-21 20:03:52,032 - nerf2 - INFO - Median error:5.53
2024-04-21 20:03:52,070 - nerf2 - INFO - Median error:4.61
2024-04-21 20:03:52,108 - nerf2 - INFO - Median error:4.20
2024-04-21 20:03:52,145 - nerf2 - INFO - Median error:4.60
2024-04-21 20:03:52,183 - nerf2 - INFO - Median error:7.65
2024-04-21 20:03:52,221 - nerf2 - INFO - Median error:6.40
2024-04-21 20:03:52,258 - nerf2 - INFO - Median error:5.21
2024-04-21 20:03:52,296 - nerf2 - INFO - Median error:6.18
2024-04-21 20:03:52,334 - nerf2 - INFO - Median error:4.74
2024-04-21 20:03:52,372 - nerf2 - INFO - Median error:4.00
2024-04-21 20:03:52,409 - nerf2 - INFO - Median error:3.64
2024-04-21 20:03:52,447 - nerf2 - INFO - Median error:3.86
2024-04-21 20:03:52,485 - nerf2 - INFO - Median error:3.92
2024-04-21 20:03:52,522 - nerf2 - INFO - Median error:4.57
2024-04-21 20:03:52,560 - nerf2 - INFO - Median error:5.62
2024-04-21 20:03:52,598 - nerf2 - INFO - Median error:5.33
2024-04-21 20:03:52,635 - nerf2 - INFO - Median error:5.97
2024-04-21 20:03:52,673 - nerf2 - INFO - Median error:4.53
2024-04-21 20:03:52,711 - nerf2 - INFO - Median error:4.26
2024-04-21 20:03:52,748 - nerf2 - INFO - Median error:7.26
2024-04-21 20:03:52,786 - nerf2 - INFO - Median error:5.37
2024-04-21 20:03:52,824 - nerf2 - INFO - Median error:4.58
2024-04-21 20:03:52,861 - nerf2 - INFO - Median error:5.20
2024-04-21 20:03:52,899 - nerf2 - INFO - Median error:3.68
2024-04-21 20:03:52,937 - nerf2 - INFO - Median error:4.36
2024-04-21 20:03:52,975 - nerf2 - INFO - Median error:6.69
2024-04-21 20:03:53,012 - nerf2 - INFO - Median error:4.10
2024-04-21 20:03:53,050 - nerf2 - INFO - Median error:6.51
2024-04-21 20:03:53,088 - nerf2 - INFO - Median error:8.84
2024-04-21 20:03:53,125 - nerf2 - INFO - Median error:6.22
2024-04-21 20:03:53,163 - nerf2 - INFO - Median error:7.77
2024-04-21 20:03:53,201 - nerf2 - INFO - Median error:4.27
2024-04-21 20:03:53,238 - nerf2 - INFO - Median error:4.61
2024-04-21 20:03:53,276 - nerf2 - INFO - Median error:4.84
2024-04-21 20:03:53,314 - nerf2 - INFO - Median error:5.51
2024-04-21 20:03:53,352 - nerf2 - INFO - Median error:4.17
2024-04-21 20:03:53,389 - nerf2 - INFO - Median error:5.72
2024-04-21 20:03:53,427 - nerf2 - INFO - Median error:3.75
2024-04-21 20:03:53,465 - nerf2 - INFO - Median error:5.09
2024-04-21 20:03:53,502 - nerf2 - INFO - Median error:4.95
2024-04-21 20:03:53,540 - nerf2 - INFO - Median error:4.48
2024-04-21 20:03:53,578 - nerf2 - INFO - Median error:6.40
2024-04-21 20:03:53,615 - nerf2 - INFO - Median error:5.12
2024-04-21 20:03:53,645 - nerf2 - INFO - Median error:4.06
2024-04-21 20:03:53,657 - nerf2 - INFO - Total Median error:5.07
