2024-04-17 16:35:06,793 - nerf2 - INFO - expname:ble-rssi-exp2-v1-595-minusz-half, datadir:data/BLE/, logdir:logs/BLE/
2024-04-17 16:35:09,206 - nerf2 - INFO - Total number of parameters: 690564
2024-04-17 16:35:09,208 - nerf2 - INFO - Found ckpts []
2024-04-17 16:35:09,208 - nerf2 - INFO - Loading training set...
2024-04-17 16:35:09,549 - nerf2 - INFO - Loading test set...
2024-04-17 16:35:13,230 - nerf2 - INFO - Train set size:2100, Test set size:39900
2024-04-17 16:35:13,230 - nerf2 - INFO - Start training. Current Iteration:1
2024-04-17 17:13:17,944 - nerf2 - INFO - expname:ble-rssi-exp2-v1-595-minusz-half, datadir:data/BLE/, logdir:logs/BLE/
2024-04-17 17:13:18,610 - nerf2 - INFO - Total number of parameters: 690564
2024-04-17 17:13:18,611 - nerf2 - INFO - Found ckpts ['logs/BLE/ble-rssi-exp2-v1-595-minusz-half/ckpts/029800.tar', 'logs/BLE/ble-rssi-exp2-v1-595-minusz-half/ckpts/029900.tar', 'logs/BLE/ble-rssi-exp2-v1-595-minusz-half/ckpts/030000.tar']
2024-04-17 17:13:18,612 - nerf2 - INFO - Loading ckpt logs/BLE/ble-rssi-exp2-v1-595-minusz-half/ckpts/030000.tar
2024-04-17 17:13:18,642 - nerf2 - INFO - Loading training set...
2024-04-17 17:13:18,918 - nerf2 - INFO - Loading test set...
2024-04-17 17:13:22,613 - nerf2 - INFO - Train set size:2100, Test set size:39900
2024-04-17 17:13:22,613 - nerf2 - INFO - Start evaluation
2024-04-17 17:13:22,958 - nerf2 - INFO - Median error:3.68
2024-04-17 17:13:23,000 - nerf2 - INFO - Median error:3.73
2024-04-17 17:13:23,041 - nerf2 - INFO - Median error:5.57
2024-04-17 17:13:23,081 - nerf2 - INFO - Median error:3.98
2024-04-17 17:13:23,122 - nerf2 - INFO - Median error:3.60
2024-04-17 17:13:23,162 - nerf2 - INFO - Median error:4.06
2024-04-17 17:13:23,200 - nerf2 - INFO - Median error:4.14
2024-04-17 17:13:23,238 - nerf2 - INFO - Median error:3.47
2024-04-17 17:13:23,276 - nerf2 - INFO - Median error:4.21
2024-04-17 17:13:23,315 - nerf2 - INFO - Median error:4.46
2024-04-17 17:13:23,353 - nerf2 - INFO - Median error:5.05
2024-04-17 17:13:23,390 - nerf2 - INFO - Median error:8.39
2024-04-17 17:13:23,428 - nerf2 - INFO - Median error:4.08
2024-04-17 17:13:23,466 - nerf2 - INFO - Median error:3.21
2024-04-17 17:13:23,504 - nerf2 - INFO - Median error:6.73
2024-04-17 17:13:23,542 - nerf2 - INFO - Median error:5.74
2024-04-17 17:13:23,580 - nerf2 - INFO - Median error:5.45
2024-04-17 17:13:23,618 - nerf2 - INFO - Median error:4.76
2024-04-17 17:13:23,655 - nerf2 - INFO - Median error:3.53
2024-04-17 17:13:23,693 - nerf2 - INFO - Median error:3.52
2024-04-17 17:13:23,731 - nerf2 - INFO - Median error:10.15
2024-04-17 17:13:23,769 - nerf2 - INFO - Median error:5.79
2024-04-17 17:13:23,807 - nerf2 - INFO - Median error:3.93
2024-04-17 17:13:23,845 - nerf2 - INFO - Median error:3.75
2024-04-17 17:13:23,883 - nerf2 - INFO - Median error:4.94
2024-04-17 17:13:23,921 - nerf2 - INFO - Median error:3.62
2024-04-17 17:13:23,958 - nerf2 - INFO - Median error:5.02
2024-04-17 17:13:23,996 - nerf2 - INFO - Median error:4.65
2024-04-17 17:13:24,034 - nerf2 - INFO - Median error:4.72
2024-04-17 17:13:24,072 - nerf2 - INFO - Median error:3.55
2024-04-17 17:13:24,110 - nerf2 - INFO - Median error:5.84
2024-04-17 17:13:24,148 - nerf2 - INFO - Median error:5.17
2024-04-17 17:13:24,186 - nerf2 - INFO - Median error:3.97
2024-04-17 17:13:24,223 - nerf2 - INFO - Median error:6.84
2024-04-17 17:13:24,261 - nerf2 - INFO - Median error:3.73
2024-04-17 17:13:24,299 - nerf2 - INFO - Median error:4.88
2024-04-17 17:13:24,337 - nerf2 - INFO - Median error:3.74
2024-04-17 17:13:24,375 - nerf2 - INFO - Median error:5.22
2024-04-17 17:13:24,413 - nerf2 - INFO - Median error:3.68
2024-04-17 17:13:24,451 - nerf2 - INFO - Median error:4.71
2024-04-17 17:13:24,489 - nerf2 - INFO - Median error:5.81
2024-04-17 17:13:24,526 - nerf2 - INFO - Median error:6.47
2024-04-17 17:13:24,564 - nerf2 - INFO - Median error:4.44
2024-04-17 17:13:24,602 - nerf2 - INFO - Median error:4.31
2024-04-17 17:13:24,640 - nerf2 - INFO - Median error:7.28
2024-04-17 17:13:24,678 - nerf2 - INFO - Median error:6.18
2024-04-17 17:13:24,716 - nerf2 - INFO - Median error:3.64
2024-04-17 17:13:24,754 - nerf2 - INFO - Median error:4.78
2024-04-17 17:13:24,792 - nerf2 - INFO - Median error:4.11
2024-04-17 17:13:24,830 - nerf2 - INFO - Median error:5.29
2024-04-17 17:13:24,868 - nerf2 - INFO - Median error:5.79
2024-04-17 17:13:24,905 - nerf2 - INFO - Median error:4.42
2024-04-17 17:13:24,943 - nerf2 - INFO - Median error:4.41
2024-04-17 17:13:24,981 - nerf2 - INFO - Median error:3.75
2024-04-17 17:13:25,019 - nerf2 - INFO - Median error:4.78
2024-04-17 17:13:25,057 - nerf2 - INFO - Median error:5.52
2024-04-17 17:13:25,095 - nerf2 - INFO - Median error:6.30
2024-04-17 17:13:25,133 - nerf2 - INFO - Median error:4.45
2024-04-17 17:13:25,170 - nerf2 - INFO - Median error:4.08
2024-04-17 17:13:25,208 - nerf2 - INFO - Median error:4.35
2024-04-17 17:13:25,246 - nerf2 - INFO - Median error:4.48
2024-04-17 17:13:25,284 - nerf2 - INFO - Median error:7.02
2024-04-17 17:13:25,322 - nerf2 - INFO - Median error:3.73
2024-04-17 17:13:25,359 - nerf2 - INFO - Median error:4.43
2024-04-17 17:13:25,397 - nerf2 - INFO - Median error:4.20
2024-04-17 17:13:25,435 - nerf2 - INFO - Median error:7.39
2024-04-17 17:13:25,473 - nerf2 - INFO - Median error:6.06
2024-04-17 17:13:25,512 - nerf2 - INFO - Median error:3.80
2024-04-17 17:13:25,550 - nerf2 - INFO - Median error:3.79
2024-04-17 17:13:25,588 - nerf2 - INFO - Median error:3.91
2024-04-17 17:13:25,626 - nerf2 - INFO - Median error:5.35
2024-04-17 17:13:25,664 - nerf2 - INFO - Median error:4.85
2024-04-17 17:13:25,702 - nerf2 - INFO - Median error:6.15
2024-04-17 17:13:25,740 - nerf2 - INFO - Median error:5.75
2024-04-17 17:13:25,777 - nerf2 - INFO - Median error:5.90
2024-04-17 17:13:25,815 - nerf2 - INFO - Median error:4.14
2024-04-17 17:13:25,853 - nerf2 - INFO - Median error:3.53
2024-04-17 17:13:25,891 - nerf2 - INFO - Median error:4.26
2024-04-17 17:13:25,929 - nerf2 - INFO - Median error:4.73
2024-04-17 17:13:25,967 - nerf2 - INFO - Median error:3.68
2024-04-17 17:13:26,005 - nerf2 - INFO - Median error:5.14
2024-04-17 17:13:26,042 - nerf2 - INFO - Median error:3.32
2024-04-17 17:13:26,080 - nerf2 - INFO - Median error:3.79
2024-04-17 17:13:26,118 - nerf2 - INFO - Median error:5.79
2024-04-17 17:13:26,156 - nerf2 - INFO - Median error:4.37
2024-04-17 17:13:26,194 - nerf2 - INFO - Median error:5.36
2024-04-17 17:13:26,232 - nerf2 - INFO - Median error:6.13
2024-04-17 17:13:26,270 - nerf2 - INFO - Median error:3.37
2024-04-17 17:13:26,308 - nerf2 - INFO - Median error:6.73
2024-04-17 17:13:26,345 - nerf2 - INFO - Median error:6.72
2024-04-17 17:13:26,383 - nerf2 - INFO - Median error:4.99
2024-04-17 17:13:26,422 - nerf2 - INFO - Median error:3.89
2024-04-17 17:13:26,459 - nerf2 - INFO - Median error:6.04
2024-04-17 17:13:26,497 - nerf2 - INFO - Median error:5.68
2024-04-17 17:13:26,535 - nerf2 - INFO - Median error:4.19
2024-04-17 17:13:26,573 - nerf2 - INFO - Median error:6.50
2024-04-17 17:13:26,611 - nerf2 - INFO - Median error:5.67
2024-04-17 17:13:26,649 - nerf2 - INFO - Median error:4.64
2024-04-17 17:13:26,687 - nerf2 - INFO - Median error:6.32
2024-04-17 17:13:26,725 - nerf2 - INFO - Median error:5.07
2024-04-17 17:13:26,762 - nerf2 - INFO - Median error:4.79
2024-04-17 17:13:26,800 - nerf2 - INFO - Median error:3.93
2024-04-17 17:13:26,838 - nerf2 - INFO - Median error:4.82
2024-04-17 17:13:26,877 - nerf2 - INFO - Median error:4.72
2024-04-17 17:13:26,914 - nerf2 - INFO - Median error:7.41
2024-04-17 17:13:26,952 - nerf2 - INFO - Median error:4.59
2024-04-17 17:13:26,990 - nerf2 - INFO - Median error:4.16
2024-04-17 17:13:27,028 - nerf2 - INFO - Median error:4.70
2024-04-17 17:13:27,066 - nerf2 - INFO - Median error:3.82
2024-04-17 17:13:27,104 - nerf2 - INFO - Median error:4.19
2024-04-17 17:13:27,142 - nerf2 - INFO - Median error:5.25
2024-04-17 17:13:27,180 - nerf2 - INFO - Median error:4.94
2024-04-17 17:13:27,218 - nerf2 - INFO - Median error:5.28
2024-04-17 17:13:27,256 - nerf2 - INFO - Median error:4.45
2024-04-17 17:13:27,293 - nerf2 - INFO - Median error:5.82
2024-04-17 17:13:27,331 - nerf2 - INFO - Median error:6.10
2024-04-17 17:13:27,369 - nerf2 - INFO - Median error:4.96
2024-04-17 17:13:27,407 - nerf2 - INFO - Median error:4.83
2024-04-17 17:13:27,445 - nerf2 - INFO - Median error:4.40
2024-04-17 17:13:27,483 - nerf2 - INFO - Median error:3.34
2024-04-17 17:13:27,521 - nerf2 - INFO - Median error:5.19
2024-04-17 17:13:27,558 - nerf2 - INFO - Median error:4.28
2024-04-17 17:13:27,596 - nerf2 - INFO - Median error:4.07
2024-04-17 17:13:27,634 - nerf2 - INFO - Median error:3.58
2024-04-17 17:13:27,672 - nerf2 - INFO - Median error:6.09
2024-04-17 17:13:27,710 - nerf2 - INFO - Median error:5.06
2024-04-17 17:13:27,748 - nerf2 - INFO - Median error:4.72
2024-04-17 17:13:27,786 - nerf2 - INFO - Median error:4.99
2024-04-17 17:13:27,825 - nerf2 - INFO - Median error:3.80
2024-04-17 17:13:27,862 - nerf2 - INFO - Median error:3.74
2024-04-17 17:13:27,900 - nerf2 - INFO - Median error:4.15
2024-04-17 17:13:27,939 - nerf2 - INFO - Median error:5.73
2024-04-17 17:13:27,977 - nerf2 - INFO - Median error:5.11
2024-04-17 17:13:28,015 - nerf2 - INFO - Median error:4.77
2024-04-17 17:13:28,053 - nerf2 - INFO - Median error:5.04
2024-04-17 17:13:28,091 - nerf2 - INFO - Median error:6.82
2024-04-17 17:13:28,129 - nerf2 - INFO - Median error:4.20
2024-04-17 17:13:28,166 - nerf2 - INFO - Median error:5.10
2024-04-17 17:13:28,204 - nerf2 - INFO - Median error:6.04
2024-04-17 17:13:28,242 - nerf2 - INFO - Median error:5.92
2024-04-17 17:13:28,280 - nerf2 - INFO - Median error:6.42
2024-04-17 17:13:28,318 - nerf2 - INFO - Median error:3.69
2024-04-17 17:13:28,356 - nerf2 - INFO - Median error:3.99
2024-04-17 17:13:28,393 - nerf2 - INFO - Median error:3.56
2024-04-17 17:13:28,431 - nerf2 - INFO - Median error:4.81
2024-04-17 17:13:28,469 - nerf2 - INFO - Median error:4.36
2024-04-17 17:13:28,507 - nerf2 - INFO - Median error:4.60
2024-04-17 17:13:28,545 - nerf2 - INFO - Median error:6.00
2024-04-17 17:13:28,583 - nerf2 - INFO - Median error:4.20
2024-04-17 17:13:28,621 - nerf2 - INFO - Median error:4.84
2024-04-17 17:13:28,658 - nerf2 - INFO - Median error:4.74
2024-04-17 17:13:28,696 - nerf2 - INFO - Median error:5.19
2024-04-17 17:13:28,734 - nerf2 - INFO - Median error:5.46
2024-04-17 17:13:28,772 - nerf2 - INFO - Median error:5.32
2024-04-17 17:13:28,810 - nerf2 - INFO - Median error:4.71
2024-04-17 17:13:28,847 - nerf2 - INFO - Median error:3.41
2024-04-17 17:13:28,885 - nerf2 - INFO - Median error:3.78
2024-04-17 17:13:28,923 - nerf2 - INFO - Median error:5.85
2024-04-17 17:13:28,961 - nerf2 - INFO - Median error:4.67
2024-04-17 17:13:28,999 - nerf2 - INFO - Median error:4.55
2024-04-17 17:13:29,037 - nerf2 - INFO - Median error:6.41
2024-04-17 17:13:29,074 - nerf2 - INFO - Median error:4.07
2024-04-17 17:13:29,112 - nerf2 - INFO - Median error:4.52
2024-04-17 17:13:29,150 - nerf2 - INFO - Median error:4.92
2024-04-17 17:13:29,188 - nerf2 - INFO - Median error:4.40
2024-04-17 17:13:29,226 - nerf2 - INFO - Median error:4.98
2024-04-17 17:13:29,263 - nerf2 - INFO - Median error:5.66
2024-04-17 17:13:29,301 - nerf2 - INFO - Median error:6.34
2024-04-17 17:13:29,339 - nerf2 - INFO - Median error:5.50
2024-04-17 17:13:29,377 - nerf2 - INFO - Median error:4.98
2024-04-17 17:13:29,415 - nerf2 - INFO - Median error:3.52
2024-04-17 17:13:29,453 - nerf2 - INFO - Median error:4.75
2024-04-17 17:13:29,491 - nerf2 - INFO - Median error:6.06
2024-04-17 17:13:29,529 - nerf2 - INFO - Median error:5.43
2024-04-17 17:13:29,566 - nerf2 - INFO - Median error:6.09
2024-04-17 17:13:29,604 - nerf2 - INFO - Median error:4.44
2024-04-17 17:13:29,642 - nerf2 - INFO - Median error:4.89
2024-04-17 17:13:29,680 - nerf2 - INFO - Median error:5.43
2024-04-17 17:13:29,718 - nerf2 - INFO - Median error:7.82
2024-04-17 17:13:29,756 - nerf2 - INFO - Median error:3.55
2024-04-17 17:13:29,793 - nerf2 - INFO - Median error:4.58
2024-04-17 17:13:29,831 - nerf2 - INFO - Median error:3.13
2024-04-17 17:13:29,869 - nerf2 - INFO - Median error:4.93
2024-04-17 17:13:29,907 - nerf2 - INFO - Median error:5.21
2024-04-17 17:13:29,945 - nerf2 - INFO - Median error:4.35
2024-04-17 17:13:29,983 - nerf2 - INFO - Median error:4.21
2024-04-17 17:13:30,020 - nerf2 - INFO - Median error:3.50
2024-04-17 17:13:30,058 - nerf2 - INFO - Median error:3.65
2024-04-17 17:13:30,096 - nerf2 - INFO - Median error:6.40
2024-04-17 17:13:30,134 - nerf2 - INFO - Median error:4.10
2024-04-17 17:13:30,172 - nerf2 - INFO - Median error:5.84
2024-04-17 17:13:30,210 - nerf2 - INFO - Median error:4.02
2024-04-17 17:13:30,247 - nerf2 - INFO - Median error:4.02
2024-04-17 17:13:30,285 - nerf2 - INFO - Median error:5.01
2024-04-17 17:13:30,323 - nerf2 - INFO - Median error:3.37
2024-04-17 17:13:30,361 - nerf2 - INFO - Median error:3.90
2024-04-17 17:13:30,399 - nerf2 - INFO - Median error:6.88
2024-04-17 17:13:30,437 - nerf2 - INFO - Median error:4.38
2024-04-17 17:13:30,474 - nerf2 - INFO - Median error:4.54
2024-04-17 17:13:30,512 - nerf2 - INFO - Median error:4.40
2024-04-17 17:13:30,550 - nerf2 - INFO - Median error:5.27
2024-04-17 17:13:30,588 - nerf2 - INFO - Median error:4.77
2024-04-17 17:13:30,626 - nerf2 - INFO - Median error:4.97
2024-04-17 17:13:30,664 - nerf2 - INFO - Median error:5.07
2024-04-17 17:13:30,701 - nerf2 - INFO - Median error:3.67
2024-04-17 17:13:30,739 - nerf2 - INFO - Median error:5.21
2024-04-17 17:13:30,777 - nerf2 - INFO - Median error:3.40
2024-04-17 17:13:30,815 - nerf2 - INFO - Median error:4.54
2024-04-17 17:13:30,853 - nerf2 - INFO - Median error:3.63
2024-04-17 17:13:30,891 - nerf2 - INFO - Median error:4.20
2024-04-17 17:13:30,929 - nerf2 - INFO - Median error:4.62
2024-04-17 17:13:30,966 - nerf2 - INFO - Median error:3.78
2024-04-17 17:13:31,004 - nerf2 - INFO - Median error:4.75
2024-04-17 17:13:31,042 - nerf2 - INFO - Median error:4.48
2024-04-17 17:13:31,080 - nerf2 - INFO - Median error:3.22
2024-04-17 17:13:31,118 - nerf2 - INFO - Median error:4.66
2024-04-17 17:13:31,155 - nerf2 - INFO - Median error:5.51
2024-04-17 17:13:31,193 - nerf2 - INFO - Median error:3.77
2024-04-17 17:13:31,231 - nerf2 - INFO - Median error:5.75
2024-04-17 17:13:31,269 - nerf2 - INFO - Median error:4.30
2024-04-17 17:13:31,307 - nerf2 - INFO - Median error:3.44
2024-04-17 17:13:31,345 - nerf2 - INFO - Median error:4.08
2024-04-17 17:13:31,382 - nerf2 - INFO - Median error:6.03
2024-04-17 17:13:31,420 - nerf2 - INFO - Median error:4.05
2024-04-17 17:13:31,458 - nerf2 - INFO - Median error:3.93
2024-04-17 17:13:31,496 - nerf2 - INFO - Median error:3.33
2024-04-17 17:13:31,534 - nerf2 - INFO - Median error:4.89
2024-04-17 17:13:31,572 - nerf2 - INFO - Median error:4.85
2024-04-17 17:13:31,610 - nerf2 - INFO - Median error:8.25
2024-04-17 17:13:31,647 - nerf2 - INFO - Median error:3.80
2024-04-17 17:13:31,685 - nerf2 - INFO - Median error:4.05
2024-04-17 17:13:31,723 - nerf2 - INFO - Median error:3.53
2024-04-17 17:13:31,761 - nerf2 - INFO - Median error:4.57
2024-04-17 17:13:31,799 - nerf2 - INFO - Median error:6.01
2024-04-17 17:13:31,837 - nerf2 - INFO - Median error:4.39
2024-04-17 17:13:31,875 - nerf2 - INFO - Median error:7.22
2024-04-17 17:13:31,912 - nerf2 - INFO - Median error:4.04
2024-04-17 17:13:31,950 - nerf2 - INFO - Median error:4.29
2024-04-17 17:13:31,988 - nerf2 - INFO - Median error:3.81
2024-04-17 17:13:32,026 - nerf2 - INFO - Median error:4.70
2024-04-17 17:13:32,064 - nerf2 - INFO - Median error:3.93
2024-04-17 17:13:32,102 - nerf2 - INFO - Median error:3.94
2024-04-17 17:13:32,139 - nerf2 - INFO - Median error:5.38
2024-04-17 17:13:32,177 - nerf2 - INFO - Median error:4.38
2024-04-17 17:13:32,215 - nerf2 - INFO - Median error:4.02
2024-04-17 17:13:32,253 - nerf2 - INFO - Median error:4.66
2024-04-17 17:13:32,291 - nerf2 - INFO - Median error:3.58
2024-04-17 17:13:32,329 - nerf2 - INFO - Median error:4.99
2024-04-17 17:13:32,366 - nerf2 - INFO - Median error:4.94
2024-04-17 17:13:32,404 - nerf2 - INFO - Median error:4.43
2024-04-17 17:13:32,442 - nerf2 - INFO - Median error:4.98
2024-04-17 17:13:32,480 - nerf2 - INFO - Median error:4.77
2024-04-17 17:13:32,518 - nerf2 - INFO - Median error:4.29
2024-04-17 17:13:32,556 - nerf2 - INFO - Median error:6.18
2024-04-17 17:13:32,594 - nerf2 - INFO - Median error:5.98
2024-04-17 17:13:32,631 - nerf2 - INFO - Median error:4.73
2024-04-17 17:13:32,669 - nerf2 - INFO - Median error:5.80
2024-04-17 17:13:32,707 - nerf2 - INFO - Median error:4.01
2024-04-17 17:13:32,745 - nerf2 - INFO - Median error:5.36
2024-04-17 17:13:32,783 - nerf2 - INFO - Median error:6.11
2024-04-17 17:13:32,822 - nerf2 - INFO - Median error:4.12
2024-04-17 17:13:32,859 - nerf2 - INFO - Median error:4.47
2024-04-17 17:13:32,897 - nerf2 - INFO - Median error:5.02
2024-04-17 17:13:32,935 - nerf2 - INFO - Median error:5.54
2024-04-17 17:13:32,973 - nerf2 - INFO - Median error:4.52
2024-04-17 17:13:33,011 - nerf2 - INFO - Median error:4.59
2024-04-17 17:13:33,049 - nerf2 - INFO - Median error:3.51
2024-04-17 17:13:33,086 - nerf2 - INFO - Median error:5.98
2024-04-17 17:13:33,124 - nerf2 - INFO - Median error:4.69
2024-04-17 17:13:33,162 - nerf2 - INFO - Median error:2.80
2024-04-17 17:13:33,200 - nerf2 - INFO - Median error:4.04
2024-04-17 17:13:33,238 - nerf2 - INFO - Median error:4.72
2024-04-17 17:13:33,275 - nerf2 - INFO - Median error:5.00
2024-04-17 17:13:33,313 - nerf2 - INFO - Median error:5.68
2024-04-17 17:13:33,351 - nerf2 - INFO - Median error:5.40
2024-04-17 17:13:33,389 - nerf2 - INFO - Median error:4.41
2024-04-17 17:13:33,427 - nerf2 - INFO - Median error:4.63
2024-04-17 17:13:33,464 - nerf2 - INFO - Median error:3.79
2024-04-17 17:13:33,502 - nerf2 - INFO - Median error:3.65
2024-04-17 17:13:33,540 - nerf2 - INFO - Median error:3.33
2024-04-17 17:13:33,578 - nerf2 - INFO - Median error:4.34
2024-04-17 17:13:33,616 - nerf2 - INFO - Median error:3.53
2024-04-17 17:13:33,654 - nerf2 - INFO - Median error:6.97
2024-04-17 17:13:33,692 - nerf2 - INFO - Median error:4.34
2024-04-17 17:13:33,729 - nerf2 - INFO - Median error:5.48
2024-04-17 17:13:33,767 - nerf2 - INFO - Median error:4.56
2024-04-17 17:13:33,805 - nerf2 - INFO - Median error:4.75
2024-04-17 17:13:33,843 - nerf2 - INFO - Median error:6.65
2024-04-17 17:13:33,881 - nerf2 - INFO - Median error:4.24
2024-04-17 17:13:33,919 - nerf2 - INFO - Median error:4.02
2024-04-17 17:13:33,956 - nerf2 - INFO - Median error:3.92
2024-04-17 17:13:33,994 - nerf2 - INFO - Median error:3.97
2024-04-17 17:13:34,032 - nerf2 - INFO - Median error:5.59
2024-04-17 17:13:34,070 - nerf2 - INFO - Median error:7.16
2024-04-17 17:13:34,123 - nerf2 - INFO - Median error:4.62
2024-04-17 17:13:34,163 - nerf2 - INFO - Median error:6.10
2024-04-17 17:13:34,200 - nerf2 - INFO - Median error:5.48
2024-04-17 17:13:34,238 - nerf2 - INFO - Median error:4.22
2024-04-17 17:13:34,276 - nerf2 - INFO - Median error:7.52
2024-04-17 17:13:34,314 - nerf2 - INFO - Median error:4.46
2024-04-17 17:13:34,352 - nerf2 - INFO - Median error:4.23
2024-04-17 17:13:34,390 - nerf2 - INFO - Median error:5.48
2024-04-17 17:13:34,428 - nerf2 - INFO - Median error:6.16
2024-04-17 17:13:34,466 - nerf2 - INFO - Median error:5.93
2024-04-17 17:13:34,503 - nerf2 - INFO - Median error:4.39
2024-04-17 17:13:34,541 - nerf2 - INFO - Median error:4.36
2024-04-17 17:13:34,579 - nerf2 - INFO - Median error:4.90
2024-04-17 17:13:34,617 - nerf2 - INFO - Median error:5.44
2024-04-17 17:13:34,655 - nerf2 - INFO - Median error:4.14
2024-04-17 17:13:34,693 - nerf2 - INFO - Median error:5.19
2024-04-17 17:13:34,730 - nerf2 - INFO - Median error:5.71
2024-04-17 17:13:34,758 - nerf2 - INFO - Median error:4.03
2024-04-17 17:13:34,772 - nerf2 - INFO - Total Median error:4.73
