2024-04-16 17:50:00,420 - nerf2 - INFO - expname:ble-rssi-exp2-v0-595-plusz-half, datadir:data/BLE/, logdir:logs/BLE/
2024-04-16 17:50:01,097 - nerf2 - INFO - Total number of parameters: 690564
2024-04-16 17:50:01,099 - nerf2 - INFO - Found ckpts []
2024-04-16 17:50:01,099 - nerf2 - INFO - Loading training set...
2024-04-16 17:50:01,341 - nerf2 - INFO - Loading test set...
2024-04-16 17:50:04,105 - nerf2 - INFO - Train set size:2100, Test set size:39900
2024-04-16 17:50:04,105 - nerf2 - INFO - Start training. Current Iteration:1
2024-04-16 18:28:02,672 - nerf2 - INFO - expname:ble-rssi-exp2-v0-595-plusz-half, datadir:data/BLE/, logdir:logs/BLE/
2024-04-16 18:28:03,349 - nerf2 - INFO - Total number of parameters: 690564
2024-04-16 18:28:03,350 - nerf2 - INFO - Found ckpts ['logs/BLE/ble-rssi-exp2-v0-595-plusz-half/ckpts/029800.tar', 'logs/BLE/ble-rssi-exp2-v0-595-plusz-half/ckpts/029900.tar', 'logs/BLE/ble-rssi-exp2-v0-595-plusz-half/ckpts/030000.tar']
2024-04-16 18:28:03,351 - nerf2 - INFO - Loading ckpt logs/BLE/ble-rssi-exp2-v0-595-plusz-half/ckpts/030000.tar
2024-04-16 18:28:03,381 - nerf2 - INFO - Loading training set...
2024-04-16 18:28:03,627 - nerf2 - INFO - Loading test set...
2024-04-16 18:28:06,370 - nerf2 - INFO - Train set size:2100, Test set size:39900
2024-04-16 18:28:06,370 - nerf2 - INFO - Start evaluation
2024-04-16 18:28:06,717 - nerf2 - INFO - Median error:3.41
2024-04-16 18:28:06,760 - nerf2 - INFO - Median error:4.08
2024-04-16 18:28:06,802 - nerf2 - INFO - Median error:4.27
2024-04-16 18:28:06,843 - nerf2 - INFO - Median error:6.15
2024-04-16 18:28:06,882 - nerf2 - INFO - Median error:4.59
2024-04-16 18:28:06,922 - nerf2 - INFO - Median error:4.49
2024-04-16 18:28:06,961 - nerf2 - INFO - Median error:4.14
2024-04-16 18:28:07,001 - nerf2 - INFO - Median error:4.38
2024-04-16 18:28:07,040 - nerf2 - INFO - Median error:5.93
2024-04-16 18:28:07,079 - nerf2 - INFO - Median error:4.27
2024-04-16 18:28:07,118 - nerf2 - INFO - Median error:4.18
2024-04-16 18:28:07,158 - nerf2 - INFO - Median error:7.64
2024-04-16 18:28:07,197 - nerf2 - INFO - Median error:6.07
2024-04-16 18:28:07,236 - nerf2 - INFO - Median error:3.02
2024-04-16 18:28:07,275 - nerf2 - INFO - Median error:6.05
2024-04-16 18:28:07,314 - nerf2 - INFO - Median error:5.14
2024-04-16 18:28:07,354 - nerf2 - INFO - Median error:7.80
2024-04-16 18:28:07,393 - nerf2 - INFO - Median error:5.20
2024-04-16 18:28:07,432 - nerf2 - INFO - Median error:3.74
2024-04-16 18:28:07,471 - nerf2 - INFO - Median error:4.52
2024-04-16 18:28:07,510 - nerf2 - INFO - Median error:5.44
2024-04-16 18:28:07,549 - nerf2 - INFO - Median error:5.39
2024-04-16 18:28:07,589 - nerf2 - INFO - Median error:3.80
2024-04-16 18:28:07,631 - nerf2 - INFO - Median error:4.26
2024-04-16 18:28:07,670 - nerf2 - INFO - Median error:5.67
2024-04-16 18:28:07,709 - nerf2 - INFO - Median error:5.06
2024-04-16 18:28:07,748 - nerf2 - INFO - Median error:6.25
2024-04-16 18:28:07,787 - nerf2 - INFO - Median error:5.07
2024-04-16 18:28:07,827 - nerf2 - INFO - Median error:4.03
2024-04-16 18:28:07,866 - nerf2 - INFO - Median error:4.37
2024-04-16 18:28:07,905 - nerf2 - INFO - Median error:5.29
2024-04-16 18:28:07,944 - nerf2 - INFO - Median error:5.66
2024-04-16 18:28:07,983 - nerf2 - INFO - Median error:5.57
2024-04-16 18:28:08,022 - nerf2 - INFO - Median error:4.88
2024-04-16 18:28:08,061 - nerf2 - INFO - Median error:4.46
2024-04-16 18:28:08,101 - nerf2 - INFO - Median error:4.44
2024-04-16 18:28:08,140 - nerf2 - INFO - Median error:4.06
2024-04-16 18:28:08,179 - nerf2 - INFO - Median error:5.03
2024-04-16 18:28:08,218 - nerf2 - INFO - Median error:4.87
2024-04-16 18:28:08,257 - nerf2 - INFO - Median error:5.46
2024-04-16 18:28:08,296 - nerf2 - INFO - Median error:5.54
2024-04-16 18:28:08,335 - nerf2 - INFO - Median error:6.78
2024-04-16 18:28:08,375 - nerf2 - INFO - Median error:3.54
2024-04-16 18:28:08,414 - nerf2 - INFO - Median error:3.51
2024-04-16 18:28:08,453 - nerf2 - INFO - Median error:6.83
2024-04-16 18:28:08,492 - nerf2 - INFO - Median error:5.71
2024-04-16 18:28:08,531 - nerf2 - INFO - Median error:3.37
2024-04-16 18:28:08,570 - nerf2 - INFO - Median error:5.69
2024-04-16 18:28:08,610 - nerf2 - INFO - Median error:4.22
2024-04-16 18:28:08,649 - nerf2 - INFO - Median error:5.58
2024-04-16 18:28:08,688 - nerf2 - INFO - Median error:6.38
2024-04-16 18:28:08,727 - nerf2 - INFO - Median error:4.79
2024-04-16 18:28:08,766 - nerf2 - INFO - Median error:5.60
2024-04-16 18:28:08,805 - nerf2 - INFO - Median error:4.12
2024-04-16 18:28:08,844 - nerf2 - INFO - Median error:4.54
2024-04-16 18:28:08,883 - nerf2 - INFO - Median error:6.71
2024-04-16 18:28:08,923 - nerf2 - INFO - Median error:5.92
2024-04-16 18:28:08,962 - nerf2 - INFO - Median error:3.75
2024-04-16 18:28:09,001 - nerf2 - INFO - Median error:3.99
2024-04-16 18:28:09,040 - nerf2 - INFO - Median error:4.14
2024-04-16 18:28:09,079 - nerf2 - INFO - Median error:5.50
2024-04-16 18:28:09,118 - nerf2 - INFO - Median error:6.31
2024-04-16 18:28:09,157 - nerf2 - INFO - Median error:3.41
2024-04-16 18:28:09,197 - nerf2 - INFO - Median error:4.75
2024-04-16 18:28:09,236 - nerf2 - INFO - Median error:4.26
2024-04-16 18:28:09,275 - nerf2 - INFO - Median error:4.70
2024-04-16 18:28:09,314 - nerf2 - INFO - Median error:6.43
2024-04-16 18:28:09,353 - nerf2 - INFO - Median error:5.37
2024-04-16 18:28:09,392 - nerf2 - INFO - Median error:3.82
2024-04-16 18:28:09,432 - nerf2 - INFO - Median error:3.99
2024-04-16 18:28:09,471 - nerf2 - INFO - Median error:7.05
2024-04-16 18:28:09,510 - nerf2 - INFO - Median error:5.87
2024-04-16 18:28:09,549 - nerf2 - INFO - Median error:6.00
2024-04-16 18:28:09,588 - nerf2 - INFO - Median error:4.96
2024-04-16 18:28:09,627 - nerf2 - INFO - Median error:6.79
2024-04-16 18:28:09,666 - nerf2 - INFO - Median error:3.72
2024-04-16 18:28:09,706 - nerf2 - INFO - Median error:4.09
2024-04-16 18:28:09,745 - nerf2 - INFO - Median error:6.48
2024-04-16 18:28:09,784 - nerf2 - INFO - Median error:5.31
2024-04-16 18:28:09,823 - nerf2 - INFO - Median error:4.10
2024-04-16 18:28:09,862 - nerf2 - INFO - Median error:5.04
2024-04-16 18:28:09,901 - nerf2 - INFO - Median error:3.49
2024-04-16 18:28:09,941 - nerf2 - INFO - Median error:5.32
2024-04-16 18:28:09,980 - nerf2 - INFO - Median error:5.85
2024-04-16 18:28:10,019 - nerf2 - INFO - Median error:3.51
2024-04-16 18:28:10,058 - nerf2 - INFO - Median error:3.79
2024-04-16 18:28:10,097 - nerf2 - INFO - Median error:4.71
2024-04-16 18:28:10,137 - nerf2 - INFO - Median error:3.81
2024-04-16 18:28:10,176 - nerf2 - INFO - Median error:4.51
2024-04-16 18:28:10,215 - nerf2 - INFO - Median error:6.41
2024-04-16 18:28:10,254 - nerf2 - INFO - Median error:4.60
2024-04-16 18:28:10,293 - nerf2 - INFO - Median error:4.44
2024-04-16 18:28:10,333 - nerf2 - INFO - Median error:6.26
2024-04-16 18:28:10,372 - nerf2 - INFO - Median error:5.08
2024-04-16 18:28:10,411 - nerf2 - INFO - Median error:4.31
2024-04-16 18:28:10,450 - nerf2 - INFO - Median error:6.75
2024-04-16 18:28:10,489 - nerf2 - INFO - Median error:5.24
2024-04-16 18:28:10,528 - nerf2 - INFO - Median error:4.87
2024-04-16 18:28:10,567 - nerf2 - INFO - Median error:8.13
2024-04-16 18:28:10,606 - nerf2 - INFO - Median error:5.17
2024-04-16 18:28:10,646 - nerf2 - INFO - Median error:5.43
2024-04-16 18:28:10,685 - nerf2 - INFO - Median error:4.69
2024-04-16 18:28:10,724 - nerf2 - INFO - Median error:5.38
2024-04-16 18:28:10,763 - nerf2 - INFO - Median error:5.50
2024-04-16 18:28:10,802 - nerf2 - INFO - Median error:5.73
2024-04-16 18:28:10,841 - nerf2 - INFO - Median error:3.87
2024-04-16 18:28:10,880 - nerf2 - INFO - Median error:5.45
2024-04-16 18:28:10,920 - nerf2 - INFO - Median error:5.03
2024-04-16 18:28:10,959 - nerf2 - INFO - Median error:4.86
2024-04-16 18:28:10,998 - nerf2 - INFO - Median error:4.72
2024-04-16 18:28:11,037 - nerf2 - INFO - Median error:4.70
2024-04-16 18:28:11,076 - nerf2 - INFO - Median error:4.75
2024-04-16 18:28:11,115 - nerf2 - INFO - Median error:6.29
2024-04-16 18:28:11,154 - nerf2 - INFO - Median error:4.44
2024-04-16 18:28:11,193 - nerf2 - INFO - Median error:4.04
2024-04-16 18:28:11,233 - nerf2 - INFO - Median error:6.10
2024-04-16 18:28:11,272 - nerf2 - INFO - Median error:5.52
2024-04-16 18:28:11,311 - nerf2 - INFO - Median error:5.31
2024-04-16 18:28:11,350 - nerf2 - INFO - Median error:4.28
2024-04-16 18:28:11,389 - nerf2 - INFO - Median error:4.35
2024-04-16 18:28:11,429 - nerf2 - INFO - Median error:5.12
2024-04-16 18:28:11,468 - nerf2 - INFO - Median error:3.63
2024-04-16 18:28:11,507 - nerf2 - INFO - Median error:3.95
2024-04-16 18:28:11,546 - nerf2 - INFO - Median error:3.64
2024-04-16 18:28:11,585 - nerf2 - INFO - Median error:6.65
2024-04-16 18:28:11,624 - nerf2 - INFO - Median error:4.30
2024-04-16 18:28:11,664 - nerf2 - INFO - Median error:4.67
2024-04-16 18:28:11,703 - nerf2 - INFO - Median error:5.32
2024-04-16 18:28:11,742 - nerf2 - INFO - Median error:4.06
2024-04-16 18:28:11,781 - nerf2 - INFO - Median error:3.81
2024-04-16 18:28:11,820 - nerf2 - INFO - Median error:4.06
2024-04-16 18:28:11,859 - nerf2 - INFO - Median error:5.46
2024-04-16 18:28:11,899 - nerf2 - INFO - Median error:6.47
2024-04-16 18:28:11,938 - nerf2 - INFO - Median error:4.53
2024-04-16 18:28:11,977 - nerf2 - INFO - Median error:3.66
2024-04-16 18:28:12,016 - nerf2 - INFO - Median error:7.55
2024-04-16 18:28:12,055 - nerf2 - INFO - Median error:4.75
2024-04-16 18:28:12,095 - nerf2 - INFO - Median error:4.64
2024-04-16 18:28:12,134 - nerf2 - INFO - Median error:5.51
2024-04-16 18:28:12,173 - nerf2 - INFO - Median error:5.34
2024-04-16 18:28:12,212 - nerf2 - INFO - Median error:5.21
2024-04-16 18:28:12,251 - nerf2 - INFO - Median error:4.72
2024-04-16 18:28:12,291 - nerf2 - INFO - Median error:3.93
2024-04-16 18:28:12,330 - nerf2 - INFO - Median error:3.73
2024-04-16 18:28:12,369 - nerf2 - INFO - Median error:4.98
2024-04-16 18:28:12,408 - nerf2 - INFO - Median error:4.72
2024-04-16 18:28:12,447 - nerf2 - INFO - Median error:4.52
2024-04-16 18:28:12,486 - nerf2 - INFO - Median error:6.66
2024-04-16 18:28:12,526 - nerf2 - INFO - Median error:3.97
2024-04-16 18:28:12,565 - nerf2 - INFO - Median error:4.79
2024-04-16 18:28:12,604 - nerf2 - INFO - Median error:4.98
2024-04-16 18:28:12,643 - nerf2 - INFO - Median error:5.44
2024-04-16 18:28:12,682 - nerf2 - INFO - Median error:5.60
2024-04-16 18:28:12,721 - nerf2 - INFO - Median error:4.67
2024-04-16 18:28:12,761 - nerf2 - INFO - Median error:4.72
2024-04-16 18:28:12,800 - nerf2 - INFO - Median error:3.54
2024-04-16 18:28:12,839 - nerf2 - INFO - Median error:3.75
2024-04-16 18:28:12,878 - nerf2 - INFO - Median error:5.30
2024-04-16 18:28:12,917 - nerf2 - INFO - Median error:4.41
2024-04-16 18:28:12,956 - nerf2 - INFO - Median error:4.70
2024-04-16 18:28:12,996 - nerf2 - INFO - Median error:5.83
2024-04-16 18:28:13,035 - nerf2 - INFO - Median error:4.17
2024-04-16 18:28:13,074 - nerf2 - INFO - Median error:4.13
2024-04-16 18:28:13,113 - nerf2 - INFO - Median error:5.58
2024-04-16 18:28:13,152 - nerf2 - INFO - Median error:5.00
2024-04-16 18:28:13,191 - nerf2 - INFO - Median error:5.59
2024-04-16 18:28:13,230 - nerf2 - INFO - Median error:6.83
2024-04-16 18:28:13,270 - nerf2 - INFO - Median error:4.95
2024-04-16 18:28:13,309 - nerf2 - INFO - Median error:5.80
2024-04-16 18:28:13,348 - nerf2 - INFO - Median error:5.44
2024-04-16 18:28:13,387 - nerf2 - INFO - Median error:3.89
2024-04-16 18:28:13,426 - nerf2 - INFO - Median error:4.34
2024-04-16 18:28:13,466 - nerf2 - INFO - Median error:5.04
2024-04-16 18:28:13,505 - nerf2 - INFO - Median error:5.01
2024-04-16 18:28:13,544 - nerf2 - INFO - Median error:6.58
2024-04-16 18:28:13,583 - nerf2 - INFO - Median error:4.83
2024-04-16 18:28:13,622 - nerf2 - INFO - Median error:4.40
2024-04-16 18:28:13,662 - nerf2 - INFO - Median error:5.20
2024-04-16 18:28:13,701 - nerf2 - INFO - Median error:6.51
2024-04-16 18:28:13,740 - nerf2 - INFO - Median error:3.97
2024-04-16 18:28:13,780 - nerf2 - INFO - Median error:4.38
2024-04-16 18:28:13,819 - nerf2 - INFO - Median error:3.51
2024-04-16 18:28:13,858 - nerf2 - INFO - Median error:6.32
2024-04-16 18:28:13,897 - nerf2 - INFO - Median error:4.96
2024-04-16 18:28:13,936 - nerf2 - INFO - Median error:4.26
2024-04-16 18:28:13,975 - nerf2 - INFO - Median error:3.41
2024-04-16 18:28:14,015 - nerf2 - INFO - Median error:2.96
2024-04-16 18:28:14,054 - nerf2 - INFO - Median error:3.52
2024-04-16 18:28:14,093 - nerf2 - INFO - Median error:4.76
2024-04-16 18:28:14,132 - nerf2 - INFO - Median error:3.55
2024-04-16 18:28:14,172 - nerf2 - INFO - Median error:6.69
2024-04-16 18:28:14,211 - nerf2 - INFO - Median error:4.98
2024-04-16 18:28:14,250 - nerf2 - INFO - Median error:4.64
2024-04-16 18:28:14,289 - nerf2 - INFO - Median error:6.11
2024-04-16 18:28:14,328 - nerf2 - INFO - Median error:5.21
2024-04-16 18:28:14,367 - nerf2 - INFO - Median error:4.22
2024-04-16 18:28:14,407 - nerf2 - INFO - Median error:6.55
2024-04-16 18:28:14,446 - nerf2 - INFO - Median error:5.05
2024-04-16 18:28:14,488 - nerf2 - INFO - Median error:5.06
2024-04-16 18:28:14,527 - nerf2 - INFO - Median error:4.93
2024-04-16 18:28:14,566 - nerf2 - INFO - Median error:6.25
2024-04-16 18:28:14,605 - nerf2 - INFO - Median error:4.45
2024-04-16 18:28:14,644 - nerf2 - INFO - Median error:5.64
2024-04-16 18:28:14,683 - nerf2 - INFO - Median error:5.11
2024-04-16 18:28:14,723 - nerf2 - INFO - Median error:5.07
2024-04-16 18:28:14,762 - nerf2 - INFO - Median error:5.15
2024-04-16 18:28:14,801 - nerf2 - INFO - Median error:3.41
2024-04-16 18:28:14,840 - nerf2 - INFO - Median error:5.04
2024-04-16 18:28:14,879 - nerf2 - INFO - Median error:4.33
2024-04-16 18:28:14,918 - nerf2 - INFO - Median error:4.25
2024-04-16 18:28:14,972 - nerf2 - INFO - Median error:4.97
2024-04-16 18:28:15,012 - nerf2 - INFO - Median error:4.52
2024-04-16 18:28:15,051 - nerf2 - INFO - Median error:4.49
2024-04-16 18:28:15,090 - nerf2 - INFO - Median error:4.86
2024-04-16 18:28:15,129 - nerf2 - INFO - Median error:3.84
2024-04-16 18:28:15,168 - nerf2 - INFO - Median error:6.00
2024-04-16 18:28:15,207 - nerf2 - INFO - Median error:5.72
2024-04-16 18:28:15,247 - nerf2 - INFO - Median error:5.80
2024-04-16 18:28:15,286 - nerf2 - INFO - Median error:5.02
2024-04-16 18:28:15,325 - nerf2 - INFO - Median error:4.67
2024-04-16 18:28:15,364 - nerf2 - INFO - Median error:4.35
2024-04-16 18:28:15,403 - nerf2 - INFO - Median error:5.72
2024-04-16 18:28:15,442 - nerf2 - INFO - Median error:7.32
2024-04-16 18:28:15,481 - nerf2 - INFO - Median error:4.24
2024-04-16 18:28:15,521 - nerf2 - INFO - Median error:4.02
2024-04-16 18:28:15,560 - nerf2 - INFO - Median error:3.20
2024-04-16 18:28:15,599 - nerf2 - INFO - Median error:4.24
2024-04-16 18:28:15,638 - nerf2 - INFO - Median error:4.41
2024-04-16 18:28:15,677 - nerf2 - INFO - Median error:6.18
2024-04-16 18:28:15,717 - nerf2 - INFO - Median error:4.14
2024-04-16 18:28:15,756 - nerf2 - INFO - Median error:3.81
2024-04-16 18:28:15,795 - nerf2 - INFO - Median error:4.70
2024-04-16 18:28:15,834 - nerf2 - INFO - Median error:4.14
2024-04-16 18:28:15,873 - nerf2 - INFO - Median error:7.17
2024-04-16 18:28:15,912 - nerf2 - INFO - Median error:4.23
2024-04-16 18:28:15,952 - nerf2 - INFO - Median error:5.68
2024-04-16 18:28:15,991 - nerf2 - INFO - Median error:5.23
2024-04-16 18:28:16,030 - nerf2 - INFO - Median error:5.32
2024-04-16 18:28:16,069 - nerf2 - INFO - Median error:4.00
2024-04-16 18:28:16,108 - nerf2 - INFO - Median error:5.34
2024-04-16 18:28:16,147 - nerf2 - INFO - Median error:3.90
2024-04-16 18:28:16,187 - nerf2 - INFO - Median error:4.82
2024-04-16 18:28:16,226 - nerf2 - INFO - Median error:4.24
2024-04-16 18:28:16,265 - nerf2 - INFO - Median error:4.13
2024-04-16 18:28:16,304 - nerf2 - INFO - Median error:3.94
2024-04-16 18:28:16,343 - nerf2 - INFO - Median error:4.53
2024-04-16 18:28:16,382 - nerf2 - INFO - Median error:3.74
2024-04-16 18:28:16,422 - nerf2 - INFO - Median error:4.57
2024-04-16 18:28:16,461 - nerf2 - INFO - Median error:6.15
2024-04-16 18:28:16,500 - nerf2 - INFO - Median error:4.45
2024-04-16 18:28:16,539 - nerf2 - INFO - Median error:7.59
2024-04-16 18:28:16,578 - nerf2 - INFO - Median error:4.91
2024-04-16 18:28:16,618 - nerf2 - INFO - Median error:5.63
2024-04-16 18:28:16,657 - nerf2 - INFO - Median error:5.77
2024-04-16 18:28:16,696 - nerf2 - INFO - Median error:7.14
2024-04-16 18:28:16,735 - nerf2 - INFO - Median error:4.81
2024-04-16 18:28:16,774 - nerf2 - INFO - Median error:6.24
2024-04-16 18:28:16,813 - nerf2 - INFO - Median error:4.12
2024-04-16 18:28:16,852 - nerf2 - INFO - Median error:4.65
2024-04-16 18:28:16,892 - nerf2 - INFO - Median error:5.68
2024-04-16 18:28:16,931 - nerf2 - INFO - Median error:3.87
2024-04-16 18:28:16,970 - nerf2 - INFO - Median error:5.39
2024-04-16 18:28:17,009 - nerf2 - INFO - Median error:5.56
2024-04-16 18:28:17,048 - nerf2 - INFO - Median error:3.51
2024-04-16 18:28:17,087 - nerf2 - INFO - Median error:3.70
2024-04-16 18:28:17,126 - nerf2 - INFO - Median error:5.54
2024-04-16 18:28:17,166 - nerf2 - INFO - Median error:3.95
2024-04-16 18:28:17,205 - nerf2 - INFO - Median error:5.54
2024-04-16 18:28:17,244 - nerf2 - INFO - Median error:5.68
2024-04-16 18:28:17,283 - nerf2 - INFO - Median error:3.92
2024-04-16 18:28:17,322 - nerf2 - INFO - Median error:4.21
2024-04-16 18:28:17,361 - nerf2 - INFO - Median error:4.51
2024-04-16 18:28:17,400 - nerf2 - INFO - Median error:7.53
2024-04-16 18:28:17,439 - nerf2 - INFO - Median error:4.96
2024-04-16 18:28:17,479 - nerf2 - INFO - Median error:5.05
2024-04-16 18:28:17,518 - nerf2 - INFO - Median error:5.43
2024-04-16 18:28:17,557 - nerf2 - INFO - Median error:4.64
2024-04-16 18:28:17,596 - nerf2 - INFO - Median error:4.07
2024-04-16 18:28:17,635 - nerf2 - INFO - Median error:3.50
2024-04-16 18:28:17,674 - nerf2 - INFO - Median error:4.26
2024-04-16 18:28:17,714 - nerf2 - INFO - Median error:5.12
2024-04-16 18:28:17,753 - nerf2 - INFO - Median error:3.29
2024-04-16 18:28:17,792 - nerf2 - INFO - Median error:5.81
2024-04-16 18:28:17,831 - nerf2 - INFO - Median error:4.73
2024-04-16 18:28:17,871 - nerf2 - INFO - Median error:6.82
2024-04-16 18:28:17,910 - nerf2 - INFO - Median error:4.18
2024-04-16 18:28:17,949 - nerf2 - INFO - Median error:4.54
2024-04-16 18:28:17,988 - nerf2 - INFO - Median error:6.47
2024-04-16 18:28:18,028 - nerf2 - INFO - Median error:4.69
2024-04-16 18:28:18,067 - nerf2 - INFO - Median error:3.93
2024-04-16 18:28:18,106 - nerf2 - INFO - Median error:4.82
2024-04-16 18:28:18,145 - nerf2 - INFO - Median error:3.94
2024-04-16 18:28:18,184 - nerf2 - INFO - Median error:5.34
2024-04-16 18:28:18,224 - nerf2 - INFO - Median error:5.44
2024-04-16 18:28:18,263 - nerf2 - INFO - Median error:4.80
2024-04-16 18:28:18,302 - nerf2 - INFO - Median error:5.31
2024-04-16 18:28:18,341 - nerf2 - INFO - Median error:6.59
2024-04-16 18:28:18,380 - nerf2 - INFO - Median error:4.15
2024-04-16 18:28:18,420 - nerf2 - INFO - Median error:6.63
2024-04-16 18:28:18,459 - nerf2 - INFO - Median error:4.14
2024-04-16 18:28:18,498 - nerf2 - INFO - Median error:4.20
2024-04-16 18:28:18,537 - nerf2 - INFO - Median error:4.85
2024-04-16 18:28:18,576 - nerf2 - INFO - Median error:5.48
2024-04-16 18:28:18,615 - nerf2 - INFO - Median error:5.99
2024-04-16 18:28:18,654 - nerf2 - INFO - Median error:5.79
2024-04-16 18:28:18,694 - nerf2 - INFO - Median error:3.84
2024-04-16 18:28:18,733 - nerf2 - INFO - Median error:4.18
2024-04-16 18:28:18,772 - nerf2 - INFO - Median error:5.92
2024-04-16 18:28:18,811 - nerf2 - INFO - Median error:4.56
2024-04-16 18:28:18,850 - nerf2 - INFO - Median error:5.91
2024-04-16 18:28:18,903 - nerf2 - INFO - Median error:5.96
2024-04-16 18:28:18,933 - nerf2 - INFO - Median error:3.46
2024-04-16 18:28:18,944 - nerf2 - INFO - Total Median error:4.85
