2024-04-17 17:17:51,237 - nerf2 - INFO - expname:ble-rssi-exp2-v1-595-posz-half, datadir:data/BLE/, logdir:logs/BLE/
2024-04-17 17:17:51,911 - nerf2 - INFO - Total number of parameters: 690564
2024-04-17 17:17:51,913 - nerf2 - INFO - Found ckpts []
2024-04-17 17:17:51,913 - nerf2 - INFO - Loading training set...
2024-04-17 17:17:52,194 - nerf2 - INFO - Loading test set...
2024-04-17 17:17:55,912 - nerf2 - INFO - Train set size:2100, Test set size:39900
2024-04-17 17:17:55,913 - nerf2 - INFO - Start training. Current Iteration:1
2024-04-17 17:56:03,687 - nerf2 - INFO - expname:ble-rssi-exp2-v1-595-posz-half, datadir:data/BLE/, logdir:logs/BLE/
2024-04-17 17:56:04,349 - nerf2 - INFO - Total number of parameters: 690564
2024-04-17 17:56:04,350 - nerf2 - INFO - Found ckpts ['logs/BLE/ble-rssi-exp2-v1-595-posz-half/ckpts/029800.tar', 'logs/BLE/ble-rssi-exp2-v1-595-posz-half/ckpts/029900.tar', 'logs/BLE/ble-rssi-exp2-v1-595-posz-half/ckpts/030000.tar']
2024-04-17 17:56:04,350 - nerf2 - INFO - Loading ckpt logs/BLE/ble-rssi-exp2-v1-595-posz-half/ckpts/030000.tar
2024-04-17 17:56:04,380 - nerf2 - INFO - Loading training set...
2024-04-17 17:56:04,670 - nerf2 - INFO - Loading test set...
2024-04-17 17:56:08,349 - nerf2 - INFO - Train set size:2100, Test set size:39900
2024-04-17 17:56:08,349 - nerf2 - INFO - Start evaluation
2024-04-17 17:56:08,698 - nerf2 - INFO - Median error:3.33
2024-04-17 17:56:08,740 - nerf2 - INFO - Median error:3.84
2024-04-17 17:56:08,781 - nerf2 - INFO - Median error:5.03
2024-04-17 17:56:08,822 - nerf2 - INFO - Median error:4.75
2024-04-17 17:56:08,862 - nerf2 - INFO - Median error:4.13
2024-04-17 17:56:08,911 - nerf2 - INFO - Median error:4.95
2024-04-17 17:56:08,965 - nerf2 - INFO - Median error:4.24
2024-04-17 17:56:09,005 - nerf2 - INFO - Median error:4.27
2024-04-17 17:56:09,043 - nerf2 - INFO - Median error:4.79
2024-04-17 17:56:09,091 - nerf2 - INFO - Median error:4.38
2024-04-17 17:56:09,129 - nerf2 - INFO - Median error:4.15
2024-04-17 17:56:09,167 - nerf2 - INFO - Median error:5.82
2024-04-17 17:56:09,205 - nerf2 - INFO - Median error:4.17
2024-04-17 17:56:09,243 - nerf2 - INFO - Median error:3.14
2024-04-17 17:56:09,289 - nerf2 - INFO - Median error:5.37
2024-04-17 17:56:09,343 - nerf2 - INFO - Median error:4.88
2024-04-17 17:56:09,383 - nerf2 - INFO - Median error:5.80
2024-04-17 17:56:09,420 - nerf2 - INFO - Median error:4.51
2024-04-17 17:56:09,458 - nerf2 - INFO - Median error:4.02
2024-04-17 17:56:09,496 - nerf2 - INFO - Median error:4.83
2024-04-17 17:56:09,534 - nerf2 - INFO - Median error:8.27
2024-04-17 17:56:09,572 - nerf2 - INFO - Median error:6.46
2024-04-17 17:56:09,610 - nerf2 - INFO - Median error:3.68
2024-04-17 17:56:09,648 - nerf2 - INFO - Median error:4.16
2024-04-17 17:56:09,686 - nerf2 - INFO - Median error:4.42
2024-04-17 17:56:09,724 - nerf2 - INFO - Median error:4.12
2024-04-17 17:56:09,762 - nerf2 - INFO - Median error:4.59
2024-04-17 17:56:09,800 - nerf2 - INFO - Median error:3.70
2024-04-17 17:56:09,838 - nerf2 - INFO - Median error:4.50
2024-04-17 17:56:09,875 - nerf2 - INFO - Median error:4.55
2024-04-17 17:56:09,913 - nerf2 - INFO - Median error:4.69
2024-04-17 17:56:09,951 - nerf2 - INFO - Median error:4.48
2024-04-17 17:56:09,989 - nerf2 - INFO - Median error:3.97
2024-04-17 17:56:10,027 - nerf2 - INFO - Median error:5.25
2024-04-17 17:56:10,065 - nerf2 - INFO - Median error:3.92
2024-04-17 17:56:10,103 - nerf2 - INFO - Median error:4.41
2024-04-17 17:56:10,140 - nerf2 - INFO - Median error:3.97
2024-04-17 17:56:10,178 - nerf2 - INFO - Median error:5.59
2024-04-17 17:56:10,216 - nerf2 - INFO - Median error:3.55
2024-04-17 17:56:10,254 - nerf2 - INFO - Median error:6.27
2024-04-17 17:56:10,292 - nerf2 - INFO - Median error:4.68
2024-04-17 17:56:10,330 - nerf2 - INFO - Median error:5.78
2024-04-17 17:56:10,367 - nerf2 - INFO - Median error:4.39
2024-04-17 17:56:10,405 - nerf2 - INFO - Median error:4.51
2024-04-17 17:56:10,459 - nerf2 - INFO - Median error:5.68
2024-04-17 17:56:10,510 - nerf2 - INFO - Median error:5.12
2024-04-17 17:56:10,548 - nerf2 - INFO - Median error:3.72
2024-04-17 17:56:10,586 - nerf2 - INFO - Median error:4.50
2024-04-17 17:56:10,624 - nerf2 - INFO - Median error:4.36
2024-04-17 17:56:10,662 - nerf2 - INFO - Median error:5.71
2024-04-17 17:56:10,700 - nerf2 - INFO - Median error:5.29
2024-04-17 17:56:10,738 - nerf2 - INFO - Median error:3.81
2024-04-17 17:56:10,776 - nerf2 - INFO - Median error:5.72
2024-04-17 17:56:10,814 - nerf2 - INFO - Median error:4.25
2024-04-17 17:56:10,851 - nerf2 - INFO - Median error:4.29
2024-04-17 17:56:10,889 - nerf2 - INFO - Median error:5.28
2024-04-17 17:56:10,927 - nerf2 - INFO - Median error:5.50
2024-04-17 17:56:10,965 - nerf2 - INFO - Median error:4.08
2024-04-17 17:56:11,003 - nerf2 - INFO - Median error:4.09
2024-04-17 17:56:11,041 - nerf2 - INFO - Median error:4.04
2024-04-17 17:56:11,079 - nerf2 - INFO - Median error:4.86
2024-04-17 17:56:11,116 - nerf2 - INFO - Median error:6.04
2024-04-17 17:56:11,154 - nerf2 - INFO - Median error:4.51
2024-04-17 17:56:11,192 - nerf2 - INFO - Median error:3.83
2024-04-17 17:56:11,230 - nerf2 - INFO - Median error:4.09
2024-04-17 17:56:11,268 - nerf2 - INFO - Median error:4.96
2024-04-17 17:56:11,306 - nerf2 - INFO - Median error:6.02
2024-04-17 17:56:11,344 - nerf2 - INFO - Median error:3.76
2024-04-17 17:56:11,382 - nerf2 - INFO - Median error:4.71
2024-04-17 17:56:11,419 - nerf2 - INFO - Median error:4.23
2024-04-17 17:56:11,457 - nerf2 - INFO - Median error:6.06
2024-04-17 17:56:11,495 - nerf2 - INFO - Median error:4.36
2024-04-17 17:56:11,533 - nerf2 - INFO - Median error:6.09
2024-04-17 17:56:11,571 - nerf2 - INFO - Median error:5.03
2024-04-17 17:56:11,609 - nerf2 - INFO - Median error:5.73
2024-04-17 17:56:11,647 - nerf2 - INFO - Median error:3.38
2024-04-17 17:56:11,685 - nerf2 - INFO - Median error:4.16
2024-04-17 17:56:11,722 - nerf2 - INFO - Median error:5.71
2024-04-17 17:56:11,760 - nerf2 - INFO - Median error:5.23
2024-04-17 17:56:11,798 - nerf2 - INFO - Median error:3.98
2024-04-17 17:56:11,836 - nerf2 - INFO - Median error:4.79
2024-04-17 17:56:11,874 - nerf2 - INFO - Median error:3.20
2024-04-17 17:56:11,912 - nerf2 - INFO - Median error:5.00
2024-04-17 17:56:11,949 - nerf2 - INFO - Median error:4.84
2024-04-17 17:56:11,987 - nerf2 - INFO - Median error:4.33
2024-04-17 17:56:12,025 - nerf2 - INFO - Median error:4.76
2024-04-17 17:56:12,063 - nerf2 - INFO - Median error:5.36
2024-04-17 17:56:12,101 - nerf2 - INFO - Median error:3.58
2024-04-17 17:56:12,139 - nerf2 - INFO - Median error:5.06
2024-04-17 17:56:12,177 - nerf2 - INFO - Median error:6.36
2024-04-17 17:56:12,214 - nerf2 - INFO - Median error:4.31
2024-04-17 17:56:12,252 - nerf2 - INFO - Median error:4.39
2024-04-17 17:56:12,290 - nerf2 - INFO - Median error:5.47
2024-04-17 17:56:12,328 - nerf2 - INFO - Median error:5.32
2024-04-17 17:56:12,366 - nerf2 - INFO - Median error:4.27
2024-04-17 17:56:12,404 - nerf2 - INFO - Median error:5.65
2024-04-17 17:56:12,441 - nerf2 - INFO - Median error:5.56
2024-04-17 17:56:12,479 - nerf2 - INFO - Median error:4.93
2024-04-17 17:56:12,517 - nerf2 - INFO - Median error:6.33
2024-04-17 17:56:12,555 - nerf2 - INFO - Median error:4.15
2024-04-17 17:56:12,593 - nerf2 - INFO - Median error:4.82
2024-04-17 17:56:12,631 - nerf2 - INFO - Median error:4.43
2024-04-17 17:56:12,674 - nerf2 - INFO - Median error:4.66
2024-04-17 17:56:12,712 - nerf2 - INFO - Median error:5.48
2024-04-17 17:56:12,750 - nerf2 - INFO - Median error:4.84
2024-04-17 17:56:12,788 - nerf2 - INFO - Median error:3.64
2024-04-17 17:56:12,826 - nerf2 - INFO - Median error:5.37
2024-04-17 17:56:12,863 - nerf2 - INFO - Median error:5.52
2024-04-17 17:56:12,901 - nerf2 - INFO - Median error:4.28
2024-04-17 17:56:12,939 - nerf2 - INFO - Median error:4.75
2024-04-17 17:56:12,977 - nerf2 - INFO - Median error:4.83
2024-04-17 17:56:13,015 - nerf2 - INFO - Median error:4.41
2024-04-17 17:56:13,053 - nerf2 - INFO - Median error:5.11
2024-04-17 17:56:13,091 - nerf2 - INFO - Median error:4.04
2024-04-17 17:56:13,129 - nerf2 - INFO - Median error:5.20
2024-04-17 17:56:13,166 - nerf2 - INFO - Median error:5.40
2024-04-17 17:56:13,204 - nerf2 - INFO - Median error:3.89
2024-04-17 17:56:13,242 - nerf2 - INFO - Median error:5.96
2024-04-17 17:56:13,280 - nerf2 - INFO - Median error:4.87
2024-04-17 17:56:13,318 - nerf2 - INFO - Median error:3.95
2024-04-17 17:56:13,356 - nerf2 - INFO - Median error:4.61
2024-04-17 17:56:13,394 - nerf2 - INFO - Median error:4.37
2024-04-17 17:56:13,432 - nerf2 - INFO - Median error:3.81
2024-04-17 17:56:13,469 - nerf2 - INFO - Median error:3.75
2024-04-17 17:56:13,507 - nerf2 - INFO - Median error:5.30
2024-04-17 17:56:13,545 - nerf2 - INFO - Median error:4.53
2024-04-17 17:56:13,583 - nerf2 - INFO - Median error:5.42
2024-04-17 17:56:13,621 - nerf2 - INFO - Median error:4.63
2024-04-17 17:56:13,659 - nerf2 - INFO - Median error:4.09
2024-04-17 17:56:13,697 - nerf2 - INFO - Median error:4.11
2024-04-17 17:56:13,735 - nerf2 - INFO - Median error:4.82
2024-04-17 17:56:13,773 - nerf2 - INFO - Median error:5.71
2024-04-17 17:56:13,811 - nerf2 - INFO - Median error:5.29
2024-04-17 17:56:13,848 - nerf2 - INFO - Median error:4.05
2024-04-17 17:56:13,886 - nerf2 - INFO - Median error:5.02
2024-04-17 17:56:13,924 - nerf2 - INFO - Median error:7.64
2024-04-17 17:56:13,962 - nerf2 - INFO - Median error:4.03
2024-04-17 17:56:14,000 - nerf2 - INFO - Median error:4.89
2024-04-17 17:56:14,038 - nerf2 - INFO - Median error:4.34
2024-04-17 17:56:14,075 - nerf2 - INFO - Median error:4.74
2024-04-17 17:56:14,113 - nerf2 - INFO - Median error:7.07
2024-04-17 17:56:14,151 - nerf2 - INFO - Median error:4.04
2024-04-17 17:56:14,189 - nerf2 - INFO - Median error:3.52
2024-04-17 17:56:14,227 - nerf2 - INFO - Median error:4.00
2024-04-17 17:56:14,265 - nerf2 - INFO - Median error:4.45
2024-04-17 17:56:14,302 - nerf2 - INFO - Median error:5.91
2024-04-17 17:56:14,340 - nerf2 - INFO - Median error:5.01
2024-04-17 17:56:14,378 - nerf2 - INFO - Median error:4.24
2024-04-17 17:56:14,416 - nerf2 - INFO - Median error:3.44
2024-04-17 17:56:14,454 - nerf2 - INFO - Median error:4.46
2024-04-17 17:56:14,492 - nerf2 - INFO - Median error:3.70
2024-04-17 17:56:14,529 - nerf2 - INFO - Median error:5.10
2024-04-17 17:56:14,567 - nerf2 - INFO - Median error:5.26
2024-04-17 17:56:14,605 - nerf2 - INFO - Median error:4.33
2024-04-17 17:56:14,643 - nerf2 - INFO - Median error:6.01
2024-04-17 17:56:14,681 - nerf2 - INFO - Median error:3.10
2024-04-17 17:56:14,719 - nerf2 - INFO - Median error:4.71
2024-04-17 17:56:14,757 - nerf2 - INFO - Median error:4.58
2024-04-17 17:56:14,795 - nerf2 - INFO - Median error:4.37
2024-04-17 17:56:14,833 - nerf2 - INFO - Median error:4.71
2024-04-17 17:56:14,870 - nerf2 - INFO - Median error:5.16
2024-04-17 17:56:14,908 - nerf2 - INFO - Median error:4.27
2024-04-17 17:56:14,946 - nerf2 - INFO - Median error:3.95
2024-04-17 17:56:14,984 - nerf2 - INFO - Median error:5.76
2024-04-17 17:56:15,022 - nerf2 - INFO - Median error:5.85
2024-04-17 17:56:15,060 - nerf2 - INFO - Median error:5.33
2024-04-17 17:56:15,098 - nerf2 - INFO - Median error:5.13
2024-04-17 17:56:15,136 - nerf2 - INFO - Median error:6.70
2024-04-17 17:56:15,174 - nerf2 - INFO - Median error:6.23
2024-04-17 17:56:15,211 - nerf2 - INFO - Median error:4.11
2024-04-17 17:56:15,249 - nerf2 - INFO - Median error:3.94
2024-04-17 17:56:15,287 - nerf2 - INFO - Median error:4.67
2024-04-17 17:56:15,325 - nerf2 - INFO - Median error:5.21
2024-04-17 17:56:15,363 - nerf2 - INFO - Median error:5.43
2024-04-17 17:56:15,401 - nerf2 - INFO - Median error:5.58
2024-04-17 17:56:15,438 - nerf2 - INFO - Median error:5.27
2024-04-17 17:56:15,476 - nerf2 - INFO - Median error:4.94
2024-04-17 17:56:15,514 - nerf2 - INFO - Median error:4.98
2024-04-17 17:56:15,553 - nerf2 - INFO - Median error:7.18
2024-04-17 17:56:15,591 - nerf2 - INFO - Median error:3.72
2024-04-17 17:56:15,628 - nerf2 - INFO - Median error:4.65
2024-04-17 17:56:15,666 - nerf2 - INFO - Median error:3.56
2024-04-17 17:56:15,704 - nerf2 - INFO - Median error:4.96
2024-04-17 17:56:15,742 - nerf2 - INFO - Median error:6.18
2024-04-17 17:56:15,780 - nerf2 - INFO - Median error:4.49
2024-04-17 17:56:15,818 - nerf2 - INFO - Median error:3.90
2024-04-17 17:56:15,856 - nerf2 - INFO - Median error:2.88
2024-04-17 17:56:15,894 - nerf2 - INFO - Median error:5.02
2024-04-17 17:56:15,931 - nerf2 - INFO - Median error:5.49
2024-04-17 17:56:15,969 - nerf2 - INFO - Median error:4.05
2024-04-17 17:56:16,007 - nerf2 - INFO - Median error:5.56
2024-04-17 17:56:16,045 - nerf2 - INFO - Median error:4.37
2024-04-17 17:56:16,083 - nerf2 - INFO - Median error:4.07
2024-04-17 17:56:16,121 - nerf2 - INFO - Median error:4.84
2024-04-17 17:56:16,159 - nerf2 - INFO - Median error:4.40
2024-04-17 17:56:16,197 - nerf2 - INFO - Median error:4.73
2024-04-17 17:56:16,235 - nerf2 - INFO - Median error:6.32
2024-04-17 17:56:16,273 - nerf2 - INFO - Median error:4.54
2024-04-17 17:56:16,310 - nerf2 - INFO - Median error:4.01
2024-04-17 17:56:16,348 - nerf2 - INFO - Median error:4.29
2024-04-17 17:56:16,386 - nerf2 - INFO - Median error:4.93
2024-04-17 17:56:16,424 - nerf2 - INFO - Median error:4.92
2024-04-17 17:56:16,462 - nerf2 - INFO - Median error:5.08
2024-04-17 17:56:16,500 - nerf2 - INFO - Median error:4.82
2024-04-17 17:56:16,538 - nerf2 - INFO - Median error:4.16
2024-04-17 17:56:16,575 - nerf2 - INFO - Median error:6.38
2024-04-17 17:56:16,613 - nerf2 - INFO - Median error:3.18
2024-04-17 17:56:16,651 - nerf2 - INFO - Median error:5.38
2024-04-17 17:56:16,689 - nerf2 - INFO - Median error:4.47
2024-04-17 17:56:16,727 - nerf2 - INFO - Median error:4.27
2024-04-17 17:56:16,765 - nerf2 - INFO - Median error:4.25
2024-04-17 17:56:16,803 - nerf2 - INFO - Median error:3.95
2024-04-17 17:56:16,840 - nerf2 - INFO - Median error:5.56
2024-04-17 17:56:16,878 - nerf2 - INFO - Median error:5.06
2024-04-17 17:56:16,916 - nerf2 - INFO - Median error:4.04
2024-04-17 17:56:16,954 - nerf2 - INFO - Median error:5.47
2024-04-17 17:56:16,992 - nerf2 - INFO - Median error:5.48
2024-04-17 17:56:17,030 - nerf2 - INFO - Median error:4.77
2024-04-17 17:56:17,068 - nerf2 - INFO - Median error:5.51
2024-04-17 17:56:17,106 - nerf2 - INFO - Median error:3.51
2024-04-17 17:56:17,143 - nerf2 - INFO - Median error:3.94
2024-04-17 17:56:17,181 - nerf2 - INFO - Median error:4.53
2024-04-17 17:56:17,219 - nerf2 - INFO - Median error:5.97
2024-04-17 17:56:17,257 - nerf2 - INFO - Median error:4.16
2024-04-17 17:56:17,295 - nerf2 - INFO - Median error:4.24
2024-04-17 17:56:17,333 - nerf2 - INFO - Median error:3.13
2024-04-17 17:56:17,370 - nerf2 - INFO - Median error:4.82
2024-04-17 17:56:17,408 - nerf2 - INFO - Median error:5.38
2024-04-17 17:56:17,446 - nerf2 - INFO - Median error:5.83
2024-04-17 17:56:17,484 - nerf2 - INFO - Median error:3.71
2024-04-17 17:56:17,522 - nerf2 - INFO - Median error:4.80
2024-04-17 17:56:17,560 - nerf2 - INFO - Median error:4.46
2024-04-17 17:56:17,598 - nerf2 - INFO - Median error:4.10
2024-04-17 17:56:17,636 - nerf2 - INFO - Median error:7.18
2024-04-17 17:56:17,673 - nerf2 - INFO - Median error:4.41
2024-04-17 17:56:17,711 - nerf2 - INFO - Median error:4.58
2024-04-17 17:56:17,749 - nerf2 - INFO - Median error:4.37
2024-04-17 17:56:17,787 - nerf2 - INFO - Median error:4.51
2024-04-17 17:56:17,825 - nerf2 - INFO - Median error:4.32
2024-04-17 17:56:17,863 - nerf2 - INFO - Median error:4.94
2024-04-17 17:56:17,901 - nerf2 - INFO - Median error:3.74
2024-04-17 17:56:17,939 - nerf2 - INFO - Median error:3.97
2024-04-17 17:56:17,993 - nerf2 - INFO - Median error:5.64
2024-04-17 17:56:18,046 - nerf2 - INFO - Median error:4.46
2024-04-17 17:56:18,100 - nerf2 - INFO - Median error:4.45
2024-04-17 17:56:18,144 - nerf2 - INFO - Median error:5.03
2024-04-17 17:56:18,181 - nerf2 - INFO - Median error:3.28
2024-04-17 17:56:18,219 - nerf2 - INFO - Median error:5.80
2024-04-17 17:56:18,257 - nerf2 - INFO - Median error:3.94
2024-04-17 17:56:18,295 - nerf2 - INFO - Median error:5.18
2024-04-17 17:56:18,333 - nerf2 - INFO - Median error:5.02
2024-04-17 17:56:18,371 - nerf2 - INFO - Median error:4.21
2024-04-17 17:56:18,409 - nerf2 - INFO - Median error:5.13
2024-04-17 17:56:18,447 - nerf2 - INFO - Median error:5.60
2024-04-17 17:56:18,484 - nerf2 - INFO - Median error:6.11
2024-04-17 17:56:18,522 - nerf2 - INFO - Median error:4.13
2024-04-17 17:56:18,560 - nerf2 - INFO - Median error:6.01
2024-04-17 17:56:18,598 - nerf2 - INFO - Median error:4.16
2024-04-17 17:56:18,636 - nerf2 - INFO - Median error:5.00
2024-04-17 17:56:18,674 - nerf2 - INFO - Median error:6.31
2024-04-17 17:56:18,712 - nerf2 - INFO - Median error:4.11
2024-04-17 17:56:18,750 - nerf2 - INFO - Median error:7.83
2024-04-17 17:56:18,788 - nerf2 - INFO - Median error:4.23
2024-04-17 17:56:18,825 - nerf2 - INFO - Median error:5.22
2024-04-17 17:56:18,863 - nerf2 - INFO - Median error:3.67
2024-04-17 17:56:18,901 - nerf2 - INFO - Median error:4.68
2024-04-17 17:56:18,939 - nerf2 - INFO - Median error:3.26
2024-04-17 17:56:18,977 - nerf2 - INFO - Median error:5.91
2024-04-17 17:56:19,015 - nerf2 - INFO - Median error:5.03
2024-04-17 17:56:19,053 - nerf2 - INFO - Median error:3.15
2024-04-17 17:56:19,091 - nerf2 - INFO - Median error:3.68
2024-04-17 17:56:19,129 - nerf2 - INFO - Median error:3.92
2024-04-17 17:56:19,167 - nerf2 - INFO - Median error:7.10
2024-04-17 17:56:19,205 - nerf2 - INFO - Median error:5.16
2024-04-17 17:56:19,243 - nerf2 - INFO - Median error:5.01
2024-04-17 17:56:19,281 - nerf2 - INFO - Median error:4.30
2024-04-17 17:56:19,319 - nerf2 - INFO - Median error:4.95
2024-04-17 17:56:19,356 - nerf2 - INFO - Median error:3.74
2024-04-17 17:56:19,395 - nerf2 - INFO - Median error:3.76
2024-04-17 17:56:19,432 - nerf2 - INFO - Median error:4.19
2024-04-17 17:56:19,470 - nerf2 - INFO - Median error:4.95
2024-04-17 17:56:19,508 - nerf2 - INFO - Median error:3.47
2024-04-17 17:56:19,558 - nerf2 - INFO - Median error:5.92
2024-04-17 17:56:19,598 - nerf2 - INFO - Median error:3.34
2024-04-17 17:56:19,636 - nerf2 - INFO - Median error:6.29
2024-04-17 17:56:19,673 - nerf2 - INFO - Median error:4.04
2024-04-17 17:56:19,711 - nerf2 - INFO - Median error:4.00
2024-04-17 17:56:19,749 - nerf2 - INFO - Median error:6.27
2024-04-17 17:56:19,787 - nerf2 - INFO - Median error:5.29
2024-04-17 17:56:19,825 - nerf2 - INFO - Median error:4.54
2024-04-17 17:56:19,863 - nerf2 - INFO - Median error:3.67
2024-04-17 17:56:19,901 - nerf2 - INFO - Median error:4.11
2024-04-17 17:56:19,938 - nerf2 - INFO - Median error:4.67
2024-04-17 17:56:19,976 - nerf2 - INFO - Median error:6.63
2024-04-17 17:56:20,014 - nerf2 - INFO - Median error:3.49
2024-04-17 17:56:20,053 - nerf2 - INFO - Median error:5.99
2024-04-17 17:56:20,091 - nerf2 - INFO - Median error:4.47
2024-04-17 17:56:20,129 - nerf2 - INFO - Median error:4.56
2024-04-17 17:56:20,167 - nerf2 - INFO - Median error:6.41
2024-04-17 17:56:20,205 - nerf2 - INFO - Median error:5.40
2024-04-17 17:56:20,243 - nerf2 - INFO - Median error:4.97
2024-04-17 17:56:20,281 - nerf2 - INFO - Median error:7.02
2024-04-17 17:56:20,319 - nerf2 - INFO - Median error:6.27
2024-04-17 17:56:20,357 - nerf2 - INFO - Median error:5.65
2024-04-17 17:56:20,395 - nerf2 - INFO - Median error:5.53
2024-04-17 17:56:20,433 - nerf2 - INFO - Median error:4.40
2024-04-17 17:56:20,471 - nerf2 - INFO - Median error:5.29
2024-04-17 17:56:20,509 - nerf2 - INFO - Median error:4.27
2024-04-17 17:56:20,547 - nerf2 - INFO - Median error:4.49
2024-04-17 17:56:20,585 - nerf2 - INFO - Median error:4.92
2024-04-17 17:56:20,623 - nerf2 - INFO - Median error:4.45
2024-04-17 17:56:20,651 - nerf2 - INFO - Median error:3.90
2024-04-17 17:56:20,661 - nerf2 - INFO - Total Median error:4.74
