2024-04-16 17:50:00,420 - nerf2 - INFO - expname:ble-rssi-exp2-v0-595-plusz-half, datadir:data/BLE/, logdir:logs/BLE/
2024-04-16 17:50:01,097 - nerf2 - INFO - Total number of parameters: 690564
2024-04-16 17:50:01,099 - nerf2 - INFO - Found ckpts []
2024-04-16 17:50:01,099 - nerf2 - INFO - Loading training set...
2024-04-16 17:50:01,341 - nerf2 - INFO - Loading test set...
2024-04-16 17:50:04,105 - nerf2 - INFO - Train set size:2100, Test set size:39900
2024-04-16 17:50:04,105 - nerf2 - INFO - Start training. Current Iteration:1
2024-04-16 18:28:02,672 - nerf2 - INFO - expname:ble-rssi-exp2-v0-595-plusz-half, datadir:data/BLE/, logdir:logs/BLE/
2024-04-16 18:28:03,349 - nerf2 - INFO - Total number of parameters: 690564
2024-04-16 18:28:03,350 - nerf2 - INFO - Found ckpts ['logs/BLE/ble-rssi-exp2-v0-595-plusz-half/ckpts/029800.tar', 'logs/BLE/ble-rssi-exp2-v0-595-plusz-half/ckpts/029900.tar', 'logs/BLE/ble-rssi-exp2-v0-595-plusz-half/ckpts/030000.tar']
2024-04-16 18:28:03,351 - nerf2 - INFO - Loading ckpt logs/BLE/ble-rssi-exp2-v0-595-plusz-half/ckpts/030000.tar
2024-04-16 18:28:03,381 - nerf2 - INFO - Loading training set...
2024-04-16 18:28:03,627 - nerf2 - INFO - Loading test set...
2024-04-16 18:28:06,370 - nerf2 - INFO - Train set size:2100, Test set size:39900
2024-04-16 18:28:06,370 - nerf2 - INFO - Start evaluation
2024-04-16 18:28:06,717 - nerf2 - INFO - Median error:3.41
2024-04-16 18:28:06,760 - nerf2 - INFO - Median error:4.08
2024-04-16 18:28:06,802 - nerf2 - INFO - Median error:4.27
2024-04-16 18:28:06,843 - nerf2 - INFO - Median error:6.15
2024-04-16 18:28:06,882 - nerf2 - INFO - Median error:4.59
2024-04-16 18:28:06,922 - nerf2 - INFO - Median error:4.49
2024-04-16 18:28:06,961 - nerf2 - INFO - Median error:4.14
2024-04-16 18:28:07,001 - nerf2 - INFO - Median error:4.38
2024-04-16 18:28:07,040 - nerf2 - INFO - Median error:5.93
2024-04-16 18:28:07,079 - nerf2 - INFO - Median error:4.27
2024-04-16 18:28:07,118 - nerf2 - INFO - Median error:4.18
2024-04-16 18:28:07,158 - nerf2 - INFO - Median error:7.64
2024-04-16 18:28:07,197 - nerf2 - INFO - Median error:6.07
2024-04-16 18:28:07,236 - nerf2 - INFO - Median error:3.02
2024-04-16 18:28:07,275 - nerf2 - INFO - Median error:6.05
2024-04-16 18:28:07,314 - nerf2 - INFO - Median error:5.14
2024-04-16 18:28:07,354 - nerf2 - INFO - Median error:7.80
2024-04-16 18:28:07,393 - nerf2 - INFO - Median error:5.20
2024-04-16 18:28:07,432 - nerf2 - INFO - Median error:3.74
2024-04-16 18:28:07,471 - nerf2 - INFO - Median error:4.52
2024-04-16 18:28:07,510 - nerf2 - INFO - Median error:5.44
2024-04-16 18:28:07,549 - nerf2 - INFO - Median error:5.39
2024-04-16 18:28:07,589 - nerf2 - INFO - Median error:3.80
2024-04-16 18:28:07,631 - nerf2 - INFO - Median error:4.26
2024-04-16 18:28:07,670 - nerf2 - INFO - Median error:5.67
2024-04-16 18:28:07,709 - nerf2 - INFO - Median error:5.06
2024-04-16 18:28:07,748 - nerf2 - INFO - Median error:6.25
2024-04-16 18:28:07,787 - nerf2 - INFO - Median error:5.07
2024-04-16 18:28:07,827 - nerf2 - INFO - Median error:4.03
2024-04-16 18:28:07,866 - nerf2 - INFO - Median error:4.37
2024-04-16 18:28:07,905 - nerf2 - INFO - Median error:5.29
2024-04-16 18:28:07,944 - nerf2 - INFO - Median error:5.66
2024-04-16 18:28:07,983 - nerf2 - INFO - Median error:5.57
2024-04-16 18:28:08,022 - nerf2 - INFO - Median error:4.88
2024-04-16 18:28:08,061 - nerf2 - INFO - Median error:4.46
2024-04-16 18:28:08,101 - nerf2 - INFO - Median error:4.44
2024-04-16 18:28:08,140 - nerf2 - INFO - Median error:4.06
2024-04-16 18:28:08,179 - nerf2 - INFO - Median error:5.03
2024-04-16 18:28:08,218 - nerf2 - INFO - Median error:4.87
2024-04-16 18:28:08,257 - nerf2 - INFO - Median error:5.46
2024-04-16 18:28:08,296 - nerf2 - INFO - Median error:5.54
2024-04-16 18:28:08,335 - nerf2 - INFO - Median error:6.78
2024-04-16 18:28:08,375 - nerf2 - INFO - Median error:3.54
2024-04-16 18:28:08,414 - nerf2 - INFO - Median error:3.51
2024-04-16 18:28:08,453 - nerf2 - INFO - Median error:6.83
2024-04-16 18:28:08,492 - nerf2 - INFO - Median error:5.71
2024-04-16 18:28:08,531 - nerf2 - INFO - Median error:3.37
2024-04-16 18:28:08,570 - nerf2 - INFO - Median error:5.69
2024-04-16 18:28:08,610 - nerf2 - INFO - Median error:4.22
2024-04-16 18:28:08,649 - nerf2 - INFO - Median error:5.58
2024-04-16 18:28:08,688 - nerf2 - INFO - Median error:6.38
2024-04-16 18:28:08,727 - nerf2 - INFO - Median error:4.79
2024-04-16 18:28:08,766 - nerf2 - INFO - Median error:5.60
2024-04-16 18:28:08,805 - nerf2 - INFO - Median error:4.12
2024-04-16 18:28:08,844 - nerf2 - INFO - Median error:4.54
2024-04-16 18:28:08,883 - nerf2 - INFO - Median error:6.71
2024-04-16 18:28:08,923 - nerf2 - INFO - Median error:5.92
2024-04-16 18:28:08,962 - nerf2 - INFO - Median error:3.75
2024-04-16 18:28:09,001 - nerf2 - INFO - Median error:3.99
2024-04-16 18:28:09,040 - nerf2 - INFO - Median error:4.14
2024-04-16 18:28:09,079 - nerf2 - INFO - Median error:5.50
2024-04-16 18:28:09,118 - nerf2 - INFO - Median error:6.31
2024-04-16 18:28:09,157 - nerf2 - INFO - Median error:3.41
2024-04-16 18:28:09,197 - nerf2 - INFO - Median error:4.75
2024-04-16 18:28:09,236 - nerf2 - INFO - Median error:4.26
2024-04-16 18:28:09,275 - nerf2 - INFO - Median error:4.70
2024-04-16 18:28:09,314 - nerf2 - INFO - Median error:6.43
2024-04-16 18:28:09,353 - nerf2 - INFO - Median error:5.37
2024-04-16 18:28:09,392 - nerf2 - INFO - Median error:3.82
2024-04-16 18:28:09,432 - nerf2 - INFO - Median error:3.99
2024-04-16 18:28:09,471 - nerf2 - INFO - Median error:7.05
2024-04-16 18:28:09,510 - nerf2 - INFO - Median error:5.87
2024-04-16 18:28:09,549 - nerf2 - INFO - Median error:6.00
2024-04-16 18:28:09,588 - nerf2 - INFO - Median error:4.96
2024-04-16 18:28:09,627 - nerf2 - INFO - Median error:6.79
2024-04-16 18:28:09,666 - nerf2 - INFO - Median error:3.72
2024-04-16 18:28:09,706 - nerf2 - INFO - Median error:4.09
2024-04-16 18:28:09,745 - nerf2 - INFO - Median error:6.48
2024-04-16 18:28:09,784 - nerf2 - INFO - Median error:5.31
2024-04-16 18:28:09,823 - nerf2 - INFO - Median error:4.10
2024-04-16 18:28:09,862 - nerf2 - INFO - Median error:5.04
2024-04-16 18:28:09,901 - nerf2 - INFO - Median error:3.49
2024-04-16 18:28:09,941 - nerf2 - INFO - Median error:5.32
2024-04-16 18:28:09,980 - nerf2 - INFO - Median error:5.85
2024-04-16 18:28:10,019 - nerf2 - INFO - Median error:3.51
2024-04-16 18:28:10,058 - nerf2 - INFO - Median error:3.79
2024-04-16 18:28:10,097 - nerf2 - INFO - Median error:4.71
2024-04-16 18:28:10,137 - nerf2 - INFO - Median error:3.81
2024-04-16 18:28:10,176 - nerf2 - INFO - Median error:4.51
2024-04-16 18:28:10,215 - nerf2 - INFO - Median error:6.41
2024-04-16 18:28:10,254 - nerf2 - INFO - Median error:4.60
2024-04-16 18:28:10,293 - nerf2 - INFO - Median error:4.44
2024-04-16 18:28:10,333 - nerf2 - INFO - Median error:6.26
2024-04-16 18:28:10,372 - nerf2 - INFO - Median error:5.08
2024-04-16 18:28:10,411 - nerf2 - INFO - Median error:4.31
2024-04-16 18:28:10,450 - nerf2 - INFO - Median error:6.75
2024-04-16 18:28:10,489 - nerf2 - INFO - Median error:5.24
2024-04-16 18:28:10,528 - nerf2 - INFO - Median error:4.87
2024-04-16 18:28:10,567 - nerf2 - INFO - Median error:8.13
2024-04-16 18:28:10,606 - nerf2 - INFO - Median error:5.17
2024-04-16 18:28:10,646 - nerf2 - INFO - Median error:5.43
2024-04-16 18:28:10,685 - nerf2 - INFO - Median error:4.69
2024-04-16 18:28:10,724 - nerf2 - INFO - Median error:5.38
2024-04-16 18:28:10,763 - nerf2 - INFO - Median error:5.50
2024-04-16 18:28:10,802 - nerf2 - INFO - Median error:5.73
2024-04-16 18:28:10,841 - nerf2 - INFO - Median error:3.87
2024-04-16 18:28:10,880 - nerf2 - INFO - Median error:5.45
2024-04-16 18:28:10,920 - nerf2 - INFO - Median error:5.03
2024-04-16 18:28:10,959 - nerf2 - INFO - Median error:4.86
2024-04-16 18:28:10,998 - nerf2 - INFO - Median error:4.72
2024-04-16 18:28:11,037 - nerf2 - INFO - Median error:4.70
2024-04-16 18:28:11,076 - nerf2 - INFO - Median error:4.75
2024-04-16 18:28:11,115 - nerf2 - INFO - Median error:6.29
2024-04-16 18:28:11,154 - nerf2 - INFO - Median error:4.44
2024-04-16 18:28:11,193 - nerf2 - INFO - Median error:4.04
2024-04-16 18:28:11,233 - nerf2 - INFO - Median error:6.10
2024-04-16 18:28:11,272 - nerf2 - INFO - Median error:5.52
2024-04-16 18:28:11,311 - nerf2 - INFO - Median error:5.31
2024-04-16 18:28:11,350 - nerf2 - INFO - Median error:4.28
2024-04-16 18:28:11,389 - nerf2 - INFO - Median error:4.35
2024-04-16 18:28:11,429 - nerf2 - INFO - Median error:5.12
2024-04-16 18:28:11,468 - nerf2 - INFO - Median error:3.63
2024-04-16 18:28:11,507 - nerf2 - INFO - Median error:3.95
2024-04-16 18:28:11,546 - nerf2 - INFO - Median error:3.64
2024-04-16 18:28:11,585 - nerf2 - INFO - Median error:6.65
2024-04-16 18:28:11,624 - nerf2 - INFO - Median error:4.30
2024-04-16 18:28:11,664 - nerf2 - INFO - Median error:4.67
2024-04-16 18:28:11,703 - nerf2 - INFO - Median error:5.32
2024-04-16 18:28:11,742 - nerf2 - INFO - Median error:4.06
2024-04-16 18:28:11,781 - nerf2 - INFO - Median error:3.81
2024-04-16 18:28:11,820 - nerf2 - INFO - Median error:4.06
2024-04-16 18:28:11,859 - nerf2 - INFO - Median error:5.46
2024-04-16 18:28:11,899 - nerf2 - INFO - Median error:6.47
2024-04-16 18:28:11,938 - nerf2 - INFO - Median error:4.53
2024-04-16 18:28:11,977 - nerf2 - INFO - Median error:3.66
2024-04-16 18:28:12,016 - nerf2 - INFO - Median error:7.55
2024-04-16 18:28:12,055 - nerf2 - INFO - Median error:4.75
2024-04-16 18:28:12,095 - nerf2 - INFO - Median error:4.64
2024-04-16 18:28:12,134 - nerf2 - INFO - Median error:5.51
2024-04-16 18:28:12,173 - nerf2 - INFO - Median error:5.34
2024-04-16 18:28:12,212 - nerf2 - INFO - Median error:5.21
2024-04-16 18:28:12,251 - nerf2 - INFO - Median error:4.72
2024-04-16 18:28:12,291 - nerf2 - INFO - Median error:3.93
2024-04-16 18:28:12,330 - nerf2 - INFO - Median error:3.73
2024-04-16 18:28:12,369 - nerf2 - INFO - Median error:4.98
2024-04-16 18:28:12,408 - nerf2 - INFO - Median error:4.72
2024-04-16 18:28:12,447 - nerf2 - INFO - Median error:4.52
2024-04-16 18:28:12,486 - nerf2 - INFO - Median error:6.66
2024-04-16 18:28:12,526 - nerf2 - INFO - Median error:3.97
2024-04-16 18:28:12,565 - nerf2 - INFO - Median error:4.79
2024-04-16 18:28:12,604 - nerf2 - INFO - Median error:4.98
2024-04-16 18:28:12,643 - nerf2 - INFO - Median error:5.44
2024-04-16 18:28:12,682 - nerf2 - INFO - Median error:5.60
2024-04-16 18:28:12,721 - nerf2 - INFO - Median error:4.67
2024-04-16 18:28:12,761 - nerf2 - INFO - Median error:4.72
2024-04-16 18:28:12,800 - nerf2 - INFO - Median error:3.54
2024-04-16 18:28:12,839 - nerf2 - INFO - Median error:3.75
2024-04-16 18:28:12,878 - nerf2 - INFO - Median error:5.30
2024-04-16 18:28:12,917 - nerf2 - INFO - Median error:4.41
2024-04-16 18:28:12,956 - nerf2 - INFO - Median error:4.70
2024-04-16 18:28:12,996 - nerf2 - INFO - Median error:5.83
2024-04-16 18:28:13,035 - nerf2 - INFO - Median error:4.17
2024-04-16 18:28:13,074 - nerf2 - INFO - Median error:4.13
2024-04-16 18:28:13,113 - nerf2 - INFO - Median error:5.58
2024-04-16 18:28:13,152 - nerf2 - INFO - Median error:5.00
2024-04-16 18:28:13,191 - nerf2 - INFO - Median error:5.59
2024-04-16 18:28:13,230 - nerf2 - INFO - Median error:6.83
2024-04-16 18:28:13,270 - nerf2 - INFO - Median error:4.95
2024-04-16 18:28:13,309 - nerf2 - INFO - Median error:5.80
2024-04-16 18:28:13,348 - nerf2 - INFO - Median error:5.44
2024-04-16 18:28:13,387 - nerf2 - INFO - Median error:3.89
2024-04-16 18:28:13,426 - nerf2 - INFO - Median error:4.34
2024-04-16 18:28:13,466 - nerf2 - INFO - Median error:5.04
2024-04-16 18:28:13,505 - nerf2 - INFO - Median error:5.01
2024-04-16 18:28:13,544 - nerf2 - INFO - Median error:6.58
2024-04-16 18:28:13,583 - nerf2 - INFO - Median error:4.83
2024-04-16 18:28:13,622 - nerf2 - INFO - Median error:4.40
2024-04-16 18:28:13,662 - nerf2 - INFO - Median error:5.20
2024-04-16 18:28:13,701 - nerf2 - INFO - Median error:6.51
2024-04-16 18:28:13,740 - nerf2 - INFO - Median error:3.97
2024-04-16 18:28:13,780 - nerf2 - INFO - Median error:4.38
2024-04-16 18:28:13,819 - nerf2 - INFO - Median error:3.51
2024-04-16 18:28:13,858 - nerf2 - INFO - Median error:6.32
2024-04-16 18:28:13,897 - nerf2 - INFO - Median error:4.96
2024-04-16 18:28:13,936 - nerf2 - INFO - Median error:4.26
2024-04-16 18:28:13,975 - nerf2 - INFO - Median error:3.41
2024-04-16 18:28:14,015 - nerf2 - INFO - Median error:2.96
2024-04-16 18:28:14,054 - nerf2 - INFO - Median error:3.52
2024-04-16 18:28:14,093 - nerf2 - INFO - Median error:4.76
2024-04-16 18:28:14,132 - nerf2 - INFO - Median error:3.55
2024-04-16 18:28:14,172 - nerf2 - INFO - Median error:6.69
2024-04-16 18:28:14,211 - nerf2 - INFO - Median error:4.98
2024-04-16 18:28:14,250 - nerf2 - INFO - Median error:4.64
2024-04-16 18:28:14,289 - nerf2 - INFO - Median error:6.11
2024-04-16 18:28:14,328 - nerf2 - INFO - Median error:5.21
2024-04-16 18:28:14,367 - nerf2 - INFO - Median error:4.22
2024-04-16 18:28:14,407 - nerf2 - INFO - Median error:6.55
2024-04-16 18:28:14,446 - nerf2 - INFO - Median error:5.05
2024-04-16 18:28:14,488 - nerf2 - INFO - Median error:5.06
2024-04-16 18:28:14,527 - nerf2 - INFO - Median error:4.93
2024-04-16 18:28:14,566 - nerf2 - INFO - Median error:6.25
2024-04-16 18:28:14,605 - nerf2 - INFO - Median error:4.45
2024-04-16 18:28:14,644 - nerf2 - INFO - Median error:5.64
2024-04-16 18:28:14,683 - nerf2 - INFO - Median error:5.11
2024-04-16 18:28:14,723 - nerf2 - INFO - Median error:5.07
2024-04-16 18:28:14,762 - nerf2 - INFO - Median error:5.15
2024-04-16 18:28:14,801 - nerf2 - INFO - Median error:3.41
2024-04-16 18:28:14,840 - nerf2 - INFO - Median error:5.04
2024-04-16 18:28:14,879 - nerf2 - INFO - Median error:4.33
2024-04-16 18:28:14,918 - nerf2 - INFO - Median error:4.25
2024-04-16 18:28:14,972 - nerf2 - INFO - Median error:4.97
2024-04-16 18:28:15,012 - nerf2 - INFO - Median error:4.52
2024-04-16 18:28:15,051 - nerf2 - INFO - Median error:4.49
2024-04-16 18:28:15,090 - nerf2 - INFO - Median error:4.86
2024-04-16 18:28:15,129 - nerf2 - INFO - Median error:3.84
2024-04-16 18:28:15,168 - nerf2 - INFO - Median error:6.00
2024-04-16 18:28:15,207 - nerf2 - INFO - Median error:5.72
2024-04-16 18:28:15,247 - nerf2 - INFO - Median error:5.80
2024-04-16 18:28:15,286 - nerf2 - INFO - Median error:5.02
2024-04-16 18:28:15,325 - nerf2 - INFO - Median error:4.67
2024-04-16 18:28:15,364 - nerf2 - INFO - Median error:4.35
2024-04-16 18:28:15,403 - nerf2 - INFO - Median error:5.72
2024-04-16 18:28:15,442 - nerf2 - INFO - Median error:7.32
2024-04-16 18:28:15,481 - nerf2 - INFO - Median error:4.24
2024-04-16 18:28:15,521 - nerf2 - INFO - Median error:4.02
2024-04-16 18:28:15,560 - nerf2 - INFO - Median error:3.20
2024-04-16 18:28:15,599 - nerf2 - INFO - Median error:4.24
2024-04-16 18:28:15,638 - nerf2 - INFO - Median error:4.41
2024-04-16 18:28:15,677 - nerf2 - INFO - Median error:6.18
2024-04-16 18:28:15,717 - nerf2 - INFO - Median error:4.14
2024-04-16 18:28:15,756 - nerf2 - INFO - Median error:3.81
2024-04-16 18:28:15,795 - nerf2 - INFO - Median error:4.70
2024-04-16 18:28:15,834 - nerf2 - INFO - Median error:4.14
2024-04-16 18:28:15,873 - nerf2 - INFO - Median error:7.17
2024-04-16 18:28:15,912 - nerf2 - INFO - Median error:4.23
2024-04-16 18:28:15,952 - nerf2 - INFO - Median error:5.68
2024-04-16 18:28:15,991 - nerf2 - INFO - Median error:5.23
2024-04-16 18:28:16,030 - nerf2 - INFO - Median error:5.32
2024-04-16 18:28:16,069 - nerf2 - INFO - Median error:4.00
2024-04-16 18:28:16,108 - nerf2 - INFO - Median error:5.34
2024-04-16 18:28:16,147 - nerf2 - INFO - Median error:3.90
2024-04-16 18:28:16,187 - nerf2 - INFO - Median error:4.82
2024-04-16 18:28:16,226 - nerf2 - INFO - Median error:4.24
2024-04-16 18:28:16,265 - nerf2 - INFO - Median error:4.13
2024-04-16 18:28:16,304 - nerf2 - INFO - Median error:3.94
2024-04-16 18:28:16,343 - nerf2 - INFO - Median error:4.53
2024-04-16 18:28:16,382 - nerf2 - INFO - Median error:3.74
2024-04-16 18:28:16,422 - nerf2 - INFO - Median error:4.57
2024-04-16 18:28:16,461 - nerf2 - INFO - Median error:6.15
2024-04-16 18:28:16,500 - nerf2 - INFO - Median error:4.45
2024-04-16 18:28:16,539 - nerf2 - INFO - Median error:7.59
2024-04-16 18:28:16,578 - nerf2 - INFO - Median error:4.91
2024-04-16 18:28:16,618 - nerf2 - INFO - Median error:5.63
2024-04-16 18:28:16,657 - nerf2 - INFO - Median error:5.77
2024-04-16 18:28:16,696 - nerf2 - INFO - Median error:7.14
2024-04-16 18:28:16,735 - nerf2 - INFO - Median error:4.81
2024-04-16 18:28:16,774 - nerf2 - INFO - Median error:6.24
2024-04-16 18:28:16,813 - nerf2 - INFO - Median error:4.12
2024-04-16 18:28:16,852 - nerf2 - INFO - Median error:4.65
2024-04-16 18:28:16,892 - nerf2 - INFO - Median error:5.68
2024-04-16 18:28:16,931 - nerf2 - INFO - Median error:3.87
2024-04-16 18:28:16,970 - nerf2 - INFO - Median error:5.39
2024-04-16 18:28:17,009 - nerf2 - INFO - Median error:5.56
2024-04-16 18:28:17,048 - nerf2 - INFO - Median error:3.51
2024-04-16 18:28:17,087 - nerf2 - INFO - Median error:3.70
2024-04-16 18:28:17,126 - nerf2 - INFO - Median error:5.54
2024-04-16 18:28:17,166 - nerf2 - INFO - Median error:3.95
2024-04-16 18:28:17,205 - nerf2 - INFO - Median error:5.54
2024-04-16 18:28:17,244 - nerf2 - INFO - Median error:5.68
2024-04-16 18:28:17,283 - nerf2 - INFO - Median error:3.92
2024-04-16 18:28:17,322 - nerf2 - INFO - Median error:4.21
2024-04-16 18:28:17,361 - nerf2 - INFO - Median error:4.51
2024-04-16 18:28:17,400 - nerf2 - INFO - Median error:7.53
2024-04-16 18:28:17,439 - nerf2 - INFO - Median error:4.96
2024-04-16 18:28:17,479 - nerf2 - INFO - Median error:5.05
2024-04-16 18:28:17,518 - nerf2 - INFO - Median error:5.43
2024-04-16 18:28:17,557 - nerf2 - INFO - Median error:4.64
2024-04-16 18:28:17,596 - nerf2 - INFO - Median error:4.07
2024-04-16 18:28:17,635 - nerf2 - INFO - Median error:3.50
2024-04-16 18:28:17,674 - nerf2 - INFO - Median error:4.26
2024-04-16 18:28:17,714 - nerf2 - INFO - Median error:5.12
2024-04-16 18:28:17,753 - nerf2 - INFO - Median error:3.29
2024-04-16 18:28:17,792 - nerf2 - INFO - Median error:5.81
2024-04-16 18:28:17,831 - nerf2 - INFO - Median error:4.73
2024-04-16 18:28:17,871 - nerf2 - INFO - Median error:6.82
2024-04-16 18:28:17,910 - nerf2 - INFO - Median error:4.18
2024-04-16 18:28:17,949 - nerf2 - INFO - Median error:4.54
2024-04-16 18:28:17,988 - nerf2 - INFO - Median error:6.47
2024-04-16 18:28:18,028 - nerf2 - INFO - Median error:4.69
2024-04-16 18:28:18,067 - nerf2 - INFO - Median error:3.93
2024-04-16 18:28:18,106 - nerf2 - INFO - Median error:4.82
2024-04-16 18:28:18,145 - nerf2 - INFO - Median error:3.94
2024-04-16 18:28:18,184 - nerf2 - INFO - Median error:5.34
2024-04-16 18:28:18,224 - nerf2 - INFO - Median error:5.44
2024-04-16 18:28:18,263 - nerf2 - INFO - Median error:4.80
2024-04-16 18:28:18,302 - nerf2 - INFO - Median error:5.31
2024-04-16 18:28:18,341 - nerf2 - INFO - Median error:6.59
2024-04-16 18:28:18,380 - nerf2 - INFO - Median error:4.15
2024-04-16 18:28:18,420 - nerf2 - INFO - Median error:6.63
2024-04-16 18:28:18,459 - nerf2 - INFO - Median error:4.14
2024-04-16 18:28:18,498 - nerf2 - INFO - Median error:4.20
2024-04-16 18:28:18,537 - nerf2 - INFO - Median error:4.85
2024-04-16 18:28:18,576 - nerf2 - INFO - Median error:5.48
2024-04-16 18:28:18,615 - nerf2 - INFO - Median error:5.99
2024-04-16 18:28:18,654 - nerf2 - INFO - Median error:5.79
2024-04-16 18:28:18,694 - nerf2 - INFO - Median error:3.84
2024-04-16 18:28:18,733 - nerf2 - INFO - Median error:4.18
2024-04-16 18:28:18,772 - nerf2 - INFO - Median error:5.92
2024-04-16 18:28:18,811 - nerf2 - INFO - Median error:4.56
2024-04-16 18:28:18,850 - nerf2 - INFO - Median error:5.91
2024-04-16 18:28:18,903 - nerf2 - INFO - Median error:5.96
2024-04-16 18:28:18,933 - nerf2 - INFO - Median error:3.46
2024-04-16 18:28:18,944 - nerf2 - INFO - Total Median error:4.85
2024-04-21 20:00:15,452 - nerf2 - INFO - expname:ble-rssi-exp2-v0-595-posz-half, datadir:data/BLE/, logdir:logs/BLE/
2024-04-21 20:00:15,913 - nerf2 - INFO - Total number of parameters: 690564
2024-04-21 20:00:15,914 - nerf2 - INFO - Found ckpts ['logs/BLE/ble-rssi-exp2-v0-595-posz-half/ckpts/029800.tar', 'logs/BLE/ble-rssi-exp2-v0-595-posz-half/ckpts/029900.tar', 'logs/BLE/ble-rssi-exp2-v0-595-posz-half/ckpts/030000.tar']
2024-04-21 20:00:15,915 - nerf2 - INFO - Loading ckpt logs/BLE/ble-rssi-exp2-v0-595-posz-half/ckpts/030000.tar
2024-04-21 20:00:16,021 - nerf2 - INFO - Loading training set...
2024-04-21 20:00:16,175 - nerf2 - INFO - Loading test set...
2024-04-21 20:00:17,795 - nerf2 - INFO - Train set size:2100, Test set size:39900
2024-04-21 20:00:17,795 - nerf2 - INFO - Start training. Current Iteration:30000
2024-04-21 20:00:23,282 - nerf2 - INFO - expname:ble-rssi-exp2-v0-595-posz-half, datadir:data/BLE/, logdir:logs/BLE/
2024-04-21 20:00:23,734 - nerf2 - INFO - Total number of parameters: 690564
2024-04-21 20:00:23,734 - nerf2 - INFO - Found ckpts ['logs/BLE/ble-rssi-exp2-v0-595-posz-half/ckpts/029800.tar', 'logs/BLE/ble-rssi-exp2-v0-595-posz-half/ckpts/029900.tar', 'logs/BLE/ble-rssi-exp2-v0-595-posz-half/ckpts/030000.tar']
2024-04-21 20:00:23,735 - nerf2 - INFO - Loading ckpt logs/BLE/ble-rssi-exp2-v0-595-posz-half/ckpts/030000.tar
2024-04-21 20:00:23,753 - nerf2 - INFO - Loading training set...
2024-04-21 20:00:23,908 - nerf2 - INFO - Loading test set...
2024-04-21 20:00:25,603 - nerf2 - INFO - Train set size:2100, Test set size:39900
2024-04-21 20:00:25,603 - nerf2 - INFO - Start evaluation
2024-04-21 20:00:25,604 - nerf2 - INFO - Writing result to logs/BLE/ble-rssi-exp2-v0-595-posz-half/result.txt...
2024-04-21 20:00:25,979 - nerf2 - INFO - Median error:3.41
2024-04-21 20:00:26,028 - nerf2 - INFO - Median error:4.08
2024-04-21 20:00:26,063 - nerf2 - INFO - Median error:4.27
2024-04-21 20:00:26,095 - nerf2 - INFO - Median error:6.15
2024-04-21 20:00:26,127 - nerf2 - INFO - Median error:4.59
2024-04-21 20:00:26,159 - nerf2 - INFO - Median error:4.49
2024-04-21 20:00:26,191 - nerf2 - INFO - Median error:4.14
2024-04-21 20:00:26,223 - nerf2 - INFO - Median error:4.38
2024-04-21 20:00:26,256 - nerf2 - INFO - Median error:5.93
2024-04-21 20:00:26,288 - nerf2 - INFO - Median error:4.27
2024-04-21 20:00:26,320 - nerf2 - INFO - Median error:4.18
2024-04-21 20:00:26,352 - nerf2 - INFO - Median error:7.64
2024-04-21 20:00:26,384 - nerf2 - INFO - Median error:6.07
2024-04-21 20:00:26,417 - nerf2 - INFO - Median error:3.02
2024-04-21 20:00:26,449 - nerf2 - INFO - Median error:6.05
2024-04-21 20:00:26,481 - nerf2 - INFO - Median error:5.14
2024-04-21 20:00:26,513 - nerf2 - INFO - Median error:7.80
2024-04-21 20:00:26,545 - nerf2 - INFO - Median error:5.20
2024-04-21 20:00:26,577 - nerf2 - INFO - Median error:3.74
2024-04-21 20:00:26,610 - nerf2 - INFO - Median error:4.52
2024-04-21 20:00:26,642 - nerf2 - INFO - Median error:5.44
2024-04-21 20:00:26,674 - nerf2 - INFO - Median error:5.39
2024-04-21 20:00:26,706 - nerf2 - INFO - Median error:3.80
2024-04-21 20:00:26,738 - nerf2 - INFO - Median error:4.26
2024-04-21 20:00:26,771 - nerf2 - INFO - Median error:5.67
2024-04-21 20:00:26,803 - nerf2 - INFO - Median error:5.06
2024-04-21 20:00:26,835 - nerf2 - INFO - Median error:6.25
2024-04-21 20:00:26,867 - nerf2 - INFO - Median error:5.07
2024-04-21 20:00:26,899 - nerf2 - INFO - Median error:4.03
2024-04-21 20:00:26,932 - nerf2 - INFO - Median error:4.37
2024-04-21 20:00:26,964 - nerf2 - INFO - Median error:5.29
2024-04-21 20:00:26,996 - nerf2 - INFO - Median error:5.66
2024-04-21 20:00:27,028 - nerf2 - INFO - Median error:5.57
2024-04-21 20:00:27,060 - nerf2 - INFO - Median error:4.88
2024-04-21 20:00:27,093 - nerf2 - INFO - Median error:4.46
2024-04-21 20:00:27,125 - nerf2 - INFO - Median error:4.44
2024-04-21 20:00:27,157 - nerf2 - INFO - Median error:4.06
2024-04-21 20:00:27,189 - nerf2 - INFO - Median error:5.03
2024-04-21 20:00:27,221 - nerf2 - INFO - Median error:4.87
2024-04-21 20:00:27,253 - nerf2 - INFO - Median error:5.46
2024-04-21 20:00:27,286 - nerf2 - INFO - Median error:5.54
2024-04-21 20:00:27,319 - nerf2 - INFO - Median error:6.78
2024-04-21 20:00:27,351 - nerf2 - INFO - Median error:3.54
2024-04-21 20:00:27,383 - nerf2 - INFO - Median error:3.51
2024-04-21 20:00:27,415 - nerf2 - INFO - Median error:6.83
2024-04-21 20:00:27,447 - nerf2 - INFO - Median error:5.71
2024-04-21 20:00:27,480 - nerf2 - INFO - Median error:3.37
2024-04-21 20:00:27,512 - nerf2 - INFO - Median error:5.69
2024-04-21 20:00:27,544 - nerf2 - INFO - Median error:4.22
2024-04-21 20:00:27,576 - nerf2 - INFO - Median error:5.58
2024-04-21 20:00:27,608 - nerf2 - INFO - Median error:6.38
2024-04-21 20:00:27,641 - nerf2 - INFO - Median error:4.79
2024-04-21 20:00:27,673 - nerf2 - INFO - Median error:5.60
2024-04-21 20:00:27,705 - nerf2 - INFO - Median error:4.12
2024-04-21 20:00:27,737 - nerf2 - INFO - Median error:4.54
2024-04-21 20:00:27,769 - nerf2 - INFO - Median error:6.71
2024-04-21 20:00:27,802 - nerf2 - INFO - Median error:5.92
2024-04-21 20:00:27,834 - nerf2 - INFO - Median error:3.75
2024-04-21 20:00:27,866 - nerf2 - INFO - Median error:3.99
2024-04-21 20:00:27,898 - nerf2 - INFO - Median error:4.14
2024-04-21 20:00:27,930 - nerf2 - INFO - Median error:5.50
2024-04-21 20:00:27,962 - nerf2 - INFO - Median error:6.31
2024-04-21 20:00:27,995 - nerf2 - INFO - Median error:3.41
2024-04-21 20:00:28,027 - nerf2 - INFO - Median error:4.75
2024-04-21 20:00:28,059 - nerf2 - INFO - Median error:4.26
2024-04-21 20:00:28,091 - nerf2 - INFO - Median error:4.70
2024-04-21 20:00:28,124 - nerf2 - INFO - Median error:6.43
2024-04-21 20:00:28,156 - nerf2 - INFO - Median error:5.37
2024-04-21 20:00:28,188 - nerf2 - INFO - Median error:3.82
2024-04-21 20:00:28,220 - nerf2 - INFO - Median error:3.99
2024-04-21 20:00:28,252 - nerf2 - INFO - Median error:7.05
2024-04-21 20:00:28,284 - nerf2 - INFO - Median error:5.87
2024-04-21 20:00:28,317 - nerf2 - INFO - Median error:6.00
2024-04-21 20:00:28,349 - nerf2 - INFO - Median error:4.96
2024-04-21 20:00:28,381 - nerf2 - INFO - Median error:6.79
2024-04-21 20:00:28,413 - nerf2 - INFO - Median error:3.72
2024-04-21 20:00:28,445 - nerf2 - INFO - Median error:4.09
2024-04-21 20:00:28,478 - nerf2 - INFO - Median error:6.48
2024-04-21 20:00:28,510 - nerf2 - INFO - Median error:5.31
2024-04-21 20:00:28,542 - nerf2 - INFO - Median error:4.10
2024-04-21 20:00:28,574 - nerf2 - INFO - Median error:5.04
2024-04-21 20:00:28,606 - nerf2 - INFO - Median error:3.49
2024-04-21 20:00:28,639 - nerf2 - INFO - Median error:5.32
2024-04-21 20:00:28,671 - nerf2 - INFO - Median error:5.85
2024-04-21 20:00:28,703 - nerf2 - INFO - Median error:3.51
2024-04-21 20:00:28,735 - nerf2 - INFO - Median error:3.79
2024-04-21 20:00:28,767 - nerf2 - INFO - Median error:4.71
2024-04-21 20:00:28,800 - nerf2 - INFO - Median error:3.81
2024-04-21 20:00:28,832 - nerf2 - INFO - Median error:4.51
2024-04-21 20:00:28,864 - nerf2 - INFO - Median error:6.41
2024-04-21 20:00:28,896 - nerf2 - INFO - Median error:4.60
2024-04-21 20:00:28,928 - nerf2 - INFO - Median error:4.44
2024-04-21 20:00:28,960 - nerf2 - INFO - Median error:6.26
2024-04-21 20:00:28,993 - nerf2 - INFO - Median error:5.08
2024-04-21 20:00:29,025 - nerf2 - INFO - Median error:4.31
2024-04-21 20:00:29,057 - nerf2 - INFO - Median error:6.75
2024-04-21 20:00:29,089 - nerf2 - INFO - Median error:5.24
2024-04-21 20:00:29,121 - nerf2 - INFO - Median error:4.87
2024-04-21 20:00:29,153 - nerf2 - INFO - Median error:8.13
2024-04-21 20:00:29,186 - nerf2 - INFO - Median error:5.17
2024-04-21 20:00:29,218 - nerf2 - INFO - Median error:5.43
2024-04-21 20:00:29,250 - nerf2 - INFO - Median error:4.69
2024-04-21 20:00:29,282 - nerf2 - INFO - Median error:5.38
2024-04-21 20:00:29,314 - nerf2 - INFO - Median error:5.50
2024-04-21 20:00:29,347 - nerf2 - INFO - Median error:5.73
2024-04-21 20:00:29,379 - nerf2 - INFO - Median error:3.87
2024-04-21 20:00:29,411 - nerf2 - INFO - Median error:5.45
2024-04-21 20:00:29,443 - nerf2 - INFO - Median error:5.03
2024-04-21 20:00:29,475 - nerf2 - INFO - Median error:4.86
2024-04-21 20:00:29,507 - nerf2 - INFO - Median error:4.72
2024-04-21 20:00:29,540 - nerf2 - INFO - Median error:4.70
2024-04-21 20:00:29,572 - nerf2 - INFO - Median error:4.75
2024-04-21 20:00:29,604 - nerf2 - INFO - Median error:6.29
2024-04-21 20:00:29,636 - nerf2 - INFO - Median error:4.44
2024-04-21 20:00:29,668 - nerf2 - INFO - Median error:4.04
2024-04-21 20:00:29,701 - nerf2 - INFO - Median error:6.10
2024-04-21 20:00:29,733 - nerf2 - INFO - Median error:5.52
2024-04-21 20:00:29,765 - nerf2 - INFO - Median error:5.31
2024-04-21 20:00:29,797 - nerf2 - INFO - Median error:4.28
2024-04-21 20:00:29,829 - nerf2 - INFO - Median error:4.35
2024-04-21 20:00:29,861 - nerf2 - INFO - Median error:5.12
2024-04-21 20:00:29,894 - nerf2 - INFO - Median error:3.63
2024-04-21 20:00:29,926 - nerf2 - INFO - Median error:3.95
2024-04-21 20:00:29,958 - nerf2 - INFO - Median error:3.64
2024-04-21 20:00:29,990 - nerf2 - INFO - Median error:6.65
2024-04-21 20:00:30,022 - nerf2 - INFO - Median error:4.30
2024-04-21 20:00:30,054 - nerf2 - INFO - Median error:4.67
2024-04-21 20:00:30,086 - nerf2 - INFO - Median error:5.32
2024-04-21 20:00:30,119 - nerf2 - INFO - Median error:4.06
2024-04-21 20:00:30,151 - nerf2 - INFO - Median error:3.81
2024-04-21 20:00:30,183 - nerf2 - INFO - Median error:4.06
2024-04-21 20:00:30,215 - nerf2 - INFO - Median error:5.46
2024-04-21 20:00:30,247 - nerf2 - INFO - Median error:6.47
2024-04-21 20:00:30,279 - nerf2 - INFO - Median error:4.53
2024-04-21 20:00:30,311 - nerf2 - INFO - Median error:3.66
2024-04-21 20:00:30,344 - nerf2 - INFO - Median error:7.55
2024-04-21 20:00:30,376 - nerf2 - INFO - Median error:4.75
2024-04-21 20:00:30,408 - nerf2 - INFO - Median error:4.64
2024-04-21 20:00:30,440 - nerf2 - INFO - Median error:5.51
2024-04-21 20:00:30,472 - nerf2 - INFO - Median error:5.34
2024-04-21 20:00:30,504 - nerf2 - INFO - Median error:5.21
2024-04-21 20:00:30,536 - nerf2 - INFO - Median error:4.72
2024-04-21 20:00:30,568 - nerf2 - INFO - Median error:3.93
2024-04-21 20:00:30,601 - nerf2 - INFO - Median error:3.73
2024-04-21 20:00:30,633 - nerf2 - INFO - Median error:4.98
2024-04-21 20:00:30,665 - nerf2 - INFO - Median error:4.72
2024-04-21 20:00:30,697 - nerf2 - INFO - Median error:4.52
2024-04-21 20:00:30,729 - nerf2 - INFO - Median error:6.66
2024-04-21 20:00:30,761 - nerf2 - INFO - Median error:3.97
2024-04-21 20:00:30,793 - nerf2 - INFO - Median error:4.79
2024-04-21 20:00:30,826 - nerf2 - INFO - Median error:4.98
2024-04-21 20:00:30,858 - nerf2 - INFO - Median error:5.44
2024-04-21 20:00:30,890 - nerf2 - INFO - Median error:5.60
2024-04-21 20:00:30,922 - nerf2 - INFO - Median error:4.67
2024-04-21 20:00:30,954 - nerf2 - INFO - Median error:4.72
2024-04-21 20:00:30,987 - nerf2 - INFO - Median error:3.54
2024-04-21 20:00:31,019 - nerf2 - INFO - Median error:3.75
2024-04-21 20:00:31,051 - nerf2 - INFO - Median error:5.30
2024-04-21 20:00:31,083 - nerf2 - INFO - Median error:4.41
2024-04-21 20:00:31,115 - nerf2 - INFO - Median error:4.70
2024-04-21 20:00:31,147 - nerf2 - INFO - Median error:5.83
2024-04-21 20:00:31,180 - nerf2 - INFO - Median error:4.17
2024-04-21 20:00:31,212 - nerf2 - INFO - Median error:4.13
2024-04-21 20:00:31,244 - nerf2 - INFO - Median error:5.58
2024-04-21 20:00:31,276 - nerf2 - INFO - Median error:5.00
2024-04-21 20:00:31,308 - nerf2 - INFO - Median error:5.59
2024-04-21 20:00:31,341 - nerf2 - INFO - Median error:6.83
2024-04-21 20:00:31,373 - nerf2 - INFO - Median error:4.95
2024-04-21 20:00:31,405 - nerf2 - INFO - Median error:5.80
2024-04-21 20:00:31,437 - nerf2 - INFO - Median error:5.44
2024-04-21 20:00:31,469 - nerf2 - INFO - Median error:3.89
2024-04-21 20:00:31,501 - nerf2 - INFO - Median error:4.34
2024-04-21 20:00:31,533 - nerf2 - INFO - Median error:5.04
2024-04-21 20:00:31,566 - nerf2 - INFO - Median error:5.01
2024-04-21 20:00:31,598 - nerf2 - INFO - Median error:6.58
2024-04-21 20:00:31,630 - nerf2 - INFO - Median error:4.83
2024-04-21 20:00:31,662 - nerf2 - INFO - Median error:4.40
2024-04-21 20:00:31,694 - nerf2 - INFO - Median error:5.20
2024-04-21 20:00:31,727 - nerf2 - INFO - Median error:6.51
2024-04-21 20:00:31,759 - nerf2 - INFO - Median error:3.97
2024-04-21 20:00:31,791 - nerf2 - INFO - Median error:4.38
2024-04-21 20:00:31,823 - nerf2 - INFO - Median error:3.51
2024-04-21 20:00:31,855 - nerf2 - INFO - Median error:6.32
2024-04-21 20:00:31,887 - nerf2 - INFO - Median error:4.96
2024-04-21 20:00:31,920 - nerf2 - INFO - Median error:4.26
2024-04-21 20:00:31,952 - nerf2 - INFO - Median error:3.41
2024-04-21 20:00:31,984 - nerf2 - INFO - Median error:2.96
2024-04-21 20:00:32,016 - nerf2 - INFO - Median error:3.52
2024-04-21 20:00:32,048 - nerf2 - INFO - Median error:4.76
2024-04-21 20:00:32,080 - nerf2 - INFO - Median error:3.55
2024-04-21 20:00:32,113 - nerf2 - INFO - Median error:6.69
2024-04-21 20:00:32,145 - nerf2 - INFO - Median error:4.98
2024-04-21 20:00:32,177 - nerf2 - INFO - Median error:4.64
2024-04-21 20:00:32,209 - nerf2 - INFO - Median error:6.11
2024-04-21 20:00:32,241 - nerf2 - INFO - Median error:5.21
2024-04-21 20:00:32,274 - nerf2 - INFO - Median error:4.22
2024-04-21 20:00:32,306 - nerf2 - INFO - Median error:6.55
2024-04-21 20:00:32,338 - nerf2 - INFO - Median error:5.05
2024-04-21 20:00:32,370 - nerf2 - INFO - Median error:5.06
2024-04-21 20:00:32,402 - nerf2 - INFO - Median error:4.93
2024-04-21 20:00:32,434 - nerf2 - INFO - Median error:6.25
2024-04-21 20:00:32,467 - nerf2 - INFO - Median error:4.45
2024-04-21 20:00:32,499 - nerf2 - INFO - Median error:5.64
2024-04-21 20:00:32,531 - nerf2 - INFO - Median error:5.11
2024-04-21 20:00:32,563 - nerf2 - INFO - Median error:5.07
2024-04-21 20:00:32,595 - nerf2 - INFO - Median error:5.15
2024-04-21 20:00:32,628 - nerf2 - INFO - Median error:3.41
2024-04-21 20:00:32,660 - nerf2 - INFO - Median error:5.04
2024-04-21 20:00:32,692 - nerf2 - INFO - Median error:4.33
2024-04-21 20:00:32,724 - nerf2 - INFO - Median error:4.25
2024-04-21 20:00:32,756 - nerf2 - INFO - Median error:4.97
2024-04-21 20:00:32,788 - nerf2 - INFO - Median error:4.52
2024-04-21 20:00:32,821 - nerf2 - INFO - Median error:4.49
2024-04-21 20:00:32,853 - nerf2 - INFO - Median error:4.86
2024-04-21 20:00:32,885 - nerf2 - INFO - Median error:3.84
2024-04-21 20:00:32,917 - nerf2 - INFO - Median error:6.00
2024-04-21 20:00:32,949 - nerf2 - INFO - Median error:5.72
2024-04-21 20:00:32,982 - nerf2 - INFO - Median error:5.80
2024-04-21 20:00:33,014 - nerf2 - INFO - Median error:5.02
2024-04-21 20:00:33,046 - nerf2 - INFO - Median error:4.67
2024-04-21 20:00:33,078 - nerf2 - INFO - Median error:4.35
2024-04-21 20:00:33,110 - nerf2 - INFO - Median error:5.72
2024-04-21 20:00:33,142 - nerf2 - INFO - Median error:7.32
2024-04-21 20:00:33,175 - nerf2 - INFO - Median error:4.24
2024-04-21 20:00:33,207 - nerf2 - INFO - Median error:4.02
2024-04-21 20:00:33,239 - nerf2 - INFO - Median error:3.20
2024-04-21 20:00:33,271 - nerf2 - INFO - Median error:4.24
2024-04-21 20:00:33,303 - nerf2 - INFO - Median error:4.41
2024-04-21 20:00:33,336 - nerf2 - INFO - Median error:6.18
2024-04-21 20:00:33,368 - nerf2 - INFO - Median error:4.14
2024-04-21 20:00:33,400 - nerf2 - INFO - Median error:3.81
2024-04-21 20:00:33,432 - nerf2 - INFO - Median error:4.70
2024-04-21 20:00:33,464 - nerf2 - INFO - Median error:4.14
2024-04-21 20:00:33,496 - nerf2 - INFO - Median error:7.17
2024-04-21 20:00:33,529 - nerf2 - INFO - Median error:4.23
2024-04-21 20:00:33,561 - nerf2 - INFO - Median error:5.68
2024-04-21 20:00:33,593 - nerf2 - INFO - Median error:5.23
2024-04-21 20:00:33,625 - nerf2 - INFO - Median error:5.32
2024-04-21 20:00:33,657 - nerf2 - INFO - Median error:4.00
2024-04-21 20:00:33,690 - nerf2 - INFO - Median error:5.34
2024-04-21 20:00:33,722 - nerf2 - INFO - Median error:3.90
2024-04-21 20:00:33,754 - nerf2 - INFO - Median error:4.82
2024-04-21 20:00:33,786 - nerf2 - INFO - Median error:4.24
2024-04-21 20:00:33,818 - nerf2 - INFO - Median error:4.13
2024-04-21 20:00:33,851 - nerf2 - INFO - Median error:3.94
2024-04-21 20:00:33,883 - nerf2 - INFO - Median error:4.53
2024-04-21 20:00:33,915 - nerf2 - INFO - Median error:3.74
2024-04-21 20:00:33,947 - nerf2 - INFO - Median error:4.57
2024-04-21 20:00:33,979 - nerf2 - INFO - Median error:6.15
2024-04-21 20:00:34,012 - nerf2 - INFO - Median error:4.45
2024-04-21 20:00:34,044 - nerf2 - INFO - Median error:7.59
2024-04-21 20:00:34,076 - nerf2 - INFO - Median error:4.91
2024-04-21 20:00:34,108 - nerf2 - INFO - Median error:5.63
2024-04-21 20:00:34,140 - nerf2 - INFO - Median error:5.77
2024-04-21 20:00:34,172 - nerf2 - INFO - Median error:7.14
2024-04-21 20:00:34,205 - nerf2 - INFO - Median error:4.81
2024-04-21 20:00:34,237 - nerf2 - INFO - Median error:6.24
2024-04-21 20:00:34,269 - nerf2 - INFO - Median error:4.12
2024-04-21 20:00:34,301 - nerf2 - INFO - Median error:4.65
2024-04-21 20:00:34,333 - nerf2 - INFO - Median error:5.68
2024-04-21 20:00:34,365 - nerf2 - INFO - Median error:3.87
2024-04-21 20:00:34,398 - nerf2 - INFO - Median error:5.39
2024-04-21 20:00:34,430 - nerf2 - INFO - Median error:5.56
2024-04-21 20:00:34,462 - nerf2 - INFO - Median error:3.51
2024-04-21 20:00:34,494 - nerf2 - INFO - Median error:3.70
2024-04-21 20:00:34,526 - nerf2 - INFO - Median error:5.54
2024-04-21 20:00:34,558 - nerf2 - INFO - Median error:3.95
2024-04-21 20:00:34,591 - nerf2 - INFO - Median error:5.54
2024-04-21 20:00:34,623 - nerf2 - INFO - Median error:5.68
2024-04-21 20:00:34,655 - nerf2 - INFO - Median error:3.92
2024-04-21 20:00:34,687 - nerf2 - INFO - Median error:4.21
2024-04-21 20:00:34,719 - nerf2 - INFO - Median error:4.51
2024-04-21 20:00:34,752 - nerf2 - INFO - Median error:7.53
2024-04-21 20:00:34,784 - nerf2 - INFO - Median error:4.96
2024-04-21 20:00:34,816 - nerf2 - INFO - Median error:5.05
2024-04-21 20:00:34,848 - nerf2 - INFO - Median error:5.43
2024-04-21 20:00:34,880 - nerf2 - INFO - Median error:4.64
2024-04-21 20:00:34,913 - nerf2 - INFO - Median error:4.07
2024-04-21 20:00:34,945 - nerf2 - INFO - Median error:3.50
2024-04-21 20:00:34,977 - nerf2 - INFO - Median error:4.26
2024-04-21 20:00:35,009 - nerf2 - INFO - Median error:5.12
2024-04-21 20:00:35,041 - nerf2 - INFO - Median error:3.29
2024-04-21 20:00:35,074 - nerf2 - INFO - Median error:5.81
2024-04-21 20:00:35,106 - nerf2 - INFO - Median error:4.73
2024-04-21 20:00:35,138 - nerf2 - INFO - Median error:6.82
2024-04-21 20:00:35,170 - nerf2 - INFO - Median error:4.18
2024-04-21 20:00:35,202 - nerf2 - INFO - Median error:4.54
2024-04-21 20:00:35,234 - nerf2 - INFO - Median error:6.47
2024-04-21 20:00:35,266 - nerf2 - INFO - Median error:4.69
2024-04-21 20:00:35,299 - nerf2 - INFO - Median error:3.93
2024-04-21 20:00:35,331 - nerf2 - INFO - Median error:4.82
2024-04-21 20:00:35,363 - nerf2 - INFO - Median error:3.94
2024-04-21 20:00:35,395 - nerf2 - INFO - Median error:5.34
2024-04-21 20:00:35,427 - nerf2 - INFO - Median error:5.44
2024-04-21 20:00:35,459 - nerf2 - INFO - Median error:4.80
2024-04-21 20:00:35,492 - nerf2 - INFO - Median error:5.31
2024-04-21 20:00:35,524 - nerf2 - INFO - Median error:6.59
2024-04-21 20:00:35,556 - nerf2 - INFO - Median error:4.15
2024-04-21 20:00:35,588 - nerf2 - INFO - Median error:6.63
2024-04-21 20:00:35,620 - nerf2 - INFO - Median error:4.14
2024-04-21 20:00:35,653 - nerf2 - INFO - Median error:4.20
2024-04-21 20:00:35,685 - nerf2 - INFO - Median error:4.85
2024-04-21 20:00:35,717 - nerf2 - INFO - Median error:5.48
2024-04-21 20:00:35,749 - nerf2 - INFO - Median error:5.99
2024-04-21 20:00:35,781 - nerf2 - INFO - Median error:5.79
2024-04-21 20:00:35,813 - nerf2 - INFO - Median error:3.84
2024-04-21 20:00:35,846 - nerf2 - INFO - Median error:4.18
2024-04-21 20:00:35,878 - nerf2 - INFO - Median error:5.92
2024-04-21 20:00:35,910 - nerf2 - INFO - Median error:4.56
2024-04-21 20:00:35,942 - nerf2 - INFO - Median error:5.91
2024-04-21 20:00:35,974 - nerf2 - INFO - Median error:5.96
2024-04-21 20:00:35,999 - nerf2 - INFO - Median error:3.46
2024-04-21 20:00:36,001 - nerf2 - INFO - Writing result to logs/BLE/ble-rssi-exp2-v0-595-posz-half/result_pos.txt...
2024-04-21 20:00:36,033 - nerf2 - INFO - Median error:3.41
2024-04-21 20:00:36,071 - nerf2 - INFO - Median error:4.08
2024-04-21 20:00:36,108 - nerf2 - INFO - Median error:4.27
2024-04-21 20:00:36,146 - nerf2 - INFO - Median error:6.15
2024-04-21 20:00:36,184 - nerf2 - INFO - Median error:4.59
2024-04-21 20:00:36,221 - nerf2 - INFO - Median error:4.49
2024-04-21 20:00:36,259 - nerf2 - INFO - Median error:4.14
2024-04-21 20:00:36,297 - nerf2 - INFO - Median error:4.38
2024-04-21 20:00:36,334 - nerf2 - INFO - Median error:5.93
2024-04-21 20:00:36,372 - nerf2 - INFO - Median error:4.27
2024-04-21 20:00:36,409 - nerf2 - INFO - Median error:4.18
2024-04-21 20:00:36,453 - nerf2 - INFO - Median error:7.64
2024-04-21 20:00:36,491 - nerf2 - INFO - Median error:6.07
2024-04-21 20:00:36,528 - nerf2 - INFO - Median error:3.02
2024-04-21 20:00:36,566 - nerf2 - INFO - Median error:6.05
2024-04-21 20:00:36,604 - nerf2 - INFO - Median error:5.14
2024-04-21 20:00:36,641 - nerf2 - INFO - Median error:7.80
2024-04-21 20:00:36,679 - nerf2 - INFO - Median error:5.20
2024-04-21 20:00:36,717 - nerf2 - INFO - Median error:3.74
2024-04-21 20:00:36,755 - nerf2 - INFO - Median error:4.52
2024-04-21 20:00:36,792 - nerf2 - INFO - Median error:5.44
2024-04-21 20:00:36,830 - nerf2 - INFO - Median error:5.39
2024-04-21 20:00:36,867 - nerf2 - INFO - Median error:3.80
2024-04-21 20:00:36,905 - nerf2 - INFO - Median error:4.26
2024-04-21 20:00:36,943 - nerf2 - INFO - Median error:5.67
2024-04-21 20:00:36,980 - nerf2 - INFO - Median error:5.06
2024-04-21 20:00:37,018 - nerf2 - INFO - Median error:6.25
2024-04-21 20:00:37,056 - nerf2 - INFO - Median error:5.07
2024-04-21 20:00:37,094 - nerf2 - INFO - Median error:4.03
2024-04-21 20:00:37,131 - nerf2 - INFO - Median error:4.37
2024-04-21 20:00:37,169 - nerf2 - INFO - Median error:5.29
2024-04-21 20:00:37,207 - nerf2 - INFO - Median error:5.66
2024-04-21 20:00:37,244 - nerf2 - INFO - Median error:5.57
2024-04-21 20:00:37,282 - nerf2 - INFO - Median error:4.88
2024-04-21 20:00:37,320 - nerf2 - INFO - Median error:4.46
2024-04-21 20:00:37,357 - nerf2 - INFO - Median error:4.44
2024-04-21 20:00:37,395 - nerf2 - INFO - Median error:4.06
2024-04-21 20:00:37,433 - nerf2 - INFO - Median error:5.03
2024-04-21 20:00:37,471 - nerf2 - INFO - Median error:4.87
2024-04-21 20:00:37,508 - nerf2 - INFO - Median error:5.46
2024-04-21 20:00:37,546 - nerf2 - INFO - Median error:5.54
2024-04-21 20:00:37,583 - nerf2 - INFO - Median error:6.78
2024-04-21 20:00:37,621 - nerf2 - INFO - Median error:3.54
2024-04-21 20:00:37,659 - nerf2 - INFO - Median error:3.51
2024-04-21 20:00:37,697 - nerf2 - INFO - Median error:6.83
2024-04-21 20:00:37,734 - nerf2 - INFO - Median error:5.71
2024-04-21 20:00:37,772 - nerf2 - INFO - Median error:3.37
2024-04-21 20:00:37,810 - nerf2 - INFO - Median error:5.69
2024-04-21 20:00:37,847 - nerf2 - INFO - Median error:4.22
2024-04-21 20:00:37,885 - nerf2 - INFO - Median error:5.58
2024-04-21 20:00:37,923 - nerf2 - INFO - Median error:6.38
2024-04-21 20:00:37,960 - nerf2 - INFO - Median error:4.79
2024-04-21 20:00:37,998 - nerf2 - INFO - Median error:5.60
2024-04-21 20:00:38,035 - nerf2 - INFO - Median error:4.12
2024-04-21 20:00:38,073 - nerf2 - INFO - Median error:4.54
2024-04-21 20:00:38,111 - nerf2 - INFO - Median error:6.71
2024-04-21 20:00:38,148 - nerf2 - INFO - Median error:5.92
2024-04-21 20:00:38,186 - nerf2 - INFO - Median error:3.75
2024-04-21 20:00:38,224 - nerf2 - INFO - Median error:3.99
2024-04-21 20:00:38,262 - nerf2 - INFO - Median error:4.14
2024-04-21 20:00:38,299 - nerf2 - INFO - Median error:5.50
2024-04-21 20:00:38,337 - nerf2 - INFO - Median error:6.31
2024-04-21 20:00:38,375 - nerf2 - INFO - Median error:3.41
2024-04-21 20:00:38,412 - nerf2 - INFO - Median error:4.75
2024-04-21 20:00:38,450 - nerf2 - INFO - Median error:4.26
2024-04-21 20:00:38,488 - nerf2 - INFO - Median error:4.70
2024-04-21 20:00:38,525 - nerf2 - INFO - Median error:6.43
2024-04-21 20:00:38,563 - nerf2 - INFO - Median error:5.37
2024-04-21 20:00:38,601 - nerf2 - INFO - Median error:3.82
2024-04-21 20:00:38,639 - nerf2 - INFO - Median error:3.99
2024-04-21 20:00:38,676 - nerf2 - INFO - Median error:7.05
2024-04-21 20:00:38,714 - nerf2 - INFO - Median error:5.87
2024-04-21 20:00:38,752 - nerf2 - INFO - Median error:6.00
2024-04-21 20:00:38,789 - nerf2 - INFO - Median error:4.96
2024-04-21 20:00:38,827 - nerf2 - INFO - Median error:6.79
2024-04-21 20:00:38,865 - nerf2 - INFO - Median error:3.72
2024-04-21 20:00:38,902 - nerf2 - INFO - Median error:4.09
2024-04-21 20:00:38,940 - nerf2 - INFO - Median error:6.48
2024-04-21 20:00:38,978 - nerf2 - INFO - Median error:5.31
2024-04-21 20:00:39,015 - nerf2 - INFO - Median error:4.10
2024-04-21 20:00:39,053 - nerf2 - INFO - Median error:5.04
2024-04-21 20:00:39,091 - nerf2 - INFO - Median error:3.49
2024-04-21 20:00:39,129 - nerf2 - INFO - Median error:5.32
2024-04-21 20:00:39,166 - nerf2 - INFO - Median error:5.85
2024-04-21 20:00:39,204 - nerf2 - INFO - Median error:3.51
2024-04-21 20:00:39,242 - nerf2 - INFO - Median error:3.79
2024-04-21 20:00:39,279 - nerf2 - INFO - Median error:4.71
2024-04-21 20:00:39,317 - nerf2 - INFO - Median error:3.81
2024-04-21 20:00:39,355 - nerf2 - INFO - Median error:4.51
2024-04-21 20:00:39,392 - nerf2 - INFO - Median error:6.41
2024-04-21 20:00:39,430 - nerf2 - INFO - Median error:4.60
2024-04-21 20:00:39,468 - nerf2 - INFO - Median error:4.44
2024-04-21 20:00:39,505 - nerf2 - INFO - Median error:6.26
2024-04-21 20:00:39,543 - nerf2 - INFO - Median error:5.08
2024-04-21 20:00:39,598 - nerf2 - INFO - Median error:4.31
2024-04-21 20:00:39,649 - nerf2 - INFO - Median error:6.75
2024-04-21 20:00:39,686 - nerf2 - INFO - Median error:5.24
2024-04-21 20:00:39,724 - nerf2 - INFO - Median error:4.87
2024-04-21 20:00:39,762 - nerf2 - INFO - Median error:8.13
2024-04-21 20:00:39,799 - nerf2 - INFO - Median error:5.17
2024-04-21 20:00:39,837 - nerf2 - INFO - Median error:5.43
2024-04-21 20:00:39,875 - nerf2 - INFO - Median error:4.69
2024-04-21 20:00:39,912 - nerf2 - INFO - Median error:5.38
2024-04-21 20:00:39,950 - nerf2 - INFO - Median error:5.50
2024-04-21 20:00:39,988 - nerf2 - INFO - Median error:5.73
2024-04-21 20:00:40,025 - nerf2 - INFO - Median error:3.87
2024-04-21 20:00:40,063 - nerf2 - INFO - Median error:5.45
2024-04-21 20:00:40,101 - nerf2 - INFO - Median error:5.03
2024-04-21 20:00:40,139 - nerf2 - INFO - Median error:4.86
2024-04-21 20:00:40,176 - nerf2 - INFO - Median error:4.72
2024-04-21 20:00:40,214 - nerf2 - INFO - Median error:4.70
2024-04-21 20:00:40,251 - nerf2 - INFO - Median error:4.75
2024-04-21 20:00:40,289 - nerf2 - INFO - Median error:6.29
2024-04-21 20:00:40,327 - nerf2 - INFO - Median error:4.44
2024-04-21 20:00:40,364 - nerf2 - INFO - Median error:4.04
2024-04-21 20:00:40,402 - nerf2 - INFO - Median error:6.10
2024-04-21 20:00:40,440 - nerf2 - INFO - Median error:5.52
2024-04-21 20:00:40,477 - nerf2 - INFO - Median error:5.31
2024-04-21 20:00:40,515 - nerf2 - INFO - Median error:4.28
2024-04-21 20:00:40,553 - nerf2 - INFO - Median error:4.35
2024-04-21 20:00:40,590 - nerf2 - INFO - Median error:5.12
2024-04-21 20:00:40,628 - nerf2 - INFO - Median error:3.63
2024-04-21 20:00:40,666 - nerf2 - INFO - Median error:3.95
2024-04-21 20:00:40,703 - nerf2 - INFO - Median error:3.64
2024-04-21 20:00:40,741 - nerf2 - INFO - Median error:6.65
2024-04-21 20:00:40,779 - nerf2 - INFO - Median error:4.30
2024-04-21 20:00:40,816 - nerf2 - INFO - Median error:4.67
2024-04-21 20:00:40,854 - nerf2 - INFO - Median error:5.32
2024-04-21 20:00:40,892 - nerf2 - INFO - Median error:4.06
2024-04-21 20:00:40,929 - nerf2 - INFO - Median error:3.81
2024-04-21 20:00:40,967 - nerf2 - INFO - Median error:4.06
2024-04-21 20:00:41,005 - nerf2 - INFO - Median error:5.46
2024-04-21 20:00:41,042 - nerf2 - INFO - Median error:6.47
2024-04-21 20:00:41,080 - nerf2 - INFO - Median error:4.53
2024-04-21 20:00:41,118 - nerf2 - INFO - Median error:3.66
2024-04-21 20:00:41,155 - nerf2 - INFO - Median error:7.55
2024-04-21 20:00:41,193 - nerf2 - INFO - Median error:4.75
2024-04-21 20:00:41,231 - nerf2 - INFO - Median error:4.64
2024-04-21 20:00:41,269 - nerf2 - INFO - Median error:5.51
2024-04-21 20:00:41,306 - nerf2 - INFO - Median error:5.34
2024-04-21 20:00:41,344 - nerf2 - INFO - Median error:5.21
2024-04-21 20:00:41,382 - nerf2 - INFO - Median error:4.72
2024-04-21 20:00:41,419 - nerf2 - INFO - Median error:3.93
2024-04-21 20:00:41,457 - nerf2 - INFO - Median error:3.73
2024-04-21 20:00:41,495 - nerf2 - INFO - Median error:4.98
2024-04-21 20:00:41,532 - nerf2 - INFO - Median error:4.72
2024-04-21 20:00:41,570 - nerf2 - INFO - Median error:4.52
2024-04-21 20:00:41,608 - nerf2 - INFO - Median error:6.66
2024-04-21 20:00:41,645 - nerf2 - INFO - Median error:3.97
2024-04-21 20:00:41,683 - nerf2 - INFO - Median error:4.79
2024-04-21 20:00:41,721 - nerf2 - INFO - Median error:4.98
2024-04-21 20:00:41,758 - nerf2 - INFO - Median error:5.44
2024-04-21 20:00:41,796 - nerf2 - INFO - Median error:5.60
2024-04-21 20:00:41,834 - nerf2 - INFO - Median error:4.67
2024-04-21 20:00:41,871 - nerf2 - INFO - Median error:4.72
2024-04-21 20:00:41,909 - nerf2 - INFO - Median error:3.54
2024-04-21 20:00:41,947 - nerf2 - INFO - Median error:3.75
2024-04-21 20:00:41,984 - nerf2 - INFO - Median error:5.30
2024-04-21 20:00:42,022 - nerf2 - INFO - Median error:4.41
2024-04-21 20:00:42,060 - nerf2 - INFO - Median error:4.70
2024-04-21 20:00:42,098 - nerf2 - INFO - Median error:5.83
2024-04-21 20:00:42,135 - nerf2 - INFO - Median error:4.17
2024-04-21 20:00:42,173 - nerf2 - INFO - Median error:4.13
2024-04-21 20:00:42,211 - nerf2 - INFO - Median error:5.58
2024-04-21 20:00:42,248 - nerf2 - INFO - Median error:5.00
2024-04-21 20:00:42,286 - nerf2 - INFO - Median error:5.59
2024-04-21 20:00:42,323 - nerf2 - INFO - Median error:6.83
2024-04-21 20:00:42,361 - nerf2 - INFO - Median error:4.95
2024-04-21 20:00:42,399 - nerf2 - INFO - Median error:5.80
2024-04-21 20:00:42,436 - nerf2 - INFO - Median error:5.44
2024-04-21 20:00:42,474 - nerf2 - INFO - Median error:3.89
2024-04-21 20:00:42,512 - nerf2 - INFO - Median error:4.34
2024-04-21 20:00:42,549 - nerf2 - INFO - Median error:5.04
2024-04-21 20:00:42,587 - nerf2 - INFO - Median error:5.01
2024-04-21 20:00:42,625 - nerf2 - INFO - Median error:6.58
2024-04-21 20:00:42,662 - nerf2 - INFO - Median error:4.83
2024-04-21 20:00:42,700 - nerf2 - INFO - Median error:4.40
2024-04-21 20:00:42,738 - nerf2 - INFO - Median error:5.20
2024-04-21 20:00:42,775 - nerf2 - INFO - Median error:6.51
2024-04-21 20:00:42,813 - nerf2 - INFO - Median error:3.97
2024-04-21 20:00:42,851 - nerf2 - INFO - Median error:4.38
2024-04-21 20:00:42,888 - nerf2 - INFO - Median error:3.51
2024-04-21 20:00:42,926 - nerf2 - INFO - Median error:6.32
2024-04-21 20:00:42,964 - nerf2 - INFO - Median error:4.96
2024-04-21 20:00:43,001 - nerf2 - INFO - Median error:4.26
2024-04-21 20:00:43,039 - nerf2 - INFO - Median error:3.41
2024-04-21 20:00:43,077 - nerf2 - INFO - Median error:2.96
2024-04-21 20:00:43,114 - nerf2 - INFO - Median error:3.52
2024-04-21 20:00:43,152 - nerf2 - INFO - Median error:4.76
2024-04-21 20:00:43,190 - nerf2 - INFO - Median error:3.55
2024-04-21 20:00:43,228 - nerf2 - INFO - Median error:6.69
2024-04-21 20:00:43,265 - nerf2 - INFO - Median error:4.98
2024-04-21 20:00:43,303 - nerf2 - INFO - Median error:4.64
2024-04-21 20:00:43,341 - nerf2 - INFO - Median error:6.11
2024-04-21 20:00:43,378 - nerf2 - INFO - Median error:5.21
2024-04-21 20:00:43,416 - nerf2 - INFO - Median error:4.22
2024-04-21 20:00:43,454 - nerf2 - INFO - Median error:6.55
2024-04-21 20:00:43,491 - nerf2 - INFO - Median error:5.05
2024-04-21 20:00:43,529 - nerf2 - INFO - Median error:5.06
2024-04-21 20:00:43,567 - nerf2 - INFO - Median error:4.93
2024-04-21 20:00:43,604 - nerf2 - INFO - Median error:6.25
2024-04-21 20:00:43,642 - nerf2 - INFO - Median error:4.45
2024-04-21 20:00:43,680 - nerf2 - INFO - Median error:5.64
2024-04-21 20:00:43,717 - nerf2 - INFO - Median error:5.11
2024-04-21 20:00:43,755 - nerf2 - INFO - Median error:5.07
2024-04-21 20:00:43,793 - nerf2 - INFO - Median error:5.15
2024-04-21 20:00:43,831 - nerf2 - INFO - Median error:3.41
2024-04-21 20:00:43,868 - nerf2 - INFO - Median error:5.04
2024-04-21 20:00:43,906 - nerf2 - INFO - Median error:4.33
2024-04-21 20:00:43,944 - nerf2 - INFO - Median error:4.25
2024-04-21 20:00:43,981 - nerf2 - INFO - Median error:4.97
2024-04-21 20:00:44,019 - nerf2 - INFO - Median error:4.52
2024-04-21 20:00:44,057 - nerf2 - INFO - Median error:4.49
2024-04-21 20:00:44,094 - nerf2 - INFO - Median error:4.86
2024-04-21 20:00:44,132 - nerf2 - INFO - Median error:3.84
2024-04-21 20:00:44,170 - nerf2 - INFO - Median error:6.00
2024-04-21 20:00:44,207 - nerf2 - INFO - Median error:5.72
2024-04-21 20:00:44,245 - nerf2 - INFO - Median error:5.80
2024-04-21 20:00:44,283 - nerf2 - INFO - Median error:5.02
2024-04-21 20:00:44,320 - nerf2 - INFO - Median error:4.67
2024-04-21 20:00:44,358 - nerf2 - INFO - Median error:4.35
2024-04-21 20:00:44,396 - nerf2 - INFO - Median error:5.72
2024-04-21 20:00:44,433 - nerf2 - INFO - Median error:7.32
2024-04-21 20:00:44,471 - nerf2 - INFO - Median error:4.24
2024-04-21 20:00:44,509 - nerf2 - INFO - Median error:4.02
2024-04-21 20:00:44,546 - nerf2 - INFO - Median error:3.20
2024-04-21 20:00:44,584 - nerf2 - INFO - Median error:4.24
2024-04-21 20:00:44,622 - nerf2 - INFO - Median error:4.41
2024-04-21 20:00:44,659 - nerf2 - INFO - Median error:6.18
2024-04-21 20:00:44,697 - nerf2 - INFO - Median error:4.14
2024-04-21 20:00:44,735 - nerf2 - INFO - Median error:3.81
2024-04-21 20:00:44,772 - nerf2 - INFO - Median error:4.70
2024-04-21 20:00:44,810 - nerf2 - INFO - Median error:4.14
2024-04-21 20:00:44,848 - nerf2 - INFO - Median error:7.17
2024-04-21 20:00:44,885 - nerf2 - INFO - Median error:4.23
2024-04-21 20:00:44,923 - nerf2 - INFO - Median error:5.68
2024-04-21 20:00:44,961 - nerf2 - INFO - Median error:5.23
2024-04-21 20:00:44,998 - nerf2 - INFO - Median error:5.32
2024-04-21 20:00:45,036 - nerf2 - INFO - Median error:4.00
2024-04-21 20:00:45,074 - nerf2 - INFO - Median error:5.34
2024-04-21 20:00:45,111 - nerf2 - INFO - Median error:3.90
2024-04-21 20:00:45,149 - nerf2 - INFO - Median error:4.82
2024-04-21 20:00:45,186 - nerf2 - INFO - Median error:4.24
2024-04-21 20:00:45,224 - nerf2 - INFO - Median error:4.13
2024-04-21 20:00:45,262 - nerf2 - INFO - Median error:3.94
2024-04-21 20:00:45,299 - nerf2 - INFO - Median error:4.53
2024-04-21 20:00:45,337 - nerf2 - INFO - Median error:3.74
2024-04-21 20:00:45,375 - nerf2 - INFO - Median error:4.57
2024-04-21 20:00:45,413 - nerf2 - INFO - Median error:6.15
2024-04-21 20:00:45,450 - nerf2 - INFO - Median error:4.45
2024-04-21 20:00:45,488 - nerf2 - INFO - Median error:7.59
2024-04-21 20:00:45,525 - nerf2 - INFO - Median error:4.91
2024-04-21 20:00:45,563 - nerf2 - INFO - Median error:5.63
2024-04-21 20:00:45,601 - nerf2 - INFO - Median error:5.77
2024-04-21 20:00:45,639 - nerf2 - INFO - Median error:7.14
2024-04-21 20:00:45,676 - nerf2 - INFO - Median error:4.81
2024-04-21 20:00:45,714 - nerf2 - INFO - Median error:6.24
2024-04-21 20:00:45,752 - nerf2 - INFO - Median error:4.12
2024-04-21 20:00:45,789 - nerf2 - INFO - Median error:4.65
2024-04-21 20:00:45,827 - nerf2 - INFO - Median error:5.68
2024-04-21 20:00:45,865 - nerf2 - INFO - Median error:3.87
2024-04-21 20:00:45,902 - nerf2 - INFO - Median error:5.39
2024-04-21 20:00:45,940 - nerf2 - INFO - Median error:5.56
2024-04-21 20:00:45,978 - nerf2 - INFO - Median error:3.51
2024-04-21 20:00:46,015 - nerf2 - INFO - Median error:3.70
2024-04-21 20:00:46,053 - nerf2 - INFO - Median error:5.54
2024-04-21 20:00:46,091 - nerf2 - INFO - Median error:3.95
2024-04-21 20:00:46,128 - nerf2 - INFO - Median error:5.54
2024-04-21 20:00:46,166 - nerf2 - INFO - Median error:5.68
2024-04-21 20:00:46,204 - nerf2 - INFO - Median error:3.92
2024-04-21 20:00:46,241 - nerf2 - INFO - Median error:4.21
2024-04-21 20:00:46,279 - nerf2 - INFO - Median error:4.51
2024-04-21 20:00:46,317 - nerf2 - INFO - Median error:7.53
2024-04-21 20:00:46,354 - nerf2 - INFO - Median error:4.96
2024-04-21 20:00:46,392 - nerf2 - INFO - Median error:5.05
2024-04-21 20:00:46,430 - nerf2 - INFO - Median error:5.43
2024-04-21 20:00:46,467 - nerf2 - INFO - Median error:4.64
2024-04-21 20:00:46,505 - nerf2 - INFO - Median error:4.07
2024-04-21 20:00:46,543 - nerf2 - INFO - Median error:3.50
2024-04-21 20:00:46,580 - nerf2 - INFO - Median error:4.26
2024-04-21 20:00:46,618 - nerf2 - INFO - Median error:5.12
2024-04-21 20:00:46,656 - nerf2 - INFO - Median error:3.29
2024-04-21 20:00:46,693 - nerf2 - INFO - Median error:5.81
2024-04-21 20:00:46,731 - nerf2 - INFO - Median error:4.73
2024-04-21 20:00:46,768 - nerf2 - INFO - Median error:6.82
2024-04-21 20:00:46,806 - nerf2 - INFO - Median error:4.18
2024-04-21 20:00:46,844 - nerf2 - INFO - Median error:4.54
2024-04-21 20:00:46,881 - nerf2 - INFO - Median error:6.47
2024-04-21 20:00:46,919 - nerf2 - INFO - Median error:4.69
2024-04-21 20:00:46,957 - nerf2 - INFO - Median error:3.93
2024-04-21 20:00:46,994 - nerf2 - INFO - Median error:4.82
2024-04-21 20:00:47,032 - nerf2 - INFO - Median error:3.94
2024-04-21 20:00:47,070 - nerf2 - INFO - Median error:5.34
2024-04-21 20:00:47,108 - nerf2 - INFO - Median error:5.44
2024-04-21 20:00:47,145 - nerf2 - INFO - Median error:4.80
2024-04-21 20:00:47,183 - nerf2 - INFO - Median error:5.31
2024-04-21 20:00:47,220 - nerf2 - INFO - Median error:6.59
2024-04-21 20:00:47,258 - nerf2 - INFO - Median error:4.15
2024-04-21 20:00:47,296 - nerf2 - INFO - Median error:6.63
2024-04-21 20:00:47,333 - nerf2 - INFO - Median error:4.14
2024-04-21 20:00:47,371 - nerf2 - INFO - Median error:4.20
2024-04-21 20:00:47,409 - nerf2 - INFO - Median error:4.85
2024-04-21 20:00:47,446 - nerf2 - INFO - Median error:5.48
2024-04-21 20:00:47,484 - nerf2 - INFO - Median error:5.99
2024-04-21 20:00:47,522 - nerf2 - INFO - Median error:5.79
2024-04-21 20:00:47,559 - nerf2 - INFO - Median error:3.84
2024-04-21 20:00:47,597 - nerf2 - INFO - Median error:4.18
2024-04-21 20:00:47,635 - nerf2 - INFO - Median error:5.92
2024-04-21 20:00:47,673 - nerf2 - INFO - Median error:4.56
2024-04-21 20:00:47,710 - nerf2 - INFO - Median error:5.91
2024-04-21 20:00:47,748 - nerf2 - INFO - Median error:5.96
2024-04-21 20:00:47,778 - nerf2 - INFO - Median error:3.46
2024-04-21 20:00:47,791 - nerf2 - INFO - Total Median error:4.85
