2024-04-17 00:51:09,017 - nerf2 - INFO - expname:ble-rssi-exp2-v1-8020-posz-whole, datadir:data/BLE/, logdir:logs/BLE/
2024-04-17 00:51:09,466 - nerf2 - INFO - Total number of parameters: 690564
2024-04-17 00:51:09,469 - nerf2 - INFO - Found ckpts []
2024-04-17 00:51:09,469 - nerf2 - INFO - Loading training set...
2024-04-17 00:51:12,235 - nerf2 - INFO - Loading test set...
2024-04-17 00:51:13,110 - nerf2 - INFO - Train set size:33600, Test set size:8400
2024-04-17 00:51:13,111 - nerf2 - INFO - Start training. Current Iteration:1
2024-04-17 01:25:51,401 - nerf2 - INFO - expname:ble-rssi-exp2-v1-8020-posz-whole, datadir:data/BLE/, logdir:logs/BLE/
2024-04-17 01:25:51,842 - nerf2 - INFO - Total number of parameters: 690564
2024-04-17 01:25:51,843 - nerf2 - INFO - Found ckpts ['logs/BLE/ble-rssi-exp2-v1-8020-posz-whole/ckpts/029800.tar', 'logs/BLE/ble-rssi-exp2-v1-8020-posz-whole/ckpts/029900.tar', 'logs/BLE/ble-rssi-exp2-v1-8020-posz-whole/ckpts/030000.tar']
2024-04-17 01:25:51,843 - nerf2 - INFO - Loading ckpt logs/BLE/ble-rssi-exp2-v1-8020-posz-whole/ckpts/030000.tar
2024-04-17 01:25:51,864 - nerf2 - INFO - Loading training set...
2024-04-17 01:25:54,617 - nerf2 - INFO - Loading test set...
2024-04-17 01:25:55,484 - nerf2 - INFO - Train set size:33600, Test set size:8400
2024-04-17 01:25:55,485 - nerf2 - INFO - Start evaluation
2024-04-17 01:25:55,879 - nerf2 - INFO - Median error:3.07
2024-04-17 01:25:55,932 - nerf2 - INFO - Median error:2.73
2024-04-17 01:25:55,967 - nerf2 - INFO - Median error:2.69
2024-04-17 01:25:56,001 - nerf2 - INFO - Median error:2.75
2024-04-17 01:25:56,035 - nerf2 - INFO - Median error:3.18
2024-04-17 01:25:56,069 - nerf2 - INFO - Median error:2.89
2024-04-17 01:25:56,103 - nerf2 - INFO - Median error:2.38
2024-04-17 01:25:56,136 - nerf2 - INFO - Median error:2.56
2024-04-17 01:25:56,170 - nerf2 - INFO - Median error:2.68
2024-04-17 01:25:56,204 - nerf2 - INFO - Median error:2.85
2024-04-17 01:25:56,238 - nerf2 - INFO - Median error:2.95
2024-04-17 01:25:56,272 - nerf2 - INFO - Median error:2.38
2024-04-17 01:25:56,306 - nerf2 - INFO - Median error:2.82
2024-04-17 01:25:56,340 - nerf2 - INFO - Median error:2.88
2024-04-17 01:25:56,374 - nerf2 - INFO - Median error:2.55
2024-04-17 01:25:56,408 - nerf2 - INFO - Median error:2.77
2024-04-17 01:25:56,441 - nerf2 - INFO - Median error:2.55
2024-04-17 01:25:56,475 - nerf2 - INFO - Median error:2.61
2024-04-17 01:25:56,509 - nerf2 - INFO - Median error:2.50
2024-04-17 01:25:56,543 - nerf2 - INFO - Median error:2.49
2024-04-17 01:25:56,577 - nerf2 - INFO - Median error:2.70
2024-04-17 01:25:56,611 - nerf2 - INFO - Median error:2.57
2024-04-17 01:25:56,645 - nerf2 - INFO - Median error:2.64
2024-04-17 01:25:56,679 - nerf2 - INFO - Median error:2.92
2024-04-17 01:25:56,713 - nerf2 - INFO - Median error:2.57
2024-04-17 01:25:56,747 - nerf2 - INFO - Median error:2.95
2024-04-17 01:25:56,781 - nerf2 - INFO - Median error:2.55
2024-04-17 01:25:56,814 - nerf2 - INFO - Median error:2.68
2024-04-17 01:25:56,848 - nerf2 - INFO - Median error:3.22
2024-04-17 01:25:56,882 - nerf2 - INFO - Median error:2.61
2024-04-17 01:25:56,916 - nerf2 - INFO - Median error:2.24
2024-04-17 01:25:56,950 - nerf2 - INFO - Median error:3.15
2024-04-17 01:25:56,984 - nerf2 - INFO - Median error:3.12
2024-04-17 01:25:57,018 - nerf2 - INFO - Median error:2.62
2024-04-17 01:25:57,052 - nerf2 - INFO - Median error:2.54
2024-04-17 01:25:57,086 - nerf2 - INFO - Median error:2.74
2024-04-17 01:25:57,120 - nerf2 - INFO - Median error:2.51
2024-04-17 01:25:57,153 - nerf2 - INFO - Median error:2.88
2024-04-17 01:25:57,187 - nerf2 - INFO - Median error:2.61
2024-04-17 01:25:57,221 - nerf2 - INFO - Median error:2.72
2024-04-17 01:25:57,255 - nerf2 - INFO - Median error:2.51
2024-04-17 01:25:57,289 - nerf2 - INFO - Median error:2.30
2024-04-17 01:25:57,323 - nerf2 - INFO - Median error:2.65
2024-04-17 01:25:57,357 - nerf2 - INFO - Median error:2.54
2024-04-17 01:25:57,391 - nerf2 - INFO - Median error:2.84
2024-04-17 01:25:57,425 - nerf2 - INFO - Median error:2.84
2024-04-17 01:25:57,459 - nerf2 - INFO - Median error:3.33
2024-04-17 01:25:57,493 - nerf2 - INFO - Median error:2.64
2024-04-17 01:25:57,527 - nerf2 - INFO - Median error:2.65
2024-04-17 01:25:57,561 - nerf2 - INFO - Median error:2.23
2024-04-17 01:25:57,594 - nerf2 - INFO - Median error:1.91
2024-04-17 01:25:57,628 - nerf2 - INFO - Median error:3.03
2024-04-17 01:25:57,662 - nerf2 - INFO - Median error:2.47
2024-04-17 01:25:57,696 - nerf2 - INFO - Median error:2.46
2024-04-17 01:25:57,730 - nerf2 - INFO - Median error:2.68
2024-04-17 01:25:57,764 - nerf2 - INFO - Median error:3.34
2024-04-17 01:25:57,798 - nerf2 - INFO - Median error:2.79
2024-04-17 01:25:57,832 - nerf2 - INFO - Median error:3.02
2024-04-17 01:25:57,866 - nerf2 - INFO - Median error:3.17
2024-04-17 01:25:57,900 - nerf2 - INFO - Median error:2.76
2024-04-17 01:25:57,934 - nerf2 - INFO - Median error:2.67
2024-04-17 01:25:57,967 - nerf2 - INFO - Median error:2.66
2024-04-17 01:25:58,001 - nerf2 - INFO - Median error:2.52
2024-04-17 01:25:58,035 - nerf2 - INFO - Median error:2.48
2024-04-17 01:25:58,069 - nerf2 - INFO - Median error:2.41
2024-04-17 01:25:58,091 - nerf2 - INFO - Median error:2.77
2024-04-17 01:25:58,095 - nerf2 - INFO - Total Median error:2.73
