2024-04-21 22:58:03,709 - nerf2 - INFO - expname:ble-rssi-exp2-v0-fewshot-posz-half, datadir:data/BLE/, logdir:logs/BLE/
2024-04-21 22:58:04,192 - nerf2 - INFO - Total number of parameters: 690564
2024-04-21 22:58:04,194 - nerf2 - INFO - Found ckpts []
2024-04-21 22:58:04,194 - nerf2 - INFO - Loading training set...
2024-04-21 22:58:05,523 - nerf2 - INFO - Loading test set...
2024-04-21 22:58:06,100 - nerf2 - INFO - Train set size:31885, Test set size:10115
2024-04-21 22:58:06,100 - nerf2 - INFO - Start training. Current Iteration:1
2024-04-21 23:39:28,307 - nerf2 - INFO - expname:ble-rssi-exp2-v0-fewshot-posz-half, datadir:data/BLE/, logdir:logs/BLE/
2024-04-21 23:39:28,784 - nerf2 - INFO - Total number of parameters: 690564
2024-04-21 23:39:28,785 - nerf2 - INFO - Found ckpts ['logs/BLE/ble-rssi-exp2-v0-fewshot-posz-half/ckpts/029800.tar', 'logs/BLE/ble-rssi-exp2-v0-fewshot-posz-half/ckpts/029900.tar', 'logs/BLE/ble-rssi-exp2-v0-fewshot-posz-half/ckpts/030000.tar']
2024-04-21 23:39:28,785 - nerf2 - INFO - Loading ckpt logs/BLE/ble-rssi-exp2-v0-fewshot-posz-half/ckpts/030000.tar
2024-04-21 23:39:28,805 - nerf2 - INFO - Loading training set...
2024-04-21 23:39:30,116 - nerf2 - INFO - Loading test set...
2024-04-21 23:39:30,529 - nerf2 - INFO - Train set size:31885, Test set size:10115
2024-04-21 23:39:30,529 - nerf2 - INFO - Start evaluation
2024-04-21 23:39:30,530 - nerf2 - INFO - Writing result to logs/BLE/ble-rssi-exp2-v0-fewshot-posz-half/result.txt...
2024-04-21 23:39:30,840 - nerf2 - INFO - Median error:5.59
2024-04-21 23:39:30,873 - nerf2 - INFO - Median error:2.89
2024-04-21 23:39:30,906 - nerf2 - INFO - Median error:3.96
2024-04-21 23:39:30,939 - nerf2 - INFO - Median error:4.60
2024-04-21 23:39:30,971 - nerf2 - INFO - Median error:4.17
2024-04-21 23:39:31,003 - nerf2 - INFO - Median error:3.30
2024-04-21 23:39:31,035 - nerf2 - INFO - Median error:4.64
2024-04-21 23:39:31,067 - nerf2 - INFO - Median error:3.69
2024-04-21 23:39:31,099 - nerf2 - INFO - Median error:4.11
2024-04-21 23:39:31,132 - nerf2 - INFO - Median error:3.97
2024-04-21 23:39:31,164 - nerf2 - INFO - Median error:3.78
2024-04-21 23:39:31,196 - nerf2 - INFO - Median error:4.39
2024-04-21 23:39:31,228 - nerf2 - INFO - Median error:3.98
2024-04-21 23:39:31,260 - nerf2 - INFO - Median error:4.01
2024-04-21 23:39:31,292 - nerf2 - INFO - Median error:4.64
2024-04-21 23:39:31,325 - nerf2 - INFO - Median error:4.36
2024-04-21 23:39:31,357 - nerf2 - INFO - Median error:4.77
2024-04-21 23:39:31,389 - nerf2 - INFO - Median error:4.47
2024-04-21 23:39:31,421 - nerf2 - INFO - Median error:4.31
2024-04-21 23:39:31,453 - nerf2 - INFO - Median error:4.60
2024-04-21 23:39:31,485 - nerf2 - INFO - Median error:2.82
2024-04-21 23:39:31,517 - nerf2 - INFO - Median error:3.99
2024-04-21 23:39:31,550 - nerf2 - INFO - Median error:4.72
2024-04-21 23:39:31,582 - nerf2 - INFO - Median error:4.86
2024-04-21 23:39:31,614 - nerf2 - INFO - Median error:3.91
2024-04-21 23:39:31,646 - nerf2 - INFO - Median error:4.11
2024-04-21 23:39:31,678 - nerf2 - INFO - Median error:4.17
2024-04-21 23:39:31,710 - nerf2 - INFO - Median error:4.43
2024-04-21 23:39:31,743 - nerf2 - INFO - Median error:4.54
2024-04-21 23:39:31,775 - nerf2 - INFO - Median error:3.98
2024-04-21 23:39:31,807 - nerf2 - INFO - Median error:3.59
2024-04-21 23:39:31,839 - nerf2 - INFO - Median error:4.77
2024-04-21 23:39:31,871 - nerf2 - INFO - Median error:5.19
2024-04-21 23:39:31,903 - nerf2 - INFO - Median error:2.98
2024-04-21 23:39:31,935 - nerf2 - INFO - Median error:3.40
2024-04-21 23:39:31,968 - nerf2 - INFO - Median error:4.91
2024-04-21 23:39:32,003 - nerf2 - INFO - Median error:4.62
2024-04-21 23:39:32,035 - nerf2 - INFO - Median error:5.04
2024-04-21 23:39:32,067 - nerf2 - INFO - Median error:4.79
2024-04-21 23:39:32,099 - nerf2 - INFO - Median error:3.85
2024-04-21 23:39:32,131 - nerf2 - INFO - Median error:4.11
2024-04-21 23:39:32,164 - nerf2 - INFO - Median error:5.07
2024-04-21 23:39:32,196 - nerf2 - INFO - Median error:3.97
2024-04-21 23:39:32,228 - nerf2 - INFO - Median error:4.43
2024-04-21 23:39:32,260 - nerf2 - INFO - Median error:4.49
2024-04-21 23:39:32,292 - nerf2 - INFO - Median error:4.33
2024-04-21 23:39:32,324 - nerf2 - INFO - Median error:5.11
2024-04-21 23:39:32,357 - nerf2 - INFO - Median error:3.92
2024-04-21 23:39:32,389 - nerf2 - INFO - Median error:3.55
2024-04-21 23:39:32,421 - nerf2 - INFO - Median error:3.85
2024-04-21 23:39:32,453 - nerf2 - INFO - Median error:3.45
2024-04-21 23:39:32,485 - nerf2 - INFO - Median error:3.17
2024-04-21 23:39:32,517 - nerf2 - INFO - Median error:3.81
2024-04-21 23:39:32,549 - nerf2 - INFO - Median error:3.35
2024-04-21 23:39:32,582 - nerf2 - INFO - Median error:3.20
2024-04-21 23:39:32,614 - nerf2 - INFO - Median error:4.10
2024-04-21 23:39:32,646 - nerf2 - INFO - Median error:4.32
2024-04-21 23:39:32,678 - nerf2 - INFO - Median error:5.15
2024-04-21 23:39:32,710 - nerf2 - INFO - Median error:3.87
2024-04-21 23:39:32,742 - nerf2 - INFO - Median error:4.00
2024-04-21 23:39:32,774 - nerf2 - INFO - Median error:3.80
2024-04-21 23:39:32,807 - nerf2 - INFO - Median error:5.17
2024-04-21 23:39:32,839 - nerf2 - INFO - Median error:3.81
2024-04-21 23:39:32,871 - nerf2 - INFO - Median error:3.62
2024-04-21 23:39:32,903 - nerf2 - INFO - Median error:4.26
2024-04-21 23:39:32,935 - nerf2 - INFO - Median error:4.26
2024-04-21 23:39:32,967 - nerf2 - INFO - Median error:3.65
2024-04-21 23:39:33,000 - nerf2 - INFO - Median error:4.50
2024-04-21 23:39:33,032 - nerf2 - INFO - Median error:3.89
2024-04-21 23:39:33,064 - nerf2 - INFO - Median error:4.22
2024-04-21 23:39:33,096 - nerf2 - INFO - Median error:4.11
2024-04-21 23:39:33,128 - nerf2 - INFO - Median error:3.80
2024-04-21 23:39:33,160 - nerf2 - INFO - Median error:4.16
2024-04-21 23:39:33,193 - nerf2 - INFO - Median error:4.97
2024-04-21 23:39:33,225 - nerf2 - INFO - Median error:3.43
2024-04-21 23:39:33,257 - nerf2 - INFO - Median error:3.90
2024-04-21 23:39:33,289 - nerf2 - INFO - Median error:4.19
2024-04-21 23:39:33,321 - nerf2 - INFO - Median error:4.26
2024-04-21 23:39:33,353 - nerf2 - INFO - Median error:3.68
2024-04-21 23:39:33,357 - nerf2 - INFO - Median error:4.05
2024-04-21 23:39:33,359 - nerf2 - INFO - Writing result to logs/BLE/ble-rssi-exp2-v0-fewshot-posz-half/result_pos.txt...
2024-04-21 23:39:33,391 - nerf2 - INFO - Median error:5.59
2024-04-21 23:39:33,428 - nerf2 - INFO - Median error:2.89
2024-04-21 23:39:33,466 - nerf2 - INFO - Median error:3.96
2024-04-21 23:39:33,504 - nerf2 - INFO - Median error:4.60
2024-04-21 23:39:33,542 - nerf2 - INFO - Median error:4.17
2024-04-21 23:39:33,579 - nerf2 - INFO - Median error:3.30
2024-04-21 23:39:33,617 - nerf2 - INFO - Median error:4.64
2024-04-21 23:39:33,655 - nerf2 - INFO - Median error:3.69
2024-04-21 23:39:33,693 - nerf2 - INFO - Median error:4.11
2024-04-21 23:39:33,730 - nerf2 - INFO - Median error:3.97
2024-04-21 23:39:33,768 - nerf2 - INFO - Median error:3.78
2024-04-21 23:39:33,806 - nerf2 - INFO - Median error:4.39
2024-04-21 23:39:33,844 - nerf2 - INFO - Median error:3.98
2024-04-21 23:39:33,881 - nerf2 - INFO - Median error:4.01
2024-04-21 23:39:33,919 - nerf2 - INFO - Median error:4.64
2024-04-21 23:39:33,957 - nerf2 - INFO - Median error:4.36
2024-04-21 23:39:33,994 - nerf2 - INFO - Median error:4.77
2024-04-21 23:39:34,032 - nerf2 - INFO - Median error:4.47
2024-04-21 23:39:34,070 - nerf2 - INFO - Median error:4.31
2024-04-21 23:39:34,108 - nerf2 - INFO - Median error:4.60
2024-04-21 23:39:34,145 - nerf2 - INFO - Median error:2.82
2024-04-21 23:39:34,183 - nerf2 - INFO - Median error:3.99
2024-04-21 23:39:34,221 - nerf2 - INFO - Median error:4.72
2024-04-21 23:39:34,258 - nerf2 - INFO - Median error:4.86
2024-04-21 23:39:34,296 - nerf2 - INFO - Median error:3.91
2024-04-21 23:39:34,334 - nerf2 - INFO - Median error:4.11
2024-04-21 23:39:34,372 - nerf2 - INFO - Median error:4.17
2024-04-21 23:39:34,409 - nerf2 - INFO - Median error:4.43
2024-04-21 23:39:34,447 - nerf2 - INFO - Median error:4.54
2024-04-21 23:39:34,485 - nerf2 - INFO - Median error:3.98
2024-04-21 23:39:34,522 - nerf2 - INFO - Median error:3.59
2024-04-21 23:39:34,560 - nerf2 - INFO - Median error:4.77
2024-04-21 23:39:34,598 - nerf2 - INFO - Median error:5.19
2024-04-21 23:39:34,635 - nerf2 - INFO - Median error:2.98
2024-04-21 23:39:34,673 - nerf2 - INFO - Median error:3.40
2024-04-21 23:39:34,711 - nerf2 - INFO - Median error:4.91
2024-04-21 23:39:34,749 - nerf2 - INFO - Median error:4.62
2024-04-21 23:39:34,786 - nerf2 - INFO - Median error:5.04
2024-04-21 23:39:34,824 - nerf2 - INFO - Median error:4.79
2024-04-21 23:39:34,862 - nerf2 - INFO - Median error:3.85
2024-04-21 23:39:34,900 - nerf2 - INFO - Median error:4.11
2024-04-21 23:39:34,937 - nerf2 - INFO - Median error:5.07
2024-04-21 23:39:34,975 - nerf2 - INFO - Median error:3.97
2024-04-21 23:39:35,013 - nerf2 - INFO - Median error:4.43
2024-04-21 23:39:35,051 - nerf2 - INFO - Median error:4.49
2024-04-21 23:39:35,088 - nerf2 - INFO - Median error:4.33
2024-04-21 23:39:35,126 - nerf2 - INFO - Median error:5.11
2024-04-21 23:39:35,164 - nerf2 - INFO - Median error:3.92
2024-04-21 23:39:35,202 - nerf2 - INFO - Median error:3.55
2024-04-21 23:39:35,239 - nerf2 - INFO - Median error:3.85
2024-04-21 23:39:35,277 - nerf2 - INFO - Median error:3.45
2024-04-21 23:39:35,315 - nerf2 - INFO - Median error:3.17
2024-04-21 23:39:35,353 - nerf2 - INFO - Median error:3.81
2024-04-21 23:39:35,390 - nerf2 - INFO - Median error:3.35
2024-04-21 23:39:35,428 - nerf2 - INFO - Median error:3.20
2024-04-21 23:39:35,466 - nerf2 - INFO - Median error:4.10
2024-04-21 23:39:35,504 - nerf2 - INFO - Median error:4.32
2024-04-21 23:39:35,541 - nerf2 - INFO - Median error:5.15
2024-04-21 23:39:35,579 - nerf2 - INFO - Median error:3.87
2024-04-21 23:39:35,616 - nerf2 - INFO - Median error:4.00
2024-04-21 23:39:35,654 - nerf2 - INFO - Median error:3.80
2024-04-21 23:39:35,692 - nerf2 - INFO - Median error:5.17
2024-04-21 23:39:35,730 - nerf2 - INFO - Median error:3.81
2024-04-21 23:39:35,767 - nerf2 - INFO - Median error:3.62
2024-04-21 23:39:35,805 - nerf2 - INFO - Median error:4.26
2024-04-21 23:39:35,843 - nerf2 - INFO - Median error:4.26
2024-04-21 23:39:35,881 - nerf2 - INFO - Median error:3.65
2024-04-21 23:39:35,918 - nerf2 - INFO - Median error:4.50
2024-04-21 23:39:35,956 - nerf2 - INFO - Median error:3.89
2024-04-21 23:39:35,994 - nerf2 - INFO - Median error:4.22
2024-04-21 23:39:36,031 - nerf2 - INFO - Median error:4.11
2024-04-21 23:39:36,069 - nerf2 - INFO - Median error:3.80
2024-04-21 23:39:36,107 - nerf2 - INFO - Median error:4.16
2024-04-21 23:39:36,144 - nerf2 - INFO - Median error:4.97
2024-04-21 23:39:36,182 - nerf2 - INFO - Median error:3.43
2024-04-21 23:39:36,220 - nerf2 - INFO - Median error:3.90
2024-04-21 23:39:36,258 - nerf2 - INFO - Median error:4.19
2024-04-21 23:39:36,295 - nerf2 - INFO - Median error:4.26
2024-04-21 23:39:36,333 - nerf2 - INFO - Median error:3.68
2024-04-21 23:39:36,342 - nerf2 - INFO - Median error:4.05
2024-04-21 23:39:36,345 - nerf2 - INFO - Total Median error:4.14
